cam_ndn_udp_s
27.716875076293945
28.877973556518555
26.749849319458008
26.68929100036621
26.83877944946289
28.104305267333984
27.88376808166504
27.712345123291016
26.68452262878418
27.687788009643555
28.093338012695312
27.8317928314209
27.098655700683594
26.84497833251953
25.571823120117188
21.863937377929688
21.613121032714844
22.39847183227539
22.39370346069336
21.83079719543457
21.936893463134766
23.087024688720703
27.16994285583496
26.584625244140625
25.93827247619629
26.940584182739258
26.89361572265625
27.101755142211914
27.477741241455078
24.67060089111328
27.070999145507812
26.86142921447754
26.151180267333984
26.02243423461914
27.2824764251709
21.78668975830078
26.86786651611328
25.49576759338379
22.06563949584961
26.138782501220703
23.523569107055664
27.87303924560547
26.7636775970459
21.97122573852539
23.31686019897461
22.185802459716797
21.581172943115234
22.01390266418457
23.409366607666016
26.286840438842773
27.271509170532227
26.992082595825195
25.922536849975586
26.90887451171875
26.942014694213867
26.946306228637695
25.955677032470703
21.630287170410156
22.309303283691406
24.164438247680664
22.145986557006836
21.944522857666016
24.893999099731445
26.70145034790039
23.089885711669922
23.752927780151367
28.058767318725586
27.36663818359375
27.795791625976562
25.737524032592773
26.93939208984375
27.01091766357422
27.138948440551758
26.02100372314453
27.56333351135254
26.87239646911621
21.66152000427246
22.181034088134766
24.43552017211914
27.472496032714844
26.4132022857666
26.044130325317383
27.129411697387695
27.547359466552734
25.890588760375977
26.438236236572266
21.364212036132812
21.54088020324707
25.428295135498047
26.302337646484375
27.050018310546875
26.89671516418457
25.825977325439453
25.99477767944336
26.038646697998047
25.91681480407715
25.919675827026367
26.035070419311523
26.210308074951172
25.740385055541992
22.512197494506836
21.733760833740234
23.757457733154297
26.372194290161133
25.6497859954834
26.270627975463867
26.141881942749023
25.823593139648438
25.99048614501953
26.613473892211914
25.17843246459961
26.192188262939453
26.06058120727539
23.219823837280273
26.431560516357422
28.676748275756836
22.05514907836914
22.628307342529297
21.7897891998291
23.244857788085938
26.048898696899414
26.057958602905273
27.382850646972656
24.858474731445312
26.40366554260254
26.523113250732422
25.832414627075195
26.264190673828125
25.739431381225586
25.938749313354492
26.148319244384766
25.914907455444336
26.193618774414062
26.040315628051758
26.035547256469727
26.015281677246094
26.038169860839844
26.33810043334961
25.96592903137207
25.85291862487793
26.031970977783203
22.56321907043457
22.56035804748535
22.528886795043945
26.231765747070312
24.920940399169922
21.773338317871094
22.674560546875
26.22365951538086
26.790618896484375
26.744842529296875
26.601552963256836
26.233911514282227
26.4434814453125
26.410579681396484
25.371551513671875
23.276567459106445
22.64261245727539
21.73900604248047
26.307106018066406
25.86197853088379
26.510953903198242
27.138948440551758
26.03769302368164
26.178836822509766
26.234865188598633
26.52740478515625
25.76160430908203
25.665760040283203
26.116609573364258
26.88121795654297
24.99246597290039
25.97784996032715
26.200532913208008
26.20100975036621
25.801897048950195
25.99048614501953
25.91729164123535
27.426481246948242
22.449493408203125
25.888681411743164
26.15809440612793
24.738788604736328
21.70872688293457
22.600650787353516
22.024154663085938
21.914243698120117
21.998167037963867
26.000499725341797
26.23581886291504
25.99620819091797
26.90434455871582
25.903701782226562
26.08633041381836
25.92611312866211
26.14760398864746
26.231050491333008
21.88897132873535
21.628379821777344
26.609420776367188
26.717424392700195
26.05271339416504
26.75795555114746
27.029037475585938
26.636838912963867
26.961088180541992
26.912450790405273
26.556968688964844
26.905536651611328
26.34716033935547
26.368379592895508
26.125669479370117
25.963306427001953
26.032209396362305
26.0162353515625
25.88367462158203
26.1383056640625
26.1080265045166
26.157855987548828
25.87151527404785
26.060819625854492
25.96306800842285
24.293184280395508
21.903038024902344
22.377490997314453
21.710872650146484
21.79241180419922
21.66604995727539
26.05438232421875
27.027368545532227
24.94049072265625
21.772146224975586
23.105382919311523
26.07440948486328
24.331331253051758
26.017427444458008
24.427175521850586
24.384737014770508
24.395227432250977
22.115707397460938
26.546001434326172
25.641918182373047
26.129961013793945
26.06821060180664
26.1991024017334
26.430845260620117
25.135517120361328
25.921344757080078
26.5505313873291
26.186227798461914
28.16939353942871
25.762319564819336
21.546602249145508
26.2603759765625
21.848678588867188
22.751331329345703
22.4764347076416
21.600008010864258
21.898984909057617
22.585630416870117
25.27642250061035
26.319503784179688
26.968955993652344
26.33357048034668
21.92068099975586
22.075891494750977
21.918296813964844
23.84161949157715
26.82042121887207
26.868820190429688
26.672840118408203
26.205778121948242
27.179479598999023
25.18010139465332
25.95829963684082
25.953292846679688
26.25417709350586
26.01456642150879
26.08633041381836
26.11255645751953
21.927356719970703
26.259899139404297
26.153564453125
26.274919509887695
26.180028915405273
25.79641342163086
25.90036392211914
26.051759719848633
25.914430618286133
26.14569664001465
26.133298873901367
26.332378387451172
25.882959365844727
26.05724334716797
25.959253311157227
25.543212890625
25.840044021606445
21.655559539794922
21.706581115722656
21.796226501464844
26.015043258666992
25.842905044555664
25.981426239013672
26.02982521057129
26.33190155029297
21.54254913330078
26.393651962280273
25.855541229248047
26.28636360168457
25.81167221069336
25.671958923339844
25.897979736328125
26.15189552307129
25.768041610717773
26.072978973388672
26.135683059692383
26.06987953186035
25.933504104614258
25.990009307861328
25.971174240112305
23.9715576171875
22.420644760131836
21.65818214416504
26.253223419189453
25.956392288208008
23.704051971435547
23.232460021972656
22.27044105529785
21.608829498291016
21.85201644897461
22.53103256225586
25.745868682861328
25.90036392211914
26.172399520874023
27.02641487121582
25.506973266601562
25.78139305114746
25.867462158203125
25.945425033569336
26.35812759399414
25.882244110107422
26.079416275024414
25.926589965820312
26.093482971191406
25.97641944885254
23.407697677612305
21.90423011779785
22.327423095703125
25.569915771484375
26.659250259399414
26.669740676879883
26.132583618164062
26.239871978759766
25.8176326751709
26.012420654296875
26.13520622253418
26.090383529663086
26.256561279296875
25.931358337402344
26.077747344970703
26.72123908996582
27.01735496520996
23.58698844909668
21.92091941833496
22.096633911132812
24.900197982788086
24.935007095336914
27.03070640563965
21.465301513671875
21.921157836914062
21.59285545349121
21.924257278442383
22.339344024658203
25.47764778137207
25.91228485107422
26.173114776611328
26.373863220214844
26.160001754760742
26.329994201660156
25.103092193603516
25.925397872924805
26.004552841186523
25.963783264160156
26.035785675048828
25.183916091918945
22.65787124633789
25.235891342163086
21.942138671875
25.82406997680664
26.096343994140625
25.957822799682617
26.129722595214844
21.2857723236084
26.200532913208008
26.44944190979004
25.632381439208984
23.792266845703125
23.650646209716797
22.153854370117188
21.044492721557617
26.29709243774414
26.19314193725586
26.255130767822266
25.944948196411133
21.742820739746094
22.010087966918945
22.749900817871094
26.998519897460938
25.991201400756836
26.206493377685547
26.188373565673828
26.12781524658203
26.00836753845215
26.093006134033203
26.19004249572754
26.1232852935791
25.88677406311035
26.90577507019043
25.650501251220703
26.041507720947266
26.28612518310547
25.64835548400879
26.053190231323242
25.977373123168945
34.87229347229004
17.294883728027344
27.173280715942383
21.355867385864258
22.034168243408203
22.852659225463867
26.834726333618164
27.12535858154297
26.547670364379883
27.997255325317383
24.408578872680664
25.829792022705078
26.273250579833984
25.9857177734375
21.98195457458496
21.797895431518555
22.480010986328125
25.21347999572754
26.4127254486084
25.554656982421875
26.05462074279785
28.028011322021484
20.39957046508789
25.931358337402344
26.17502212524414
26.46470069885254
25.725364685058594
26.031970977783203
26.11851692199707
25.891542434692383
21.869182586669922
26.2601375579834
25.810956954956055
25.928974151611328
26.073217391967773
26.374101638793945
25.956153869628906
25.77829360961914
26.038646697998047
26.639699935913086
20.87116241455078
26.01480484008789
23.955821990966797
26.091337203979492
21.4231014251709
26.091575622558594
22.77207374572754
24.556636810302734
19.06275749206543
22.52984046936035
25.982379913330078
26.236295700073242
26.132583618164062
26.061296463012695
26.147842407226562
26.0312557220459
26.288509368896484
25.908946990966797
27.191638946533203
25.232553482055664
25.984525680541992
25.977134704589844
26.010751724243164
23.813962936401367
22.039175033569336
22.252321243286133
23.346900939941406
27.002334594726562
27.352333068847656
26.268482208251953
27.125835418701172
24.315595626831055
24.445056915283203
24.257421493530273
25.746583938598633
22.938013076782227
24.730682373046875
26.192426681518555
24.663209915161133
25.53272247314453
25.411605834960938
25.42734146118164
25.489091873168945
25.55561065673828
25.526762008666992
21.77262306213379
26.1690616607666
26.482343673706055
21.651744842529297
21.44598960876465
21.762847900390625
22.14956283569336
23.31829071044922
26.244640350341797
26.05295181274414
26.17621421813965
25.919198989868164
48.80547523498535
26.612281799316406
26.042938232421875
26.282310485839844
25.693893432617188
26.131868362426758
24.069547653198242
22.051334381103516
26.04365348815918
26.21006965637207
26.021242141723633
26.042938232421875
26.381492614746094
25.8023738861084
25.962114334106445
21.427392959594727
26.264190673828125
21.67820930480957
26.111602783203125
23.74100685119629
23.459434509277344
21.718740463256836
22.612571716308594
21.410226821899414
23.611068725585938
26.034116744995117
25.044918060302734
25.789499282836914
21.724700927734375
22.065401077270508
26.850223541259766
26.945114135742188
26.69072151184082
21.94976806640625
26.912450790405273
22.415876388549805
22.986412048339844
26.955842971801758
26.768922805786133
26.903152465820312
26.790618896484375
26.105165481567383
26.053905487060547
26.116132736206055
26.831626892089844
27.0688533782959
26.07583999633789
26.717662811279297
25.41327476501465
21.53778076171875
21.675825119018555
23.50616455078125
22.515535354614258
22.2322940826416
22.56155014038086
25.796175003051758
26.361703872680664
26.11064910888672
26.08633041381836
26.507854461669922
26.16262435913086
26.100873947143555
26.131629943847656
21.611690521240234
21.5609073638916
24.78623390197754
26.301860809326172
25.843381881713867
26.018857955932617
26.7026424407959
22.704124450683594
21.742582321166992
22.229671478271484
26.133298873901367
25.966882705688477
26.33357048034668
25.83765983581543
26.27277374267578
25.632143020629883
26.236295700073242
25.981664657592773
26.029586791992188
25.896787643432617
26.095151901245117
25.972366333007812
21.846532821655273
25.837421417236328
26.123046875
26.065826416015625
25.473833084106445
21.56805992126465
21.91925048828125
21.845340728759766
22.603511810302734
26.215791702270508
26.861906051635742
26.72743797302246
26.611328125
26.935100555419922
26.44205093383789
26.198387145996094
26.21316909790039
26.07583999633789
25.99477767944336
26.038169860839844
25.848388671875
23.627281188964844
23.738622665405273
25.246620178222656
24.783611297607422
24.7344970703125
21.71802520751953
21.8660831451416
23.537397384643555
27.167558670043945
26.847124099731445
26.617765426635742
26.584863662719727
27.303457260131836
26.610136032104492
26.98373794555664
26.308774948120117
25.35080909729004
26.089191436767578
26.277542114257812
26.241064071655273
25.86221694946289
26.022911071777344
26.946544647216797
25.2072811126709
21.633148193359375
21.900177001953125
21.6829776763916
26.0312557220459
26.763916015625
25.79641342163086
25.635719299316406
21.924257278442383
22.86529541015625
26.244640350341797
25.928497314453125
26.071548461914062
26.09419822692871
25.923967361450195
26.118755340576172
26.051759719848633
26.16572380065918
25.822877883911133
25.97975730895996
26.31831169128418
26.869535446166992
20.696640014648438
21.6982364654541
22.507667541503906
25.621891021728516
25.84075927734375
26.085615158081055
26.096820831298828
25.978803634643555
24.024248123168945
23.204803466796875
21.775484085083008
21.544456481933594
22.259235382080078
24.164676666259766
26.957035064697266
25.975465774536133
26.058673858642578
26.018857955932617
26.19004249572754
25.98285675048828
22.90940284729004
21.071195602416992
22.611141204833984
26.610612869262695
26.886940002441406
26.67236328125
26.809215545654297
26.75032615661621
27.52542495727539
26.406288146972656
26.755332946777344
26.515722274780273
26.874542236328125
26.75032615661621
26.72553062438965
26.723623275756836
26.82662010192871
26.769399642944336
26.673555374145508
27.128934860229492
26.787519454956055
21.435260772705078
22.2930908203125
23.11563491821289
23.40865135192871
26.623964309692383
26.70907974243164
26.763200759887695
26.76081657409668
26.476144790649414
24.021148681640625
21.719932556152344
21.66748046875
26.022911071777344
26.155948638916016
26.095151901245117
26.352882385253906
25.756359100341797
25.89273452758789
26.152610778808594
25.760412216186523
24.245262145996094
22.180795669555664
26.085853576660156
26.304244995117188
25.875568389892578
25.971412658691406
26.082754135131836
27.019023895263672
25.124311447143555
25.946617126464844
26.04365348815918
26.044130325317383
21.693706512451172
24.051904678344727
26.62348747253418
25.29764175415039
23.511886596679688
23.290157318115234
22.599458694458008
21.836280822753906
26.98802947998047
24.768829345703125
22.09186553955078
26.570796966552734
25.743961334228516
26.0772705078125
26.254892349243164
26.375532150268555
27.414321899414062
25.36630630493164
26.645898818969727
26.220321655273438
26.439428329467773
27.252197265625
25.446653366088867
26.26800537109375
26.22246742248535
26.359081268310547
26.213884353637695
21.87943458557129
22.716760635375977
22.05657958984375
21.851778030395508
24.19114112854004
27.200698852539062
27.040481567382812
26.416540145874023
27.054786682128906
25.2838134765625
26.154041290283203
25.806903839111328
26.059389114379883
25.94900131225586
26.242971420288086
22.014141082763672
22.425413131713867
22.784948348999023
26.30615234375
26.635169982910156
22.957563400268555
23.3914852142334
22.490739822387695
21.638154983520508
26.398420333862305
25.676488876342773
26.267528533935547
21.201133728027344
22.144794464111328
21.079301834106445
22.26710319519043
25.74610710144043
26.0772705078125
25.91705322265625
26.087045669555664
25.835514068603516
26.513338088989258
26.01480484008789
25.48694610595703
26.205778121948242
26.23128890991211
25.890827178955078
25.861024856567383
21.570444107055664
21.993398666381836
26.020050048828125
25.93064308166504
26.00693702697754
26.719331741333008
25.07758140563965
22.601842880249023
22.611141204833984
22.34506607055664
21.52562141418457
22.395849227905273
24.819612503051758
26.37505531311035
26.025772094726562
26.153564453125
26.50761604309082
25.612831115722656
25.954723358154297
25.959014892578125
26.02839469909668
26.100873947143555
25.841236114501953
21.949291229248047
22.20749855041504
24.213075637817383
26.73649787902832
25.898218154907227
25.882482528686523
26.77321434020996
27.083158493041992
26.271343231201172
26.737451553344727
26.609420776367188
26.185989379882812
26.035547256469727
27.72235870361328
21.851778030395508
23.465394973754883
25.98428726196289
26.73649787902832
21.631240844726562
22.19223976135254
23.540735244750977
26.905059814453125
26.914358139038086
27.24909782409668
25.439739227294922
26.113271713256836
26.093721389770508
21.683692932128906
21.599531173706055
26.337862014770508
25.86960792541504
26.895761489868164
25.25186538696289
27.46725082397461
24.868249893188477
26.853561401367188
25.203943252563477
22.911548614501953
25.615930557250977
27.2066593170166
20.19977569580078
22.04728126525879
22.847890853881836
27.373313903808594
26.142597198486328
25.600910186767578
25.750398635864258
25.91109275817871
25.89106559753418
26.059865951538086
21.800756454467773
22.803306579589844
26.340246200561523
25.70962905883789
25.815725326538086
23.26035499572754
23.915529251098633
21.16537094116211
22.300243377685547
21.38352394104004
21.714210510253906
23.230552673339844
27.006864547729492
26.49521827697754
26.76844596862793
26.74698829650879
26.66449546813965
26.761770248413086
26.001453399658203
25.918006896972656
26.441097259521484
26.0164737701416
26.222944259643555
25.693893432617188
26.108741760253906
26.455402374267578
25.825023651123047
26.1991024017334
25.91538429260254
26.037931442260742
26.1232852935791
21.490097045898438
22.244691848754883
23.44512939453125
26.45111083984375
26.61919593811035
26.00240707397461
25.7112979888916
26.07131004333496
25.88486671447754
27.168989181518555
25.090694427490234
26.05271339416504
30.074119567871094
26.216745376586914
24.252891540527344
24.29986000061035
21.886110305786133
21.925687789916992
21.78335189819336
22.07207679748535
22.34625816345215
25.969982147216797
26.178359985351562
22.13287353515625
26.114940643310547
26.11517906188965
26.17025375366211
26.02529525756836
26.27396583557129
21.72541618347168
26.238203048706055
26.410579681396484
26.12590789794922
27.469635009765625
25.52056312561035
25.70652961730957
26.09705924987793
26.320934295654297
25.986194610595703
26.076316833496094
25.029897689819336
22.23515510559082
21.54827117919922
21.670818328857422
21.92974090576172
23.179292678833008
26.004552841186523
26.808738708496094
26.526689529418945
26.95465087890625
26.060819625854492
26.073932647705078
26.015043258666992
26.319026947021484
25.866985321044922
25.998592376708984
26.196956634521484
26.07870101928711
25.968551635742188
21.65079116821289
22.0792293548584
23.519039154052734
26.864290237426758
27.08601951599121
26.47089958190918
26.724576950073242
27.33898162841797
26.36575698852539
26.988506317138672
26.908397674560547
26.758909225463867
26.799917221069336
26.80206298828125
26.931047439575195
25.582551956176758
26.226282119750977
27.713298797607422
24.3682861328125
26.327848434448242
27.087688446044922
25.72488784790039
22.005558013916016
22.09639549255371
22.02296257019043
20.99299430847168
24.600505828857422
26.904821395874023
25.54631233215332
21.178483963012695
23.02408218383789
26.070117950439453
25.602102279663086
26.814699172973633
22.037029266357422
26.017427444458008
26.118040084838867
26.423931121826172
25.735855102539062
26.182889938354492
25.939464569091797
24.877309799194336
22.07469940185547
22.40753173828125
25.943994522094727
25.673627853393555
26.123046875
23.11110496520996
26.045799255371094
25.97641944885254
25.058984756469727
22.0644474029541
22.602558135986328
22.305011749267578
25.874614715576172
26.114940643310547
25.89130401611328
24.404287338256836
23.838520050048828
22.94921875
26.453018188476562
26.531696319580078
26.599645614624023
21.572351455688477
22.12238311767578
22.936582565307617
26.386499404907227
26.696205139160156
26.903629302978516
26.43728256225586
27.070999145507812
27.024030685424805
26.802539825439453
26.828289031982422
25.707006454467773
26.026010513305664
26.051044464111328
26.14283561706543
26.46780014038086
25.887727737426758
27.155160903930664
24.92809295654297
21.616220474243164
21.799564361572266
22.897720336914062
26.87382698059082
26.707172393798828
26.676416397094727
26.990413665771484
26.888132095336914
27.187585830688477
26.368379592895508
26.781320571899414
21.594762802124023
21.989107131958008
21.405696868896484
25.925159454345703
26.113510131835938
25.959491729736328
26.299476623535156
25.717973709106445
25.93517303466797
25.935888290405273
22.350072860717773
26.078462600708008
26.065826416015625
25.733232498168945
26.103973388671875
25.836944580078125
25.768041610717773
25.901317596435547
26.05581283569336
25.99191665649414
26.404142379760742
25.95353126525879
26.03912353515625
21.488428115844727
26.226520538330078
26.098012924194336
25.954008102416992
23.564815521240234
24.91617202758789
21.924495697021484
21.750450134277344
22.091150283813477
27.14395523071289
26.473283767700195
26.328563690185547
26.72863006591797
26.839494705200195
21.889209747314453
22.57513999938965
26.646137237548828
25.890350341796875
26.244640350341797
26.576757431030273
25.328636169433594
25.994300842285156
26.245594024658203
25.844097137451172
25.92754364013672
25.969743728637695
25.96592903137207
26.162147521972656
21.487712860107422
21.894216537475586
23.537874221801758
26.723861694335938
25.840282440185547
25.944948196411133
26.02100372314453
26.009798049926758
27.982473373413086
24.11174774169922
24.559974670410156
24.57141876220703
25.6197452545166
25.492429733276367
25.06852149963379
25.536060333251953
25.42257308959961
25.45475959777832
25.59518814086914
21.918773651123047
21.542072296142578
21.645069122314453
22.01390266418457
24.227380752563477
25.832653045654297
25.901317596435547
22.294998168945312
25.437355041503906
26.360034942626953
25.441408157348633
26.559829711914062
25.79021453857422
25.756120681762695
26.087284088134766
25.757789611816406
26.03006362915039
25.866985321044922
27.564048767089844
24.221181869506836
26.169776916503906
25.902271270751953
21.428585052490234
22.233009338378906
24.190187454223633
26.04818344116211
25.739431381225586
26.088953018188477
25.86221694946289
26.127099990844727
25.502443313598633
22.525310516357422
22.621631622314453
22.083044052124023
21.96335792541504
22.41802215576172
23.22101593017578
26.339054107666016
26.673316955566406
27.008056640625
25.608301162719727
22.426366806030273
25.91872215270996
26.36432647705078
25.90632438659668
26.52454376220703
25.37250518798828
26.402950286865234
25.921344757080078
26.04985237121582
26.697397232055664
25.221824645996094
26.190757751464844
25.750398635864258
22.016525268554688
23.745059967041016
27.09484100341797
29.25848960876465
23.525238037109375
26.796340942382812
26.67975425720215
27.237415313720703
23.838281631469727
21.657228469848633
22.452592849731445
25.8791446685791
26.810646057128906
27.431964874267578
28.05304527282715
30.098438262939453
25.859355926513672
26.054859161376953
25.909900665283203
24.426937103271484
22.495269775390625
21.22354507446289
21.976470947265625
25.661230087280273
26.092052459716797
21.259307861328125
22.991657257080078
25.94614028930664
21.572589874267578
26.038408279418945
26.129961013793945
25.997400283813477
25.93398094177246
25.94733238220215
26.009559631347656
25.94900131225586
26.15642547607422
25.714397430419922
25.96735954284668
26.07107162475586
26.177644729614258
25.759220123291016
21.604061126708984
26.285886764526367
23.24986457824707
26.168107986450195
25.993824005126953
22.872209548950195
22.078752517700195
22.805213928222656
21.31342887878418
21.946430206298828
22.93872833251953
26.576519012451172
26.022672653198242
25.76756477355957
23.233652114868164
23.741483688354492
26.795625686645508
26.735782623291016
26.601552963256836
27.680635452270508
25.619983673095703
27.372121810913086
25.327444076538086
26.031017303466797
26.081562042236328
25.993824005126953
26.01790428161621
21.3468074798584
22.19676971435547
23.916006088256836
26.622772216796875
26.995182037353516
22.875070571899414
22.747516632080078
25.0246524810791
26.35955810546875
25.864601135253906
26.581525802612305
25.47430992126465
26.315927505493164
25.866031646728516
25.91562271118164
26.004314422607422
26.26180648803711
25.956392288208008
26.15809440612793
26.039600372314453
26.366710662841797
21.66461944580078
21.851301193237305
21.538257598876953
26.958942413330078
26.512622833251953
25.861501693725586
26.572465896606445
27.158737182617188
26.624202728271484
26.864290237426758
26.057004928588867
26.098966598510742
26.987552642822266
26.902437210083008
27.18663215637207
25.95996856689453
25.960206985473633
26.96824073791504
26.73959732055664
21.010160446166992
25.925159454345703
27.350902557373047
26.52263641357422
26.705265045166016
25.48360824584961
26.331424713134766
26.759624481201172
26.836872100830078
23.80084991455078
23.03290367126465
20.851850509643555
26.92246437072754
25.970935821533203
28.140544891357422
25.653600692749023
28.208255767822266
25.12335777282715
26.053667068481445
26.979446411132812
26.848554611206055
26.402711868286133
22.259950637817383
25.069475173950195
25.224924087524414
24.22618865966797
25.443315505981445
24.894237518310547
25.11310577392578
25.321006774902344
24.628162384033203
24.69158172607422
25.353193283081055
25.441884994506836
24.456501007080078
25.274038314819336
25.489330291748047
24.798870086669922
24.96480941772461
27.667522430419922
21.876096725463867
21.72374725341797
23.01645278930664
26.81112289428711
27.321338653564453
27.768850326538086
26.93486213684082
26.482582092285156
26.25250816345215
22.81045913696289
21.999359130859375
22.263050079345703
21.253585815429688
24.7039794921875
27.79984474182129
26.162147521972656
26.66640281677246
25.120973587036133
22.278785705566406
26.87239646911621
26.83711051940918
25.949954986572266
25.97498893737793
21.69060707092285
21.85654640197754
23.346900939941406
27.062416076660156
26.896238327026367
26.64780616760254
26.163101196289062
25.771141052246094
26.916980743408203
26.55339241027832
21.414995193481445
27.066946029663086
26.601076126098633
26.07274055480957
24.480104446411133
20.904541015625
22.2318172454834
21.6524600982666
21.97885513305664
21.877050399780273
23.23317527770996
26.46017074584961
26.746749877929688
26.89051628112793
26.70145034790039
26.57914161682129
26.95751190185547
26.831388473510742
27.300357818603516
26.522159576416016
26.082754135131836
26.12614631652832
26.68452262878418
25.729894638061523
26.168346405029297
25.308609008789062
22.276878356933594
25.226354598999023
26.11684799194336
26.300430297851562
21.982908248901367
22.479772567749023
23.339509963989258
26.081562042236328
29.139041900634766
24.834394454956055
25.966882705688477
26.735305786132812
26.967287063598633
26.770353317260742
26.608943939208984
26.1690616607666
26.051759719848633
26.257038116455078
25.99477767944336
25.958776473999023
26.03626251220703
21.82912826538086
21.68893814086914
26.43299102783203
26.101112365722656
23.560523986816406
22.50814437866211
22.25661277770996
26.142120361328125
26.129722595214844
25.97808837890625
25.698423385620117
26.586532592773438
25.470495223999023
26.06821060180664
25.87413787841797
26.085615158081055
26.068687438964844
26.111364364624023
25.965213775634766
26.73792839050293
25.317907333374023
25.81048011779785
24.43218231201172
23.49257469177246
21.602392196655273
22.329092025756836
28.09619903564453
25.013208389282227
21.821022033691406
21.801233291625977
21.778583526611328
26.392698287963867
26.502132415771484
26.06344223022461
26.204347610473633
26.40557289123535
26.590824127197266
26.279449462890625
26.325702667236328
27.44603157043457
25.216102600097656
26.755094528198242
25.11119842529297
22.397994995117188
21.958589553833008
23.468732833862305
26.889562606811523
27.0383358001709
27.297019958496094
26.159286499023438
27.111530303955078
25.48670768737793
26.128292083740234
25.995254516601562
26.076316833496094
25.861740112304688
26.28946304321289
26.00264549255371
26.22699737548828
25.856971740722656
26.38387680053711
25.875091552734375
27.596712112426758
20.016193389892578
21.872997283935547
22.156476974487305
24.571895599365234
26.015520095825195
23.7276554107666
26.42059326171875
21.38042449951172
21.87633514404297
24.24025535583496
24.839401245117188
25.97355842590332
25.981664657592773
26.274442672729492
25.97355842590332
25.97641944885254
29.254674911499023
24.118423461914062
25.858640670776367
25.922775268554688
25.95686912536621
23.01788330078125
22.333383560180664
22.45306968688965
25.461673736572266
25.96282958984375
26.30138397216797
25.287151336669922
26.264429092407227
26.011943817138672
26.020050048828125
26.15976333618164
26.212215423583984
26.027917861938477
24.679183959960938
25.208473205566406
24.257659912109375
22.177934646606445
21.637916564941406
26.45587921142578
25.736331939697266
26.146888732910156
25.714874267578125
22.15099334716797
24.76954460144043
24.624347686767578
24.857044219970703
25.506973266601562
26.210784912109375
26.561260223388672
26.454448699951172
26.19457244873047
26.389360427856445
26.904821395874023
27.357101440429688
26.83711051940918
27.324914932250977
26.92699432373047
27.06122398376465
27.21095085144043
27.542829513549805
21.600961685180664
21.991968154907227
22.26114273071289
25.330781936645508
26.35812759399414
27.021408081054688
27.126312255859375
25.534391403198242
26.471853256225586
26.71027183532715
26.347875595092773
26.050090789794922
26.340723037719727
26.284456253051758
25.697946548461914
25.964021682739258
21.84319496154785
21.787643432617188
21.49057388305664
21.59738540649414
21.518468856811523
21.757841110229492
21.519899368286133
24.7037410736084
27.683258056640625
26.0162353515625
25.99930763244629
26.310205459594727
27.252197265625
27.309894561767578
25.570392608642578
26.00264549255371
26.622772216796875
27.005672454833984
26.97443962097168
25.928020477294922
26.268482208251953
26.766538619995117
26.972055435180664
26.08799934387207
24.47509765625
21.406888961791992
22.25947380065918
23.180723190307617
27.127504348754883
26.6721248626709
26.57294273376465
25.736331939697266
23.280858993530273
22.177457809448242
23.487329483032227
20.69401741027832
21.86441421508789
23.198604583740234
27.415990829467773
26.035547256469727
26.764631271362305
26.895999908447266
21.909475326538086
22.55702018737793
27.721643447875977
27.05216407775879
25.951623916625977
21.668195724487305
22.606849670410156
26.766538619995117
25.998592376708984
28.01656723022461
28.159141540527344
27.73308753967285
27.856826782226562
26.13353729248047
27.872562408447266
27.846574783325195
27.808189392089844
26.72290802001953
26.970624923706055
28.394460678100586
27.323007583618164
26.811599731445312
22.1402645111084
22.197484970092773
21.87967300415039
24.143218994140625
27.251482009887695
26.49688720703125
25.76136589050293
27.933597564697266
26.752948760986328
26.618003845214844
23.468732833862305
22.002220153808594
21.761655807495117
21.52085304260254
22.297382354736328
25.913238525390625
22.02916145324707
21.662235260009766
27.13632583618164
26.637554168701172
26.688337326049805
25.929689407348633
26.31664276123047
21.584510803222656
25.865793228149414
25.98261833190918
26.981592178344727
26.923418045043945
26.61442756652832
26.129722595214844
26.097774505615234
25.96306800842285
26.871681213378906
26.65996551513672
26.935815811157227
26.135683059692383
26.110410690307617
25.44403076171875
22.070884704589844
22.25518226623535
21.841764450073242
26.345014572143555
21.73900604248047
21.819353103637695
22.360563278198242
25.625228881835938
27.660608291625977
26.6726016998291
26.13067626953125
27.63676643371582
26.690244674682617
26.059389114379883
26.026010513305664
27.294158935546875
26.778459548950195
25.658607482910156
26.044607162475586
26.643037796020508
27.054309844970703
26.430606842041016
26.121139526367188
26.81279182434082
27.152061462402344
21.598339080810547
22.293806076049805
24.830102920532227
25.792598724365234
22.564411163330078
26.962757110595703
26.99589729309082
26.668548583984375
26.644229888916016
26.454687118530273
27.083396911621094
26.699542999267578
26.975393295288086
26.652812957763672
26.834726333618164
26.871681213378906
23.922204971313477
21.74973487854004
21.735191345214844
21.590709686279297
22.34649658203125
26.03745460510254
26.25584602355957
25.852441787719727
26.292085647583008
27.874469757080078
23.789167404174805
26.627302169799805
25.957107543945312
25.960922241210938
25.464534759521484
26.06821060180664
25.919675827026367
25.927305221557617
26.4742374420166
25.465011596679688
26.195287704467773
25.931596755981445
25.99358558654785
21.97575569152832
22.596120834350586
25.400161743164062
26.187419891357422
25.892019271850586
25.833606719970703
22.166728973388672
22.295236587524414
21.739721298217773
22.042512893676758
24.3377685546875
22.678375244140625
26.548385620117188
25.976181030273438
26.07250213623047
26.06201171875
25.997638702392578
22.17411994934082
22.043943405151367
25.544166564941406
26.856422424316406
21.83389663696289
21.770715713500977
24.89018440246582
26.804685592651367
26.015281677246094
26.77297592163086
25.105714797973633
26.221036911010742
26.02410316467285
26.23724937438965
25.81954002380371
26.024341583251953
26.2300968170166
25.43020248413086
22.52340316772461
22.27950096130371
24.34062957763672
26.67856216430664
27.003049850463867
27.12273597717285
26.47089958190918
21.886825561523438
21.843433380126953
22.815465927124023
26.270151138305664
26.87358856201172
26.726245880126953
26.58843994140625
21.79408073425293
21.837234497070312
21.550655364990234
25.93398094177246
26.398658752441406
26.179790496826172
25.6803035736084
25.989770889282227
26.589632034301758
25.30193328857422
26.03626251220703
26.089191436767578
25.565385818481445
21.4998722076416
21.964311599731445
26.119232177734375
26.163816452026367
25.58732032775879
25.946617126464844
26.022672653198242
26.10921859741211
25.83909034729004
24.612903594970703
22.257089614868164
22.322416305541992
25.973081588745117
26.952505111694336
20.447492599487305
21.935224533081055
21.771669387817383
21.605491638183594
22.024154663085938
26.006698608398438
26.10635757446289
21.527767181396484
22.36175537109375
21.573305130004883
23.895740509033203
26.97443962097168
26.714801788330078
27.031660079956055
26.810169219970703
26.853561401367188
26.72719955444336
26.612043380737305
27.184009552001953
26.827573776245117
27.759790420532227
21.232128143310547
22.017240524291992
23.5748291015625
25.674104690551758
28.834819793701172
26.467323303222656
20.67422866821289
21.97408676147461
23.013830184936523
26.114702224731445
26.62181854248047
26.981115341186523
26.5653133392334
26.66759490966797
25.945186614990234
26.185989379882812
25.913238525390625
21.91472053527832
21.622657775878906
22.215604782104492
23.875713348388672
24.568796157836914
23.689746856689453
21.594762802124023
22.174596786499023
25.307178497314453
25.771379470825195
25.905609130859375
25.669097900390625
22.077083587646484
21.941184997558594
22.558212280273438
25.065898895263672
25.144100189208984
24.900436401367188
24.94335174560547
24.960041046142578
25.893211364746094
25.979042053222656
26.1385440826416
25.897741317749023
26.31092071533203
25.85434913635254
25.963544845581055
26.01170539855957
25.86674690246582
25.899410247802734
24.25527572631836
21.727561950683594
22.37415313720703
24.67823028564453
26.04389190673828
21.86274528503418
21.898508071899414
22.02463150024414
21.521568298339844
21.93593978881836
22.780895233154297
26.380062103271484
24.77550506591797
25.048494338989258
25.127649307250977
25.124788284301758
25.397062301635742
27.086734771728516
22.99356460571289
21.36683464050293
21.85964584350586
22.103071212768555
24.577856063842773
25.622129440307617
25.48837661743164
22.00007438659668
22.357940673828125
23.358583450317383
24.954795837402344
25.566577911376953
24.826526641845703
25.100231170654297
25.5892276763916
24.61385726928711
26.776790618896484
26.74388885498047
22.95660972595215
21.427392959594727
23.22530746459961
24.52826499938965
25.0396728515625
24.38044548034668
25.974512100219727
20.432710647583008
21.678686141967773
21.662235260009766
21.45099639892578
21.510601043701172
21.552562713623047
21.8808650970459
21.984338760375977
21.766185760498047
21.72088623046875
25.51579475402832
22.012710571289062
26.349544525146484
25.81930160522461
26.03745460510254
25.85315704345703
25.81024169921875
27.31490135192871
25.01845359802246
26.03292465209961
25.71415901184082
26.137590408325195
25.900602340698242
25.7568359375
21.755218505859375
22.248268127441406
25.7265567779541
21.775007247924805
26.149988174438477
25.914669036865234
25.774002075195312
26.08013153076172
25.141239166259766
26.282310485839844
25.64263343811035
31.638383865356445
24.995088577270508
21.955013275146484
22.895336151123047
21.725177764892578
21.945476531982422
26.059865951538086
26.025772094726562
24.131298065185547
21.98052406311035
22.136211395263672
23.908376693725586
26.404857635498047
25.899887084960938
26.178598403930664
26.207447052001953
26.332378387451172
25.577068328857422
27.004241943359375
26.854515075683594
23.247241973876953
22.64714241027832
26.67999267578125
27.811050415039062
27.609825134277344
27.370691299438477
26.10158920288086
27.762889862060547
27.76312828063965
27.180194854736328
21.567106246948242
21.961688995361328
24.921655654907227
26.78680419921875
26.29399299621582
27.03094482421875
26.877641677856445
26.498079299926758
25.582313537597656
27.072668075561523
27.65941619873047
25.254011154174805
25.918960571289062
26.199817657470703
21.58665657043457
21.6214656829834
26.10301971435547
26.117801666259766
22.699356079101562
21.982192993164062
25.931119918823242
25.85124969482422
25.980234146118164
26.072978973388672
26.128292083740234
25.9859561920166
26.05128288269043
27.31800079345703
25.693416595458984
26.04365348815918
25.90203285217285
25.998353958129883
26.08633041381836
26.32617950439453
26.021480560302734
25.779008865356445
26.079416275024414
21.312236785888672
25.973081588745117
25.323152542114258
21.496057510375977
21.654367446899414
22.006750106811523
21.58188819885254
22.10712432861328
22.355079650878906
26.287317276000977
26.922941207885742
26.895523071289062
25.949954986572266
25.95376968383789
27.297496795654297
24.855375289916992
26.020288467407227
26.11708641052246
26.272296905517578
25.88200569152832
26.65877342224121
25.452852249145508
23.206710815429688
20.546674728393555
23.307085037231445
27.002811431884766
26.477575302124023
23.802518844604492
21.942853927612305
22.944211959838867
26.7636775970459
26.036739349365234
25.94614028930664
26.15976333618164
22.982358932495117
25.933027267456055
26.455163955688477
26.14450454711914
26.030778884887695
26.099443435668945
26.43871307373047
26.604175567626953
25.47454833984375
25.99620819091797
21.680355072021484
21.870851516723633
23.576021194458008
21.785736083984375
21.426677703857422
21.860837936401367
26.291370391845703
26.134967803955078
25.554180145263672
21.436691284179688
26.02410316467285
26.103734970092773
25.75993537902832
26.168346405029297
25.85124969482422
25.894641876220703
25.774478912353516
25.997638702392578
26.01480484008789
21.556615829467773
21.98052406311035
25.919198989868164
26.144742965698242
26.03936195373535
25.88343620300293
26.01909637451172
25.852441787719727
21.748781204223633
23.258686065673828
21.46172523498535
27.78029441833496
24.057626724243164
21.407604217529297
21.77739143371582
22.084712982177734
23.866653442382812
26.67546272277832
26.87811851501465
26.859283447265625
27.014732360839844
26.61585807800293
26.579856872558594
21.799325942993164
22.063493728637695
34.97910499572754
17.46964454650879
26.863813400268555
26.95488929748535
26.39937400817871
26.592493057250977
26.246070861816406
26.30329132080078
26.390552520751953
27.152061462402344
27.030467987060547
27.138471603393555
26.078462600708008
26.336669921875
26.587963104248047
26.50165557861328
21.79718017578125
21.859407424926758
27.278661727905273
26.296138763427734
26.19647979736328
26.396512985229492
26.63588523864746
26.108264923095703
26.02863311767578
26.3211727142334
26.702404022216797
26.322126388549805
21.712303161621094
22.51601219177246
20.940780639648438
21.71015739440918
26.11994743347168
26.136398315429688
25.77662467956543
25.931835174560547
26.44038200378418
25.983333587646484
21.70109748840332
21.57425880432129
26.013612747192383
28.739213943481445
23.257017135620117
29.98828887939453
26.076555252075195
25.905370712280273
26.068925857543945
24.904727935791016
25.986909866333008
25.97355842590332
26.117324829101562
22.23062515258789
21.45862579345703
26.311874389648438
25.96569061279297
25.97355842590332
26.03769302368164
21.58045768737793
21.92831039428711
21.898984909057617
21.792888641357422
22.745609283447266
26.28183364868164
26.709556579589844
26.540040969848633
27.02498435974121
26.479482650756836
25.918006896972656
26.286602020263672
26.644468307495117
25.965213775634766
25.992870330810547
26.390790939331055
25.98738670349121
26.22365951538086
25.799036026000977
26.2451171875
26.58557891845703
21.8808650970459
22.803783416748047
21.4385986328125
27.261018753051758
25.667428970336914
26.072263717651367
26.14879608154297
25.95376968383789
26.267528533935547
26.113271713256836
25.973081588745117
28.19967269897461
24.100065231323242
25.99787712097168
26.082992553710938
25.961637496948242
26.041746139526367
26.27420425415039
26.240110397338867
22.99356460571289
20.74909210205078
21.695613861083984
21.767139434814453
21.562814712524414
26.174068450927734
25.90799331665039
26.042699813842773
26.657581329345703
24.9631404876709
21.77882194519043
25.894641876220703
25.95663070678711
25.97355842590332
25.81167221069336
25.99167823791504
26.619911193847656
26.358842849731445
25.884389877319336
25.922060012817383
26.070356369018555
26.278018951416016
21.26622200012207
21.74544334411621
26.690244674682617
24.416446685791016
25.74634552001953
25.940895080566406
25.50196647644043
22.7811336517334
20.955562591552734
21.806716918945312
21.66891098022461
23.373842239379883
22.82428741455078
26.229143142700195
26.026248931884766
26.010513305664062
26.150226593017578
26.246309280395508
26.16119384765625
25.564908981323242
21.793603897094727
21.84605598449707
23.763418197631836
27.075767517089844
26.40700340270996
26.596784591674805
26.587486267089844
26.818275451660156
27.054309844970703
26.43418312072754
26.890039443969727
26.9010066986084
27.098894119262695
26.58700942993164
26.61752700805664
26.959896087646484
26.60655975341797
26.639223098754883
26.70907974243164
26.114702224731445
24.010181427001953
26.052236557006836
26.76844596862793
26.619911193847656
26.465654373168945
26.485204696655273
27.219295501708984
26.02100372314453
27.09341049194336
21.524667739868164
21.963119506835938
21.29387855529785
22.074222564697266
26.018142700195312
25.792598724365234
26.10039710998535
26.01790428161621
26.19647979736328
25.927066802978516
21.756410598754883
21.619558334350586
26.140451431274414
26.025056838989258
26.038646697998047
26.125192642211914
26.0469913482666
26.019811630249023
25.962114334106445
26.044368743896484
25.979042053222656
26.42965316772461
25.721073150634766
25.77042579650879
26.15952491760254
25.836706161499023
26.246309280395508
25.737285614013672
21.381139755249023
21.947622299194336
21.738052368164062
21.79574966430664
22.271394729614258
21.321535110473633
23.473024368286133
24.84273910522461
25.826692581176758
26.087522506713867
25.82836151123047
25.96449851989746
25.966405868530273
25.930404663085938
26.091337203979492
26.078224182128906
26.21293067932129
26.09872817993164
26.020526885986328
26.020526885986328
25.984764099121094
26.19457244873047
26.172399520874023
23.085594177246094
21.76952362060547
22.284746170043945
24.6274471282959
26.71527862548828
26.669979095458984
26.76844596862793
26.65853500366211
26.798486709594727
26.754140853881836
26.921510696411133
26.393651962280273
26.204824447631836
26.047706604003906
26.146650314331055
25.970935821533203
26.1380672454834
25.954008102416992
27.237653732299805
24.97553825378418
21.800994873046875
21.631479263305664
21.77143096923828
22.194385528564453
24.410486221313477
22.16172218322754
26.584148406982422
25.890350341796875
25.96306800842285
26.439189910888672
25.959491729736328
26.045799255371094
25.912046432495117
26.485204696655273
25.88510513305664
25.794029235839844
25.994539260864258
26.04532241821289
25.85148811340332
25.77519416809082
25.971412658691406
21.490812301635742
22.125720977783203
25.903940200805664
25.97665786743164
21.883726119995117
25.916337966918945
25.899887084960938
26.115894317626953
25.972843170166016
22.721529006958008
21.392345428466797
21.686553955078125
21.699905395507812
21.78812026977539
22.585391998291016
26.1232852935791
26.711463928222656
26.6110897064209
26.64327621459961
