cam_ndn_tcp_s
21.607637405395508
21.323204040527344
22.006988525390625
26.016712188720703
26.091814041137695
26.079416275024414
25.92778205871582
26.368141174316406
26.08513832092285
26.072025299072266
26.13043785095215
26.523113250732422
26.1991024017334
26.190757751464844
26.824474334716797
25.98118782043457
25.61783790588379
26.04198455810547
26.22199058532715
25.820493698120117
26.08513832092285
31.569957733154297
25.886058807373047
21.509647369384766
26.270627975463867
22.092103958129883
31.731843948364258
26.470184326171875
23.039579391479492
21.82912826538086
22.06563949584961
23.560762405395508
26.607990264892578
25.77972412109375
26.029586791992188
26.348352432250977
26.439189910888672
26.059389114379883
26.307344436645508
21.844148635864258
21.843910217285156
22.51887321472168
24.18828010559082
24.384260177612305
27.053356170654297
26.733875274658203
26.713132858276367
26.70907974243164
27.368783950805664
26.28803253173828
26.889562606811523
26.822805404663086
26.890277862548828
26.72100067138672
26.72863006591797
27.079105377197266
27.11963653564453
26.169538497924805
26.925325393676758
26.98230743408203
24.367332458496094
26.34406089782715
26.21006965637207
25.91085433959961
27.238845825195312
20.595073699951172
22.886276245117188
24.064302444458008
22.1860408782959
21.721601486206055
21.73638343811035
23.320674896240234
24.641990661621094
27.498483657836914
25.47454833984375
21.734237670898438
23.124217987060547
26.20530128479004
26.142120361328125
27.4202823638916
21.06475830078125
21.880388259887695
25.964736938476562
26.199817657470703
25.83909034729004
26.401996612548828
26.03602409362793
26.057004928588867
25.990724563598633
26.214599609375
26.351451873779297
25.877952575683594
26.528120040893555
25.825977325439453
26.389360427856445
25.626182556152344
25.94447135925293
24.551868438720703
21.643638610839844
21.7742919921875
22.705554962158203
25.73847770690918
25.75516700744629
25.348901748657227
25.70962905883789
25.7723331451416
21.76070213317871
22.30691909790039
22.600650787353516
25.719881057739258
25.46548843383789
25.521516799926758
25.661706924438477
25.508880615234375
25.725364685058594
25.54154396057129
25.287151336669922
25.51865577697754
25.473833084106445
26.197195053100586
25.377511978149414
22.213459014892578
21.794557571411133
23.83899688720703
26.418685913085938
27.161598205566406
26.505708694458008
26.64351463317871
26.77130699157715
26.137351989746094
27.454853057861328
24.890661239624023
27.002573013305664
25.36940574645996
26.020526885986328
26.19647979736328
25.954723358154297
26.197195053100586
26.421546936035156
21.752357482910156
21.574735641479492
21.974563598632812
21.575927734375
26.032447814941406
26.010751724243164
25.913715362548828
26.12137794494629
25.928735733032227
22.492408752441406
22.147655487060547
22.52483367919922
26.131153106689453
26.685476303100586
27.04143524169922
26.018619537353516
25.96282958984375
26.475191116333008
25.61354637145996
26.070117950439453
26.08513832092285
25.88486671447754
21.625280380249023
21.670103073120117
21.758317947387695
21.919965744018555
25.908946990966797
21.787405014038086
21.498918533325195
21.3167667388916
26.08036994934082
24.212121963500977
22.181987762451172
21.30413055419922
21.764755249023438
23.150205612182617
21.446943283081055
25.693416595458984
26.347875595092773
26.338577270507812
26.9012451171875
25.380611419677734
26.321887969970703
26.347637176513672
26.206016540527344
26.574134826660156
26.391983032226562
26.118993759155273
26.128292083740234
26.319026947021484
25.883913040161133
24.11794662475586
21.735668182373047
21.776676177978516
22.7506160736084
26.20220184326172
26.1995792388916
26.16739273071289
25.5582332611084
24.297714233398438
24.545907974243164
21.892070770263672
22.693634033203125
22.847890853881836
23.643970489501953
24.979829788208008
22.396564483642578
21.897077560424805
25.443315505981445
26.705026626586914
26.01146697998047
26.06987953186035
25.885581970214844
26.2908935546875
20.995616912841797
21.854877471923828
21.579742431640625
21.575927734375
24.941205978393555
24.74498748779297
26.00383758544922
26.11517906188965
26.513338088989258
25.565147399902344
21.79718017578125
22.829055786132812
26.39031410217285
26.259183883666992
21.012306213378906
22.317886352539062
22.742509841918945
23.571491241455078
23.52285385131836
24.16825294494629
23.379802703857422
22.370338439941406
26.389122009277344
27.713537216186523
28.96857261657715
28.32627296447754
27.11033821105957
27.087688446044922
26.204347610473633
26.11517906188965
22.296667098999023
24.0328311920166
24.382352828979492
21.80337905883789
21.757841110229492
26.231050491333008
23.28777313232422
22.39084243774414
22.067546844482422
26.673078536987305
25.649070739746094
26.261568069458008
26.685237884521484
26.96061134338379
26.782512664794922
25.6044864654541
26.46183967590332
27.207136154174805
27.547597885131836
27.424097061157227
20.6449031829834
21.5761661529541
22.452116012573242
25.281906127929688
25.572538375854492
26.189088821411133
25.554180145263672
22.07636833190918
21.94666862487793
24.728059768676758
26.07250213623047
21.854162216186523
21.884918212890625
22.974014282226562
26.732444763183594
26.43561363220215
28.175830841064453
23.712635040283203
25.97808837890625
26.43728256225586
26.139020919799805
26.206254959106445
26.07560157775879
26.077985763549805
21.97265625
21.860361099243164
22.781848907470703
27.156591415405273
21.35443687438965
22.519350051879883
20.868778228759766
24.703264236450195
26.31235122680664
25.76613426208496
26.30758285522461
26.043415069580078
25.65479278564453
25.755643844604492
25.874853134155273
25.9554386138916
26.244163513183594
27.204275131225586
25.417089462280273
26.828765869140625
25.411128997802734
25.473594665527344
26.079893112182617
25.97355842590332
26.404380798339844
25.792837142944336
21.811485290527344
25.901079177856445
21.467208862304688
21.998167037963867
23.205995559692383
26.148319244384766
25.861263275146484
26.172161102294922
24.087190628051758
22.008419036865234
21.727323532104492
21.97098731994629
23.468732833862305
26.082754135131836
26.075124740600586
26.5350341796875
21.785497665405273
26.57008171081543
26.90601348876953
27.192115783691406
26.5657901763916
26.693344116210938
26.808500289916992
26.68905258178711
26.779651641845703
25.774002075195312
26.25560760498047
26.38983726501465
25.69437026977539
25.919675827026367
26.646137237548828
25.7570743560791
26.128053665161133
26.110410690307617
26.063203811645508
26.417016983032227
26.035308837890625
26.104211807250977
26.122093200683594
26.148557662963867
26.01456642150879
26.06821060180664
21.822214126586914
22.064924240112305
23.133039474487305
21.510839462280273
24.246692657470703
26.93653106689453
26.88288688659668
26.73625946044922
21.753787994384766
21.95906639099121
24.79720115661621
18.939733505249023
26.223182678222656
26.400089263916016
25.88033676147461
22.960662841796875
24.395227432250977
20.26510238647461
26.079177856445312
26.24225616455078
26.03316307067871
26.06487274169922
26.211023330688477
25.822162628173828
26.586294174194336
26.083946228027344
25.806188583374023
25.846004486083984
25.830745697021484
25.781869888305664
26.165485382080078
25.720596313476562
26.046037673950195
25.913715362548828
26.13043785095215
21.784305572509766
22.699832916259766
23.222923278808594
20.894765853881836
27.303695678710938
25.307893753051758
26.790142059326172
21.708011627197266
22.073984146118164
22.770404815673828
26.94869041442871
26.328563690185547
26.194334030151367
26.09086036682129
26.672840118408203
26.784896850585938
26.83424949645996
27.32706069946289
26.77464485168457
26.76677703857422
26.401281356811523
21.479368209838867
22.355318069458008
25.217294692993164
26.89671516418457
26.857852935791016
26.645421981811523
26.376962661743164
26.567459106445312
26.22246742248535
26.53789520263672
25.94780921936035
26.399850845336914
25.51436424255371
26.95465087890625
25.54774284362793
26.242971420288086
26.233911514282227
26.090383529663086
26.177167892456055
26.282072067260742
26.838064193725586
24.05095100402832
20.530223846435547
21.2552547454834
27.397871017456055
25.37083625793457
21.466732025146484
22.166967391967773
24.521350860595703
26.20863914489746
26.009082794189453
26.479482650756836
26.263713836669922
26.138782501220703
26.336193084716797
26.041746139526367
25.99954605102539
27.487754821777344
24.678707122802734
26.196002960205078
21.7437744140625
26.380538940429688
26.076316833496094
26.019811630249023
26.110172271728516
26.047468185424805
26.0469913482666
25.95043182373047
26.081323623657227
26.15952491760254
26.607990264892578
24.135112762451172
24.1239070892334
22.504806518554688
21.60811424255371
21.99268341064453
22.495508193969727
24.596691131591797
26.70001983642578
26.238203048706055
26.200532913208008
26.044607162475586
26.147127151489258
23.02408218383789
22.755861282348633
24.60956573486328
25.13718605041504
21.081924438476562
22.525548934936523
26.58867835998535
27.037858963012695
26.68929100036621
27.40311622619629
26.22365951538086
27.80771255493164
26.012897491455078
26.792287826538086
27.085304260253906
27.270793914794922
29.04820442199707
22.80735969543457
22.019147872924805
23.287296295166016
24.331092834472656
24.48439598083496
23.598909378051758
24.746417999267578
23.768186569213867
26.57938003540039
23.33211898803711
24.48415756225586
22.150039672851562
23.92125129699707
22.658348083496094
24.903535842895508
21.66152000427246
24.03092384338379
23.705720901489258
24.50251579284668
24.56951141357422
28.914690017700195
27.62770652770996
22.967815399169922
26.007413864135742
27.75740623474121
28.70488166809082
28.970956802368164
21.550655364990234
29.165029525756836
28.373003005981445
26.679039001464844
27.144670486450195
28.998136520385742
28.879642486572266
26.723146438598633
27.80604362487793
28.87749671936035
27.94790267944336
22.06277847290039
28.69439125061035
24.338960647583008
23.32901954650879
21.79431915283203
21.370410919189453
21.990060806274414
26.03316307067871
26.785612106323242
25.952816009521484
26.454925537109375
25.90346336364746
26.145219802856445
25.99501609802246
26.09419822692871
26.06654167175293
26.866912841796875
25.71415901184082
26.915550231933594
26.381254196166992
26.607036590576172
26.9162654876709
26.82805061340332
26.690006256103516
28.64861488342285
24.95598793029785
26.154041290283203
26.359081268310547
21.87037467956543
22.179603576660156
22.492647171020508
26.63278579711914
26.10182762145996
26.112079620361328
26.52883529663086
25.849103927612305
26.34739875793457
25.918245315551758
26.224136352539062
26.1685848236084
26.12018585205078
25.926589965820312
25.85625648498535
21.868467330932617
22.356271743774414
21.858692169189453
21.682262420654297
25.926589965820312
24.69635009765625
24.539470672607422
26.46040916442871
26.031494140625
25.878190994262695
26.0927677154541
26.607990264892578
25.386571884155273
25.911808013916016
26.417255401611328
26.360511779785156
25.46977996826172
25.65622329711914
25.90775489807129
26.045799255371094
26.003122329711914
25.96735954284668
25.145530700683594
26.19194984436035
26.1380672454834
26.23128890991211
21.389007568359375
21.709203720092773
21.715641021728516
22.040128707885742
22.667646408081055
26.717185974121094
25.585651397705078
26.068925857543945
26.182889938354492
26.18265151977539
26.49998664855957
25.964975357055664
26.263952255249023
26.102304458618164
25.933504104614258
25.91872215270996
22.155284881591797
21.87490463256836
24.042844772338867
25.26116371154785
24.918794631958008
25.066614151000977
25.046348571777344
25.289058685302734
25.16794204711914
25.08378028869629
24.947404861450195
24.941205978393555
25.138139724731445
25.04420280456543
25.62260627746582
25.049686431884766
25.016069412231445
25.110483169555664
24.346351623535156
21.766185760498047
25.20012855529785
21.15154266357422
26.123523712158203
22.741079330444336
26.256322860717773
21.94070816040039
21.852731704711914
21.979093551635742
21.811485290527344
21.857023239135742
23.38719367980957
23.639440536499023
25.827884674072266
23.976564407348633
26.06678009033203
21.59905433654785
22.266387939453125
26.163339614868164
26.065349578857422
25.973081588745117
26.02553367614746
26.070356369018555
21.625757217407227
22.371768951416016
25.95233917236328
26.076555252075195
26.076316833496094
22.013425827026367
23.589134216308594
26.29685401916504
25.912761688232422
26.13091468811035
25.748491287231445
26.561498641967773
26.978015899658203
24.826765060424805
25.292396545410156
25.090694427490234
21.81720733642578
21.483898162841797
21.793603897094727
22.839784622192383
24.080991744995117
27.035951614379883
27.2367000579834
26.720285415649414
25.758981704711914
21.72255516052246
21.984100341796875
22.650957107543945
27.15921401977539
28.18751335144043
25.651216506958008
26.696205139160156
27.190446853637695
26.33976936340332
27.052879333496094
25.80714225769043
26.70574188232422
26.137351989746094
26.071786880493164
26.063203811645508
23.15497398376465
22.02749252319336
22.335290908813477
25.379419326782227
25.966644287109375
26.970863342285156
26.704788208007812
26.803016662597656
26.883602142333984
28.301715850830078
25.01678466796875
27.39691734313965
26.21316909790039
25.979042053222656
26.056289672851562
25.7112979888916
25.91848373413086
21.46148681640625
21.707534790039062
22.51267433166504
20.617008209228516
26.576757431030273
25.438308715820312
26.203393936157227
26.04961395263672
26.4585018157959
21.561622619628906
22.355079650878906
25.154590606689453
26.14140510559082
25.981664657592773
25.95043182373047
26.369094848632812
26.0469913482666
26.020288467407227
26.203632354736328
26.024818420410156
27.25505828857422
24.85036849975586
26.409149169921875
21.982192993164062
21.602869033813477
26.16262435913086
26.065826416015625
26.195287704467773
26.061058044433594
24.723052978515625
24.157285690307617
21.917343139648438
21.6214656829834
21.96526527404785
23.61917495727539
26.73172950744629
26.283740997314453
25.531530380249023
25.96592903137207
26.046037673950195
26.221275329589844
27.1761417388916
22.34792709350586
21.787405014038086
22.905826568603516
26.797771453857422
26.909589767456055
27.195215225219727
26.064634323120117
24.424314498901367
21.704673767089844
22.34959602355957
25.068283081054688
26.750802993774414
27.162790298461914
27.30083465576172
27.293682098388672
26.95918083190918
27.608871459960938
26.827573776245117
27.114152908325195
27.178287506103516
27.411222457885742
26.80826187133789
24.53136444091797
22.167444229125977
22.99332618713379
25.31266212463379
27.83346176147461
28.215885162353516
27.91452407836914
28.083324432373047
23.147106170654297
21.709680557250977
26.425600051879883
25.708675384521484
26.09395980834961
26.242733001708984
26.30019187927246
26.354074478149414
21.510839462280273
26.18694305419922
26.072978973388672
26.7031192779541
27.139902114868164
25.182247161865234
26.201486587524414
26.283740997314453
26.31545066833496
21.89326286315918
26.248931884765625
26.300430297851562
26.31664276123047
21.98028564453125
22.955894470214844
21.121501922607422
26.273012161254883
26.135921478271484
24.42193031311035
24.276018142700195
22.031545639038086
21.712303161621094
21.86107635498047
23.366689682006836
26.643037796020508
24.998188018798828
21.890640258789062
22.417068481445312
25.42901039123535
26.716947555541992
26.62372589111328
26.428699493408203
26.42226219177246
27.017831802368164
26.92127227783203
27.43983268737793
27.18520164489746
27.345657348632812
27.157306671142578
27.11963653564453
27.377605438232422
21.761655807495117
22.16482162475586
24.82151985168457
27.225732803344727
27.079105377197266
26.39317512512207
26.057720184326172
26.31998062133789
27.045011520385742
21.677494049072266
22.050857543945312
23.723363876342773
27.24766731262207
26.05271339416504
26.640653610229492
26.485443115234375
26.43871307373047
26.11255645751953
26.4129638671875
22.771358489990234
21.496057510375977
22.045373916625977
24.919748306274414
26.007890701293945
25.963783264160156
21.72684669494629
26.166677474975586
25.879383087158203
25.949954986572266
26.443958282470703
26.01313591003418
25.534391403198242
26.009082794189453
26.645898818969727
25.490760803222656
26.66640281677246
25.788068771362305
26.46017074584961
25.752544403076172
26.24797821044922
25.976181030273438
26.062965393066406
25.98428726196289
26.562213897705078
28.61928939819336
26.059627532958984
25.87723731994629
25.570154190063477
31.18300437927246
21.58498764038086
22.745370864868164
22.801637649536133
25.281429290771484
26.046276092529297
26.12781524658203
26.241779327392578
26.05152130126953
25.908946990966797
26.35788917541504
26.061058044433594
26.41439437866211
26.07107162475586
25.97832679748535
26.434659957885742
22.656917572021484
22.01056480407715
23.393869400024414
24.81818199157715
26.062726974487305
26.716947555541992
26.402950286865234
27.11653709411621
26.76248550415039
27.16970443725586
26.935577392578125
26.947975158691406
26.795148849487305
26.760578155517578
25.984525680541992
27.18830108642578
26.369571685791016
25.98714828491211
26.14426612854004
26.284456253051758
26.193618774414062
26.662111282348633
25.511503219604492
26.57341957092285
24.865388870239258
21.586179733276367
23.135662078857422
22.999048233032227
21.720409393310547
24.83057975769043
26.49664878845215
25.891780853271484
26.12137794494629
26.256799697875977
25.77805519104004
26.252269744873047
26.061296463012695
25.916099548339844
26.08036994934082
26.053190231323242
23.96082878112793
26.497602462768555
26.120901107788086
26.264667510986328
26.356220245361328
26.20840072631836
26.001453399658203
26.149749755859375
31.2807559967041
25.804758071899414
26.647329330444336
26.208162307739258
21.631717681884766
21.59595489501953
21.861791610717773
21.72541618347168
22.25518226623535
24.61862564086914
25.557518005371094
26.511430740356445
25.675535202026367
26.31688117980957
27.008771896362305
27.020692825317383
26.36408805847168
21.909236907958984
21.71802520751953
23.02694320678711
25.295734405517578
26.743412017822266
26.005983352661133
26.38554573059082
26.00693702697754
27.168750762939453
25.99501609802246
25.800228118896484
26.201725006103516
26.01003646850586
26.199817657470703
21.87323570251465
23.345470428466797
21.790742874145508
21.96955680847168
23.524045944213867
26.887893676757812
26.841163635253906
26.950359344482422
26.83424949645996
26.864051818847656
26.993751525878906
27.02808380126953
26.7333984375
26.371240615844727
26.068925857543945
22.09329605102539
21.46148681640625
21.746397018432617
26.084184646606445
26.08513832092285
26.062488555908203
26.272058486938477
26.09086036682129
26.068925857543945
26.165485382080078
26.035308837890625
25.889158248901367
21.675825119018555
26.809215545654297
25.984764099121094
25.962352752685547
25.931596755981445
25.99787712097168
25.954008102416992
26.029586791992188
26.043176651000977
25.925636291503906
25.99811553955078
26.047706604003906
21.6214656829834
22.90034294128418
26.085615158081055
21.61383628845215
21.632671356201172
22.075414657592773
22.272109985351562
21.808147430419922
23.63443374633789
26.59153938293457
26.6268253326416
26.978731155395508
26.248931884765625
26.326894760131836
26.44824981689453
25.028228759765625
21.574974060058594
22.373199462890625
24.72376823425293
26.990413665771484
26.765108108520508
26.05152130126953
26.106834411621094
26.006221771240234
27.402162551879883
25.046110153198242
26.129961013793945
25.786876678466797
23.722171783447266
22.47762680053711
22.426366806030273
24.141311645507812
24.97124671936035
25.328636169433594
25.64692497253418
25.735139846801758
25.30694007873535
25.59971809387207
25.551795959472656
25.48360824584961
26.123762130737305
25.278806686401367
26.13353729248047
25.435209274291992
22.765636444091797
22.049903869628906
21.803617477416992
21.71039581298828
21.646976470947266
21.919727325439453
26.275634765625
26.11064910888672
26.393890380859375
21.946430206298828
25.97188949584961
26.51524543762207
26.160717010498047
26.205062866210938
26.295900344848633
26.21626853942871
26.228904724121094
26.368379592895508
26.158571243286133
26.16429328918457
26.284456253051758
26.335954666137695
26.226520538330078
22.771596908569336
21.4540958404541
22.844791412353516
22.402048110961914
21.352052688598633
24.281024932861328
25.330781936645508
25.090694427490234
22.586822509765625
21.85201644897461
21.62027359008789
22.29452133178711
25.165081024169922
26.434898376464844
26.3059139251709
26.409149169921875
26.7026424407959
26.057958602905273
26.376724243164062
21.953344345092773
21.855831146240234
22.69768714904785
26.715755462646484
27.187347412109375
27.19283103942871
27.128219604492188
27.073144912719727
27.338504791259766
26.934385299682617
21.578550338745117
22.060155868530273
23.050546646118164
27.22024917602539
27.245521545410156
27.791261672973633
27.191162109375
26.969194412231445
26.912689208984375
27.26912498474121
27.180194854736328
27.399301528930664
27.16517448425293
26.752471923828125
21.830081939697266
22.04275131225586
24.265527725219727
24.150609970092773
22.875547409057617
24.436473846435547
21.831274032592773
21.537065505981445
21.66295051574707
28.814315795898438
29.556989669799805
25.96569061279297
27.42910385131836
29.062747955322266
26.597261428833008
26.226282119750977
21.726369857788086
21.54684066772461
22.562265396118164
24.621963500976562
26.02672576904297
26.125192642211914
25.995731353759766
26.096105575561523
26.229143142700195
24.445056915283203
24.77121353149414
24.829864501953125
24.415016174316406
25.775432586669922
24.7342586517334
21.47984504699707
21.96359634399414
26.17168426513672
25.994062423706055
25.962352752685547
23.267745971679688
23.395061492919922
21.505355834960938
26.302576065063477
27.323246002197266
26.48472785949707
21.306514739990234
21.877527236938477
23.552894592285156
23.39458465576172
27.475595474243164
26.247262954711914
25.64239501953125
25.251388549804688
25.847911834716797
26.219606399536133
25.93398094177246
26.10182762145996
27.069091796875
25.368928909301758
26.038408279418945
26.227235794067383
25.28524398803711
22.145986557006836
22.24588394165039
23.17976951599121
28.13434600830078
25.60281753540039
26.830434799194336
25.979995727539062
21.932125091552734
22.698640823364258
25.185346603393555
26.95155143737793
26.730060577392578
27.36639976501465
26.479244232177734
26.573657989501953
26.823043823242188
27.051210403442383
28.51080894470215
25.322914123535156
21.654367446899414
22.249698638916016
21.297216415405273
26.401519775390625
26.007652282714844
25.005578994750977
23.496627807617188
23.87833595275879
26.11255645751953
26.350975036621094
26.044368743896484
26.221513748168945
26.07560157775879
26.013851165771484
26.12590789794922
25.433778762817383
25.979995727539062
27.561187744140625
24.799108505249023
25.838136672973633
25.982141494750977
21.39139175415039
26.161909103393555
26.281356811523438
21.605253219604492
26.08180046081543
26.099443435668945
25.887727737426758
25.940656661987305
22.59516716003418
22.340774536132812
21.9118595123291
21.604537963867188
22.374868392944336
22.640228271484375
26.436567306518555
26.047945022583008
22.74012565612793
22.584915161132812
26.807069778442383
25.920629501342773
26.128292083740234
26.586055755615234
25.593280792236328
26.430845260620117
27.547121047973633
20.125389099121094
22.14193344116211
22.227048873901367
25.85124969482422
25.684833526611328
25.359392166137695
25.615453720092773
26.110410690307617
25.815248489379883
25.554895401000977
25.67148208618164
25.638818740844727
25.757551193237305
25.81477165222168
25.922775268554688
25.577068328857422
21.904468536376953
26.389360427856445
26.267528533935547
26.391029357910156
26.40557289123535
23.11420440673828
22.72963523864746
21.644115447998047
26.304244995117188
22.246837615966797
24.23858642578125
21.266460418701172
21.6677188873291
22.060632705688477
25.990009307861328
26.52764320373535
26.258468627929688
26.310443878173828
22.42136001586914
26.299476623535156
26.27396583557129
26.47852897644043
26.247262954711914
26.357412338256836
26.035070419311523
24.541378021240234
21.644115447998047
26.72100067138672
26.449203491210938
26.082754135131836
26.61919593811035
21.979331970214844
27.281999588012695
26.183605194091797
21.856307983398438
25.872230529785156
26.08489990234375
26.305675506591797
24.268388748168945
23.233890533447266
22.66407012939453
21.863937377929688
21.468639373779297
26.6268253326416
26.40819549560547
26.65877342224121
26.354551315307617
26.4279842376709
26.669025421142578
26.66020393371582
26.7789363861084
25.769948959350586
26.358366012573242
26.421546936035156
26.697158813476562
26.465177536010742
26.00717544555664
26.432275772094727
27.7557373046875
24.823427200317383
27.160167694091797
25.788307189941406
26.40819549560547
26.425600051879883
26.655912399291992
24.57904815673828
21.953344345092773
22.887706756591797
25.113344192504883
27.144193649291992
27.280807495117188
27.17447280883789
26.248455047607422
26.778459548950195
26.384830474853516
26.16095542907715
26.19791030883789
26.194095611572266
26.075124740600586
26.509523391723633
21.829843521118164
21.76356315612793
21.67654037475586
25.006532669067383
21.378040313720703
26.84783935546875
25.970935821533203
26.400327682495117
26.551485061645508
26.19457244873047
26.390790939331055
26.382923126220703
26.183366775512695
26.230335235595703
26.277780532836914
26.23772621154785
26.52454376220703
26.363372802734375
26.289939880371094
26.277542114257812
26.153564453125
26.233196258544922
26.625871658325195
25.84385871887207
22.708654403686523
22.10688591003418
22.206783294677734
21.474123001098633
28.058528900146484
24.382591247558594
21.92854881286621
21.79241180419922
22.38750457763672
23.019075393676758
29.079914093017578
29.278993606567383
26.294946670532227
26.631593704223633
26.139497756958008
24.61409568786621
24.71470832824707
23.871660232543945
21.61264419555664
22.941112518310547
22.4153995513916
23.36597442626953
27.063846588134766
26.933908462524414
25.765657424926758
26.026248931884766
25.977373123168945
26.08513832092285
26.005983352661133
26.175498962402344
26.1843204498291
26.13210678100586
26.10468864440918
23.22673797607422
22.655248641967773
26.69048309326172
26.916980743408203
26.799678802490234
27.052879333496094
26.601791381835938
26.830196380615234
26.350736618041992
21.77572250366211
21.716833114624023
22.67932891845703
26.0772705078125
26.84926986694336
21.60477638244629
21.917104721069336
21.465539932250977
26.308536529541016
25.817155838012695
26.21912956237793
26.61752700805664
25.870561599731445
25.725364685058594
26.28469467163086
25.5587100982666
21.775007247924805
21.55327796936035
22.65167236328125
26.069164276123047
26.165485382080078
26.349544525146484
24.61862564086914
26.00550651550293
26.126861572265625
25.945425033569336
27.208566665649414
24.536609649658203
26.88312530517578
24.27077293395996
21.634340286254883
22.41992950439453
22.661924362182617
21.874189376831055
26.50618553161621
25.678634643554688
26.039838790893555
26.076793670654297
26.342391967773438
25.998353958129883
26.13234519958496
26.005268096923828
22.050857543945312
22.939443588256836
22.935867309570312
26.931285858154297
27.01401710510254
26.595592498779297
26.874065399169922
26.91197395324707
26.856184005737305
26.391267776489258
26.605606079101562
26.070833206176758
27.621746063232422
25.655746459960938
25.979995727539062
22.203922271728516
21.397113800048828
22.2170352935791
27.157068252563477
27.01568603515625
27.53138542175293
26.840925216674805
27.07839012145996
27.715682983398438
26.779651641845703
27.06003189086914
27.242183685302734
27.051448822021484
27.008056640625
27.19283103942871
24.61075782775879
21.114587783813477
21.574735641479492
26.40557289123535
26.108980178833008
26.31211280822754
26.476144790649414
26.418447494506836
26.224613189697266
21.702289581298828
21.68750762939453
22.47142791748047
25.58112144470215
26.203632354736328
26.017189025878906
26.20673179626465
26.02553367614746
26.055574417114258
26.04842185974121
26.217937469482422
25.970935821533203
26.168346405029297
25.90203285217285
26.346921920776367
22.347450256347656
21.444082260131836
22.06134796142578
27.02951431274414
24.846553802490234
25.959253311157227
25.519609451293945
22.795677185058594
21.294355392456055
22.449970245361328
22.94182777404785
21.648406982421875
26.610136032104492
25.558948516845703
26.72886848449707
26.68142318725586
26.08036994934082
26.249408721923828
26.000261306762695
26.629209518432617
25.78878402709961
26.269197463989258
25.94447135925293
26.259660720825195
26.04389190673828
26.155710220336914
22.19676971435547
21.622657775878906
22.554874420166016
26.834487915039062
26.825666427612305
26.044607162475586
26.12590789794922
26.91936492919922
25.588274002075195
25.907278060913086
26.046037673950195
26.262998580932617
26.11684799194336
26.137590408325195
24.94335174560547
21.843671798706055
21.79861068725586
22.68242835998535
26.940584182739258
26.287555694580078
27.06742286682129
26.822805404663086
26.572465896606445
21.744966506958008
21.740198135375977
21.719694137573242
26.334762573242188
26.026487350463867
26.84617042541504
25.322675704956055
26.087522506713867
26.190519332885742
26.017189025878906
25.96449851989746
26.144027709960938
25.829553604125977
26.26490592956543
25.692224502563477
26.129961013793945
26.10182762145996
26.11255645751953
21.809816360473633
26.053667068481445
26.45134925842285
25.812387466430664
26.053905487060547
26.04985237121582
24.237394332885742
25.834083557128906
26.09419822692871
25.91872215270996
26.19647979736328
25.83169937133789
22.585391998291016
22.6287841796875
22.15433120727539
21.712303161621094
21.953105926513672
26.512622833251953
21.47507667541504
22.357702255249023
26.293277740478516
25.74610710144043
26.157379150390625
26.049137115478516
26.16596221923828
25.973081588745117
26.322126388549805
25.99954605102539
26.15213394165039
26.461124420166016
26.0772705078125
26.128768920898438
25.995731353759766
26.082754135131836
26.20840072631836
28.542518615722656
23.79298210144043
25.888919830322266
26.22389793395996
25.151491165161133
21.816730499267578
21.936655044555664
24.662017822265625
25.19822120666504
26.835918426513672
26.921510696411133
26.911258697509766
26.669979095458984
26.80659294128418
26.744604110717773
26.12924575805664
26.788711547851562
26.37767791748047
22.18914031982422
22.646665573120117
21.82912826538086
21.854162216186523
21.954059600830078
22.351503372192383
26.040315628051758
26.0465145111084
26.084184646606445
22.87602424621582
26.17168426513672
25.87890625
26.267051696777344
27.521610260009766
24.649381637573242
25.85768699645996
26.417255401611328
25.808334350585938
25.939226150512695
27.283668518066406
25.027036666870117
26.024580001831055
26.08036994934082
25.561809539794922
25.60114860534668
26.434898376464844
25.615692138671875
26.020288467407227
21.97122573852539
26.23152732849121
23.350000381469727
20.9810733795166
21.921396255493164
22.177457809448242
25.29454231262207
26.3059139251709
26.26204490661621
26.067018508911133
25.95376968383789
26.068687438964844
26.245594024658203
27.881860733032227
22.12691307067871
24.56378936767578
22.931814193725586
22.79186248779297
24.68109130859375
26.730775833129883
26.07440948486328
25.536298751831055
25.400161743164062
25.896072387695312
26.003599166870117
26.198863983154297
26.067733764648438
26.322603225708008
27.109622955322266
26.485443115234375
26.012897491455078
25.907039642333984
26.146411895751953
26.421308517456055
25.986909866333008
27.223825454711914
26.408910751342773
26.89981460571289
26.81589126586914
26.775360107421875
21.663904190063477
22.01247215270996
22.860050201416016
22.43518829345703
22.022247314453125
24.21855926513672
26.16119384765625
26.140689849853516
26.05748176574707
22.244930267333984
26.332855224609375
21.942853927612305
23.547649383544922
26.113033294677734
25.636911392211914
26.214122772216797
26.094913482666016
25.52509307861328
21.703243255615234
25.951147079467773
27.12702751159668
25.205135345458984
26.462793350219727
26.015043258666992
25.775909423828125
26.3211727142334
27.260541915893555
20.230531692504883
26.13973617553711
26.088714599609375
26.357412338256836
25.905370712280273
22.897720336914062
25.723934173583984
21.950244903564453
26.331424713134766
26.186704635620117
25.992631912231445
27.16660499572754
25.447368621826172
26.153087615966797
26.066064834594727
23.129940032958984
22.054433822631836
26.974916458129883
26.084184646606445
26.35478973388672
25.99787712097168
25.99644660949707
26.11565589904785
26.08942985534668
26.163816452026367
26.100635528564453
26.234865188598633
26.198387145996094
25.991439819335938
21.66271209716797
22.19414710998535
22.47142791748047
21.628856658935547
25.374412536621094
26.76558494567871
27.42600440979004
25.2988338470459
26.154041290283203
25.733232498168945
26.525020599365234
25.982379913330078
26.151657104492188
26.15070343017578
26.628494262695312
25.611400604248047
25.97212791442871
26.23891830444336
23.145675659179688
22.077560424804688
21.40641212463379
22.0184326171875
22.241592407226562
27.449607849121094
21.245718002319336
27.117490768432617
24.955034255981445
21.335840225219727
26.043176651000977
26.18575096130371
25.975465774536133
26.125669479370117
26.041746139526367
26.23128890991211
25.86817741394043
26.012182235717773
25.832653045654297
26.727914810180664
25.940656661987305
25.86221694946289
22.989511489868164
27.39429473876953
21.7740535736084
22.025585174560547
22.232770919799805
22.63951301574707
25.907278060913086
26.14903450012207
25.85291862487793
23.245811462402344
26.07583999633789
22.9647159576416
22.020339965820312
25.771141052246094
26.802778244018555
25.658845901489258
26.340961456298828
26.11255645751953
26.145458221435547
26.941776275634766
25.405406951904297
25.98428726196289
26.01456642150879
26.54552459716797
25.95376968383789
26.215791702270508
27.497291564941406
20.981311798095703
22.34363555908203
21.739959716796875
24.43075180053711
27.100801467895508
26.5042781829834
26.9010066986084
27.095794677734375
24.742603302001953
26.28302574157715
25.725603103637695
26.169776916503906
26.216506958007812
26.08656883239746
26.0465145111084
26.02863311767578
27.67634391784668
21.683216094970703
21.945476531982422
22.969722747802734
26.111125946044922
27.873516082763672
24.67632293701172
26.622533798217773
28.39040756225586
19.76323127746582
21.625518798828125
21.55303955078125
26.141643524169922
26.086091995239258
26.09562873840332
26.367664337158203
25.697708129882812
26.091575622558594
26.003360748291016
26.067733764648438
26.276111602783203
26.05271339416504
26.020526885986328
26.07560157775879
26.64804458618164
21.42953872680664
26.27396583557129
26.097774505615234
21.764039993286133
22.25494384765625
24.536609649658203
26.11851692199707
25.943756103515625
25.909900665283203
21.334171295166016
26.07274055480957
26.06964111328125
26.172161102294922
21.837949752807617
21.790742874145508
21.79551124572754
21.78335189819336
22.81975746154785
21.977901458740234
22.521018981933594
26.261568069458008
26.89838409423828
26.39174461364746
26.998519897460938
27.356863021850586
26.14617347717285
26.92127227783203
26.410579681396484
26.049375534057617
26.061534881591797
26.252031326293945
25.705814361572266
25.98714828491211
26.46327018737793
26.58843994140625
26.65114402770996
25.450468063354492
26.045799255371094
25.925874710083008
26.434898376464844
26.479721069335938
21.376609802246094
21.781206130981445
23.789167404174805
26.86142921447754
24.863481521606445
22.427797317504883
24.868488311767578
26.622533798217773
26.473283767700195
26.22222900390625
26.064157485961914
26.261329650878906
23.27704429626465
26.10611915588379
26.02982521057129
21.440982818603516
21.64912223815918
21.51656150817871
22.0644474029541
24.477720260620117
25.360107421875
25.8786678314209
26.08013153076172
26.055335998535156
26.49378776550293
26.35502815246582
25.52628517150879
25.942087173461914
26.044368743896484
25.010347366333008
25.96449851989746
25.969982147216797
21.47984504699707
21.744966506958008
26.233673095703125
25.925397872924805
26.120662689208984
25.96449851989746
26.318788528442383
25.33698081970215
26.320219039916992
21.75760269165039
25.870561599731445
22.37534523010254
22.118806838989258
26.317834854125977
22.90177345275879
21.88587188720703
22.167205810546875
25.765180587768555
26.48758888244629
25.815248489379883
27.198314666748047
26.467561721801758
26.737689971923828
27.049541473388672
25.8786678314209
25.299549102783203
21.878957748413086
26.333332061767578
26.307344436645508
26.727676391601562
26.844501495361328
26.734352111816406
27.08745002746582
26.822328567504883
26.684999465942383
26.987552642822266
25.827407836914062
26.606321334838867
26.000499725341797
25.933265686035156
26.00884437561035
26.046276092529297
26.343345642089844
25.81644058227539
26.13353729248047
26.225566864013672
26.02410316467285
27.133941650390625
24.988412857055664
21.619319915771484
22.359132766723633
27.22954750061035
22.38941192626953
26.288509368896484
26.488304138183594
21.468400955200195
21.639585494995117
24.52850341796875
26.282310485839844
25.85744857788086
26.11064910888672
21.56519889831543
26.288986206054688
25.99811553955078
25.88653564453125
26.011943817138672
21.611452102661133
26.31664276123047
28.467893600463867
26.233434677124023
27.808666229248047
29.15668487548828
28.330326080322266
26.468515396118164
28.348922729492188
28.76901626586914
28.062105178833008
26.535749435424805
26.835203170776367
27.992725372314453
21.60191535949707
28.647899627685547
24.93739128112793
22.337913513183594
26.00574493408203
25.974750518798828
26.01003646850586
26.170730590820312
26.690006256103516
20.981788635253906
26.327848434448242
26.724815368652344
25.717735290527344
26.12471580505371
26.213645935058594
25.95829963684082
26.638031005859375
25.585412979125977
26.121139526367188
26.165246963500977
27.132749557495117
25.16770362854004
26.17812156677246
26.05295181274414
26.373624801635742
21.5604305267334
21.862506866455078
27.07982063293457
26.777982711791992
26.563644409179688
26.065826416015625
26.114702224731445
26.409626007080078
25.93517303466797
26.163816452026367
26.127338409423828
26.586294174194336
26.691675186157227
27.727842330932617
26.28183364868164
26.645898818969727
26.7181396484375
26.86929702758789
21.491527557373047
21.630525588989258
26.050329208374023
26.129961013793945
25.88796615600586
21.60954475402832
21.96478843688965
23.831844329833984
21.647930145263672
26.206254959106445
25.969505310058594
26.028871536254883
26.138782501220703
26.07131004333496
25.8333683013916
26.029586791992188
22.513628005981445
22.358417510986328
26.14617347717285
30.29608726501465
21.634340286254883
22.69887924194336
21.901845932006836
21.332502365112305
22.191286087036133
21.99101448059082
20.411968231201172
21.734237670898438
21.608352661132812
22.319793701171875
22.39513397216797
22.063732147216797
21.65389060974121
26.505231857299805
46.241044998168945
9.827852249145508
27.772188186645508
29.204845428466797
25.989532470703125
26.23891830444336
25.544166564941406
25.898456573486328
26.275157928466797
26.08513832092285
26.031017303466797
26.261329650878906
26.227474212646484
21.733999252319336
21.733999252319336
26.46660804748535
26.51381492614746
26.342153549194336
26.312828063964844
26.821374893188477
26.398897171020508
26.53193473815918
26.111125946044922
26.7181396484375
26.117324829101562
26.904582977294922
26.29399299621582
26.43609046936035
26.655912399291992
26.352643966674805
23.198843002319336
21.983623504638672
22.690534591674805
26.555538177490234
26.648283004760742
27.129411697387695
21.281719207763672
21.73614501953125
23.78106117248535
20.823240280151367
22.54962921142578
26.20553970336914
26.563405990600586
25.9401798248291
26.70907974243164
26.77631378173828
25.33102035522461
26.087045669555664
26.01790428161621
26.81136131286621
26.3826847076416
26.265382766723633
26.05462074279785
23.73504638671875
21.516084671020508
22.710561752319336
26.833057403564453
25.838375091552734
21.754741668701172
26.284217834472656
26.01766586303711
26.42679214477539
22.05634117126465
22.758960723876953
21.754741668701172
22.872447967529297
21.004438400268555
23.209810256958008
26.976585388183594
26.493072509765625
26.42035484313965
26.705026626586914
25.796890258789062
22.107362747192383
22.146224975585938
23.084640502929688
27.2061824798584
27.782917022705078
26.74555778503418
26.465892791748047
26.389598846435547
26.48329734802246
26.26347541809082
27.579307556152344
26.71504020690918
28.966665267944336
28.759002685546875
28.877735137939453
21.754026412963867
21.486520767211914
22.193431854248047
23.012161254882812
23.07438850402832
23.675918579101562
23.426532745361328
21.942615509033203
22.058963775634766
25.989532470703125
26.58557891845703
27.25815773010254
26.835203170776367
26.615142822265625
26.697635650634766
26.20863914489746
25.971412658691406
21.66438102722168
21.773576736450195
26.074886322021484
26.023387908935547
26.223421096801758
25.86817741394043
25.810956954956055
26.00860595703125
21.7134952545166
22.011518478393555
22.51577377319336
25.69746971130371
25.846481323242188
26.30162239074707
25.95376968383789
26.00383758544922
26.01146697998047
25.79474449157715
25.951862335205078
26.11565589904785
26.072263717651367
25.93994140625
25.855541229248047
24.655580520629883
22.124290466308594
29.326677322387695
26.55315399169922
27.933597564697266
22.419214248657227
22.184133529663086
22.054433822631836
22.512197494506836
22.14980125427246
29.140949249267578
27.243614196777344
26.752233505249023
25.202035903930664
23.19955825805664
21.135330200195312
22.436857223510742
24.555206298828125
26.922941207885742
26.840686798095703
26.65400505065918
26.425600051879883
25.948762893676758
26.036977767944336
26.067018508911133
26.128053665161133
21.764755249023438
21.999597549438477
22.927522659301758
27.052640914916992
26.736736297607422
26.32284164428711
26.27277374267578
26.093006134033203
26.08036994934082
26.24034881591797
26.64327621459961
25.661468505859375
26.125431060791016
26.05724334716797
26.185274124145508
26.06987953186035
26.03912353515625
27.656078338623047
21.658897399902344
22.99189567565918
26.713848114013672
26.133298873901367
21.769046783447266
21.701574325561523
29.0524959564209
26.66759490966797
28.52463722229004
21.30889892578125
22.001981735229492
28.83148193359375
28.95665168762207
26.51071548461914
27.979612350463867
26.442527770996094
24.46770668029785
28.751373291015625
28.92899513244629
26.146888732910156
26.023387908935547
26.1995792388916
22.141218185424805
21.432876586914062
26.225805282592773
26.31545066833496
24.84416961669922
25.938749313354492
24.30129051208496
26.059865951538086
26.200056076049805
21.508216857910156
21.825790405273438
21.85201644897461
26.16739273071289
26.127099990844727
26.20720863342285
26.317834854125977
26.095867156982422
26.40819549560547
26.07274055480957
26.70907974243164
25.706052780151367
26.0922908782959
21.511316299438477
21.943092346191406
24.12700653076172
26.459693908691406
26.736021041870117
26.891708374023438
26.48615837097168
22.253990173339844
22.84407615661621
27.078628540039062
26.673316955566406
26.971817016601562
26.783227920532227
26.814699172973633
26.631832122802734
25.97332000732422
26.168346405029297
26.092529296875
26.134729385375977
25.00128746032715
21.985292434692383
22.153854370117188
24.1849422454834
26.83734893798828
26.06964111328125
26.256799697875977
25.918006896972656
26.14879608154297
26.69525146484375
21.70252799987793
21.249055862426758
21.6825008392334
24.592161178588867
26.134014129638672
26.144027709960938
21.91948890686035
26.00836753845215
26.491641998291016
26.216745376586914
26.17669105529785
25.44546127319336
21.52419090270996
26.460647583007812
25.791645050048828
21.528005599975586
21.854400634765625
26.128530502319336
26.09109878540039
26.581287384033203
25.796890258789062
26.077985763549805
25.873422622680664
25.923967361450195
21.29507064819336
26.234865188598633
21.927833557128906
26.087284088134766
24.941444396972656
22.300004959106445
21.825075149536133
21.869659423828125
21.616697311401367
22.030115127563477
23.94580841064453
26.800155639648438
26.981830596923828
26.937484741210938
26.69215202331543
26.854753494262695
27.03404426574707
26.925325393676758
26.586294174194336
26.87811851501465
27.958154678344727
26.796340942382812
25.728225708007812
24.6732234954834
26.829242706298828
