cam_ndn_udp_b
21.898508071899414
21.058320999145508
22.167682647705078
20.776033401489258
21.683454513549805
22.346019744873047
21.421194076538086
21.480798721313477
21.157503128051758
21.411418914794922
21.535158157348633
21.75164222717285
21.06165885925293
21.748065948486328
20.91670036315918
20.34759521484375
20.70927619934082
21.51632308959961
21.448135375976562
21.40665054321289
21.401405334472656
21.599769592285156
21.69346809387207
21.312713623046875
21.375417709350586
21.47507667541504
21.63219451904297
21.535158157348633
21.444320678710938
21.502971649169922
21.765708923339844
21.561861038208008
21.40069007873535
21.60191535949707
21.712303161621094
21.699905395507812
21.64602279663086
21.75116539001465
21.05402946472168
21.308183670043945
20.229339599609375
20.554542541503906
20.334243774414062
22.956132888793945
20.19786834716797
21.11077308654785
21.24929428100586
21.556615829467773
21.256685256958008
21.493196487426758
21.508216857910156
21.355867385864258
21.456003189086914
20.109176635742188
21.317005157470703
21.350622177124023
21.698474884033203
20.906448364257812
21.45695686340332
21.370887756347656
21.411657333374023
21.613359451293945
21.332979202270508
21.27814292907715
20.282745361328125
21.380901336669922
21.53182029724121
21.587848663330078
21.107912063598633
21.329402923583984
21.866798400878906
20.326614379882812
20.409345626831055
21.016597747802734
21.420717239379883
21.340370178222656
21.289348602294922
21.050453186035156
20.888805389404297
20.778179168701172
20.198345184326172
20.674943923950195
20.648956298828125
21.61550521850586
21.74687385559082
21.18825912475586
21.422386169433594
22.18937873840332
19.545555114746094
20.68638801574707
20.857810974121094
21.460533142089844
21.343469619750977
22.502422332763672
20.505905151367188
21.224021911621094
21.640300750732422
21.3930606842041
21.562814712524414
21.386384963989258
21.51775360107422
21.483898162841797
21.366119384765625
21.9266414642334
21.468400955200195
21.730899810791016
21.343469619750977
21.18062973022461
21.38543128967285
21.3623046875
20.470857620239258
20.929574966430664
20.39337158203125
21.428585052490234
21.72565460205078
21.500587463378906
21.306514739990234
22.377967834472656
20.83301544189453
21.21257781982422
21.600723266601562
21.44336700439453
21.473169326782227
21.50416374206543
22.4149227142334
20.58243751525879
21.334171295166016
20.732879638671875
20.015478134155273
20.447731018066406
21.76070213317871
21.384716033935547
21.112680435180664
21.535396575927734
21.336793899536133
21.155595779418945
20.39790153503418
20.485877990722656
20.895719528198242
20.459413528442383
21.475791931152344
21.33917808532715
21.459102630615234
21.440505981445312
21.361827850341797
21.091938018798828
21.882057189941406
21.18062973022461
21.126508712768555
21.085262298583984
21.854639053344727
20.934581756591797
21.72374725341797
21.236896514892578
21.98505401611328
20.336389541625977
21.152973175048828
20.183801651000977
20.859479904174805
21.008014678955078
21.2094783782959
21.929502487182617
19.780874252319336
20.395994186401367
20.961523056030273
20.531415939331055
21.405935287475586
21.281957626342773
21.52419090270996
21.299123764038086
21.74520492553711
21.69966697692871
21.15917205810547
21.50416374206543
21.512269973754883
21.401166915893555
21.466732025146484
21.57735824584961
21.32248878479004
21.605253219604492
21.76833152770996
21.740198135375977
21.02828025817871
21.480083465576172
21.32558822631836
20.497560501098633
21.678924560546875
21.490097045898438
21.42930030822754
21.361112594604492
21.805524826049805
21.45218849182129
21.48914337158203
21.528959274291992
21.44908905029297
21.457195281982422
21.542787551879883
21.41594886779785
21.4998722076416
22.118568420410156
21.29340171813965
21.74854278564453
21.07095718383789
20.63751220703125
21.52085304260254
21.967172622680664
20.969867706298828
21.69060707092285
21.174192428588867
21.381378173828125
20.975828170776367
20.317792892456055
20.397663116455078
20.410776138305664
20.749807357788086
20.433902740478516
21.44479751586914
21.286725997924805
21.462202072143555
21.577119827270508
20.627737045288086
21.711349487304688
21.42477035522461
21.353483200073242
20.98989486694336
21.51775360107422
21.215200424194336
21.242856979370117
21.816492080688477
20.961761474609375
21.36087417602539
21.384239196777344
21.240949630737305
20.49708366394043
21.215200424194336
21.833181381225586
21.104812622070312
20.825624465942383
21.66128158569336
21.201610565185547
21.207094192504883
21.337270736694336
21.123170852661133
20.73216438293457
21.364927291870117
20.54619789123535
20.45130729675293
20.461082458496094
20.71833610534668
20.574092864990234
21.687030792236328
21.425485610961914
21.875381469726562
22.141695022583008
21.138906478881836
21.671772003173828
21.222829818725586
21.26622200012207
21.768808364868164
20.479917526245117
21.59404754638672
20.295143127441406
21.915912628173828
21.338224411010742
21.588802337646484
21.84748649597168
21.091222763061523
21.596908569335938
21.507978439331055
21.332979202270508
21.564245223999023
21.758317947387695
21.361112594604492
21.69036865234375
21.634817123413086
21.502017974853516
21.514415740966797
21.398067474365234
21.404504776000977
21.603107452392578
21.3930606842041
20.361661911010742
20.68161964416504
20.823240280151367
21.558761596679688
21.340131759643555
21.65842056274414
21.318674087524414
21.510601043701172
21.288394927978516
21.489620208740234
21.80767059326172
21.271705627441406
21.581649780273438
20.31421661376953
20.542144775390625
20.259618759155273
21.587133407592773
21.44169807434082
21.64006233215332
20.254135131835938
21.05426788330078
21.793127059936523
21.13032341003418
21.659374237060547
20.898103713989258
21.71945571899414
20.088911056518555
20.602703094482422
20.4007625579834
21.44145965576172
21.420001983642578
21.28911018371582
21.578311920166016
21.30889892578125
21.605730056762695
21.00992202758789
21.338701248168945
21.57306671142578
21.223783493041992
21.312952041625977
21.639585494995117
21.213293075561523
20.2486515045166
21.37136459350586
21.29220962524414
21.35634422302246
20.425081253051758
20.958900451660156
20.184040069580078
20.638465881347656
20.555973052978516
20.48206329345703
20.953893661499023
21.55780792236328
21.63100242614746
21.335840225219727
21.51179313659668
21.427392959594727
21.46291732788086
21.937847137451172
20.965576171875
21.348953247070312
21.538496017456055
21.361589431762695
21.559476852416992
21.555662155151367
21.725177764892578
21.587848663330078
21.42930030822754
20.295381546020508
21.689891815185547
21.24643325805664
21.508216857910156
21.208763122558594
21.52729034423828
20.168781280517578
20.625829696655273
20.913124084472656
21.82602882385254
21.112442016601562
22.71866798400879
20.272493362426758
21.547555923461914
21.64745330810547
21.4235782623291
21.440982818603516
21.332263946533203
22.459745407104492
20.854711532592773
21.230697631835938
21.82936668395996
21.2557315826416
21.418094635009766
21.664857864379883
21.672487258911133
21.414518356323242
20.387649536132812
20.544767379760742
20.465850830078125
20.341157913208008
21.462202072143555
21.136999130249023
21.77572250366211
25.625228881835938
16.0067081451416
21.484375
21.3930606842041
21.10743522644043
21.46625518798828
21.257400512695312
21.1789608001709
21.130084991455078
22.623062133789062
20.992517471313477
21.3620662689209
21.57759666442871
21.106243133544922
21.84581756591797
20.859956741333008
22.09782600402832
20.949840545654297
21.13509178161621
20.180940628051758
20.481109619140625
20.187854766845703
21.881103515625
21.16990089416504
20.9200382232666
21.360397338867188
20.679950714111328
20.7061767578125
20.71094512939453
20.664215087890625
20.998716354370117
21.48580551147461
21.55137062072754
21.587610244750977
21.38209342956543
21.718740463256836
21.603822708129883
21.371841430664062
21.70586585998535
21.223783493041992
21.72231674194336
21.091699600219727
20.709991455078125
21.130800247192383
21.451711654663086
21.56996726989746
21.5456485748291
21.554231643676758
21.2249755859375
21.51656150817871
21.533489227294922
21.832704544067383
21.018505096435547
21.371126174926758
21.497488021850586
21.22664451599121
21.442890167236328
21.453380584716797
21.487712860107422
22.35102653503418
20.76244354248047
21.55780792236328
21.629810333251953
22.00603485107422
21.41547203063965
21.288156509399414
21.771907806396484
22.08089828491211
20.035505294799805
20.67255973815918
20.745038986206055
21.68726921081543
20.561695098876953
21.349668502807617
21.234512329101562
20.78390121459961
19.95539665222168
20.525693893432617
21.505355834960938
21.088838577270508
21.62909507751465
21.933317184448242
21.057844161987305
20.963191986083984
49.051523208618164
5.047321319580078
21.654605865478516
21.51322364807129
21.185874938964844
20.238876342773438
20.800352096557617
21.21138572692871
21.53611183166504
21.503686904907227
21.659135818481445
20.914554595947266
21.697044372558594
21.73757553100586
20.9043025970459
21.207571029663086
21.405458450317383
21.305322647094727
21.560192108154297
21.055936813354492
21.174192428588867
21.174907684326172
21.37017250061035
21.250009536743164
20.824193954467773
21.112680435180664
20.596027374267578
20.52617073059082
21.044492721557617
20.161151885986328
20.97463607788086
21.978378295898438
19.9582576751709
21.322250366210938
20.603179931640625
21.007776260375977
21.713733673095703
21.181583404541016
21.317481994628906
21.48127555847168
21.62027359008789
21.56805992126465
21.534204483032227
21.65699005126953
21.45075798034668
21.3470458984375
21.36087417602539
21.46315574645996
21.39568328857422
20.851612091064453
20.331144332885742
21.285057067871094
21.594762802124023
21.352767944335938
20.46799659729004
20.435333251953125
21.20184898376465
21.48747444152832
21.29077911376953
21.6062068939209
21.574735641479492
21.349191665649414
21.54827117919922
21.442651748657227
21.261930465698242
21.152734756469727
21.82793617248535
21.43549919128418
21.352529525756836
21.603107452392578
20.574092864990234
22.291183471679688
21.163463592529297
22.362232208251953
20.720720291137695
20.16901969909668
20.54572105407715
20.73073387145996
21.021127700805664
21.778583526611328
21.033287048339844
20.670652389526367
20.402193069458008
21.27838134765625
20.549535751342773
21.150588989257812
22.42279052734375
20.24388313293457
21.765947341918945
20.82371711730957
21.81077003479004
21.204233169555664
21.786928176879883
21.075010299682617
21.22974395751953
21.925687789916992
21.404266357421875
21.47841453552246
21.36826515197754
21.20351791381836
21.266698837280273
21.255970001220703
20.301342010498047
20.766735076904297
20.56741714477539
21.561384201049805
21.193504333496094
20.61772346496582
21.051883697509766
20.781278610229492
20.441532135009766
20.824670791625977
20.549774169921875
20.909547805786133
21.517276763916016
21.45695686340332
21.504878997802734
21.446704864501953
20.565509796142578
20.867109298706055
21.590709686279297
21.96645736694336
20.845413208007812
21.706819534301758
21.5609073638916
21.683692932128906
21.329879760742188
21.619319915771484
21.439552307128906
21.427392959594727
21.27814292907715
20.44367790222168
21.34108543395996
20.445823669433594
21.165132522583008
21.332979202270508
21.45528793334961
21.564245223999023
21.326780319213867
21.320343017578125
21.389007568359375
21.772146224975586
21.64626121520996
21.38352394104004
21.6214656829834
21.78335189819336
21.39449119567871
21.459579467773438
21.532297134399414
21.396875381469727
20.44987678527832
20.682334899902344
21.22211456298828
22.01557159423828
20.85423469543457
21.332740783691406
21.656274795532227
21.477460861206055
20.642757415771484
20.214319229125977
20.975112915039062
20.906448364257812
21.459102630615234
21.240234375
21.416664123535156
21.224498748779297
21.686792373657227
21.673202514648438
21.167516708374023
21.284103393554688
21.574974060058594
21.511077880859375
21.24190330505371
21.417856216430664
21.492719650268555
21.2552547454834
21.69966697692871
21.62623405456543
21.062374114990234
20.40386199951172
20.77317237854004
21.37899398803711
21.096467971801758
21.466493606567383
21.985769271850586
20.378828048706055
21.60787582397461
21.2099552154541
21.308183670043945
20.182132720947266
20.499229431152344
20.412445068359375
20.5075740814209
20.86019515991211
20.653963088989258
21.32129669189453
21.65365219116211
21.58832550048828
21.09837532043457
20.594358444213867
20.42245864868164
20.964622497558594
21.843910217285156
22.34196662902832
21.173477172851562
21.465063095092773
21.53635025024414
21.306514739990234
22.309541702270508
21.05569839477539
21.560192108154297
21.282196044921875
21.797657012939453
21.453380584716797
22.02463150024414
21.42786979675293
21.526575088500977
21.33917808532715
21.284103393554688
21.564722061157227
21.42620086669922
22.147178649902344
21.42190933227539
25.017499923706055
18.852949142456055
21.507978439331055
21.799087524414062
20.130157470703125
20.69997787475586
20.751953125
22.25637435913086
21.259546279907227
21.075963973999023
21.268367767333984
22.441387176513672
21.001815795898438
21.660804748535156
21.818161010742188
20.441532135009766
20.56264877319336
20.396709442138672
20.373106002807617
21.798372268676758
21.385669708251953
21.302223205566406
21.50893211364746
21.048307418823242
21.085023880004883
20.444869995117188
21.179914474487305
21.3470458984375
21.29054069519043
21.13652229309082
21.527767181396484
21.489620208740234
21.283388137817383
21.63529396057129
21.020174026489258
21.27528190612793
21.13056182861328
21.313905715942383
21.615028381347656
20.853281021118164
21.676063537597656
21.491289138793945
21.103382110595703
21.516799926757812
21.301984786987305
20.99013328552246
22.28832244873047
21.081924438476562
21.030187606811523
21.604537963867188
20.130395889282227
21.208763122558594
20.749807357788086
20.652055740356445
20.478487014770508
21.420001983642578
20.29132843017578
21.73161506652832
22.579669952392578
20.676851272583008
22.968053817749023
20.010948181152344
21.303892135620117
20.270109176635742
21.498441696166992
21.369457244873047
20.691871643066406
21.907329559326172
21.172285079956055
21.621227264404297
21.22330665588379
21.425485610961914
21.611452102661133
20.489215850830078
20.557403564453125
21.902799606323242
19.5467472076416
21.882295608520508
20.328998565673828
22.333860397338867
20.718812942504883
21.71182632446289
20.337820053100586
20.37191390991211
21.053314208984375
21.39425277709961
22.23682403564453
20.710229873657227
21.513938903808594
21.862030029296875
21.030187606811523
21.497011184692383
21.723508834838867
21.137475967407227
21.635055541992188
21.249055862426758
21.39115333557129
21.642208099365234
21.60024642944336
21.58808708190918
21.08621597290039
20.398855209350586
20.487546920776367
20.940542221069336
21.27671241760254
21.712541580200195
20.952701568603516
21.295785903930664
21.439075469970703
20.94864845275879
21.26169204711914
21.711111068725586
20.570039749145508
21.321535110473633
21.254777908325195
21.387338638305664
21.48580551147461
21.20351791381836
21.399497985839844
21.27861976623535
22.76158332824707
19.11020278930664
21.155834197998047
21.317243576049805
21.00205421447754
21.87657356262207
21.414518356323242
20.37525177001953
21.039485931396484
22.095918655395508
20.749568939208984
21.33321762084961
21.039485931396484
20.901918411254883
20.870208740234375
20.641565322875977
21.133899688720703
21.43692970275879
21.480798721313477
21.68869972229004
21.268367767333984
21.601200103759766
22.09329605102539
20.80368995666504
21.345138549804688
21.793127059936523
21.376609802246094
21.594524383544922
21.22354507446289
20.424365997314453
20.633935928344727
21.7130184173584
21.52705192565918
21.49796485900879
21.317005157470703
21.660804748535156
21.454572677612305
21.714210510253906
21.880149841308594
21.554231643676758
21.512985229492188
21.167993545532227
21.32439613342285
21.40641212463379
21.406888961791992
21.37017250061035
21.425247192382812
21.596431732177734
23.082256317138672
19.74344253540039
21.700620651245117
20.37811279296875
20.603179931640625
21.167278289794922
21.236896514892578
21.202564239501953
20.554304122924805
20.55954933166504
20.871877670288086
21.358013153076172
21.580219268798828
21.412134170532227
21.6672420501709
20.173311233520508
20.437002182006836
20.736217498779297
21.088361740112305
21.341800689697266
21.38066291809082
21.286725997924805
21.20375633239746
21.602392196655273
21.30722999572754
21.409034729003906
21.33321762084961
21.219253540039062
21.450042724609375
20.76435089111328
20.337581634521484
22.668838500976562
20.454883575439453
21.229028701782227
21.62337303161621
21.227598190307617
21.465301513671875
20.903587341308594
20.948171615600586
21.14558219909668
21.79098129272461
21.773815155029297
20.437002182006836
19.756078720092773
20.287036895751953
20.790576934814453
20.879507064819336
21.182537078857422
21.064281463623047
20.776033401489258
20.511150360107422
20.497560501098633
21.348953247070312
21.54827117919922
21.56519889831543
21.41857147216797
21.4688777923584
21.61264419555664
21.37899398803711
22.084951400756836
21.033048629760742
22.087812423706055
21.228551864624023
21.520376205444336
21.494150161743164
21.99077606201172
21.09670639038086
21.488189697265625
21.59857749938965
21.286964416503906
21.434307098388672
21.701812744140625
22.15409278869629
21.791696548461914
21.20804786682129
21.605968475341797
21.651029586791992
21.501779556274414
20.19190788269043
20.710229873657227
20.887136459350586
21.58951759338379
21.437644958496094
22.032499313354492
21.213054656982422
21.538257598876953
21.195173263549805
20.87855339050293
21.491527557373047
21.761178970336914
22.32074737548828
20.65443992614746
21.549463272094727
21.15488052368164
21.242141723632812
21.78168296813965
21.420955657958984
21.129846572875977
20.19357681274414
20.511627197265625
20.380735397338867
20.468950271606445
20.74909210205078
21.175861358642578
21.343708038330078
20.554065704345703
21.402835845947266
21.280765533447266
21.360397338867188
21.142005920410156
21.40045166015625
20.985126495361328
21.472930908203125
21.116971969604492
21.80933952331543
21.06332778930664
21.452665328979492
21.17013931274414
21.229028701782227
21.75760269165039
21.15488052368164
22.21989631652832
20.182371139526367
21.56686782836914
21.717071533203125
20.325183868408203
20.82371711730957
20.845890045166016
21.510601043701172
21.53921127319336
23.357152938842773
19.8514461517334
20.779132843017578
20.905733108520508
20.165443420410156
20.422935485839844
20.91526985168457
21.422624588012695
21.994352340698242
21.402835845947266
21.200895309448242
21.78025245666504
21.068096160888672
21.445274353027344
20.956754684448242
21.330833435058594
21.55900001525879
21.331071853637695
20.84517478942871
20.804405212402344
20.836591720581055
20.69544792175293
21.575927734375
21.422147750854492
21.516799926757812
21.717071533203125
21.367311477661133
21.763086318969727
21.785497665405273
21.162033081054688
21.44646644592285
21.953582763671875
21.18825912475586
21.534204483032227
21.801233291625977
20.997047424316406
21.56376838684082
21.484851837158203
21.483421325683594
21.47841453552246
21.333694458007812
21.410703659057617
21.89016342163086
20.956039428710938
20.479440689086914
20.632505416870117
20.803213119506836
21.437883377075195
21.468162536621094
21.448612213134766
21.306753158569336
20.32780647277832
20.84636688232422
20.213603973388672
20.578861236572266
20.580768585205078
21.3773250579834
21.23236656188965
21.26598358154297
21.305561065673828
21.720170974731445
21.065235137939453
21.34990692138672
22.271156311035156
19.665002822875977
20.090103149414062
20.467042922973633
20.404338836669922
21.074533462524414
19.639253616333008
20.37358283996582
20.415306091308594
20.372867584228516
21.602869033813477
20.901203155517578
21.216869354248047
21.2099552154541
22.77374267578125
19.83332633972168
21.329879760742188
20.446300506591797
21.2247371673584
21.46291732788086
21.277427673339844
21.331071853637695
21.053075790405273
21.492958068847656
21.24786376953125
20.106077194213867
20.341157913208008
20.578384399414062
20.645618438720703
21.6214656829834
20.7517147064209
20.584821701049805
20.563602447509766
20.720243453979492
20.831584930419922
20.80535888671875
20.992040634155273
21.642208099365234
21.397829055786133
21.33488655090332
21.33321762084961
21.47221565246582
21.34394645690918
21.546602249145508
21.371126174926758
21.300077438354492
21.205425262451172
21.8961238861084
22.053956985473633
20.833730697631836
21.18086814880371
21.396160125732422
21.393537521362305
19.563913345336914
20.78080177307129
21.419525146484375
21.751880645751953
21.452903747558594
21.601438522338867
21.389484405517578
21.6522216796875
21.295547485351562
21.492958068847656
21.556615829467773
21.378278732299805
21.46744728088379
21.785736083984375
21.094083786010742
22.240161895751953
20.54882049560547
21.58379554748535
21.3625431060791
21.34847640991211
21.802425384521484
20.35236358642578
20.279884338378906
20.418167114257812
20.495891571044922
20.66826820373535
20.45917510986328
20.470380783081055
20.799875259399414
21.224260330200195
20.723342895507812
20.59316635131836
21.277666091918945
21.265268325805664
21.752119064331055
21.184921264648438
21.036148071289062
21.834373474121094
21.11053466796875
21.0421085357666
21.48294448852539
21.627426147460938
21.969318389892578
21.378755569458008
20.802974700927734
20.26534080505371
20.045995712280273
20.28369903564453
20.296573638916016
20.386457443237305
21.02518081665039
20.17688751220703
20.687341690063477
20.295381546020508
20.987987518310547
21.24929428100586
21.483421325683594
20.997047424316406
20.47562599182129
20.797252655029297
20.4465389251709
20.522356033325195
22.145986557006836
21.509170532226562
21.504640579223633
21.654605865478516
21.222591400146484
22.235870361328125
20.467042922973633
21.602153778076172
21.73018455505371
21.131038665771484
21.521806716918945
21.326541900634766
21.567106246948242
20.644187927246094
20.374774932861328
20.764589309692383
21.73900604248047
20.977497100830078
21.67963981628418
21.496295928955078
21.302461624145508
21.936893463134766
20.936965942382812
21.458148956298828
21.5451717376709
21.253585815429688
21.342039108276367
21.25692367553711
21.60191535949707
22.150278091430664
20.57194709777832
21.929264068603516
21.4385986328125
21.123886108398438
20.064353942871094
20.71380615234375
21.074533462524414
21.497488021850586
21.30603790283203
21.493911743164062
21.752119064331055
21.41427993774414
21.481752395629883
21.446704864501953
21.574020385742188
21.552324295043945
20.2791690826416
20.418643951416016
20.297765731811523
21.099090576171875
19.981861114501953
21.4388370513916
21.309614181518555
21.422863006591797
21.454334259033203
20.97463607788086
20.357370376586914
21.474123001098633
21.401166915893555
21.229982376098633
21.172285079956055
20.387887954711914
20.609378814697266
21.381139755249023
21.408557891845703
21.32439613342285
21.6519832611084
21.160602569580078
21.62766456604004
21.898746490478516
20.96867561340332
21.54397964477539
21.88563346862793
19.50812339782715
20.67732810974121
21.309614181518555
21.55160903930664
21.812915802001953
21.090030670166016
22.271156311035156
20.394563674926758
20.749807357788086
20.450115203857422
20.23482322692871
20.537137985229492
20.753145217895508
21.66461944580078
21.26932144165039
21.80171012878418
21.293163299560547
21.34084701538086
21.421432495117188
22.012948989868164
20.882844924926758
21.401166915893555
21.38066291809082
21.388769149780273
21.54231071472168
21.41880989074707
21.47221565246582
21.712303161621094
21.413564682006836
21.07977867126465
21.77882194519043
21.4691162109375
21.84462547302246
21.14701271057129
21.625518798828125
21.29077911376953
21.522045135498047
20.007610321044922
20.775556564331055
21.250486373901367
21.46625518798828
21.051883697509766
21.361589431762695
21.930456161499023
21.20041847229004
21.49224281311035
21.254301071166992
21.39139175415039
21.617650985717773
21.161794662475586
22.45616912841797
21.385669708251953
21.342039108276367
21.296024322509766
20.790815353393555
21.456480026245117
21.89350128173828
20.071029663085938
20.511627197265625
19.471406936645508
21.181106567382812
20.845413208007812
21.131038665771484
21.257877349853516
21.350622177124023
21.40641212463379
21.35181427001953
21.311283111572266
21.173954010009766
21.668434143066406
20.92885971069336
21.221160888671875
21.279335021972656
21.65055274963379
21.41880989074707
21.546602249145508
20.927906036376953
21.56829833984375
21.13819122314453
23.26369285583496
19.55246925354004
21.265745162963867
21.314620971679688
21.24953269958496
21.085262298583984
20.261526107788086
20.919322967529297
20.223140716552734
20.928144454956055
21.3468074798584
21.014928817749023
20.75815200805664
20.767927169799805
20.473480224609375
20.34473419189453
21.898508071899414
21.056175231933594
21.323442459106445
21.552085876464844
21.422386169433594
20.926713943481445
20.85590362548828
21.077871322631836
21.356821060180664
21.54994010925293
21.480083465576172
20.151853561401367
21.26145362854004
20.817041397094727
21.477460861206055
21.11983299255371
21.804094314575195
21.103620529174805
21.381616592407227
21.60334587097168
21.16107940673828
22.278547286987305
22.027015686035156
20.888090133666992
20.691871643066406
21.743297576904297
21.160125732421875
21.75450325012207
21.523714065551758
20.942211151123047
21.584272384643555
21.54088020324707
21.318435668945312
22.088289260864258
20.566701889038086
21.397829055786133
21.630287170410156
21.24476432800293
20.46823501586914
21.523475646972656
19.726991653442383
21.369457244873047
21.48890495300293
21.2099552154541
21.581172943115234
21.26026153564453
21.129369735717773
20.384550094604492
20.47586441040039
20.90287208557129
21.099567413330078
21.210670471191406
21.22664451599121
21.28314971923828
21.46291732788086
20.42841911315918
21.269559860229492
21.49057388305664
21.129131317138672
20.352602005004883
20.500659942626953
21.320104598999023
20.921707153320312
21.573543548583984
21.114587783813477
21.8808650970459
20.7369327545166
21.263599395751953
21.114587783813477
21.43716812133789
21.163225173950195
21.200895309448242
21.4693546295166
21.320343017578125
20.13683319091797
20.611286163330078
21.53754234313965
21.259307861328125
20.55048942565918
21.216392517089844
21.15631103515625
20.87116241455078
20.075082778930664
20.63465118408203
20.8132266998291
22.587060928344727
20.243167877197266
21.404027938842773
20.650863647460938
20.61915397644043
21.341800689697266
21.49057388305664
21.662235260009766
21.071434020996094
20.368099212646484
20.694494247436523
21.049976348876953
21.542072296142578
21.616458892822266
21.400928497314453
21.188735961914062
21.58975601196289
21.402359008789062
21.913528442382812
21.36397361755371
21.517515182495117
21.402597427368164
21.266937255859375
21.22783660888672
20.389795303344727
20.411014556884766
21.022796630859375
20.537614822387695
21.24953269958496
21.379470825195312
21.367311477661133
21.78478240966797
21.236419677734375
21.399259567260742
21.5911865234375
21.1946964263916
22.40586280822754
20.711660385131836
20.996570587158203
21.56805992126465
21.393775939941406
21.528959274291992
21.46768569946289
21.18682861328125
21.361351013183594
21.001100540161133
20.03192901611328
20.7674503326416
21.086454391479492
21.181821823120117
21.535634994506836
20.97630500793457
20.46513557434082
21.392822265625
21.001577377319336
21.163225173950195
21.89326286315918
20.919322967529297
21.38996124267578
21.6062068939209
21.13819122314453
21.441936492919922
21.384477615356445
21.715879440307617
20.618438720703125
21.192550659179688
21.254301071166992
21.243572235107422
21.120071411132812
21.151304244995117
21.464109420776367
20.2639102935791
20.506620407104492
21.386384963989258
21.340131759643555
21.621227264404297
20.660400390625
21.117687225341797
20.032882690429688
20.563364028930664
20.390987396240234
20.5690860748291
21.134614944458008
22.144556045532227
20.66516876220703
21.848678588867188
21.5451717376709
21.530628204345703
21.309375762939453
21.39878273010254
21.711349487304688
21.216869354248047
21.388530731201172
21.387815475463867
21.515846252441406
21.481990814208984
20.37525177001953
21.635055541992188
21.362781524658203
21.3620662689209
21.329402923583984
20.461320877075195
20.727872848510742
20.353317260742188
21.10767364501953
21.11220359802246
21.694421768188477
21.318674087524414
21.809816360473633
21.758317947387695
20.810365676879883
21.734237670898438
20.969152450561523
21.519184112548828
21.342992782592773
21.68893814086914
22.503376007080078
21.429061889648438
21.344423294067383
21.35491371154785
20.487308502197266
20.426273345947266
20.792484283447266
20.29109001159668
21.4846134185791
21.136760711669922
22.016525268554688
19.53125
20.529747009277344
20.131826400756836
20.493030548095703
21.32129669189453
21.278858184814453
21.343469619750977
21.181821823120117
20.77651023864746
21.35920524597168
21.33345603942871
21.18968963623047
21.223068237304688
21.4078426361084
21.09527587890625
21.29340171813965
21.065711975097656
21.414518356323242
21.5909481048584
20.984172821044922
21.15917205810547
21.289348602294922
21.181106567382812
20.586729049682617
20.595788955688477
21.440744400024414
21.661043167114258
21.793842315673828
19.687652587890625
21.56829833984375
21.149158477783203
21.211624145507812
21.12269401550293
20.52783966064453
21.17633819580078
19.94490623474121
20.379066467285156
20.935535430908203
21.245956420898438
21.50893211364746
21.263599395751953
21.571636199951172
24.335384368896484
17.75503158569336
20.639419555664062
20.522356033325195
21.740198135375977
21.328210830688477
21.91305160522461
21.361589431762695
21.486759185791016
21.291732788085938
21.622657775878906
22.13263511657715
20.38884162902832
21.29387855529785
21.372556686401367
21.48270606994629
21.276473999023438
21.6982364654541
21.37160301208496
21.318435668945312
21.4841365814209
21.439552307128906
21.518468856811523
21.4080810546875
22.296428680419922
20.5233097076416
21.570682525634766
21.643877029418945
20.114660263061523
21.118640899658203
20.746707916259766
20.096540451049805
21.45099639892578
21.464824676513672
21.432876586914062
21.62313461303711
21.062135696411133
21.68560028076172
21.3315486907959
21.402835845947266
21.730661392211914
21.175146102905273
21.429777145385742
19.570112228393555
20.058155059814453
21.186113357543945
21.20184898376465
21.344661712646484
21.717548370361328
20.756244659423828
20.21646499633789
21.57878875732422
21.318912506103516
21.485090255737305
21.048307418823242
21.307706832885742
22.093534469604492
21.348953247070312
20.886659622192383
21.47960662841797
20.980358123779297
21.631956100463867
21.2404727935791
21.747589111328125
20.887374877929688
21.38829231262207
21.556377410888672
20.93648910522461
20.6754207611084
20.923376083374023
21.363496780395508
22.50075340270996
20.552396774291992
21.692752838134766
20.800113677978516
20.596981048583984
20.604372024536133
20.756006240844727
19.966602325439453
20.762205123901367
20.750999450683594
21.67987823486328
21.480083465576172
21.326780319213867
21.463871002197266
21.440982818603516
21.31032943725586
21.83985710144043
21.327495574951172
21.36087417602539
21.661043167114258
21.258831024169922
21.411657333374023
21.651744842529297
21.55470848083496
21.132469177246094
21.600723266601562
21.130084991455078
21.285533905029297
20.42102813720703
21.364450454711914
19.822359085083008
20.918846130371094
21.579742431640625
21.131277084350586
20.811796188354492
20.27750015258789
20.354032516479492
20.108938217163086
20.36309242248535
20.34282684326172
20.626306533813477
20.647048950195312
21.013736724853516
21.51012420654297
21.79265022277832
20.566463470458984
21.399259567260742
21.358013153076172
21.599292755126953
21.510601043701172
21.379947662353516
20.661354064941406
20.664215087890625
21.31509780883789
20.903587341308594
20.353078842163086
20.523548126220703
20.8892822265625
21.54541015625
20.857810974121094
22.089242935180664
20.859479904174805
21.460771560668945
20.426511764526367
21.34084701538086
21.596193313598633
21.14725112915039
21.48890495300293
21.96478843688965
21.00658416748047
22.01080322265625
20.952939987182617
21.650075912475586
21.608829498291016
20.690202713012695
21.90375328063965
21.008014678955078
20.274639129638672
21.205902099609375
21.21591567993164
21.799325942993164
20.06816864013672
21.837472915649414
21.76380157470703
21.100997924804688
21.516084671020508
20.87116241455078
20.59316635131836
20.487308502197266
20.615339279174805
20.323991775512695
20.591020584106445
20.781993865966797
21.450281143188477
21.532058715820312
21.81720733642578
21.139860153198242
22.594928741455078
20.537614822387695
21.521329879760742
22.063732147216797
21.579980850219727
21.676063537597656
20.310640335083008
20.568132400512695
22.07803726196289
20.204782485961914
21.552085876464844
21.486520767211914
21.317720413208008
21.76046371459961
21.618127822875977
21.27385139465332
22.072792053222656
21.01898193359375
21.62623405456543
22.507905960083008
20.362138748168945
21.61431312561035
21.61383628845215
21.600008010864258
21.683931350708008
21.252155303955078
21.588802337646484
21.426677703857422
20.356178283691406
20.624637603759766
21.947860717773438
21.727323532104492
21.243572235107422
22.79496192932129
20.10035514831543
22.054195404052734
21.518945693969727
21.32129669189453
21.298646926879883
20.679950714111328
20.163536071777344
20.44391632080078
20.415067672729492
21.144866943359375
21.406173706054688
21.341562271118164
21.24762535095215
21.480083465576172
21.317005157470703
20.509719848632812
21.34871482849121
21.519184112548828
20.627260208129883
21.181821823120117
20.654678344726562
21.157264709472656
21.269559860229492
21.348953247070312
21.6064453125
21.3472843170166
21.427392959594727
21.538496017456055
21.801471710205078
20.830392837524414
21.464109420776367
21.55780792236328
21.403074264526367
23.0257511138916
20.24531364440918
22.062063217163086
20.338773727416992
21.648168563842773
20.462512969970703
21.5451717376709
20.508527755737305
20.84517478942871
20.330190658569336
20.643949508666992
20.642995834350586
20.850181579589844
20.952224731445312
21.515369415283203
21.5456485748291
21.431922912597656
21.769046783447266
21.593809127807617
21.697282791137695
21.39568328857422
21.7130184173584
21.035432815551758
21.168231964111328
20.57480812072754
20.517587661743164
21.79431915283203
21.162986755371094
21.21448516845703
21.836519241333008
21.379709243774414
21.264314651489258
21.323204040527344
21.44169807434082
21.361589431762695
20.399093627929688
21.016597747802734
20.395278930664062
21.188020706176758
21.564245223999023
21.918535232543945
21.448612213134766
21.637916564941406
21.550655364990234
21.5761661529541
21.47841453552246
21.264314651489258
21.537065505981445
22.153139114379883
20.912647247314453
21.45242691040039
21.79884910583496
21.52538299560547
21.386146545410156
22.185325622558594
20.98536491394043
21.337270736694336
20.421743392944336
20.418405532836914
20.458459854125977
20.518064498901367
21.45838737487793
21.903514862060547
20.954608917236328
21.492719650268555
21.265745162963867
21.387338638305664
21.4841365814209
21.251440048217773
21.780014038085938
21.441221237182617
21.50750160217285
22.046327590942383
20.49708366394043
21.17300033569336
22.254467010498047
20.86782455444336
21.953821182250977
20.808935165405273
21.170377731323242
21.801233291625977
20.862817764282227
20.97320556640625
20.975589752197266
20.434856414794922
21.46625518798828
20.39194107055664
22.66216278076172
19.922733306884766
21.284103393554688
21.208524703979492
21.34418487548828
20.442485809326172
20.66183090209961
21.045684814453125
20.52021026611328
20.305395126342773
20.895719528198242
21.103858947753906
20.783662796020508
22.65191078186035
20.28679847717285
21.266460418701172
21.590232849121094
21.617412567138672
21.045684814453125
20.633697509765625
20.404577255249023
21.233558654785156
21.242618560791016
21.494150161743164
21.434307098388672
21.308422088623047
22.20010757446289
20.815610885620117
21.22187614440918
21.513700485229492
21.49796485900879
21.88730239868164
21.121978759765625
21.79431915283203
20.85423469543457
21.326780319213867
21.280765533447266
21.311044692993164
21.434545516967773
21.4841365814209
21.48580551147461
21.44169807434082
21.273136138916016
21.612882614135742
21.841764450073242
19.971609115600586
20.54738998413086
20.784378051757812
21.932363510131836
21.455049514770508
21.268129348754883
21.874427795410156
21.245479583740234
21.34108543395996
21.41404151916504
21.407127380371094
21.306753158569336
20.289182662963867
20.468473434448242
21.589279174804688
20.368099212646484
21.598100662231445
21.367311477661133
21.15917205810547
21.38686180114746
21.408557891845703
21.361827850341797
20.2791690826416
20.792007446289062
20.65873146057129
21.439075469970703
20.964384078979492
21.743297576904297
20.82204818725586
21.616458892822266
21.45218849182129
21.185874938964844
21.227598190307617
21.24333381652832
21.25239372253418
21.562576293945312
21.261215209960938
21.80790901184082
20.472049713134766
20.40410041809082
21.667957305908203
20.879507064819336
21.399736404418945
21.097898483276367
20.786285400390625
20.578622817993164
20.569562911987305
20.490169525146484
20.461559295654297
20.72763442993164
21.11363410949707
20.901203155517578
21.50583267211914
21.712541580200195
21.410703659057617
21.350860595703125
21.637439727783203
21.9266414642334
20.747661590576172
21.575212478637695
21.702051162719727
21.20375633239746
21.502971649169922
21.701812744140625
21.208524703979492
21.324634552001953
21.56543731689453
21.236181259155273
21.332740783691406
21.43406867980957
20.48969268798828
20.901203155517578
20.22528648376465
21.01755142211914
21.36397361755371
21.680593490600586
22.502899169921875
21.462202072143555
21.56209945678711
21.394014358520508
21.437644958496094
20.22385597229004
20.677804946899414
20.535707473754883
22.03822135925293
21.31509780883789
20.781993865966797
21.50702476501465
21.504640579223633
21.03710174560547
21.35181427001953
21.190643310546875
21.36969566345215
21.472692489624023
20.58267593383789
21.160364151000977
20.50018310546875
20.334482192993164
21.97742462158203
20.765304565429688
22.22728729248047
20.25151252746582
21.439075469970703
20.917654037475586
21.4996337890625
21.483898162841797
21.114587783813477
21.410465240478516
21.549224853515625
21.42500877380371
20.83563804626465
21.36826515197754
21.152973175048828
21.6519832611084
21.11029624938965
21.39759063720703
21.46434783935547
21.091461181640625
21.24500274658203
20.628690719604492
20.20430564880371
21.04640007019043
20.369291305541992
21.41594886779785
21.383285522460938
21.549224853515625
22.00603485107422
19.717693328857422
21.02971076965332
20.794391632080078
21.634817123413086
20.069360733032227
19.815444946289062
20.603656768798828
22.066593170166016
21.730661392211914
21.296977996826172
21.371841430664062
21.065711975097656
20.41029930114746
20.421981811523438
20.856857299804688
21.582841873168945
23.03767204284668
20.057201385498047
20.203113555908203
20.89524269104004
21.04473114013672
21.21281623840332
21.97861671447754
21.097898483276367
21.55137062072754
21.46458625793457
21.281957626342773
21.794795989990234
21.325349807739258
21.494150161743164
22.239208221435547
21.60167694091797
20.87259292602539
21.817922592163086
21.633386611938477
20.964860916137695
21.657705307006836
21.58665657043457
21.35181427001953
21.50249481201172
20.419836044311523
20.620346069335938
20.71380615234375
21.4536190032959
21.759510040283203
21.36969566345215
21.3015079498291
22.346973419189453
20.626544952392578
21.348953247070312
21.474599838256836
21.602869033813477
20.52617073059082
20.1718807220459
20.528078079223633
21.07691764831543
21.0418701171875
22.57990837097168
20.466327667236328
21.022319793701172
21.484851837158203
21.390199661254883
21.04949951171875
21.367549896240234
21.29054069519043
21.19159698486328
20.781993865966797
20.980358123779297
21.31795883178711
21.429777145385742
21.18659019470215
21.982431411743164
21.06451988220215
21.117687225341797
21.17323875427246
21.320819854736328
21.820545196533203
20.771026611328125
21.266937255859375
21.472930908203125
20.977258682250977
21.630525588989258
20.08676528930664
20.814895629882812
20.462512969970703
20.498991012573242
20.597219467163086
20.459651947021484
20.524024963378906
20.569562911987305
20.761489868164062
21.303415298461914
21.434545516967773
21.502017974853516
21.42620086669922
21.424531936645508
21.52395248413086
21.64006233215332
21.17180824279785
21.619796752929688
20.914793014526367
20.617961883544922
20.698070526123047
22.81975746154785
20.247220993041992
21.60930633544922
21.4996337890625
21.359682083129883
22.16053009033203
20.740747451782227
21.489620208740234
21.20208740234375
21.60477638244629
21.387100219726562
20.575284957885742
20.181894302368164
22.861480712890625
19.49477195739746
21.69656753540039
22.101402282714844
20.655393600463867
21.490097045898438
21.42190933227539
21.40522003173828
21.486759185791016
21.881103515625
21.0726261138916
22.111892700195312
20.571470260620117
21.54994010925293
21.399497985839844
21.628618240356445
21.240949630737305
21.962642669677734
21.225929260253906
20.344018936157227
20.252227783203125
20.47419548034668
21.201372146606445
21.335124969482422
21.315336227416992
21.455764770507812
22.54343032836914
20.247459411621094
20.462512969970703
21.518468856811523
21.173715591430664
20.496368408203125
21.120548248291016
21.380901336669922
21.03590965270996
21.415233612060547
21.22354507446289
21.495580673217773
21.328210830688477
21.839141845703125
21.220684051513672
21.75617218017578
21.007299423217773
21.216154098510742
21.03257179260254
21.88253402709961
20.853519439697266
20.331621170043945
20.681381225585938
21.411657333374023
21.55590057373047
21.052122116088867
20.597457885742188
20.92576026916504
21.226882934570312
20.893573760986328
20.233869552612305
20.73073387145996
20.457029342651367
21.860361099243164
21.18396759033203
21.460294723510742
21.645784378051758
21.03400230407715
22.111892700195312
21.702051162719727
20.93815803527832
21.088600158691406
21.442651748657227
20.282745361328125
20.737171173095703
21.465539932250977
21.851062774658203
21.092891693115234
21.355390548706055
21.587133407592773
21.564006805419922
21.352529525756836
21.353960037231445
21.583080291748047
21.545886993408203
21.5299129486084
21.802186965942383
21.42810821533203
21.809816360473633
21.540403366088867
20.863771438598633
21.422863006591797
21.43716812133789
21.492719650268555
21.56543731689453
21.68107032775879
21.253347396850586
21.48914337158203
21.590471267700195
19.74630355834961
20.669221878051758
20.723342895507812
21.52562141418457
21.5146541595459
21.292448043823242
21.953582763671875
21.421432495117188
21.068334579467773
20.496606826782227
20.461082458496094
20.51067352294922
20.45440673828125
21.37589454650879
21.532773971557617
21.375656127929688
21.261930465698242
21.396398544311523
21.561861038208008
21.34537696838379
21.169185638427734
21.491050720214844
20.921707153320312
20.546674728393555
20.64061164855957
23.981809616088867
18.47529411315918
22.515296936035156
20.21050453186035
21.25716209411621
21.190881729125977
21.48580551147461
21.215200424194336
21.209001541137695
21.640300750732422
21.179914474487305
20.525455474853516
22.25971221923828
21.425247192382812
21.246910095214844
22.515535354614258
20.502328872680664
21.34251594543457
20.46680450439453
20.71833610534668
20.90144157409668
20.217418670654297
20.550251007080078
21.7587947845459
19.59848403930664
20.639896392822266
20.963668823242188
21.790504455566406
21.201372146606445
21.33941650390625
21.83675765991211
21.207571029663086
21.69489860534668
21.522998809814453
21.983861923217773
21.115541458129883
21.39425277709961
21.453857421875
21.488189697265625
21.804094314575195
21.112680435180664
21.73161506652832
21.63100242614746
21.20518684387207
21.38352394104004
21.82483673095703
20.61915397644043
20.45917510986328
21.624088287353516
21.366119384765625
21.25263214111328
21.506547927856445
21.786212921142578
21.07715606689453
21.514415740966797
21.416425704956055
21.847009658813477
21.561622619628906
21.20351791381836
21.737098693847656
21.281957626342773
21.524667739868164
21.637439727783203
21.21257781982422
21.329402923583984
22.01986312866211
20.975589752197266
21.631717681884766
20.242691040039062
20.470857620239258
21.307945251464844
21.12269401550293
20.20406723022461
20.25151252746582
21.908283233642578
19.679784774780273
21.553993225097656
20.98846435546875
21.06618881225586
21.553754806518555
21.14415168762207
21.238327026367188
21.275043487548828
21.43692970275879
21.505117416381836
21.1489200592041
21.22807502746582
21.26455307006836
21.11196517944336
21.81100845336914
21.015167236328125
22.579431533813477
19.993066787719727
20.19357681274414
21.41427993774414
20.2789306640625
20.670652389526367
20.80512046813965
21.518707275390625
20.08652687072754
20.985126495361328
20.41459083557129
20.511627197265625
20.613670349121094
22.293567657470703
20.662546157836914
21.744966506958008
21.310091018676758
21.310091018676758
21.433591842651367
21.65961265563965
21.38495445251465
21.374225616455078
22.715330123901367
20.21622657775879
21.61407470703125
21.17609977722168
21.42786979675293
21.819353103637695
21.57115936279297
20.13373374938965
21.09694480895996
21.804332733154297
21.394729614257812
21.469831466674805
21.064043045043945
21.945714950561523
20.96414566040039
21.40974998474121
21.840810775756836
20.99466323852539
21.747827529907227
21.187782287597656
21.47650718688965
21.368026733398438
21.4383602142334
21.672487258911133
21.445512771606445
21.4841365814209
21.372556686401367
21.982192993164062
21.452665328979492
21.19731903076172
20.218849182128906
20.63584327697754
20.998001098632812
21.471023559570312
21.155595779418945
20.458221435546875
20.325660705566406
20.49422264099121
20.40863037109375
21.55900001525879
21.028757095336914
21.29673957824707
21.09241485595703
21.435022354125977
21.126747131347656
21.576404571533203
20.891904830932617
21.431684494018555
21.163463592529297
21.49200439453125
21.364450454711914
21.399974822998047
21.062612533569336
22.81808853149414
19.955158233642578
21.171092987060547
21.1637020111084
20.664691925048828
21.81696891784668
21.372318267822266
21.564960479736328
20.756959915161133
21.283388137817383
20.476818084716797
21.170616149902344
21.379470825195312
21.22950553894043
21.46148681640625
21.167516708374023
20.788192749023438
20.66206932067871
23.37789535522461
17.43030548095703
21.409034729003906
20.044565200805664
21.35610580444336
21.285295486450195
21.371126174926758
20.42555809020996
20.94435691833496
20.1723575592041
20.678997039794922
21.149635314941406
21.224260330200195
21.45099639892578
21.69179916381836
21.062850952148438
21.756887435913086
21.080970764160156
21.811246871948242
21.095752716064453
21.327733993530273
21.587133407592773
21.976947784423828
20.813941955566406
21.52729034423828
21.590232849121094
21.314144134521484
22.182703018188477
20.862102508544922
21.46172523498535
21.583080291748047
21.327972412109375
21.56972885131836
21.155595779418945
20.322322845458984
20.716190338134766
21.630048751831055
21.00348472595215
21.69322967529297
21.140575408935547
21.230220794677734
21.434307098388672
21.526575088500977
21.470069885253906
21.296262741088867
21.770477294921875
21.410465240478516
21.410226821899414
21.317005157470703
20.857810974121094
20.42675018310547
20.44963836669922
21.288394927978516
22.634506225585938
20.026445388793945
22.469758987426758
19.055604934692383
20.561933517456055
21.210432052612305
21.717548370361328
21.019697189331055
22.072553634643555
20.522356033325195
21.85678482055664
20.91217041015625
21.556377410888672
21.193981170654297
21.25072479248047
21.286964416503906
21.718502044677734
20.638704299926758
21.518945693969727
21.285295486450195
21.38519287109375
21.431922912597656
20.255088806152344
21.341800689697266
20.811080932617188
21.338224411010742
20.42865753173828
21.66604995727539
20.868301391601562
20.903348922729492
20.429372787475586
20.460128784179688
20.238637924194336
21.676063537597656
21.372556686401367
21.208763122558594
21.619319915771484
20.896196365356445
21.382808685302734
21.471500396728516
21.375179290771484
21.48127555847168
21.65508270263672
21.239042282104492
22.06897735595703
20.788192749023438
21.935224533081055
20.7822322845459
22.0184326171875
21.148204803466797
22.092342376708984
19.614696502685547
20.490646362304688
20.699262619018555
20.836830139160156
21.471261978149414
21.57139778137207
21.531343460083008
21.222829818725586
21.3623046875
22.62091636657715
20.117521286010742
21.466970443725586
21.740436553955078
21.15321159362793
21.29507064819336
21.672725677490234
21.6825008392334
21.280527114868164
21.177053451538086
21.41261100769043
22.404193878173828
20.48802375793457
22.563934326171875
21.49796485900879
21.40331268310547
21.391868591308594
21.721601486206055
20.904064178466797
19.65808868408203
20.45464515686035
21.298885345458984
21.0416316986084
20.92432975769043
21.448612213134766
21.296024322509766
21.285533905029297
21.284818649291992
21.142244338989258
21.413087844848633
21.580934524536133
20.970582962036133
21.168947219848633
21.524667739868164
21.294832229614258
20.692110061645508
21.059036254882812
21.60167694091797
20.192861557006836
20.405292510986328
20.46513557434082
20.591020584106445
21.0421085357666
22.169828414916992
20.566701889038086
21.02494239807129
21.14558219909668
21.132230758666992
21.276235580444336
21.03114128112793
21.5151309967041
19.538164138793945
20.505428314208984
20.46799659729004
20.581722259521484
21.44336700439453
20.562410354614258
21.674156188964844
21.32129669189453
21.524906158447266
21.240234375
21.639108657836914
21.87180519104004
21.062850952148438
21.306753158569336
21.368980407714844
21.37160301208496
21.024703979492188
20.770549774169922
20.578861236572266
20.7059383392334
21.288156509399414
21.68583869934082
21.852731704711914
21.936893463134766
21.1639404296875
21.610260009765625
21.78215980529785
19.809961318969727
21.706819534301758
21.533727645874023
21.687746047973633
21.424531936645508
22.668838500976562
20.33686637878418
21.599531173706055
21.161317825317383
20.089149475097656
20.596981048583984
20.736217498779297
22.037267684936523
21.225929260253906
21.546363830566406
21.869421005249023
21.32582664489746
21.535396575927734
21.59428596496582
21.494150161743164
21.507978439331055
21.53801918029785
21.27361297607422
20.204782485961914
20.59793472290039
20.387649536132812
21.39592170715332
21.007776260375977
21.96645736694336
20.78986167907715
21.444320678710938
21.2404727935791
20.34282684326172
21.468639373779297
21.164894104003906
21.07834815979004
21.519899368286133
21.08597755432129
20.337343215942383
21.64435386657715
20.71356773376465
21.26312255859375
21.43383026123047
21.162033081054688
21.581649780273438
21.114110946655273
21.89159393310547
21.071195602416992
21.399736404418945
20.828962326049805
21.88587188720703
20.94888687133789
21.772146224975586
21.265268325805664
21.384477615356445
20.380735397338867
20.173072814941406
20.435333251953125
20.46680450439453
21.264076232910156
20.561695098876953
21.277189254760742
21.696090698242188
21.260499954223633
21.48294448852539
21.254777908325195
21.430492401123047
21.918773651123047
21.94809913635254
20.786285400390625
21.399497985839844
21.75736427307129
21.50273323059082
21.33774757385254
21.466493606567383
21.845579147338867
21.27385139465332
21.608829498291016
21.559953689575195
21.609783172607422
21.088361740112305
21.75593376159668
20.99132537841797
21.82459831237793
21.1639404296875
21.629810333251953
20.100831985473633
20.574331283569336
20.594358444213867
21.425724029541016
21.460771560668945
22.10855484008789
21.616458892822266
21.124839782714844
21.780729293823242
21.708965301513672
21.946430206298828
20.882606506347656
21.251440048217773
21.53754234313965
22.083282470703125
20.826339721679688
20.398616790771484
21.549463272094727
21.039485931396484
20.206212997436523
20.609378814697266
21.092653274536133
20.466089248657227
21.25716209411621
21.498918533325195
21.469593048095703
21.130084991455078
21.53491973876953
21.727800369262695
21.624088287353516
20.691394805908203
21.51942253112793
21.0421085357666
21.160125732421875
21.546125411987305
20.941734313964844
21.583080291748047
21.296262741088867
21.252870559692383
21.159648895263672
21.263837814331055
21.270036697387695
20.347118377685547
20.926713943481445
21.222829818725586
21.170377731323242
21.387577056884766
