ndn        20948  0.7  1.5 183280 29400 ?        Ssl  03:46   0:03 /usr/bin/nfd --config /etc/ndn/nfd.conf
root       21340  0.0  0.1   7864  2016 pts/1    S+   03:54   0:00 grep -e examples/ -e nfd
ndn        20948  0.7  1.5 183280 29400 ?        Ssl  03:46   0:03 /usr/bin/nfd --config /etc/ndn/nfd.conf
root       21343  0.0  0.1   7864  2028 pts/1    S+   03:54   0:00 grep -e examples/ -e nfd
ndn        20948  0.7  1.5 183280 29400 ?        Ssl  03:46   0:03 /usr/bin/nfd --config /etc/ndn/nfd.conf
root       21346  0.0  0.1   7864  2020 pts/1    S+   03:54   0:00 grep -e examples/ -e nfd
ndn        20948  0.7  1.5 183280 29400 ?        Ssl  03:46   0:03 /usr/bin/nfd --config /etc/ndn/nfd.conf
root       21349  0.0  0.1   7864  2024 pts/1    S+   03:54   0:00 grep -e examples/ -e nfd
ndn        20948  0.7  1.5 183280 29400 ?        Ssl  03:46   0:03 /usr/bin/nfd --config /etc/ndn/nfd.conf
root       21352  0.0  0.1   7864  2024 pts/1    S+   03:54   0:00 grep -e examples/ -e nfd
ndn        20948  0.7  1.5 183280 29400 ?        Ssl  03:46   0:03 /usr/bin/nfd --config /etc/ndn/nfd.conf
root       21355  0.0  0.1   7864  1896 pts/1    S+   03:54   0:00 grep -e examples/ -e nfd
ndn        20948  0.7  1.5 183280 29400 ?        Ssl  03:46   0:03 /usr/bin/nfd --config /etc/ndn/nfd.conf
root       21358  0.0  0.1   7864  2088 pts/1    S+   03:54   0:00 grep -e examples/ -e nfd
ndn        20948  0.7  1.5 183280 29400 ?        Ssl  03:46   0:03 /usr/bin/nfd --config /etc/ndn/nfd.conf
root       21361  0.0  0.1   7864  2088 pts/1    S+   03:54   0:00 grep -e examples/ -e nfd
ndn        20948  0.7  1.5 183280 29400 ?        Ssl  03:46   0:03 /usr/bin/nfd --config /etc/ndn/nfd.conf
root       21364 71.0  1.5 187592 29912 pts/0    Rl+  03:54   0:00 python3 examples/can_receiver.py
root       21371  0.0  0.1   7864  2028 pts/1    S+   03:55   0:00 grep -e examples/ -e nfd
ndn        20948  0.7  1.5 183280 29400 ?        Ssl  03:46   0:03 /usr/bin/nfd --config /etc/ndn/nfd.conf
root       21364 87.5  3.8 247740 72020 pts/0    Rl+  03:54   0:01 python3 examples/can_receiver.py
root       21374  0.0  0.1   7864  1896 pts/1    S+   03:55   0:00 grep -e examples/ -e nfd
ndn        20948  0.7  1.5 183280 29400 ?        Ssl  03:46   0:03 /usr/bin/nfd --config /etc/ndn/nfd.conf
root       21364 93.0  4.2 256876 80960 pts/0    Rl+  03:54   0:02 python3 examples/can_receiver.py
root       21377  0.0  0.1   7864  2088 pts/1    S+   03:55   0:00 grep -e examples/ -e nfd
ndn        20948  0.7  1.5 183280 29400 ?        Ssl  03:46   0:03 /usr/bin/nfd --config /etc/ndn/nfd.conf
root       21364 92.2  4.5 260756 85320 pts/0    Sl+  03:54   0:03 python3 examples/can_receiver.py
root       21380  0.0  0.1   7864  2012 pts/1    S+   03:55   0:00 grep -e examples/ -e nfd
ndn        20948  0.7  1.5 183280 29400 ?        Ssl  03:46   0:04 /usr/bin/nfd --config /etc/ndn/nfd.conf
root       21364 77.2  4.5 260756 85320 pts/0    Sl+  03:54   0:03 python3 examples/can_receiver.py
root       21383  0.0  0.1   7864  2084 pts/1    S+   03:55   0:00 grep -e examples/ -e nfd
ndn        20948  0.7  1.5 183280 29400 ?        Ssl  03:46   0:04 /usr/bin/nfd --config /etc/ndn/nfd.conf
root       21364 67.1  4.5 260756 85320 pts/0    Sl+  03:54   0:04 python3 examples/can_receiver.py
root       21386  0.0  0.1   7864  1956 pts/1    S+   03:55   0:00 grep -e examples/ -e nfd
ndn        20948  0.7  1.5 183280 29400 ?        Ssl  03:46   0:04 /usr/bin/nfd --config /etc/ndn/nfd.conf
root       21364 59.8  4.5 260756 85320 pts/0    Sl+  03:54   0:04 python3 examples/can_receiver.py
root       21389  0.0  0.1   7864  1896 pts/1    S+   03:55   0:00 grep -e examples/ -e nfd
ndn        20948  0.7  1.5 183280 29400 ?        Ssl  03:46   0:04 /usr/bin/nfd --config /etc/ndn/nfd.conf
root       21364 54.5  4.5 260756 85320 pts/0    Sl+  03:54   0:04 python3 examples/can_receiver.py
root       21392  0.0  0.1   7864  2028 pts/1    S+   03:55   0:00 grep -e examples/ -e nfd
ndn        20948  0.8  1.5 183280 29400 ?        Ssl  03:46   0:04 /usr/bin/nfd --config /etc/ndn/nfd.conf
root       21364 50.8  4.5 260756 85320 pts/0    Rl+  03:54   0:04 python3 examples/can_receiver.py
root       21395  0.0  0.1   7864  2024 pts/1    S+   03:55   0:00 grep -e examples/ -e nfd
ndn        20948  0.8  1.5 183280 29400 ?        Ssl  03:46   0:04 /usr/bin/nfd --config /etc/ndn/nfd.conf
root       21364 47.5  4.5 260756 85320 pts/0    Rl+  03:54   0:04 python3 examples/can_receiver.py
root       21398  0.0  0.1   7864  2028 pts/1    S+   03:55   0:00 grep -e examples/ -e nfd
ndn        20948  0.8  1.5 183280 29400 ?        Ssl  03:46   0:04 /usr/bin/nfd --config /etc/ndn/nfd.conf
root       21364 44.7  4.5 260756 85516 pts/0    Rl+  03:54   0:04 python3 examples/can_receiver.py
root       21401  0.0  0.1   7864  2024 pts/1    S+   03:55   0:00 grep -e examples/ -e nfd
ndn        20948  0.8  1.5 183280 29400 ?        Ssl  03:46   0:04 /usr/bin/nfd --config /etc/ndn/nfd.conf
root       21364 42.3  4.5 261012 85516 pts/0    Sl+  03:54   0:05 python3 examples/can_receiver.py
root       21404  0.0  0.1   7864  2092 pts/1    S+   03:55   0:00 grep -e examples/ -e nfd
ndn        20948  0.8  1.5 183280 29400 ?        Ssl  03:46   0:04 /usr/bin/nfd --config /etc/ndn/nfd.conf
root       21364 40.3  4.5 261012 85516 pts/0    Sl+  03:54   0:05 python3 examples/can_receiver.py
root       21407  0.0  0.1   7864  2084 pts/1    S+   03:55   0:00 grep -e examples/ -e nfd
ndn        20948  0.8  1.5 183280 29400 ?        Ssl  03:46   0:04 /usr/bin/nfd --config /etc/ndn/nfd.conf
root       21364 38.8  4.5 261012 85516 pts/0    Sl+  03:54   0:05 python3 examples/can_receiver.py
root       21410  0.0  0.1   7864  2020 pts/1    S+   03:55   0:00 grep -e examples/ -e nfd
ndn        20948  0.8  1.5 183280 29400 ?        Ssl  03:46   0:04 /usr/bin/nfd --config /etc/ndn/nfd.conf
root       21364 38.0  4.5 261012 85516 pts/0    Sl+  03:54   0:05 python3 examples/can_receiver.py
root       21413  0.0  0.1   7864  2024 pts/1    S+   03:55   0:00 grep -e examples/ -e nfd
ndn        20948  0.8  1.5 183280 29400 ?        Ssl  03:46   0:04 /usr/bin/nfd --config /etc/ndn/nfd.conf
root       21364 36.6  4.5 261012 85516 pts/0    Sl+  03:54   0:05 python3 examples/can_receiver.py
root       21416  0.0  0.1   7864  1960 pts/1    S+   03:55   0:00 grep -e examples/ -e nfd
ndn        20948  0.8  1.5 183280 29400 ?        Ssl  03:46   0:04 /usr/bin/nfd --config /etc/ndn/nfd.conf
root       21364 35.4  4.5 261012 85516 pts/0    Sl+  03:54   0:06 python3 examples/can_receiver.py
root       21419  0.0  0.1   7864  1896 pts/1    S+   03:55   0:00 grep -e examples/ -e nfd
ndn        20948  0.8  1.5 183280 29400 ?        Ssl  03:46   0:04 /usr/bin/nfd --config /etc/ndn/nfd.conf
root       21364 34.4  4.5 261012 85516 pts/0    Sl+  03:54   0:06 python3 examples/can_receiver.py
root       21422  0.0  0.1   7864  2092 pts/1    S+   03:55   0:00 grep -e examples/ -e nfd
ndn        20948  0.8  1.5 183280 29400 ?        Ssl  03:46   0:04 /usr/bin/nfd --config /etc/ndn/nfd.conf
root       21364 33.4  4.5 261012 85516 pts/0    Rl+  03:54   0:06 python3 examples/can_receiver.py
root       21425  0.0  0.1   7864  2024 pts/1    S+   03:55   0:00 grep -e examples/ -e nfd
ndn        20948  0.8  1.5 183280 29400 ?        Ssl  03:46   0:04 /usr/bin/nfd --config /etc/ndn/nfd.conf
root       21364 31.1  4.5 261012 85516 pts/0    Sl+  03:54   0:06 python3 examples/can_receiver.py
root       21428  0.0  0.1   7864  2028 pts/1    S+   03:55   0:00 grep -e examples/ -e nfd
ndn        20948  0.8  1.5 183280 29400 ?        Ssl  03:46   0:04 /usr/bin/nfd --config /etc/ndn/nfd.conf
root       21364 31.0  4.5 261012 85516 pts/0    Sl+  03:54   0:06 python3 examples/can_receiver.py
root       21431  0.0  0.1   7864  2020 pts/1    S+   03:55   0:00 grep -e examples/ -e nfd
ndn        20948  0.9  1.5 183280 29400 ?        Ssl  03:46   0:04 /usr/bin/nfd --config /etc/ndn/nfd.conf
root       21364 30.3  4.5 261012 85516 pts/0    Sl+  03:54   0:06 python3 examples/can_receiver.py
root       21434  0.0  0.1   7864  1984 pts/1    S+   03:55   0:00 grep -e examples/ -e nfd
ndn        20948  0.9  1.5 183280 29400 ?        Ssl  03:46   0:04 /usr/bin/nfd --config /etc/ndn/nfd.conf
root       21364 29.8  4.5 261012 85516 pts/0    Sl+  03:54   0:07 python3 examples/can_receiver.py
root       21437  0.0  0.1   7864  1896 pts/1    S+   03:55   0:00 grep -e examples/ -e nfd
ndn        20948  0.9  1.5 183280 29400 ?        Ssl  03:46   0:04 /usr/bin/nfd --config /etc/ndn/nfd.conf
root       21364 29.2  4.5 261012 85516 pts/0    Sl+  03:54   0:07 python3 examples/can_receiver.py
root       21440  0.0  0.1   7864  2024 pts/1    S+   03:55   0:00 grep -e examples/ -e nfd
ndn        20948  0.9  1.5 183280 29400 ?        Ssl  03:46   0:05 /usr/bin/nfd --config /etc/ndn/nfd.conf
root       21364 28.7  4.5 261012 85516 pts/0    Sl+  03:54   0:07 python3 examples/can_receiver.py
root       21443  0.0  0.1   7864  2088 pts/1    S+   03:55   0:00 grep -e examples/ -e nfd
ndn        20948  0.9  1.5 183280 29400 ?        Ssl  03:46   0:05 /usr/bin/nfd --config /etc/ndn/nfd.conf
root       21364 28.4  4.5 261012 85516 pts/0    Sl+  03:54   0:07 python3 examples/can_receiver.py
root       21446  0.0  0.1   7864  2028 pts/1    S+   03:55   0:00 grep -e examples/ -e nfd
ndn        20948  0.9  1.5 183280 29400 ?        Ssl  03:46   0:05 /usr/bin/nfd --config /etc/ndn/nfd.conf
root       21364 28.0  4.5 261012 85516 pts/0    Sl+  03:54   0:07 python3 examples/can_receiver.py
root       21450  0.0  0.1   7864  2020 pts/1    S+   03:55   0:00 grep -e examples/ -e nfd
ndn        20948  0.9  1.5 183280 29400 ?        Ssl  03:46   0:05 /usr/bin/nfd --config /etc/ndn/nfd.conf
root       21364 27.6  4.5 261012 85516 pts/0    Sl+  03:54   0:08 python3 examples/can_receiver.py
root       21453  0.0  0.1   7864  2024 pts/1    S+   03:55   0:00 grep -e examples/ -e nfd
ndn        20948  0.9  1.5 183280 29400 ?        Ssl  03:46   0:05 /usr/bin/nfd --config /etc/ndn/nfd.conf
root       21364 27.2  4.5 261012 85516 pts/0    Sl+  03:54   0:08 python3 examples/can_receiver.py
root       21456  0.0  0.1   7864  2056 pts/1    S+   03:55   0:00 grep -e examples/ -e nfd
ndn        20948  0.9  1.5 183280 29400 ?        Ssl  03:46   0:05 /usr/bin/nfd --config /etc/ndn/nfd.conf
root       21364 26.8  4.5 261012 85516 pts/0    Sl+  03:54   0:08 python3 examples/can_receiver.py
root       21459  0.0  0.1   7864  2024 pts/1    S+   03:55   0:00 grep -e examples/ -e nfd
ndn        20948  0.9  1.5 183280 29400 ?        Rsl  03:46   0:05 /usr/bin/nfd --config /etc/ndn/nfd.conf
root       21364 26.6  4.5 261012 85516 pts/0    Sl+  03:54   0:08 python3 examples/can_receiver.py
root       21462  0.0  0.1   7864  1896 pts/1    S+   03:55   0:00 grep -e examples/ -e nfd
ndn        20948  0.9  1.5 183280 29400 ?        Ssl  03:46   0:05 /usr/bin/nfd --config /etc/ndn/nfd.conf
root       21364 26.6  4.5 261012 85516 pts/0    Rl+  03:54   0:08 python3 examples/can_receiver.py
root       21465  0.0  0.1   7864  1960 pts/1    S+   03:55   0:00 grep -e examples/ -e nfd
ndn        20948  0.9  1.5 183280 29400 ?        Ssl  03:46   0:05 /usr/bin/nfd --config /etc/ndn/nfd.conf
root       21364 26.3  4.5 261012 85516 pts/0    Sl+  03:54   0:08 python3 examples/can_receiver.py
root       21468  0.0  0.1   7864  2024 pts/1    S+   03:55   0:00 grep -e examples/ -e nfd
ndn        20948  0.9  1.5 183280 29400 ?        Ssl  03:46   0:05 /usr/bin/nfd --config /etc/ndn/nfd.conf
root       21364 26.0  4.5 261012 85780 pts/0    Sl+  03:54   0:09 python3 examples/can_receiver.py
root       21471  0.0  0.1   7864  2024 pts/1    S+   03:55   0:00 grep -e examples/ -e nfd
ndn        20948  0.9  1.5 183280 29400 ?        Ssl  03:46   0:05 /usr/bin/nfd --config /etc/ndn/nfd.conf
root       21364 25.8  4.5 261012 85780 pts/0    Sl+  03:54   0:09 python3 examples/can_receiver.py
root       21474  0.0  0.1   7864  2020 pts/1    S+   03:55   0:00 grep -e examples/ -e nfd
ndn        20948  1.0  1.5 183280 29400 ?        Ssl  03:46   0:05 /usr/bin/nfd --config /etc/ndn/nfd.conf
root       21364 25.5  4.5 261012 85780 pts/0    Sl+  03:54   0:09 python3 examples/can_receiver.py
root       21477  0.0  0.1   7864  2000 pts/1    S+   03:55   0:00 grep -e examples/ -e nfd
ndn        20948  1.0  1.5 183280 29400 ?        Ssl  03:46   0:05 /usr/bin/nfd --config /etc/ndn/nfd.conf
root       21364 25.3  4.5 261012 85780 pts/0    Rl+  03:54   0:09 python3 examples/can_receiver.py
root       21481  0.0  0.1   7864  2020 pts/1    S+   03:55   0:00 grep -e examples/ -e nfd
ndn        20948  1.0  1.5 183280 29400 ?        Ssl  03:46   0:05 /usr/bin/nfd --config /etc/ndn/nfd.conf
root       21364 25.4  4.5 261012 85780 pts/0    Rl+  03:54   0:09 python3 examples/can_receiver.py
root       21484  0.0  0.1   7864  1896 pts/1    S+   03:55   0:00 grep -e examples/ -e nfd
ndn        20948  1.0  1.5 183280 29400 ?        Ssl  03:46   0:05 /usr/bin/nfd --config /etc/ndn/nfd.conf
root       21364 24.5  4.5 261012 85780 pts/0    Sl+  03:54   0:10 python3 examples/can_receiver.py
root       21487  0.0  0.1   7864  2028 pts/1    S+   03:55   0:00 grep -e examples/ -e nfd
ndn        20948  1.0  1.5 183280 29400 ?        Ssl  03:46   0:05 /usr/bin/nfd --config /etc/ndn/nfd.conf
root       21364 24.4  4.5 261012 85780 pts/0    Sl+  03:54   0:10 python3 examples/can_receiver.py
root       21490  0.0  0.1   7864  2028 pts/1    S+   03:55   0:00 grep -e examples/ -e nfd
ndn        20948  1.0  1.5 183280 29400 ?        Ssl  03:46   0:05 /usr/bin/nfd --config /etc/ndn/nfd.conf
root       21364 24.2  4.5 261012 85780 pts/0    Rl+  03:54   0:10 python3 examples/can_receiver.py
root       21493  0.0  0.1   7864  2028 pts/1    S+   03:55   0:00 grep -e examples/ -e nfd
ndn        20948  1.0  1.5 183280 29400 ?        Ssl  03:46   0:05 /usr/bin/nfd --config /etc/ndn/nfd.conf
root       21364 24.0  4.5 261012 85780 pts/0    Sl+  03:54   0:10 python3 examples/can_receiver.py
root       21496  0.0  0.1   7864  2020 pts/1    S+   03:55   0:00 grep -e examples/ -e nfd
ndn        20948  1.0  1.5 183280 29400 ?        Rsl  03:46   0:05 /usr/bin/nfd --config /etc/ndn/nfd.conf
root       21364 23.9  4.5 261012 85780 pts/0    Sl+  03:54   0:10 python3 examples/can_receiver.py
root       21499  0.0  0.1   7864  2088 pts/1    S+   03:55   0:00 grep -e examples/ -e nfd
ndn        20948  1.0  1.5 183280 29400 ?        Ssl  03:46   0:05 /usr/bin/nfd --config /etc/ndn/nfd.conf
root       21364 23.7  4.5 261012 85780 pts/0    Sl+  03:54   0:10 python3 examples/can_receiver.py
root       21502  0.0  0.1   7864  1896 pts/1    S+   03:55   0:00 grep -e examples/ -e nfd
ndn        20948  1.0  1.5 183280 29400 ?        Ssl  03:46   0:06 /usr/bin/nfd --config /etc/ndn/nfd.conf
root       21364 23.6  4.5 261012 85780 pts/0    Rl+  03:54   0:11 python3 examples/can_receiver.py
root       21505  0.0  0.1   7864  2028 pts/1    S+   03:55   0:00 grep -e examples/ -e nfd
ndn        20948  1.0  1.5 183280 29400 ?        Ssl  03:46   0:06 /usr/bin/nfd --config /etc/ndn/nfd.conf
root       21364 23.4  4.5 261012 85780 pts/0    Sl+  03:54   0:11 python3 examples/can_receiver.py
root       21508  0.0  0.1   7864  1900 pts/1    S+   03:55   0:00 grep -e examples/ -e nfd
ndn        20948  1.0  1.5 183280 29400 ?        Ssl  03:46   0:06 /usr/bin/nfd --config /etc/ndn/nfd.conf
root       21364 23.3  4.5 261012 85780 pts/0    Sl+  03:54   0:11 python3 examples/can_receiver.py
root       21511  0.0  0.1   7864  2024 pts/1    S+   03:55   0:00 grep -e examples/ -e nfd
ndn        20948  1.0  1.5 183280 29400 ?        Ssl  03:46   0:06 /usr/bin/nfd --config /etc/ndn/nfd.conf
root       21364 23.2  4.5 261012 85780 pts/0    Sl+  03:54   0:11 python3 examples/can_receiver.py
root       21514  0.0  0.1   7864  2088 pts/1    S+   03:55   0:00 grep -e examples/ -e nfd
ndn        20948  1.0  1.5 183280 29400 ?        Ssl  03:46   0:06 /usr/bin/nfd --config /etc/ndn/nfd.conf
root       21364 23.1  4.5 261012 85780 pts/0    Sl+  03:54   0:11 python3 examples/can_receiver.py
root       21517  0.0  0.1   7864  2092 pts/1    S+   03:55   0:00 grep -e examples/ -e nfd
ndn        20948  1.1  1.5 183280 29400 ?        Ssl  03:46   0:06 /usr/bin/nfd --config /etc/ndn/nfd.conf
root       21364 23.0  4.5 261268 85780 pts/0    Rl+  03:54   0:11 python3 examples/can_receiver.py
root       21520  0.0  0.1   7864  2024 pts/1    S+   03:55   0:00 grep -e examples/ -e nfd
ndn        20948  1.1  1.5 183280 29400 ?        Ssl  03:46   0:06 /usr/bin/nfd --config /etc/ndn/nfd.conf
root       21364 22.8  4.5 261268 85780 pts/0    Sl+  03:54   0:12 python3 examples/can_receiver.py
root       21523  0.0  0.1   7864  2088 pts/1    S+   03:55   0:00 grep -e examples/ -e nfd
ndn        20948  1.1  1.5 183280 29400 ?        Ssl  03:46   0:06 /usr/bin/nfd --config /etc/ndn/nfd.conf
root       21364 22.7  4.5 261268 85780 pts/0    Sl+  03:54   0:12 python3 examples/can_receiver.py
root       21526  0.0  0.1   7864  2020 pts/1    S+   03:55   0:00 grep -e examples/ -e nfd
ndn        20948  1.1  1.5 183280 29400 ?        Ssl  03:46   0:06 /usr/bin/nfd --config /etc/ndn/nfd.conf
root       21364 22.6  4.5 261268 85780 pts/0    Sl+  03:54   0:12 python3 examples/can_receiver.py
root       21529  0.0  0.1   7864  2024 pts/1    S+   03:55   0:00 grep -e examples/ -e nfd
ndn        20948  1.1  1.5 183280 29400 ?        Ssl  03:46   0:06 /usr/bin/nfd --config /etc/ndn/nfd.conf
root       21364 22.5  4.5 261268 85780 pts/0    Sl+  03:54   0:12 python3 examples/can_receiver.py
root       21532  0.0  0.0   7864  1836 pts/1    S+   03:55   0:00 grep -e examples/ -e nfd
ndn        20948  1.1  1.5 183280 29400 ?        Ssl  03:46   0:06 /usr/bin/nfd --config /etc/ndn/nfd.conf
root       21364 22.4  4.5 261268 85780 pts/0    Rl+  03:54   0:12 python3 examples/can_receiver.py
root       21535  0.0  0.1   7864  2088 pts/1    S+   03:55   0:00 grep -e examples/ -e nfd
ndn        20948  1.1  1.5 183280 29400 ?        Ssl  03:46   0:06 /usr/bin/nfd --config /etc/ndn/nfd.conf
root       21364 22.3  4.5 261268 85780 pts/0    Sl+  03:54   0:12 python3 examples/can_receiver.py
root       21538  0.0  0.1   7864  2024 pts/1    S+   03:55   0:00 grep -e examples/ -e nfd
ndn        20948  1.1  1.5 183280 29400 ?        Ssl  03:46   0:06 /usr/bin/nfd --config /etc/ndn/nfd.conf
root       21364 22.2  4.5 261268 85780 pts/0    Sl+  03:54   0:13 python3 examples/can_receiver.py
root       21541  0.0  0.1   7864  1896 pts/1    S+   03:55   0:00 grep -e examples/ -e nfd
ndn        20948  1.1  1.5 183280 29400 ?        Ssl  03:46   0:06 /usr/bin/nfd --config /etc/ndn/nfd.conf
root       21364 21.8  4.5 261268 85780 pts/0    Rl+  03:54   0:13 python3 examples/can_receiver.py
root       21544  0.0  0.1   7864  2088 pts/1    S+   03:55   0:00 grep -e examples/ -e nfd
ndn        20948  1.1  1.5 183280 29400 ?        Ssl  03:46   0:06 /usr/bin/nfd --config /etc/ndn/nfd.conf
root       21364 21.9  4.5 261268 85780 pts/0    Sl+  03:54   0:13 python3 examples/can_receiver.py
root       21547  0.0  0.1   7864  2012 pts/1    S+   03:56   0:00 grep -e examples/ -e nfd
ndn        20948  1.1  1.5 183280 29400 ?        Ssl  03:46   0:06 /usr/bin/nfd --config /etc/ndn/nfd.conf
root       21364 21.8  4.5 261268 85780 pts/0    Sl+  03:54   0:13 python3 examples/can_receiver.py
root       21550  0.0  0.1   7864  2088 pts/1    S+   03:56   0:00 grep -e examples/ -e nfd
ndn        20948  1.1  1.5 183280 29400 ?        Ssl  03:46   0:06 /usr/bin/nfd --config /etc/ndn/nfd.conf
root       21364 21.9  4.6 295232 87528 pts/0    Rl+  03:54   0:14 python3 examples/can_receiver.py
root       21553  0.0  0.1   7864  2016 pts/1    S+   03:56   0:00 grep -e examples/ -e nfd
ndn        20948  1.1  1.5 183280 29400 ?        Ssl  03:46   0:06 /usr/bin/nfd --config /etc/ndn/nfd.conf
root       21364 23.0  5.0 300756 94604 pts/0    Sl+  03:54   0:15 python3 examples/can_receiver.py
root       21556  0.0  0.1   7864  2028 pts/1    S+   03:56   0:00 grep -e examples/ -e nfd
ndn        20948  1.1  1.5 183280 29400 ?        Ssl  03:46   0:06 /usr/bin/nfd --config /etc/ndn/nfd.conf
root       21364 22.7  5.0 300756 94604 pts/0    Sl+  03:54   0:15 python3 examples/can_receiver.py
root       21559  0.0  0.1   7864  1896 pts/1    S+   03:56   0:00 grep -e examples/ -e nfd
ndn        20948  1.1  1.5 183280 29400 ?        Ssl  03:46   0:06 /usr/bin/nfd --config /etc/ndn/nfd.conf
root       21364 22.3  5.0 300756 94604 pts/0    Sl+  03:54   0:15 python3 examples/can_receiver.py
root       21562  0.0  0.1   7864  1896 pts/1    S+   03:56   0:00 grep -e examples/ -e nfd
ndn        20948  1.1  1.5 183280 29400 ?        Ssl  03:46   0:06 /usr/bin/nfd --config /etc/ndn/nfd.conf
root       21364 22.0  5.0 300756 94604 pts/0    Sl+  03:54   0:15 python3 examples/can_receiver.py
root       21565  0.0  0.1   7864  2028 pts/1    S+   03:56   0:00 grep -e examples/ -e nfd
ndn        20948  1.1  1.5 183280 29400 ?        Ssl  03:46   0:06 /usr/bin/nfd --config /etc/ndn/nfd.conf
root       21364 21.7  5.0 300756 94604 pts/0    Sl+  03:54   0:15 python3 examples/can_receiver.py
root       21568  0.0  0.1   7864  1892 pts/1    S+   03:56   0:00 grep -e examples/ -e nfd
ndn        20948  1.1  1.5 183280 29400 ?        Ssl  03:46   0:06 /usr/bin/nfd --config /etc/ndn/nfd.conf
root       21364 21.4  5.0 300756 94604 pts/0    Sl+  03:54   0:15 python3 examples/can_receiver.py
root       21571  0.0  0.1   7864  2020 pts/1    S+   03:56   0:00 grep -e examples/ -e nfd
ndn        20948  1.1  1.5 183280 29400 ?        Ssl  03:46   0:06 /usr/bin/nfd --config /etc/ndn/nfd.conf
root       21364 21.1  5.0 300756 94604 pts/0    Sl+  03:54   0:15 python3 examples/can_receiver.py
root       21574  0.0  0.1   7864  2092 pts/1    S+   03:56   0:00 grep -e examples/ -e nfd
