root       18676  0.0  0.1   8012  2084 pts/3    S+   01:52   0:00 grep simple/CAN_receiver.py
root       18680  0.0  0.0   8012  1868 pts/3    S+   01:52   0:00 grep simple/CAN_receiver.py
root       18684  0.0  0.1   8012  2016 pts/3    S+   01:52   0:00 grep simple/CAN_receiver.py
root       18688  0.0  0.0   8012  1884 pts/3    S+   01:52   0:00 grep simple/CAN_receiver.py
root       18692  0.0  0.1   8012  1988 pts/3    S+   01:52   0:00 grep simple/CAN_receiver.py
root       18696  0.0  0.1   8012  2088 pts/3    S+   01:52   0:00 grep simple/CAN_receiver.py
root       18700 47.0  0.9  24336 17388 pts/2    R+   01:52   0:00 python3 examples/python/simple/CAN_receiver.py
root       18700 86.5  3.4 249116 64788 pts/2    Rl+  01:52   0:01 python3 examples/python/simple/CAN_receiver.py
root       18700 92.6  4.0 261516 77272 pts/2    Rl+  01:52   0:02 python3 examples/python/simple/CAN_receiver.py
root       18700 95.7  4.3 266328 81808 pts/2    Rl+  01:52   0:03 python3 examples/python/simple/CAN_receiver.py
root       18700 83.8  5.2 872412 98528 pts/2    Sl+  01:52   0:04 python3 examples/python/simple/CAN_receiver.py
root       18700 70.5  5.2 872412 98528 pts/2    Sl+  01:52   0:04 python3 examples/python/simple/CAN_receiver.py
root       18700 61.1  5.2 872412 98528 pts/2    Rl+  01:52   0:04 python3 examples/python/simple/CAN_receiver.py
root       18700 53.8  5.2 872412 99020 pts/2    Sl+  01:52   0:04 python3 examples/python/simple/CAN_receiver.py
root       18700 48.4  5.2 872412 99020 pts/2    Sl+  01:52   0:04 python3 examples/python/simple/CAN_receiver.py
root       18700 44.2  5.2 872412 99020 pts/2    Rl+  01:52   0:04 python3 examples/python/simple/CAN_receiver.py
root       18700 40.6  5.2 872412 99020 pts/2    Sl+  01:52   0:04 python3 examples/python/simple/CAN_receiver.py
root       18700 37.5  5.2 872412 99020 pts/2    Sl+  01:52   0:04 python3 examples/python/simple/CAN_receiver.py
root       18700 35.0  5.2 872412 99020 pts/2    Sl+  01:52   0:04 python3 examples/python/simple/CAN_receiver.py
root       18700 30.6  5.2 872412 99020 pts/2    Sl+  01:52   0:04 python3 examples/python/simple/CAN_receiver.py
root       18700 29.0  5.2 872412 99020 pts/2    Sl+  01:52   0:04 python3 examples/python/simple/CAN_receiver.py
root       18700 27.8  5.2 872412 99020 pts/2    Sl+  01:52   0:04 python3 examples/python/simple/CAN_receiver.py
root       18700 26.5  5.2 872412 99020 pts/2    Sl+  01:52   0:04 python3 examples/python/simple/CAN_receiver.py
root       18700 25.3  5.2 872412 99020 pts/2    Sl+  01:52   0:04 python3 examples/python/simple/CAN_receiver.py
root       18700 24.2  5.2 872412 99020 pts/2    Sl+  01:52   0:04 python3 examples/python/simple/CAN_receiver.py
root       18700 23.3  5.2 872412 99020 pts/2    Sl+  01:52   0:04 python3 examples/python/simple/CAN_receiver.py
root       18700 22.4  5.2 872412 99020 pts/2    Sl+  01:52   0:04 python3 examples/python/simple/CAN_receiver.py
root       18700 21.8  5.2 872412 99020 pts/2    Sl+  01:52   0:05 python3 examples/python/simple/CAN_receiver.py
root       18700 21.1  5.2 872412 99020 pts/2    Sl+  01:52   0:05 python3 examples/python/simple/CAN_receiver.py
root       18700 20.4  5.2 872412 99020 pts/2    Rl+  01:52   0:05 python3 examples/python/simple/CAN_receiver.py
root       18700 19.8  5.2 872412 99020 pts/2    Sl+  01:52   0:05 python3 examples/python/simple/CAN_receiver.py
root       18700 19.2  5.2 872412 99020 pts/2    Sl+  01:52   0:05 python3 examples/python/simple/CAN_receiver.py
root       18700 18.7  5.2 872412 99020 pts/2    Sl+  01:52   0:05 python3 examples/python/simple/CAN_receiver.py
root       18700 18.2  5.2 872412 99020 pts/2    Sl+  01:52   0:05 python3 examples/python/simple/CAN_receiver.py
root       18700 17.7  5.2 872668 99020 pts/2    Sl+  01:52   0:05 python3 examples/python/simple/CAN_receiver.py
root       18700 17.3  5.2 872668 99020 pts/2    Sl+  01:52   0:05 python3 examples/python/simple/CAN_receiver.py
root       18700 16.9  5.2 872668 99020 pts/2    Sl+  01:52   0:05 python3 examples/python/simple/CAN_receiver.py
root       18700 16.0  5.2 872668 99020 pts/2    Sl+  01:52   0:05 python3 examples/python/simple/CAN_receiver.py
root       18700 15.8  5.2 872668 99020 pts/2    Sl+  01:52   0:05 python3 examples/python/simple/CAN_receiver.py
root       18700 15.5  5.2 872668 99020 pts/2    Sl+  01:52   0:05 python3 examples/python/simple/CAN_receiver.py
root       18700 15.2  5.2 872668 99020 pts/2    Sl+  01:52   0:05 python3 examples/python/simple/CAN_receiver.py
root       18700 14.9  5.2 872668 99020 pts/2    Sl+  01:52   0:05 python3 examples/python/simple/CAN_receiver.py
root       18700 14.6  5.2 872668 99020 pts/2    Sl+  01:52   0:05 python3 examples/python/simple/CAN_receiver.py
root       18700 14.4  5.2 872668 99020 pts/2    Sl+  01:52   0:05 python3 examples/python/simple/CAN_receiver.py
root       18700 14.1  5.2 872668 99020 pts/2    Sl+  01:52   0:05 python3 examples/python/simple/CAN_receiver.py
root       18700 13.9  5.2 872668 99020 pts/2    Sl+  01:52   0:05 python3 examples/python/simple/CAN_receiver.py
root       18700 13.6  5.2 872668 99020 pts/2    Sl+  01:52   0:05 python3 examples/python/simple/CAN_receiver.py
root       18700 13.4  5.2 872668 99020 pts/2    Sl+  01:52   0:05 python3 examples/python/simple/CAN_receiver.py
root       18700 13.3  5.2 872668 99020 pts/2    Sl+  01:52   0:05 python3 examples/python/simple/CAN_receiver.py
root       18700 13.1  5.2 872668 99020 pts/2    Sl+  01:52   0:06 python3 examples/python/simple/CAN_receiver.py
root       18700 13.0  5.2 872668 99020 pts/2    Sl+  01:52   0:06 python3 examples/python/simple/CAN_receiver.py
root       18700 12.7  5.2 872668 99020 pts/2    Sl+  01:52   0:06 python3 examples/python/simple/CAN_receiver.py
root       18700 12.6  5.2 872668 99020 pts/2    Sl+  01:52   0:06 python3 examples/python/simple/CAN_receiver.py
root       18700 12.4  5.2 872668 99284 pts/2    Sl+  01:52   0:06 python3 examples/python/simple/CAN_receiver.py
root       18700 12.0  5.2 872668 99284 pts/2    Rl+  01:52   0:06 python3 examples/python/simple/CAN_receiver.py
root       18700 11.9  5.2 872668 99284 pts/2    Sl+  01:52   0:06 python3 examples/python/simple/CAN_receiver.py
root       18700 11.7  5.2 872668 99284 pts/2    Sl+  01:52   0:06 python3 examples/python/simple/CAN_receiver.py
root       18700 11.6  5.2 872668 99284 pts/2    Sl+  01:52   0:06 python3 examples/python/simple/CAN_receiver.py
root       18700 11.5  5.2 872668 99284 pts/2    Rl+  01:52   0:06 python3 examples/python/simple/CAN_receiver.py
root       18700 11.4  5.2 872668 99284 pts/2    Rl+  01:52   0:06 python3 examples/python/simple/CAN_receiver.py
root       18700 11.2  5.2 872668 99284 pts/2    Rl+  01:52   0:06 python3 examples/python/simple/CAN_receiver.py
root       18700 11.1  5.2 872668 99284 pts/2    Sl+  01:52   0:06 python3 examples/python/simple/CAN_receiver.py
root       18700 11.0  5.2 872668 99284 pts/2    Sl+  01:52   0:06 python3 examples/python/simple/CAN_receiver.py
root       18700 10.9  5.2 872668 99284 pts/2    Sl+  01:52   0:06 python3 examples/python/simple/CAN_receiver.py
root       18700 12.6  5.7 912548 108372 pts/2   Sl+  01:52   0:07 python3 examples/python/simple/CAN_receiver.py
root       18700 12.4  5.7 912548 108636 pts/2   Sl+  01:52   0:07 python3 examples/python/simple/CAN_receiver.py
root       18700 12.3  5.7 912548 108636 pts/2   Sl+  01:52   0:07 python3 examples/python/simple/CAN_receiver.py
root       18700 12.1  5.7 912548 108636 pts/2   Sl+  01:52   0:07 python3 examples/python/simple/CAN_receiver.py
root       18700 11.9  5.7 912548 108636 pts/2   Sl+  01:52   0:07 python3 examples/python/simple/CAN_receiver.py
root       18700 11.7  5.7 912548 108636 pts/2   Sl+  01:52   0:07 python3 examples/python/simple/CAN_receiver.py
