root       22310  0.0  0.1   8012  2040 pts/3    S+   17:52   0:00 grep simple/lidar_receiver.py
root       22314  0.0  0.1   8012  2008 pts/3    S+   17:52   0:00 grep simple/lidar_receiver.py
root       22318  0.0  0.1   8012  1900 pts/3    S+   17:52   0:00 grep simple/lidar_receiver.py
root       22322  0.0  0.1   8012  1996 pts/3    S+   17:52   0:00 grep simple/lidar_receiver.py
root       22326  0.0  0.1   8012  2064 pts/3    S+   17:52   0:00 grep simple/lidar_receiver.py
root       22330  0.0  0.1   8012  1900 pts/3    S+   17:52   0:00 grep simple/lidar_receiver.py
root       22334  0.0  0.9  24336 17484 pts/2    R+   17:52   0:00 python3 examples/python/simple/lidar_receiver.py
root       22334  172  3.3 243480 62480 pts/2    Rl+  17:52   0:01 python3 examples/python/simple/lidar_receiver.py
root       22334 92.3  4.0 261252 76848 pts/2    Rl+  17:52   0:02 python3 examples/python/simple/lidar_receiver.py
root       22334 95.2  4.3 266340 81716 pts/2    Rl+  17:52   0:03 python3 examples/python/simple/lidar_receiver.py
root       22334 84.0  5.2 874604 99116 pts/2    Sl+  17:52   0:04 python3 examples/python/simple/lidar_receiver.py
root       22334 71.0  5.2 874604 99116 pts/2    Rl+  17:52   0:04 python3 examples/python/simple/lidar_receiver.py
root       22334 61.7  5.2 874604 99116 pts/2    Sl+  17:52   0:04 python3 examples/python/simple/lidar_receiver.py
root       22334 54.7  5.2 874604 99116 pts/2    Sl+  17:52   0:04 python3 examples/python/simple/lidar_receiver.py
root       22334 49.3  5.2 874604 99116 pts/2    Sl+  17:52   0:04 python3 examples/python/simple/lidar_receiver.py
root       22334 45.1  5.2 874604 99116 pts/2    Sl+  17:52   0:04 python3 examples/python/simple/lidar_receiver.py
root       22334 41.5  5.2 874604 99116 pts/2    Sl+  17:52   0:04 python3 examples/python/simple/lidar_receiver.py
root       22334 38.5  5.2 874604 99116 pts/2    Sl+  17:52   0:04 python3 examples/python/simple/lidar_receiver.py
root       22334 36.0  5.2 874604 99116 pts/2    Sl+  17:52   0:04 python3 examples/python/simple/lidar_receiver.py
root       22334 33.8  5.2 874604 99116 pts/2    Sl+  17:52   0:04 python3 examples/python/simple/lidar_receiver.py
root       22334 32.0  5.2 874604 99116 pts/2    Sl+  17:52   0:04 python3 examples/python/simple/lidar_receiver.py
root       22334 30.3  5.2 874604 99116 pts/2    Sl+  17:52   0:04 python3 examples/python/simple/lidar_receiver.py
root       22334 28.9  5.2 874604 99116 pts/2    Sl+  17:52   0:04 python3 examples/python/simple/lidar_receiver.py
root       22334 27.6  5.2 874604 99116 pts/2    Sl+  17:52   0:04 python3 examples/python/simple/lidar_receiver.py
root       22334 26.4  5.2 874604 99116 pts/2    Sl+  17:52   0:05 python3 examples/python/simple/lidar_receiver.py
root       22334 25.5  5.2 874604 99116 pts/2    Sl+  17:52   0:05 python3 examples/python/simple/lidar_receiver.py
root       22334 24.7  5.2 874604 99116 pts/2    Sl+  17:52   0:05 python3 examples/python/simple/lidar_receiver.py
root       22334 22.8  5.2 874604 99116 pts/2    Sl+  17:52   0:05 python3 examples/python/simple/lidar_receiver.py
root       22334 22.0  5.2 874604 99116 pts/2    Sl+  17:52   0:05 python3 examples/python/simple/lidar_receiver.py
root       22334 21.4  5.2 874604 99116 pts/2    Sl+  17:52   0:05 python3 examples/python/simple/lidar_receiver.py
root       22334 20.8  5.2 874604 99116 pts/2    Sl+  17:52   0:05 python3 examples/python/simple/lidar_receiver.py
root       22334 20.2  5.2 874604 99116 pts/2    Sl+  17:52   0:05 python3 examples/python/simple/lidar_receiver.py
root       22334 19.7  5.2 874604 99380 pts/2    Sl+  17:52   0:05 python3 examples/python/simple/lidar_receiver.py
root       22334 19.2  5.2 874860 99380 pts/2    Sl+  17:52   0:05 python3 examples/python/simple/lidar_receiver.py
root       22334 18.8  5.2 874860 99380 pts/2    Sl+  17:52   0:05 python3 examples/python/simple/lidar_receiver.py
root       22334 18.3  5.2 874860 99380 pts/2    Sl+  17:52   0:05 python3 examples/python/simple/lidar_receiver.py
root       22334 18.0  5.2 874860 99380 pts/2    Sl+  17:52   0:05 python3 examples/python/simple/lidar_receiver.py
root       22334 17.6  5.2 874860 99380 pts/2    Sl+  17:52   0:05 python3 examples/python/simple/lidar_receiver.py
root       22334 17.2  5.2 874860 99380 pts/2    Sl+  17:52   0:05 python3 examples/python/simple/lidar_receiver.py
root       22334 16.9  5.2 874860 99380 pts/2    Rl+  17:52   0:05 python3 examples/python/simple/lidar_receiver.py
root       22334 16.6  5.2 874860 99380 pts/2    Sl+  17:52   0:05 python3 examples/python/simple/lidar_receiver.py
root       22334 16.3  5.2 874860 99380 pts/2    Sl+  17:52   0:06 python3 examples/python/simple/lidar_receiver.py
root       22334 16.2  5.2 874860 99380 pts/2    Sl+  17:52   0:06 python3 examples/python/simple/lidar_receiver.py
root       22334 15.9  5.2 874860 99380 pts/2    Sl+  17:52   0:06 python3 examples/python/simple/lidar_receiver.py
root       22334 15.3  5.2 874860 99380 pts/2    Sl+  17:52   0:06 python3 examples/python/simple/lidar_receiver.py
root       22334 15.0  5.2 874860 99380 pts/2    Sl+  17:52   0:06 python3 examples/python/simple/lidar_receiver.py
root       22334 14.8  5.2 874860 99380 pts/2    Rl+  17:52   0:06 python3 examples/python/simple/lidar_receiver.py
root       22334 14.6  5.2 874860 99380 pts/2    Sl+  17:52   0:06 python3 examples/python/simple/lidar_receiver.py
root       22334 14.4  5.2 874860 99380 pts/2    Sl+  17:52   0:06 python3 examples/python/simple/lidar_receiver.py
root       22334 14.3  5.2 874860 99380 pts/2    Sl+  17:52   0:06 python3 examples/python/simple/lidar_receiver.py
root       22334 14.1  5.2 874860 99380 pts/2    Rl+  17:52   0:06 python3 examples/python/simple/lidar_receiver.py
root       22334 13.9  5.2 874860 99380 pts/2    Sl+  17:52   0:06 python3 examples/python/simple/lidar_receiver.py
root       22334 13.7  5.2 874860 99380 pts/2    Sl+  17:52   0:06 python3 examples/python/simple/lidar_receiver.py
root       22334 13.6  5.2 874860 99380 pts/2    Sl+  17:52   0:06 python3 examples/python/simple/lidar_receiver.py
root       22334 13.4  5.2 874860 99380 pts/2    Sl+  17:52   0:06 python3 examples/python/simple/lidar_receiver.py
root       22334 13.2  5.2 874860 99380 pts/2    Rl+  17:52   0:06 python3 examples/python/simple/lidar_receiver.py
root       22334 13.1  5.2 874860 99380 pts/2    Rl+  17:52   0:06 python3 examples/python/simple/lidar_receiver.py
root       22334 13.0  5.2 874860 99380 pts/2    Sl+  17:52   0:07 python3 examples/python/simple/lidar_receiver.py
root       22334 12.9  5.2 874860 99380 pts/2    Sl+  17:52   0:07 python3 examples/python/simple/lidar_receiver.py
root       22334 12.7  5.2 874860 99380 pts/2    Sl+  17:52   0:07 python3 examples/python/simple/lidar_receiver.py
root       22334 12.6  5.2 874860 99380 pts/2    Sl+  17:52   0:07 python3 examples/python/simple/lidar_receiver.py
root       22334 12.5  5.2 874860 99380 pts/2    Sl+  17:52   0:07 python3 examples/python/simple/lidar_receiver.py
root       22334 12.2  5.2 874860 99380 pts/2    Sl+  17:52   0:07 python3 examples/python/simple/lidar_receiver.py
root       22334 12.0  5.2 874860 99380 pts/2    Rl+  17:52   0:07 python3 examples/python/simple/lidar_receiver.py
root       22334 13.8  5.8 917628 110968 pts/2   Rl+  17:52   0:08 python3 examples/python/simple/lidar_receiver.py
root       22334 13.6  5.7 914756 109180 pts/2   Sl+  17:52   0:08 python3 examples/python/simple/lidar_receiver.py
root       22334 13.5  5.7 914756 109180 pts/2   Sl+  17:52   0:08 python3 examples/python/simple/lidar_receiver.py
root       22334 13.2  5.7 914756 109180 pts/2   Sl+  17:52   0:08 python3 examples/python/simple/lidar_receiver.py
root       22334 13.1  5.7 914756 109180 pts/2   Sl+  17:52   0:08 python3 examples/python/simple/lidar_receiver.py
root       22334 12.9  5.7 914756 109180 pts/2   Sl+  17:52   0:08 python3 examples/python/simple/lidar_receiver.py
