root     1721967  1.3  0.0 121596 33644 ?        Ssl  22:45   0:06 /usr/bin/nfd --config /etc/ndn/nfd.conf
root     1725176  0.0  0.0   9000   716 pts/7    S+   22:54   0:00 grep -e examples/ -e nfd
root     1721967  1.3  0.0 121596 33644 ?        Ssl  22:45   0:06 /usr/bin/nfd --config /etc/ndn/nfd.conf
root     1725189  0.0  0.0   9000   720 pts/7    S+   22:54   0:00 grep -e examples/ -e nfd
root     1721967  1.3  0.0 121596 33644 ?        Ssl  22:45   0:06 /usr/bin/nfd --config /etc/ndn/nfd.conf
root     1725196  0.0  0.0   9000   656 pts/7    S+   22:54   0:00 grep -e examples/ -e nfd
root     1721967  1.3  0.0 121596 33644 ?        Ssl  22:45   0:06 /usr/bin/nfd --config /etc/ndn/nfd.conf
root     1725203  0.0  0.0   9000   720 pts/7    S+   22:54   0:00 grep -e examples/ -e nfd
root     1721967  1.3  0.0 121596 33644 ?        Ssl  22:45   0:06 /usr/bin/nfd --config /etc/ndn/nfd.conf
root     1725214  0.0  0.0   9000   720 pts/7    S+   22:54   0:00 grep -e examples/ -e nfd
root     1721967  1.3  0.0 121596 33644 ?        Ssl  22:45   0:06 /usr/bin/nfd --config /etc/ndn/nfd.conf
root     1725218 16.0  0.0  92936 26796 pts/1    S+   22:54   0:00 python3 examples/wireless/lidar_sender.py
root     1725225  0.0  0.0   9000   720 pts/7    S+   22:54   0:00 grep -e examples/ -e nfd
root     1721967  1.3  0.0 121596 33644 ?        Ssl  22:45   0:06 /usr/bin/nfd --config /etc/ndn/nfd.conf
root     1725218  8.0  0.0  92936 26796 pts/1    S+   22:54   0:00 python3 examples/wireless/lidar_sender.py
root     1725229 18.0  0.0  92936 26876 pts/4    S+   22:54   0:00 python3 examples/wireless/cam_sender.py
root     1725235  0.0  0.0   9000   720 pts/7    S+   22:54   0:00 grep -e examples/ -e nfd
root     1721967  1.3  0.0 121736 33904 ?        Ssl  22:45   0:06 /usr/bin/nfd --config /etc/ndn/nfd.conf
root     1725218  5.3  0.0  92936 26796 pts/1    S+   22:54   0:00 python3 examples/wireless/lidar_sender.py
root     1725229  9.0  0.0  92936 26876 pts/4    S+   22:54   0:00 python3 examples/wireless/cam_sender.py
root     1725239 16.0  0.0  92936 27180 pts/13   S+   22:54   0:00 python3 examples/wireless/can_sender.py
root     1725245  0.0  0.0   9000   720 pts/7    S+   22:54   0:00 grep -e examples/ -e nfd
root     1721967  1.2  0.0 121736 33904 ?        Ssl  22:45   0:06 /usr/bin/nfd --config /etc/ndn/nfd.conf
root     1725218  4.0  0.0  92936 26796 pts/1    S+   22:54   0:00 python3 examples/wireless/lidar_sender.py
root     1725229  6.0  0.0  92936 26876 pts/4    S+   22:54   0:00 python3 examples/wireless/cam_sender.py
root     1725239  8.0  0.0  92936 27180 pts/13   S+   22:54   0:00 python3 examples/wireless/can_sender.py
root     1725252  0.0  0.0   9000   720 pts/7    S+   22:54   0:00 grep -e examples/ -e nfd
root     1721967  1.2  0.0 121736 33904 ?        Ssl  22:45   0:06 /usr/bin/nfd --config /etc/ndn/nfd.conf
root     1725218  3.2  0.0  92936 26796 pts/1    S+   22:54   0:00 python3 examples/wireless/lidar_sender.py
root     1725229  4.5  0.0  92936 26876 pts/4    S+   22:54   0:00 python3 examples/wireless/cam_sender.py
root     1725239  5.3  0.0  92936 27180 pts/13   S+   22:54   0:00 python3 examples/wireless/can_sender.py
root     1725259  0.0  0.0   9000   712 pts/7    S+   22:54   0:00 grep -e examples/ -e nfd
root     1721967  1.2  0.0 121736 33904 ?        Ssl  22:45   0:06 /usr/bin/nfd --config /etc/ndn/nfd.conf
root     1725218  2.6  0.0  92936 26796 pts/1    S+   22:54   0:00 python3 examples/wireless/lidar_sender.py
root     1725229  3.6  0.0  92936 26876 pts/4    S+   22:54   0:00 python3 examples/wireless/cam_sender.py
root     1725239  4.0  0.0  92936 27180 pts/13   S+   22:54   0:00 python3 examples/wireless/can_sender.py
root     1725266  0.0  0.0   9000   648 pts/7    S+   22:54   0:00 grep -e examples/ -e nfd
root     1721967  1.2  0.0 121736 33904 ?        Ssl  22:45   0:06 /usr/bin/nfd --config /etc/ndn/nfd.conf
root     1725218  2.2  0.0  92936 26796 pts/1    S+   22:54   0:00 python3 examples/wireless/lidar_sender.py
root     1725229  3.0  0.0  92936 26876 pts/4    S+   22:54   0:00 python3 examples/wireless/cam_sender.py
root     1725239  3.2  0.0  92936 27180 pts/13   S+   22:54   0:00 python3 examples/wireless/can_sender.py
root     1725273  0.0  0.0   9000   656 pts/7    S+   22:54   0:00 grep -e examples/ -e nfd
root     1721967  1.2  0.0 121736 33904 ?        Ssl  22:45   0:06 /usr/bin/nfd --config /etc/ndn/nfd.conf
root     1725218  2.0  0.0  92936 26796 pts/1    S+   22:54   0:00 python3 examples/wireless/lidar_sender.py
root     1725229  2.5  0.0  92936 26876 pts/4    S+   22:54   0:00 python3 examples/wireless/cam_sender.py
root     1725239  4.5  0.0  92936 27180 pts/13   S+   22:54   0:00 python3 examples/wireless/can_sender.py
root     1725280  0.0  0.0   9000   720 pts/7    S+   22:54   0:00 grep -e examples/ -e nfd
root     1721967  1.3  0.0 121736 33904 ?        Ssl  22:45   0:06 /usr/bin/nfd --config /etc/ndn/nfd.conf
root     1725218  1.7  0.0  92936 26796 pts/1    S+   22:54   0:00 python3 examples/wireless/lidar_sender.py
root     1725229  3.0  0.0  92936 26876 pts/4    S+   22:54   0:00 python3 examples/wireless/cam_sender.py
root     1725239  5.7  0.0  92936 27180 pts/13   S+   22:54   0:00 python3 examples/wireless/can_sender.py
root     1725287  0.0  0.0   9000   712 pts/7    S+   22:54   0:00 grep -e examples/ -e nfd
root     1721967  1.3  0.0 121736 33904 ?        Ssl  22:45   0:07 /usr/bin/nfd --config /etc/ndn/nfd.conf
root     1725218  3.0  0.0  92936 26796 pts/1    S+   22:54   0:00 python3 examples/wireless/lidar_sender.py
root     1725229  3.2  0.0  92936 26876 pts/4    S+   22:54   0:00 python3 examples/wireless/cam_sender.py
root     1725239  6.3  0.0  92936 27180 pts/13   S+   22:54   0:00 python3 examples/wireless/can_sender.py
root     1725295  0.0  0.0   9000   716 pts/7    S+   22:54   0:00 grep -e examples/ -e nfd
root     1721967  1.3  0.0 121736 33904 ?        Ssl  22:45   0:07 /usr/bin/nfd --config /etc/ndn/nfd.conf
root     1725218  4.2  0.0  92936 26796 pts/1    S+   22:54   0:00 python3 examples/wireless/lidar_sender.py
root     1725229  3.4  0.0  92936 26876 pts/4    S+   22:54   0:00 python3 examples/wireless/cam_sender.py
root     1725239  7.1  0.0  92936 27180 pts/13   S+   22:54   0:00 python3 examples/wireless/can_sender.py
root     1725302  0.0  0.0   9000   720 pts/7    S+   22:54   0:00 grep -e examples/ -e nfd
root     1721967  1.3  0.0 121736 33904 ?        Rsl  22:45   0:07 /usr/bin/nfd --config /etc/ndn/nfd.conf
root     1725218  5.4  0.0  92936 26796 pts/1    S+   22:54   0:00 python3 examples/wireless/lidar_sender.py
root     1725229  3.6  0.0  92936 26876 pts/4    S+   22:54   0:00 python3 examples/wireless/cam_sender.py
root     1725239  7.6  0.0  92936 27180 pts/13   S+   22:54   0:00 python3 examples/wireless/can_sender.py
root     1725309  0.0  0.0   9000   716 pts/7    S+   22:54   0:00 grep -e examples/ -e nfd
root     1721967  1.3  0.0 121736 33904 ?        Ssl  22:45   0:07 /usr/bin/nfd --config /etc/ndn/nfd.conf
root     1725218  6.3  0.0  92936 26796 pts/1    S+   22:54   0:00 python3 examples/wireless/lidar_sender.py
root     1725229  3.8  0.0  92936 26876 pts/4    S+   22:54   0:00 python3 examples/wireless/cam_sender.py
root     1725239  8.0  0.0  92936 27180 pts/13   S+   22:54   0:00 python3 examples/wireless/can_sender.py
root     1725316  0.0  0.0   9000   652 pts/7    S+   22:54   0:00 grep -e examples/ -e nfd
root     1721967  1.4  0.0 121736 33904 ?        Ssl  22:45   0:07 /usr/bin/nfd --config /etc/ndn/nfd.conf
root     1725218  7.1  0.0  92936 26796 pts/1    S+   22:54   0:01 python3 examples/wireless/lidar_sender.py
root     1725229  3.9  0.0  92936 26876 pts/4    S+   22:54   0:00 python3 examples/wireless/cam_sender.py
root     1725239  8.4  0.0  92936 27180 pts/13   S+   22:54   0:01 python3 examples/wireless/can_sender.py
root     1725323  0.0  0.0   9000   712 pts/7    S+   22:54   0:00 grep -e examples/ -e nfd
root     1721967  1.4  0.0 121736 33904 ?        Ssl  22:45   0:07 /usr/bin/nfd --config /etc/ndn/nfd.conf
root     1725218  7.8  0.0  92936 26796 pts/1    S+   22:54   0:01 python3 examples/wireless/lidar_sender.py
root     1725229  4.0  0.0  92936 26876 pts/4    S+   22:54   0:00 python3 examples/wireless/cam_sender.py
root     1725239  8.6  0.0  92936 27180 pts/13   S+   22:54   0:01 python3 examples/wireless/can_sender.py
root     1725330  0.0  0.0   9000   724 pts/7    S+   22:54   0:00 grep -e examples/ -e nfd
root     1721967  1.4  0.0 121736 33904 ?        Ssl  22:45   0:07 /usr/bin/nfd --config /etc/ndn/nfd.conf
root     1725218  8.4  0.0  92936 26796 pts/1    S+   22:54   0:01 python3 examples/wireless/lidar_sender.py
root     1725229  4.1  0.0  92936 26876 pts/4    S+   22:54   0:00 python3 examples/wireless/cam_sender.py
root     1725239  8.9  0.0  92936 27180 pts/13   S+   22:54   0:01 python3 examples/wireless/can_sender.py
root     1725337  0.0  0.0   9000   656 pts/7    S+   22:54   0:00 grep -e examples/ -e nfd
root     1721967  1.4  0.0 121736 33904 ?        Ssl  22:45   0:07 /usr/bin/nfd --config /etc/ndn/nfd.conf
root     1725218  8.8  0.0  92936 26796 pts/1    S+   22:54   0:01 python3 examples/wireless/lidar_sender.py
root     1725229  4.1  0.0  92936 26876 pts/4    S+   22:54   0:00 python3 examples/wireless/cam_sender.py
root     1725239  9.0  0.0  92936 27180 pts/13   S+   22:54   0:01 python3 examples/wireless/can_sender.py
root     1725345  0.0  0.0   9000   720 pts/7    S+   22:54   0:00 grep -e examples/ -e nfd
root     1721967  1.4  0.0 121736 33904 ?        Ssl  22:45   0:07 /usr/bin/nfd --config /etc/ndn/nfd.conf
root     1725218  9.3  0.0  92936 26796 pts/1    S+   22:54   0:01 python3 examples/wireless/lidar_sender.py
root     1725229  4.2  0.0  92936 26876 pts/4    S+   22:54   0:00 python3 examples/wireless/cam_sender.py
root     1725239  9.2  0.0  92936 27180 pts/13   S+   22:54   0:01 python3 examples/wireless/can_sender.py
root     1725352  0.0  0.0   9000   712 pts/7    S+   22:54   0:00 grep -e examples/ -e nfd
root     1721967  1.5  0.0 121736 33904 ?        Ssl  22:45   0:08 /usr/bin/nfd --config /etc/ndn/nfd.conf
root     1725218  9.6  0.0  92936 26796 pts/1    S+   22:54   0:01 python3 examples/wireless/lidar_sender.py
root     1725229  4.3  0.0  92936 26876 pts/4    S+   22:54   0:00 python3 examples/wireless/cam_sender.py
root     1725239  9.3  0.0  92936 27180 pts/13   R+   22:54   0:01 python3 examples/wireless/can_sender.py
root     1725359  0.0  0.0   9000   712 pts/7    S+   22:54   0:00 grep -e examples/ -e nfd
root     1721967  1.5  0.0 121736 33904 ?        Ssl  22:45   0:08 /usr/bin/nfd --config /etc/ndn/nfd.conf
root     1725218  9.9  0.0  92936 26796 pts/1    S+   22:54   0:01 python3 examples/wireless/lidar_sender.py
root     1725229  4.4  0.0  92936 26876 pts/4    S+   22:54   0:00 python3 examples/wireless/cam_sender.py
root     1725239  9.4  0.0  92936 27180 pts/13   S+   22:54   0:01 python3 examples/wireless/can_sender.py
root     1725366  0.0  0.0   9000   720 pts/7    S+   22:54   0:00 grep -e examples/ -e nfd
root     1721967  1.5  0.0 121736 33904 ?        Ssl  22:45   0:08 /usr/bin/nfd --config /etc/ndn/nfd.conf
root     1725218 10.2  0.0  92936 26796 pts/1    S+   22:54   0:02 python3 examples/wireless/lidar_sender.py
root     1725229  4.4  0.0  92936 26876 pts/4    S+   22:54   0:00 python3 examples/wireless/cam_sender.py
root     1725239  9.5  0.0  92936 27180 pts/13   S+   22:54   0:01 python3 examples/wireless/can_sender.py
root     1725373  0.0  0.0   9000   724 pts/7    S+   22:54   0:00 grep -e examples/ -e nfd
root     1721967  1.5  0.0 121736 33904 ?        Ssl  22:45   0:08 /usr/bin/nfd --config /etc/ndn/nfd.conf
root     1725218 10.5  0.0  92936 26796 pts/1    S+   22:54   0:02 python3 examples/wireless/lidar_sender.py
root     1725229  4.4  0.0  92936 26876 pts/4    S+   22:54   0:00 python3 examples/wireless/cam_sender.py
root     1725239  9.6  0.0  92936 27180 pts/13   S+   22:54   0:01 python3 examples/wireless/can_sender.py
root     1725380  0.0  0.0   9000   660 pts/7    S+   22:54   0:00 grep -e examples/ -e nfd
root     1721967  1.5  0.0 121736 33904 ?        Ssl  22:45   0:08 /usr/bin/nfd --config /etc/ndn/nfd.conf
root     1725218 10.8  0.0  92936 26796 pts/1    S+   22:54   0:02 python3 examples/wireless/lidar_sender.py
root     1725229  4.5  0.0  92936 26876 pts/4    S+   22:54   0:01 python3 examples/wireless/cam_sender.py
root     1725239  9.7  0.0  92936 27180 pts/13   S+   22:54   0:02 python3 examples/wireless/can_sender.py
root     1725387  0.0  0.0   9000   720 pts/7    S+   22:54   0:00 grep -e examples/ -e nfd
root     1721967  1.5  0.0 121736 33904 ?        Rsl  22:45   0:08 /usr/bin/nfd --config /etc/ndn/nfd.conf
root     1725218 11.1  0.0  92936 26796 pts/1    S+   22:54   0:02 python3 examples/wireless/lidar_sender.py
root     1725229  4.6  0.0  92936 26876 pts/4    S+   22:54   0:01 python3 examples/wireless/cam_sender.py
root     1725239  9.8  0.0  92936 27180 pts/13   S+   22:54   0:02 python3 examples/wireless/can_sender.py
root     1725394  0.0  0.0   9000   712 pts/7    S+   22:54   0:00 grep -e examples/ -e nfd
root     1721967  1.6  0.0 121736 33904 ?        Ssl  22:45   0:08 /usr/bin/nfd --config /etc/ndn/nfd.conf
root     1725218 11.4  0.0  92936 26796 pts/1    R+   22:54   0:02 python3 examples/wireless/lidar_sender.py
root     1725229  4.6  0.0  92936 26876 pts/4    S+   22:54   0:01 python3 examples/wireless/cam_sender.py
root     1725239  9.9  0.0  92936 27180 pts/13   S+   22:54   0:02 python3 examples/wireless/can_sender.py
root     1725401  0.0  0.0   9000   660 pts/7    S+   22:54   0:00 grep -e examples/ -e nfd
root     1721967  1.6  0.0 121736 33904 ?        Ssl  22:45   0:08 /usr/bin/nfd --config /etc/ndn/nfd.conf
root     1725218 11.6  0.0  92936 26796 pts/1    S+   22:54   0:03 python3 examples/wireless/lidar_sender.py
root     1725229  4.6  0.0  92936 26876 pts/4    S+   22:54   0:01 python3 examples/wireless/cam_sender.py
root     1725239 10.0  0.0  92936 27180 pts/13   S+   22:54   0:02 python3 examples/wireless/can_sender.py
root     1725408  0.0  0.0   9000   716 pts/7    S+   22:54   0:00 grep -e examples/ -e nfd
root     1721967  1.6  0.0 121736 33904 ?        Ssl  22:45   0:09 /usr/bin/nfd --config /etc/ndn/nfd.conf
root     1725218 11.3  0.0  92936 26796 pts/1    S+   22:54   0:03 python3 examples/wireless/lidar_sender.py
root     1725229  4.5  0.0  92936 26876 pts/4    S+   22:54   0:01 python3 examples/wireless/cam_sender.py
root     1725239  9.6  0.0  92936 27180 pts/13   S+   22:54   0:02 python3 examples/wireless/can_sender.py
root     1725416  0.0  0.0   9000   720 pts/7    S+   22:54   0:00 grep -e examples/ -e nfd
root     1721967  1.6  0.0 121736 33904 ?        Ssl  22:45   0:09 /usr/bin/nfd --config /etc/ndn/nfd.conf
root     1725218 11.5  0.0  92936 26796 pts/1    S+   22:54   0:03 python3 examples/wireless/lidar_sender.py
root     1725229  4.6  0.0  92936 26876 pts/4    S+   22:54   0:01 python3 examples/wireless/cam_sender.py
root     1725239  9.7  0.0  92936 27180 pts/13   S+   22:54   0:02 python3 examples/wireless/can_sender.py
root     1725423  0.0  0.0   9000   716 pts/7    S+   22:54   0:00 grep -e examples/ -e nfd
root     1721967  1.6  0.0 121736 33904 ?        Ssl  22:45   0:09 /usr/bin/nfd --config /etc/ndn/nfd.conf
root     1725218 11.7  0.0  92936 26796 pts/1    S+   22:54   0:03 python3 examples/wireless/lidar_sender.py
root     1725229  4.6  0.0  92936 26876 pts/4    S+   22:54   0:01 python3 examples/wireless/cam_sender.py
root     1725239  9.8  0.0  92936 27180 pts/13   R+   22:54   0:02 python3 examples/wireless/can_sender.py
root     1725431  0.0  0.0   9000   656 pts/7    S+   22:54   0:00 grep -e examples/ -e nfd
root     1721967  1.7  0.0 121736 33904 ?        Rsl  22:45   0:09 /usr/bin/nfd --config /etc/ndn/nfd.conf
root     1725218 11.8  0.0  92936 26796 pts/1    S+   22:54   0:03 python3 examples/wireless/lidar_sender.py
root     1725229  4.6  0.0  92936 26876 pts/4    S+   22:54   0:01 python3 examples/wireless/cam_sender.py
root     1725239  9.8  0.0  92936 27180 pts/13   S+   22:54   0:02 python3 examples/wireless/can_sender.py
root     1725438  0.0  0.0   9000   712 pts/7    S+   22:54   0:00 grep -e examples/ -e nfd
root     1721967  1.7  0.0 121736 33904 ?        Ssl  22:45   0:09 /usr/bin/nfd --config /etc/ndn/nfd.conf
root     1725218 11.9  0.0  92936 26796 pts/1    S+   22:54   0:03 python3 examples/wireless/lidar_sender.py
root     1725229  4.6  0.0  92936 26876 pts/4    S+   22:54   0:01 python3 examples/wireless/cam_sender.py
root     1725239  9.9  0.0  92936 27180 pts/13   S+   22:54   0:02 python3 examples/wireless/can_sender.py
root     1725445  0.0  0.0   9000   720 pts/7    S+   22:54   0:00 grep -e examples/ -e nfd
root     1721967  1.7  0.0 121736 33904 ?        Ssl  22:45   0:09 /usr/bin/nfd --config /etc/ndn/nfd.conf
root     1725218 12.0  0.0  92936 26796 pts/1    S+   22:54   0:03 python3 examples/wireless/lidar_sender.py
root     1725229  4.6  0.0  92936 26876 pts/4    S+   22:54   0:01 python3 examples/wireless/cam_sender.py
root     1725239  9.9  0.0  92936 27180 pts/13   S+   22:54   0:03 python3 examples/wireless/can_sender.py
root     1725452  0.0  0.0   9000   724 pts/7    S+   22:54   0:00 grep -e examples/ -e nfd
root     1721967  1.7  0.0 121736 33904 ?        Ssl  22:45   0:09 /usr/bin/nfd --config /etc/ndn/nfd.conf
root     1725218 12.1  0.0  92936 26796 pts/1    S+   22:54   0:04 python3 examples/wireless/lidar_sender.py
root     1725229  4.6  0.0  92936 26876 pts/4    S+   22:54   0:01 python3 examples/wireless/cam_sender.py
root     1725239  9.9  0.0  92936 27180 pts/13   S+   22:54   0:03 python3 examples/wireless/can_sender.py
root     1725459  0.0  0.0   9000   720 pts/7    S+   22:54   0:00 grep -e examples/ -e nfd
root     1721967  1.7  0.0 121736 33904 ?        Ssl  22:45   0:09 /usr/bin/nfd --config /etc/ndn/nfd.conf
root     1725218 12.2  0.0  92936 26796 pts/1    S+   22:54   0:04 python3 examples/wireless/lidar_sender.py
root     1725229  4.6  0.0  92936 26876 pts/4    S+   22:54   0:01 python3 examples/wireless/cam_sender.py
root     1725239 10.0  0.0  92936 27180 pts/13   R+   22:54   0:03 python3 examples/wireless/can_sender.py
root     1725468  0.0  0.0   9000   724 pts/7    S+   22:54   0:00 grep -e examples/ -e nfd
root     1721967  1.7  0.0 121736 33904 ?        Ssl  22:45   0:10 /usr/bin/nfd --config /etc/ndn/nfd.conf
root     1725218 12.3  0.0  92936 26796 pts/1    S+   22:54   0:04 python3 examples/wireless/lidar_sender.py
root     1725229  4.7  0.0  92936 26876 pts/4    S+   22:54   0:01 python3 examples/wireless/cam_sender.py
root     1725239 10.0  0.0  92936 27180 pts/13   S+   22:54   0:03 python3 examples/wireless/can_sender.py
root     1725475  0.0  0.0   9000   720 pts/7    S+   22:54   0:00 grep -e examples/ -e nfd
root     1721967  1.8  0.0 121736 33904 ?        Ssl  22:45   0:10 /usr/bin/nfd --config /etc/ndn/nfd.conf
root     1725218 12.5  0.0  92936 26796 pts/1    S+   22:54   0:04 python3 examples/wireless/lidar_sender.py
root     1725229  4.7  0.0  92936 26876 pts/4    S+   22:54   0:01 python3 examples/wireless/cam_sender.py
root     1725239 10.1  0.0  92936 27180 pts/13   S+   22:54   0:03 python3 examples/wireless/can_sender.py
root     1725482  0.0  0.0   9000   720 pts/7    S+   22:54   0:00 grep -e examples/ -e nfd
root     1721967  1.8  0.0 121736 33904 ?        Ssl  22:45   0:10 /usr/bin/nfd --config /etc/ndn/nfd.conf
root     1725218 12.6  0.0  92936 26796 pts/1    S+   22:54   0:04 python3 examples/wireless/lidar_sender.py
root     1725229  4.7  0.0  92936 26876 pts/4    S+   22:54   0:01 python3 examples/wireless/cam_sender.py
root     1725239 10.1  0.0  92936 27180 pts/13   S+   22:54   0:03 python3 examples/wireless/can_sender.py
root     1725489  0.0  0.0   9000   720 pts/7    S+   22:54   0:00 grep -e examples/ -e nfd
root     1721967  1.8  0.0 121736 33904 ?        Ssl  22:45   0:10 /usr/bin/nfd --config /etc/ndn/nfd.conf
root     1725218 12.7  0.0  92936 26796 pts/1    S+   22:54   0:04 python3 examples/wireless/lidar_sender.py
root     1725229  4.7  0.0  92936 26876 pts/4    S+   22:54   0:01 python3 examples/wireless/cam_sender.py
root     1725239 10.2  0.0  92936 27180 pts/13   S+   22:54   0:03 python3 examples/wireless/can_sender.py
root     1725497  0.0  0.0   9000   648 pts/7    S+   22:54   0:00 grep -e examples/ -e nfd
root     1721967  1.8  0.0 121736 33904 ?        Ssl  22:45   0:10 /usr/bin/nfd --config /etc/ndn/nfd.conf
root     1725218 12.8  0.0  92936 26796 pts/1    S+   22:54   0:05 python3 examples/wireless/lidar_sender.py
root     1725229  4.7  0.0  92936 26876 pts/4    S+   22:54   0:01 python3 examples/wireless/cam_sender.py
root     1725239 10.2  0.0  92936 27180 pts/13   S+   22:54   0:03 python3 examples/wireless/can_sender.py
root     1725504  0.0  0.0   9000   720 pts/7    S+   22:54   0:00 grep -e examples/ -e nfd
root     1721967  1.8  0.0 121736 33904 ?        Ssl  22:45   0:10 /usr/bin/nfd --config /etc/ndn/nfd.conf
root     1725218 12.9  0.0  92936 26796 pts/1    S+   22:54   0:05 python3 examples/wireless/lidar_sender.py
root     1725229  4.7  0.0  92936 26876 pts/4    S+   22:54   0:01 python3 examples/wireless/cam_sender.py
root     1725239 10.3  0.0  92936 27180 pts/13   S+   22:54   0:04 python3 examples/wireless/can_sender.py
root     1725511  0.0  0.0   9000   648 pts/7    S+   22:54   0:00 grep -e examples/ -e nfd
root     1721967  1.9  0.0 121736 33904 ?        Ssl  22:45   0:10 /usr/bin/nfd --config /etc/ndn/nfd.conf
root     1725218 12.9  0.0  92936 26796 pts/1    S+   22:54   0:05 python3 examples/wireless/lidar_sender.py
root     1725229  4.7  0.0  92936 26876 pts/4    S+   22:54   0:01 python3 examples/wireless/cam_sender.py
root     1725239 10.3  0.0  92936 27180 pts/13   S+   22:54   0:04 python3 examples/wireless/can_sender.py
root     1725518  0.0  0.0   9000   716 pts/7    S+   22:54   0:00 grep -e examples/ -e nfd
root     1721967  1.9  0.0 121736 33904 ?        Ssl  22:45   0:10 /usr/bin/nfd --config /etc/ndn/nfd.conf
root     1725218 13.0  0.0  92936 26796 pts/1    S+   22:54   0:05 python3 examples/wireless/lidar_sender.py
root     1725229  4.7  0.0  92936 26876 pts/4    S+   22:54   0:02 python3 examples/wireless/cam_sender.py
root     1725239 10.3  0.0  92936 27180 pts/13   S+   22:54   0:04 python3 examples/wireless/can_sender.py
root     1725525  0.0  0.0   9000   720 pts/7    S+   22:54   0:00 grep -e examples/ -e nfd
root     1721967  1.9  0.0 121736 33904 ?        Ssl  22:45   0:10 /usr/bin/nfd --config /etc/ndn/nfd.conf
root     1725218 13.1  0.0  92936 26796 pts/1    S+   22:54   0:05 python3 examples/wireless/lidar_sender.py
root     1725229  4.8  0.0  92936 26876 pts/4    S+   22:54   0:02 python3 examples/wireless/cam_sender.py
root     1725239 10.4  0.0  92936 27180 pts/13   S+   22:54   0:04 python3 examples/wireless/can_sender.py
root     1725532  0.0  0.0   9000   716 pts/7    S+   22:54   0:00 grep -e examples/ -e nfd
root     1721967  1.9  0.0 121736 33904 ?        Ssl  22:45   0:11 /usr/bin/nfd --config /etc/ndn/nfd.conf
root     1725218 13.2  0.0  92936 26796 pts/1    S+   22:54   0:05 python3 examples/wireless/lidar_sender.py
root     1725229  4.7  0.0  92936 26876 pts/4    S+   22:54   0:02 python3 examples/wireless/cam_sender.py
root     1725239 10.3  0.0  92936 27180 pts/13   S+   22:54   0:04 python3 examples/wireless/can_sender.py
root     1725539  0.0  0.0   9000   720 pts/7    S+   22:54   0:00 grep -e examples/ -e nfd
root     1721967  1.9  0.0 121736 33904 ?        Ssl  22:45   0:11 /usr/bin/nfd --config /etc/ndn/nfd.conf
root     1725218 13.2  0.0  92936 26796 pts/1    S+   22:54   0:06 python3 examples/wireless/lidar_sender.py
root     1725229  4.8  0.0  92936 26876 pts/4    S+   22:54   0:02 python3 examples/wireless/cam_sender.py
root     1725239 10.4  0.0  92936 27180 pts/13   S+   22:54   0:04 python3 examples/wireless/can_sender.py
root     1725546  0.0  0.0   9000   652 pts/7    S+   22:54   0:00 grep -e examples/ -e nfd
root     1721967  1.9  0.0 121736 33904 ?        Ssl  22:45   0:11 /usr/bin/nfd --config /etc/ndn/nfd.conf
root     1725218 13.3  0.0  92936 26796 pts/1    S+   22:54   0:06 python3 examples/wireless/lidar_sender.py
root     1725229  4.8  0.0  92936 26876 pts/4    S+   22:54   0:02 python3 examples/wireless/cam_sender.py
root     1725239 10.4  0.0  92936 27180 pts/13   S+   22:54   0:04 python3 examples/wireless/can_sender.py
root     1725553  0.0  0.0   9000   720 pts/7    S+   22:54   0:00 grep -e examples/ -e nfd
root     1721967  2.0  0.0 121736 33904 ?        Ssl  22:45   0:11 /usr/bin/nfd --config /etc/ndn/nfd.conf
root     1725218 13.4  0.0  92936 26796 pts/1    S+   22:54   0:06 python3 examples/wireless/lidar_sender.py
root     1725229  4.8  0.0  92936 26876 pts/4    S+   22:54   0:02 python3 examples/wireless/cam_sender.py
root     1725239 10.4  0.0  92936 27180 pts/13   R+   22:54   0:04 python3 examples/wireless/can_sender.py
root     1725560  0.0  0.0   9000   712 pts/7    S+   22:55   0:00 grep -e examples/ -e nfd
root     1721967  2.0  0.0 121736 33904 ?        Ssl  22:45   0:11 /usr/bin/nfd --config /etc/ndn/nfd.conf
root     1725218 13.4  0.0  92936 26796 pts/1    S+   22:54   0:06 python3 examples/wireless/lidar_sender.py
root     1725229  4.8  0.0  92936 26876 pts/4    S+   22:54   0:02 python3 examples/wireless/cam_sender.py
root     1725239 10.4  0.0  92936 27180 pts/13   S+   22:54   0:04 python3 examples/wireless/can_sender.py
root     1725570  0.0  0.0   9000   724 pts/7    S+   22:55   0:00 grep -e examples/ -e nfd
root     1721967  2.0  0.0 121736 33904 ?        Ssl  22:45   0:11 /usr/bin/nfd --config /etc/ndn/nfd.conf
root     1725218 13.5  0.0  92936 26796 pts/1    S+   22:54   0:06 python3 examples/wireless/lidar_sender.py
root     1725229  4.8  0.0  92936 26876 pts/4    S+   22:54   0:02 python3 examples/wireless/cam_sender.py
root     1725239 10.4  0.0  92936 27180 pts/13   S+   22:54   0:05 python3 examples/wireless/can_sender.py
root     1725577  0.0  0.0   9000   652 pts/7    S+   22:55   0:00 grep -e examples/ -e nfd
root     1721967  2.0  0.0 121736 33904 ?        Ssl  22:45   0:11 /usr/bin/nfd --config /etc/ndn/nfd.conf
root     1725218 13.6  0.0  92936 26796 pts/1    S+   22:54   0:06 python3 examples/wireless/lidar_sender.py
root     1725229  4.8  0.0  92936 26876 pts/4    S+   22:54   0:02 python3 examples/wireless/cam_sender.py
root     1725239 10.5  0.0  92936 27180 pts/13   S+   22:54   0:05 python3 examples/wireless/can_sender.py
root     1725584  0.0  0.0   9000   720 pts/7    S+   22:55   0:00 grep -e examples/ -e nfd
root     1721967  2.0  0.0 121736 33904 ?        Ssl  22:45   0:11 /usr/bin/nfd --config /etc/ndn/nfd.conf
root     1725218 13.6  0.0  92936 26796 pts/1    S+   22:54   0:07 python3 examples/wireless/lidar_sender.py
root     1725229  4.9  0.0  92936 26876 pts/4    S+   22:54   0:02 python3 examples/wireless/cam_sender.py
root     1725239 10.5  0.0  92936 27180 pts/13   S+   22:54   0:05 python3 examples/wireless/can_sender.py
root     1725591  0.0  0.0   9000   712 pts/7    S+   22:55   0:00 grep -e examples/ -e nfd
root     1721967  2.0  0.0 121736 33904 ?        Ssl  22:45   0:11 /usr/bin/nfd --config /etc/ndn/nfd.conf
root     1725218 13.7  0.0  92936 26796 pts/1    S+   22:54   0:07 python3 examples/wireless/lidar_sender.py
root     1725229  4.9  0.0  92936 26876 pts/4    S+   22:54   0:02 python3 examples/wireless/cam_sender.py
root     1725239 10.5  0.0  92936 27180 pts/13   S+   22:54   0:05 python3 examples/wireless/can_sender.py
root     1725598  0.0  0.0   9000   724 pts/7    S+   22:55   0:00 grep -e examples/ -e nfd
root     1721967  2.1  0.0 121736 33904 ?        Ssl  22:45   0:12 /usr/bin/nfd --config /etc/ndn/nfd.conf
root     1725218 13.7  0.0  92936 26796 pts/1    S+   22:54   0:07 python3 examples/wireless/lidar_sender.py
root     1725229  4.9  0.0  92936 26876 pts/4    S+   22:54   0:02 python3 examples/wireless/cam_sender.py
root     1725239 10.5  0.0  92936 27180 pts/13   S+   22:54   0:05 python3 examples/wireless/can_sender.py
root     1725605  0.0  0.0   9000   724 pts/7    S+   22:55   0:00 grep -e examples/ -e nfd
root     1721967  2.1  0.0 121736 33904 ?        Ssl  22:45   0:12 /usr/bin/nfd --config /etc/ndn/nfd.conf
root     1725218 13.8  0.0  92936 26796 pts/1    S+   22:54   0:07 python3 examples/wireless/lidar_sender.py
root     1725229  4.9  0.0  92936 26876 pts/4    S+   22:54   0:02 python3 examples/wireless/cam_sender.py
root     1725239 10.5  0.0  92936 27180 pts/13   S+   22:54   0:05 python3 examples/wireless/can_sender.py
root     1725612  0.0  0.0   9000   648 pts/7    S+   22:55   0:00 grep -e examples/ -e nfd
root     1721967  2.1  0.0 121736 33904 ?        Ssl  22:45   0:12 /usr/bin/nfd --config /etc/ndn/nfd.conf
root     1725218 13.8  0.0  92936 26796 pts/1    S+   22:54   0:07 python3 examples/wireless/lidar_sender.py
root     1725229  4.9  0.0  92936 26876 pts/4    S+   22:54   0:02 python3 examples/wireless/cam_sender.py
root     1725239 10.5  0.0  92936 27180 pts/13   S+   22:54   0:05 python3 examples/wireless/can_sender.py
root     1725619  0.0  0.0   9000   712 pts/7    S+   22:55   0:00 grep -e examples/ -e nfd
root     1721967  2.1  0.0 121736 33904 ?        Ssl  22:45   0:12 /usr/bin/nfd --config /etc/ndn/nfd.conf
root     1725218 13.9  0.0  92936 26796 pts/1    S+   22:54   0:07 python3 examples/wireless/lidar_sender.py
root     1725229  4.9  0.0  92936 26876 pts/4    S+   22:54   0:02 python3 examples/wireless/cam_sender.py
root     1725239 10.6  0.0  92936 27180 pts/13   S+   22:54   0:05 python3 examples/wireless/can_sender.py
root     1725626  0.0  0.0   9000   720 pts/7    S+   22:55   0:00 grep -e examples/ -e nfd
root     1721967  2.1  0.0 121736 33904 ?        Ssl  22:45   0:12 /usr/bin/nfd --config /etc/ndn/nfd.conf
root     1725218 13.9  0.0  92936 26796 pts/1    S+   22:54   0:08 python3 examples/wireless/lidar_sender.py
root     1725229  4.9  0.0  92936 26876 pts/4    S+   22:54   0:02 python3 examples/wireless/cam_sender.py
root     1725239 10.6  0.0  92936 27180 pts/13   S+   22:54   0:05 python3 examples/wireless/can_sender.py
root     1725633  0.0  0.0   9000   652 pts/7    S+   22:55   0:00 grep -e examples/ -e nfd
root     1721967  2.1  0.0 121736 33904 ?        Ssl  22:45   0:12 /usr/bin/nfd --config /etc/ndn/nfd.conf
root     1725218 14.0  0.0  92936 26796 pts/1    S+   22:54   0:08 python3 examples/wireless/lidar_sender.py
root     1725229  4.9  0.0  92936 26876 pts/4    S+   22:54   0:02 python3 examples/wireless/cam_sender.py
root     1725239 10.6  0.0  92936 27180 pts/13   S+   22:54   0:06 python3 examples/wireless/can_sender.py
root     1725640  0.0  0.0   9000   720 pts/7    S+   22:55   0:00 grep -e examples/ -e nfd
root     1721967  2.2  0.0 121736 33904 ?        Ssl  22:45   0:12 /usr/bin/nfd --config /etc/ndn/nfd.conf
root     1725218 14.1  0.0  92936 26796 pts/1    S+   22:54   0:08 python3 examples/wireless/lidar_sender.py
root     1725229  4.9  0.0  92936 26876 pts/4    S+   22:54   0:02 python3 examples/wireless/cam_sender.py
root     1725239 10.7  0.0  92936 27180 pts/13   S+   22:54   0:06 python3 examples/wireless/can_sender.py
root     1725647  0.0  0.0   9000   716 pts/7    S+   22:55   0:00 grep -e examples/ -e nfd
root     1721967  2.2  0.0 121736 33904 ?        Ssl  22:45   0:12 /usr/bin/nfd --config /etc/ndn/nfd.conf
root     1725218 14.1  0.0  92936 26796 pts/1    S+   22:54   0:08 python3 examples/wireless/lidar_sender.py
root     1725229  4.9  0.0  92936 26876 pts/4    S+   22:54   0:02 python3 examples/wireless/cam_sender.py
root     1725239 10.6  0.0  92936 27180 pts/13   S+   22:54   0:06 python3 examples/wireless/can_sender.py
root     1725654  0.0  0.0   9000   712 pts/7    S+   22:55   0:00 grep -e examples/ -e nfd
root     1721967  2.2  0.0 121736 33904 ?        Ssl  22:45   0:13 /usr/bin/nfd --config /etc/ndn/nfd.conf
root     1725218 14.1  0.0  92936 26796 pts/1    S+   22:54   0:08 python3 examples/wireless/lidar_sender.py
root     1725229  4.9  0.0  92936 26876 pts/4    S+   22:54   0:03 python3 examples/wireless/cam_sender.py
root     1725239 10.7  0.0  92936 27180 pts/13   S+   22:54   0:06 python3 examples/wireless/can_sender.py
root     1725661  0.0  0.0   9000   648 pts/7    S+   22:55   0:00 grep -e examples/ -e nfd
root     1721967  2.2  0.0 121736 33904 ?        Ssl  22:45   0:13 /usr/bin/nfd --config /etc/ndn/nfd.conf
root     1725218 13.9  0.0  92936 26796 pts/1    S+   22:54   0:08 python3 examples/wireless/lidar_sender.py
root     1725229  4.9  0.0  92936 26876 pts/4    S+   22:54   0:03 python3 examples/wireless/cam_sender.py
root     1725239 10.5  0.0  92936 27180 pts/13   S+   22:54   0:06 python3 examples/wireless/can_sender.py
root     1725668  0.0  0.0   9000   648 pts/7    S+   22:55   0:00 grep -e examples/ -e nfd
root     1721967  2.2  0.0 121736 33904 ?        Ssl  22:45   0:13 /usr/bin/nfd --config /etc/ndn/nfd.conf
root     1725218 14.0  0.0  92936 26796 pts/1    S+   22:54   0:09 python3 examples/wireless/lidar_sender.py
root     1725229  4.9  0.0  92936 26876 pts/4    S+   22:54   0:03 python3 examples/wireless/cam_sender.py
root     1725239 10.5  0.0  92936 27180 pts/13   R+   22:54   0:06 python3 examples/wireless/can_sender.py
root     1725676  0.0  0.0   9000   716 pts/7    S+   22:55   0:00 grep -e examples/ -e nfd
root     1721967  2.2  0.0 121736 33904 ?        Ssl  22:45   0:13 /usr/bin/nfd --config /etc/ndn/nfd.conf
root     1725218 14.0  0.0  92936 26796 pts/1    S+   22:54   0:09 python3 examples/wireless/lidar_sender.py
root     1725229  4.9  0.0  92936 26876 pts/4    S+   22:54   0:03 python3 examples/wireless/cam_sender.py
root     1725239 10.5  0.0  92936 27180 pts/13   S+   22:54   0:06 python3 examples/wireless/can_sender.py
root     1725685  0.0  0.0   9000   652 pts/7    S+   22:55   0:00 grep -e examples/ -e nfd
root     1721967  2.3  0.0 121736 33904 ?        Ssl  22:45   0:13 /usr/bin/nfd --config /etc/ndn/nfd.conf
root     1725218 14.0  0.0  92936 26796 pts/1    S+   22:54   0:09 python3 examples/wireless/lidar_sender.py
root     1725229  4.9  0.0  92936 26876 pts/4    S+   22:54   0:03 python3 examples/wireless/cam_sender.py
root     1725239 10.5  0.0  92936 27180 pts/13   S+   22:54   0:06 python3 examples/wireless/can_sender.py
root     1725692  0.0  0.0   9000   720 pts/7    S+   22:55   0:00 grep -e examples/ -e nfd
root     1721967  2.3  0.0 121736 33904 ?        Ssl  22:45   0:13 /usr/bin/nfd --config /etc/ndn/nfd.conf
root     1725218 14.1  0.0  92936 26796 pts/1    S+   22:54   0:09 python3 examples/wireless/lidar_sender.py
root     1725229  4.9  0.0  92936 26876 pts/4    S+   22:54   0:03 python3 examples/wireless/cam_sender.py
root     1725239 10.5  0.0  92936 27180 pts/13   S+   22:54   0:06 python3 examples/wireless/can_sender.py
root     1725699  0.0  0.0   9000   716 pts/7    S+   22:55   0:00 grep -e examples/ -e nfd
root     1721967  2.3  0.0 121736 33904 ?        Ssl  22:45   0:13 /usr/bin/nfd --config /etc/ndn/nfd.conf
root     1725218 14.1  0.0  92936 26796 pts/1    S+   22:54   0:09 python3 examples/wireless/lidar_sender.py
root     1725229  4.8  0.0  92936 26876 pts/4    S+   22:54   0:03 python3 examples/wireless/cam_sender.py
root     1725239 10.3  0.0  92936 27180 pts/13   S+   22:54   0:06 python3 examples/wireless/can_sender.py
root     1725706  0.0  0.0   9000   712 pts/7    S+   22:55   0:00 grep -e examples/ -e nfd
root     1721967  2.3  0.0 121736 33904 ?        Ssl  22:45   0:13 /usr/bin/nfd --config /etc/ndn/nfd.conf
root     1725218 14.1  0.0  92936 26796 pts/1    S+   22:54   0:09 python3 examples/wireless/lidar_sender.py
root     1725229  4.8  0.0  92936 26876 pts/4    S+   22:54   0:03 python3 examples/wireless/cam_sender.py
root     1725239 10.2  0.0  92936 27180 pts/13   S+   22:54   0:06 python3 examples/wireless/can_sender.py
root     1725714  0.0  0.0   9000   648 pts/7    S+   22:55   0:00 grep -e examples/ -e nfd
root     1721967  2.3  0.0 121736 33904 ?        Ssl  22:45   0:13 /usr/bin/nfd --config /etc/ndn/nfd.conf
root     1725218 13.9  0.0  92936 26796 pts/1    S+   22:54   0:09 python3 examples/wireless/lidar_sender.py
root     1725229  4.7  0.0  92936 26876 pts/4    S+   22:54   0:03 python3 examples/wireless/cam_sender.py
root     1725239 10.0  0.0  92936 27180 pts/13   S+   22:54   0:06 python3 examples/wireless/can_sender.py
root     1725721  0.0  0.0   9000   656 pts/7    S+   22:55   0:00 grep -e examples/ -e nfd
root     1721967  2.3  0.0 121736 33904 ?        Ssl  22:45   0:13 /usr/bin/nfd --config /etc/ndn/nfd.conf
root     1725218 13.7  0.0  92936 26796 pts/1    S+   22:54   0:09 python3 examples/wireless/lidar_sender.py
root     1725229  4.6  0.0  92936 26876 pts/4    S+   22:54   0:03 python3 examples/wireless/cam_sender.py
root     1725239  9.9  0.0  92936 27180 pts/13   S+   22:54   0:06 python3 examples/wireless/can_sender.py
root     1725728  0.0  0.0   9000   712 pts/7    S+   22:55   0:00 grep -e examples/ -e nfd
root     1721967  2.3  0.0 121736 33904 ?        Ssl  22:45   0:13 /usr/bin/nfd --config /etc/ndn/nfd.conf
root     1725218 13.5  0.0  92936 26796 pts/1    S+   22:54   0:09 python3 examples/wireless/lidar_sender.py
root     1725229  4.6  0.0  92936 26876 pts/4    S+   22:54   0:03 python3 examples/wireless/cam_sender.py
root     1725239  9.8  0.0  92936 27180 pts/13   S+   22:54   0:06 python3 examples/wireless/can_sender.py
root     1725735  0.0  0.0   9000   720 pts/7    S+   22:55   0:00 grep -e examples/ -e nfd
root     1721967  2.3  0.0 121736 33904 ?        Ssl  22:45   0:13 /usr/bin/nfd --config /etc/ndn/nfd.conf
root     1725218 13.3  0.0  92936 26796 pts/1    S+   22:54   0:09 python3 examples/wireless/lidar_sender.py
root     1725229  4.5  0.0  92936 26876 pts/4    S+   22:54   0:03 python3 examples/wireless/cam_sender.py
root     1725239  9.6  0.0  92936 27180 pts/13   S+   22:54   0:06 python3 examples/wireless/can_sender.py
root     1725742  0.0  0.0   9000   652 pts/7    S+   22:55   0:00 grep -e examples/ -e nfd
root     1721967  2.3  0.0 121736 33904 ?        Ssl  22:45   0:13 /usr/bin/nfd --config /etc/ndn/nfd.conf
root     1725218 13.1  0.0  92936 26796 pts/1    S+   22:54   0:09 python3 examples/wireless/lidar_sender.py
root     1725229  4.5  0.0  92936 26876 pts/4    S+   22:54   0:03 python3 examples/wireless/cam_sender.py
root     1725239  9.5  0.0  92936 27180 pts/13   S+   22:54   0:06 python3 examples/wireless/can_sender.py
root     1725749  0.0  0.0   9000   712 pts/7    S+   22:55   0:00 grep -e examples/ -e nfd
