ahmed.e+ 1004907  0.0  0.1 1459444 116500 pts/3  Tl   07:02   0:02 python3 examples/python/simple/byte_can_receiver.py
root     1005676  0.0  0.1 1433236 121488 pts/3  Tl   07:03   0:02 python3 examples/python/simple/byte_can_receiver.py
root     1007358  0.0  0.1 1434328 122684 pts/3  Tl   07:05   0:15 python3 examples/python/simple/byte_can_receiver.py
root     1682744  0.0  0.0   9132  2568 pts/20   R+   20:51   0:00 grep simple/
ahmed.e+ 1004907  0.0  0.1 1459444 116500 pts/3  Tl   07:02   0:02 python3 examples/python/simple/byte_can_receiver.py
root     1005676  0.0  0.1 1433236 121488 pts/3  Tl   07:03   0:02 python3 examples/python/simple/byte_can_receiver.py
root     1007358  0.0  0.1 1434328 122684 pts/3  Tl   07:05   0:15 python3 examples/python/simple/byte_can_receiver.py
root     1682755  0.0  0.0   9132   712 pts/20   S+   20:51   0:00 grep simple/
ahmed.e+ 1004907  0.0  0.1 1459444 116500 pts/3  Tl   07:02   0:02 python3 examples/python/simple/byte_can_receiver.py
root     1005676  0.0  0.1 1433236 121488 pts/3  Tl   07:03   0:02 python3 examples/python/simple/byte_can_receiver.py
root     1007358  0.0  0.1 1434328 122684 pts/3  Tl   07:05   0:15 python3 examples/python/simple/byte_can_receiver.py
root     1682761  0.0  0.0   9132  2580 pts/20   S+   20:51   0:00 grep simple/
ahmed.e+ 1004907  0.0  0.1 1459444 116500 pts/3  Tl   07:02   0:02 python3 examples/python/simple/byte_can_receiver.py
root     1005676  0.0  0.1 1433236 121488 pts/3  Tl   07:03   0:02 python3 examples/python/simple/byte_can_receiver.py
root     1007358  0.0  0.1 1434328 122684 pts/3  Tl   07:05   0:15 python3 examples/python/simple/byte_can_receiver.py
root     1682767  0.0  0.0   9132  2572 pts/20   S+   20:51   0:00 grep simple/
ahmed.e+ 1004907  0.0  0.1 1459444 116500 pts/3  Tl   07:02   0:02 python3 examples/python/simple/byte_can_receiver.py
root     1005676  0.0  0.1 1433236 121488 pts/3  Tl   07:03   0:02 python3 examples/python/simple/byte_can_receiver.py
root     1007358  0.0  0.1 1434328 122684 pts/3  Tl   07:05   0:15 python3 examples/python/simple/byte_can_receiver.py
root     1682772 21.0  0.0 653812 38824 pts/12   Sl+  20:51   0:00 python3 examples/python/simple/lidar_sender.py
root     1682773 21.0  0.0 658184 38656 pts/19   Sl+  20:51   0:00 python3 examples/python/simple/CAN_sender.py
root     1682774 22.0  0.0 653908 38672 pts/18   Sl+  20:51   0:00 python3 examples/python/simple/cam_sender.py
root     1682809  0.0  0.0   9132  2532 pts/20   S+   20:51   0:00 grep simple/
ahmed.e+ 1004907  0.0  0.1 1459444 116500 pts/3  Tl   07:02   0:02 python3 examples/python/simple/byte_can_receiver.py
root     1005676  0.0  0.1 1433236 121488 pts/3  Tl   07:03   0:02 python3 examples/python/simple/byte_can_receiver.py
root     1007358  0.0  0.1 1434328 122684 pts/3  Tl   07:05   0:15 python3 examples/python/simple/byte_can_receiver.py
root     1682772 10.5  0.0 653812 38824 pts/12   Sl+  20:51   0:00 python3 examples/python/simple/lidar_sender.py
root     1682773 11.0  0.0 658184 38656 pts/19   Sl+  20:51   0:00 python3 examples/python/simple/CAN_sender.py
root     1682774 11.0  0.0 653908 38672 pts/18   Sl+  20:51   0:00 python3 examples/python/simple/cam_sender.py
root     1682815  0.0  0.0   9132  2484 pts/20   S+   20:51   0:00 grep simple/
ahmed.e+ 1004907  0.0  0.1 1459444 116500 pts/3  Tl   07:02   0:02 python3 examples/python/simple/byte_can_receiver.py
root     1005676  0.0  0.1 1433236 121488 pts/3  Tl   07:03   0:02 python3 examples/python/simple/byte_can_receiver.py
root     1007358  0.0  0.1 1434328 122684 pts/3  Tl   07:05   0:15 python3 examples/python/simple/byte_can_receiver.py
root     1682772  7.0  0.0 653812 38824 pts/12   Sl+  20:51   0:00 python3 examples/python/simple/lidar_sender.py
root     1682773  7.3  0.0 658184 38656 pts/19   Sl+  20:51   0:00 python3 examples/python/simple/CAN_sender.py
root     1682774  7.3  0.0 653908 38672 pts/18   Sl+  20:51   0:00 python3 examples/python/simple/cam_sender.py
root     1682821  0.0  0.0   9132  2508 pts/20   S+   20:51   0:00 grep simple/
ahmed.e+ 1004907  0.0  0.1 1459444 116500 pts/3  Tl   07:02   0:02 python3 examples/python/simple/byte_can_receiver.py
root     1005676  0.0  0.1 1433236 121488 pts/3  Tl   07:03   0:02 python3 examples/python/simple/byte_can_receiver.py
root     1007358  0.0  0.1 1434328 122684 pts/3  Tl   07:05   0:15 python3 examples/python/simple/byte_can_receiver.py
root     1682772  5.2  0.0 653812 38824 pts/12   Sl+  20:51   0:00 python3 examples/python/simple/lidar_sender.py
root     1682773  5.5  0.0 658184 38656 pts/19   Sl+  20:51   0:00 python3 examples/python/simple/CAN_sender.py
root     1682774  5.5  0.0 653908 38672 pts/18   Sl+  20:51   0:00 python3 examples/python/simple/cam_sender.py
root     1682827  0.0  0.0   9132  2528 pts/20   S+   20:51   0:00 grep simple/
ahmed.e+ 1004907  0.0  0.1 1459444 116500 pts/3  Tl   07:02   0:02 python3 examples/python/simple/byte_can_receiver.py
root     1005676  0.0  0.1 1433236 121488 pts/3  Tl   07:03   0:02 python3 examples/python/simple/byte_can_receiver.py
root     1007358  0.0  0.1 1434328 122684 pts/3  Tl   07:05   0:15 python3 examples/python/simple/byte_can_receiver.py
root     1682772  4.4  0.0 653812 38824 pts/12   Sl+  20:51   0:00 python3 examples/python/simple/lidar_sender.py
root     1682773  4.4  0.0 658184 38656 pts/19   Sl+  20:51   0:00 python3 examples/python/simple/CAN_sender.py
root     1682774  4.4  0.0 653908 38672 pts/18   Sl+  20:51   0:00 python3 examples/python/simple/cam_sender.py
root     1682833  0.0  0.0   9132  2432 pts/20   S+   20:52   0:00 grep simple/
ahmed.e+ 1004907  0.0  0.1 1459444 116500 pts/3  Tl   07:02   0:02 python3 examples/python/simple/byte_can_receiver.py
root     1005676  0.0  0.1 1433236 121488 pts/3  Tl   07:03   0:02 python3 examples/python/simple/byte_can_receiver.py
root     1007358  0.0  0.1 1434328 122684 pts/3  Tl   07:05   0:15 python3 examples/python/simple/byte_can_receiver.py
root     1682772  3.6  0.0 653812 38824 pts/12   Sl+  20:51   0:00 python3 examples/python/simple/lidar_sender.py
root     1682773  3.6  0.0 658184 38656 pts/19   Sl+  20:51   0:00 python3 examples/python/simple/CAN_sender.py
root     1682774  3.6  0.0 653908 38672 pts/18   Sl+  20:51   0:00 python3 examples/python/simple/cam_sender.py
root     1682859  0.0  0.0   9132  2428 pts/20   S+   20:52   0:00 grep simple/
ahmed.e+ 1004907  0.0  0.1 1459444 116500 pts/3  Tl   07:02   0:02 python3 examples/python/simple/byte_can_receiver.py
root     1005676  0.0  0.1 1433236 121488 pts/3  Tl   07:03   0:02 python3 examples/python/simple/byte_can_receiver.py
root     1007358  0.0  0.1 1434328 122684 pts/3  Tl   07:05   0:15 python3 examples/python/simple/byte_can_receiver.py
root     1682772  4.4  0.0 653812 38844 pts/12   Rl+  20:51   0:00 python3 examples/python/simple/lidar_sender.py
root     1682773  3.4  0.0 658184 38884 pts/19   Sl+  20:51   0:00 python3 examples/python/simple/CAN_sender.py
root     1682774  4.0  0.0 653908 38800 pts/18   Sl+  20:51   0:00 python3 examples/python/simple/cam_sender.py
root     1683086  0.0  0.0   9132  2440 pts/20   S+   20:52   0:00 grep simple/
ahmed.e+ 1004907  0.0  0.1 1459444 116500 pts/3  Tl   07:02   0:02 python3 examples/python/simple/byte_can_receiver.py
root     1005676  0.0  0.1 1433236 121488 pts/3  Tl   07:03   0:02 python3 examples/python/simple/byte_can_receiver.py
root     1007358  0.0  0.1 1434328 122684 pts/3  Tl   07:05   0:15 python3 examples/python/simple/byte_can_receiver.py
root     1682772  6.0  0.0 653812 38844 pts/12   Sl+  20:51   0:00 python3 examples/python/simple/lidar_sender.py
root     1682773  3.5  0.0 658184 38884 pts/19   Sl+  20:51   0:00 python3 examples/python/simple/CAN_sender.py
root     1682774  4.8  0.0 653908 38800 pts/18   Sl+  20:51   0:00 python3 examples/python/simple/cam_sender.py
root     1683104  0.0  0.0   9132  2568 pts/20   S+   20:52   0:00 grep simple/
ahmed.e+ 1004907  0.0  0.1 1459444 116500 pts/3  Tl   07:02   0:02 python3 examples/python/simple/byte_can_receiver.py
root     1005676  0.0  0.1 1433236 121488 pts/3  Tl   07:03   0:02 python3 examples/python/simple/byte_can_receiver.py
root     1007358  0.0  0.1 1434328 122684 pts/3  Tl   07:05   0:15 python3 examples/python/simple/byte_can_receiver.py
root     1682772  8.6  0.0 653812 38844 pts/12   Sl+  20:51   0:00 python3 examples/python/simple/lidar_sender.py
root     1682773  3.8  0.0 658184 38884 pts/19   Sl+  20:51   0:00 python3 examples/python/simple/CAN_sender.py
root     1682774  6.4  0.0 653908 38800 pts/18   Sl+  20:51   0:00 python3 examples/python/simple/cam_sender.py
root     1683110  0.0  0.0   9132  2432 pts/20   S+   20:52   0:00 grep simple/
ahmed.e+ 1004907  0.0  0.1 1459444 116500 pts/3  Tl   07:02   0:02 python3 examples/python/simple/byte_can_receiver.py
root     1005676  0.0  0.1 1433236 121488 pts/3  Tl   07:03   0:02 python3 examples/python/simple/byte_can_receiver.py
root     1007358  0.0  0.1 1434328 122684 pts/3  Tl   07:05   0:15 python3 examples/python/simple/byte_can_receiver.py
root     1682772 11.1  0.0 653812 38844 pts/12   Sl+  20:51   0:01 python3 examples/python/simple/lidar_sender.py
root     1682773  4.2  0.0 658184 38884 pts/19   Sl+  20:51   0:00 python3 examples/python/simple/CAN_sender.py
root     1682774  7.9  0.0 653908 38800 pts/18   Sl+  20:51   0:00 python3 examples/python/simple/cam_sender.py
root     1683117  0.0  0.0   9132  2584 pts/20   S+   20:52   0:00 grep simple/
ahmed.e+ 1004907  0.0  0.1 1459444 116500 pts/3  Tl   07:02   0:02 python3 examples/python/simple/byte_can_receiver.py
root     1005676  0.0  0.1 1433236 121488 pts/3  Tl   07:03   0:02 python3 examples/python/simple/byte_can_receiver.py
root     1007358  0.0  0.1 1434328 122684 pts/3  Tl   07:05   0:15 python3 examples/python/simple/byte_can_receiver.py
root     1682772 13.0  0.0 653812 38844 pts/12   Sl+  20:51   0:01 python3 examples/python/simple/lidar_sender.py
root     1682773  4.5  0.0 658184 38884 pts/19   Sl+  20:51   0:00 python3 examples/python/simple/CAN_sender.py
root     1682774  9.0  0.0 653908 38800 pts/18   Sl+  20:51   0:00 python3 examples/python/simple/cam_sender.py
root     1683123  0.0  0.0   9132  2476 pts/20   S+   20:52   0:00 grep simple/
ahmed.e+ 1004907  0.0  0.1 1459444 116500 pts/3  Tl   07:02   0:02 python3 examples/python/simple/byte_can_receiver.py
root     1005676  0.0  0.1 1433236 121488 pts/3  Tl   07:03   0:02 python3 examples/python/simple/byte_can_receiver.py
root     1007358  0.0  0.1 1434328 122684 pts/3  Tl   07:05   0:15 python3 examples/python/simple/byte_can_receiver.py
root     1682772 14.7  0.0 653812 38844 pts/12   Sl+  20:51   0:01 python3 examples/python/simple/lidar_sender.py
root     1682773  4.7  0.0 658184 38884 pts/19   Sl+  20:51   0:00 python3 examples/python/simple/CAN_sender.py
root     1682774 10.0  0.0 653908 38800 pts/18   Sl+  20:51   0:01 python3 examples/python/simple/cam_sender.py
root     1683129  0.0  0.0   9132  2588 pts/20   S+   20:52   0:00 grep simple/
ahmed.e+ 1004907  0.0  0.1 1459444 116500 pts/3  Tl   07:02   0:02 python3 examples/python/simple/byte_can_receiver.py
root     1005676  0.0  0.1 1433236 121488 pts/3  Tl   07:03   0:02 python3 examples/python/simple/byte_can_receiver.py
root     1007358  0.0  0.1 1434328 122684 pts/3  Tl   07:05   0:15 python3 examples/python/simple/byte_can_receiver.py
root     1682772 15.9  0.0 653812 38844 pts/12   Sl+  20:51   0:02 python3 examples/python/simple/lidar_sender.py
root     1682773  5.0  0.0 658184 38884 pts/19   Sl+  20:51   0:00 python3 examples/python/simple/CAN_sender.py
root     1682774 10.7  0.0 653908 38800 pts/18   Sl+  20:51   0:01 python3 examples/python/simple/cam_sender.py
root     1683136  0.0  0.0   9132  2516 pts/20   S+   20:52   0:00 grep simple/
ahmed.e+ 1004907  0.0  0.1 1459444 116500 pts/3  Tl   07:02   0:02 python3 examples/python/simple/byte_can_receiver.py
root     1005676  0.0  0.1 1433236 121488 pts/3  Tl   07:03   0:02 python3 examples/python/simple/byte_can_receiver.py
root     1007358  0.0  0.1 1434328 122684 pts/3  Tl   07:05   0:15 python3 examples/python/simple/byte_can_receiver.py
root     1682772 17.0  0.0 653812 38844 pts/12   Sl+  20:51   0:02 python3 examples/python/simple/lidar_sender.py
root     1682773  5.1  0.0 658184 38884 pts/19   Sl+  20:51   0:00 python3 examples/python/simple/CAN_sender.py
root     1682774 11.4  0.0 653908 38800 pts/18   Sl+  20:51   0:01 python3 examples/python/simple/cam_sender.py
root     1683142  0.0  0.0   9132  2580 pts/20   S+   20:52   0:00 grep simple/
ahmed.e+ 1004907  0.0  0.1 1459444 116500 pts/3  Tl   07:02   0:02 python3 examples/python/simple/byte_can_receiver.py
root     1005676  0.0  0.1 1433236 121488 pts/3  Tl   07:03   0:02 python3 examples/python/simple/byte_can_receiver.py
root     1007358  0.0  0.1 1434328 122684 pts/3  Tl   07:05   0:15 python3 examples/python/simple/byte_can_receiver.py
root     1682772 18.0  0.0 653812 38844 pts/12   Rl+  20:51   0:02 python3 examples/python/simple/lidar_sender.py
root     1682773  5.2  0.0 658184 38884 pts/19   Sl+  20:51   0:00 python3 examples/python/simple/CAN_sender.py
root     1682774 12.0  0.0 653908 38800 pts/18   Sl+  20:51   0:01 python3 examples/python/simple/cam_sender.py
root     1683148  0.0  0.0   9132  2640 pts/20   S+   20:52   0:00 grep simple/
ahmed.e+ 1004907  0.0  0.1 1459444 116500 pts/3  Tl   07:02   0:02 python3 examples/python/simple/byte_can_receiver.py
root     1005676  0.0  0.1 1433236 121488 pts/3  Tl   07:03   0:02 python3 examples/python/simple/byte_can_receiver.py
root     1007358  0.0  0.1 1434328 122684 pts/3  Tl   07:05   0:15 python3 examples/python/simple/byte_can_receiver.py
root     1682772 19.0  0.0 653812 38844 pts/12   Sl+  20:51   0:03 python3 examples/python/simple/lidar_sender.py
root     1682773  5.4  0.0 658184 38884 pts/19   Sl+  20:51   0:00 python3 examples/python/simple/CAN_sender.py
root     1682774 12.5  0.0 653908 38800 pts/18   Sl+  20:51   0:02 python3 examples/python/simple/cam_sender.py
root     1683154  0.0  0.0   9132  2516 pts/20   S+   20:52   0:00 grep simple/
ahmed.e+ 1004907  0.0  0.1 1459444 116500 pts/3  Tl   07:02   0:02 python3 examples/python/simple/byte_can_receiver.py
root     1005676  0.0  0.1 1433236 121488 pts/3  Tl   07:03   0:02 python3 examples/python/simple/byte_can_receiver.py
root     1007358  0.0  0.1 1434328 122684 pts/3  Tl   07:05   0:15 python3 examples/python/simple/byte_can_receiver.py
root     1682772 19.7  0.0 653812 38844 pts/12   Sl+  20:51   0:03 python3 examples/python/simple/lidar_sender.py
root     1682773  5.5  0.0 658184 38884 pts/19   Sl+  20:51   0:00 python3 examples/python/simple/CAN_sender.py
root     1682774 13.0  0.0 653908 38800 pts/18   Sl+  20:51   0:02 python3 examples/python/simple/cam_sender.py
root     1683160  0.0  0.0   9132  2588 pts/20   S+   20:52   0:00 grep simple/
ahmed.e+ 1004907  0.0  0.1 1459444 116500 pts/3  Tl   07:02   0:02 python3 examples/python/simple/byte_can_receiver.py
root     1005676  0.0  0.1 1433236 121488 pts/3  Tl   07:03   0:02 python3 examples/python/simple/byte_can_receiver.py
root     1007358  0.0  0.1 1434328 122684 pts/3  Tl   07:05   0:15 python3 examples/python/simple/byte_can_receiver.py
root     1682772 20.3  0.0 653812 38844 pts/12   Sl+  20:51   0:03 python3 examples/python/simple/lidar_sender.py
root     1682773  5.6  0.0 658184 38884 pts/19   Sl+  20:51   0:01 python3 examples/python/simple/CAN_sender.py
root     1682774 13.4  0.0 653908 38800 pts/18   Sl+  20:51   0:02 python3 examples/python/simple/cam_sender.py
root     1683167  0.0  0.0   9132  2648 pts/20   S+   20:52   0:00 grep simple/
ahmed.e+ 1004907  0.0  0.1 1459444 116500 pts/3  Tl   07:02   0:02 python3 examples/python/simple/byte_can_receiver.py
root     1005676  0.0  0.1 1433236 121488 pts/3  Tl   07:03   0:02 python3 examples/python/simple/byte_can_receiver.py
root     1007358  0.0  0.1 1434328 122684 pts/3  Tl   07:05   0:15 python3 examples/python/simple/byte_can_receiver.py
root     1682772 21.0  0.0 653812 38844 pts/12   Sl+  20:51   0:04 python3 examples/python/simple/lidar_sender.py
root     1682773  5.6  0.0 658184 38884 pts/19   Sl+  20:51   0:01 python3 examples/python/simple/CAN_sender.py
root     1682774 13.7  0.0 653908 38800 pts/18   Sl+  20:51   0:02 python3 examples/python/simple/cam_sender.py
root     1683173  0.0  0.0   9132  2436 pts/20   S+   20:52   0:00 grep simple/
ahmed.e+ 1004907  0.0  0.1 1459444 116500 pts/3  Tl   07:02   0:02 python3 examples/python/simple/byte_can_receiver.py
root     1005676  0.0  0.1 1433236 121488 pts/3  Tl   07:03   0:02 python3 examples/python/simple/byte_can_receiver.py
root     1007358  0.0  0.1 1434328 122684 pts/3  Tl   07:05   0:15 python3 examples/python/simple/byte_can_receiver.py
root     1682772 21.5  0.0 653812 38844 pts/12   Sl+  20:51   0:04 python3 examples/python/simple/lidar_sender.py
root     1682773  5.7  0.0 658184 38884 pts/19   Sl+  20:51   0:01 python3 examples/python/simple/CAN_sender.py
root     1682774 14.1  0.0 653908 38800 pts/18   Sl+  20:51   0:02 python3 examples/python/simple/cam_sender.py
root     1683179  0.0  0.0   9132  2476 pts/20   S+   20:52   0:00 grep simple/
ahmed.e+ 1004907  0.0  0.1 1459444 116500 pts/3  Tl   07:02   0:02 python3 examples/python/simple/byte_can_receiver.py
root     1005676  0.0  0.1 1433236 121488 pts/3  Tl   07:03   0:02 python3 examples/python/simple/byte_can_receiver.py
root     1007358  0.0  0.1 1434328 122684 pts/3  Tl   07:05   0:15 python3 examples/python/simple/byte_can_receiver.py
root     1682772 22.0  0.0 653812 38844 pts/12   Sl+  20:51   0:04 python3 examples/python/simple/lidar_sender.py
root     1682773  5.8  0.0 658184 38884 pts/19   Sl+  20:51   0:01 python3 examples/python/simple/CAN_sender.py
root     1682774 14.3  0.0 653908 38800 pts/18   Sl+  20:51   0:03 python3 examples/python/simple/cam_sender.py
root     1683186  0.0  0.0   9132  2624 pts/20   S+   20:52   0:00 grep simple/
ahmed.e+ 1004907  0.0  0.1 1459444 116500 pts/3  Tl   07:02   0:02 python3 examples/python/simple/byte_can_receiver.py
root     1005676  0.0  0.1 1433236 121488 pts/3  Tl   07:03   0:02 python3 examples/python/simple/byte_can_receiver.py
root     1007358  0.0  0.1 1434328 122684 pts/3  Tl   07:05   0:15 python3 examples/python/simple/byte_can_receiver.py
root     1682772 22.3  0.0 653812 38844 pts/12   Sl+  20:51   0:04 python3 examples/python/simple/lidar_sender.py
root     1682773  5.8  0.0 658184 38884 pts/19   Sl+  20:51   0:01 python3 examples/python/simple/CAN_sender.py
root     1682774 14.5  0.0 653908 38800 pts/18   Rl+  20:51   0:03 python3 examples/python/simple/cam_sender.py
root     1683192  0.0  0.0   9132  2424 pts/20   S+   20:52   0:00 grep simple/
ahmed.e+ 1004907  0.0  0.1 1459444 116500 pts/3  Tl   07:02   0:02 python3 examples/python/simple/byte_can_receiver.py
root     1005676  0.0  0.1 1433236 121488 pts/3  Tl   07:03   0:02 python3 examples/python/simple/byte_can_receiver.py
root     1007358  0.0  0.1 1434328 122684 pts/3  Tl   07:05   0:15 python3 examples/python/simple/byte_can_receiver.py
root     1682772 22.7  0.0 653812 38844 pts/12   Sl+  20:51   0:05 python3 examples/python/simple/lidar_sender.py
root     1682773  5.9  0.0 658184 38884 pts/19   Sl+  20:51   0:01 python3 examples/python/simple/CAN_sender.py
root     1682774 14.8  0.0 653908 38800 pts/18   Sl+  20:51   0:03 python3 examples/python/simple/cam_sender.py
root     1683198  0.0  0.0   9132  2532 pts/20   S+   20:52   0:00 grep simple/
ahmed.e+ 1004907  0.0  0.1 1459444 116500 pts/3  Tl   07:02   0:02 python3 examples/python/simple/byte_can_receiver.py
root     1005676  0.0  0.1 1433236 121488 pts/3  Tl   07:03   0:02 python3 examples/python/simple/byte_can_receiver.py
root     1007358  0.0  0.1 1434328 122684 pts/3  Tl   07:05   0:15 python3 examples/python/simple/byte_can_receiver.py
root     1682772 23.1  0.0 653812 38844 pts/12   Rl+  20:51   0:05 python3 examples/python/simple/lidar_sender.py
root     1682773  5.9  0.0 658184 38884 pts/19   Sl+  20:51   0:01 python3 examples/python/simple/CAN_sender.py
root     1682774 15.1  0.0 653908 38800 pts/18   Sl+  20:51   0:03 python3 examples/python/simple/cam_sender.py
root     1683204  0.0  0.0   9132  2420 pts/20   S+   20:52   0:00 grep simple/
ahmed.e+ 1004907  0.0  0.1 1459444 116500 pts/3  Tl   07:02   0:02 python3 examples/python/simple/byte_can_receiver.py
root     1005676  0.0  0.1 1433236 121488 pts/3  Tl   07:03   0:02 python3 examples/python/simple/byte_can_receiver.py
root     1007358  0.0  0.1 1434328 122684 pts/3  Tl   07:05   0:15 python3 examples/python/simple/byte_can_receiver.py
root     1682772 23.6  0.0 653812 38844 pts/12   Sl+  20:51   0:05 python3 examples/python/simple/lidar_sender.py
root     1682773  6.0  0.0 658184 38884 pts/19   Sl+  20:51   0:01 python3 examples/python/simple/CAN_sender.py
root     1682774 15.6  0.0 653908 38800 pts/18   Sl+  20:51   0:03 python3 examples/python/simple/cam_sender.py
root     1683210  0.0  0.0   9132  2456 pts/20   S+   20:52   0:00 grep simple/
ahmed.e+ 1004907  0.0  0.1 1459444 116500 pts/3  Tl   07:02   0:02 python3 examples/python/simple/byte_can_receiver.py
root     1005676  0.0  0.1 1433236 121488 pts/3  Tl   07:03   0:02 python3 examples/python/simple/byte_can_receiver.py
root     1007358  0.0  0.1 1434328 122684 pts/3  Tl   07:05   0:15 python3 examples/python/simple/byte_can_receiver.py
root     1682772 24.0  0.0 653812 38844 pts/12   Sl+  20:51   0:06 python3 examples/python/simple/lidar_sender.py
root     1682773  6.0  0.0 658184 38884 pts/19   Sl+  20:51   0:01 python3 examples/python/simple/CAN_sender.py
root     1682774 15.8  0.0 653908 38800 pts/18   Sl+  20:51   0:04 python3 examples/python/simple/cam_sender.py
root     1683216  0.0  0.0   9132  2584 pts/20   S+   20:52   0:00 grep simple/
ahmed.e+ 1004907  0.0  0.1 1459444 116500 pts/3  Tl   07:02   0:02 python3 examples/python/simple/byte_can_receiver.py
root     1005676  0.0  0.1 1433236 121488 pts/3  Tl   07:03   0:02 python3 examples/python/simple/byte_can_receiver.py
root     1007358  0.0  0.1 1434328 122684 pts/3  Tl   07:05   0:15 python3 examples/python/simple/byte_can_receiver.py
root     1682772 24.3  0.0 653812 38844 pts/12   Sl+  20:51   0:06 python3 examples/python/simple/lidar_sender.py
root     1682773  6.1  0.0 658184 38884 pts/19   Sl+  20:51   0:01 python3 examples/python/simple/CAN_sender.py
root     1682774 16.0  0.0 653908 38800 pts/18   Sl+  20:51   0:04 python3 examples/python/simple/cam_sender.py
root     1683222  0.0  0.0   9132  2568 pts/20   S+   20:52   0:00 grep simple/
ahmed.e+ 1004907  0.0  0.1 1459444 116500 pts/3  Tl   07:02   0:02 python3 examples/python/simple/byte_can_receiver.py
root     1005676  0.0  0.1 1433236 121488 pts/3  Tl   07:03   0:02 python3 examples/python/simple/byte_can_receiver.py
root     1007358  0.0  0.1 1434328 122684 pts/3  Tl   07:05   0:15 python3 examples/python/simple/byte_can_receiver.py
root     1682772 24.6  0.0 653812 38844 pts/12   Sl+  20:51   0:06 python3 examples/python/simple/lidar_sender.py
root     1682773  6.1  0.0 658184 38884 pts/19   Sl+  20:51   0:01 python3 examples/python/simple/CAN_sender.py
root     1682774 16.1  0.0 653908 38800 pts/18   Sl+  20:51   0:04 python3 examples/python/simple/cam_sender.py
root     1683228  0.0  0.0   9132  2432 pts/20   S+   20:52   0:00 grep simple/
ahmed.e+ 1004907  0.0  0.1 1459444 116500 pts/3  Tl   07:02   0:02 python3 examples/python/simple/byte_can_receiver.py
root     1005676  0.0  0.1 1433236 121488 pts/3  Tl   07:03   0:02 python3 examples/python/simple/byte_can_receiver.py
root     1007358  0.0  0.1 1434328 122684 pts/3  Tl   07:05   0:15 python3 examples/python/simple/byte_can_receiver.py
root     1682772 24.8  0.0 653812 38844 pts/12   Sl+  20:51   0:07 python3 examples/python/simple/lidar_sender.py
root     1682773  6.2  0.0 658184 38884 pts/19   Sl+  20:51   0:01 python3 examples/python/simple/CAN_sender.py
root     1682774 16.2  0.0 653908 38800 pts/18   Sl+  20:51   0:04 python3 examples/python/simple/cam_sender.py
root     1683234  0.0  0.0   9132  2480 pts/20   S+   20:52   0:00 grep simple/
ahmed.e+ 1004907  0.0  0.1 1459444 116500 pts/3  Tl   07:02   0:02 python3 examples/python/simple/byte_can_receiver.py
root     1005676  0.0  0.1 1433236 121488 pts/3  Tl   07:03   0:02 python3 examples/python/simple/byte_can_receiver.py
root     1007358  0.0  0.1 1434328 122684 pts/3  Tl   07:05   0:15 python3 examples/python/simple/byte_can_receiver.py
root     1682772 25.2  0.0 653812 38844 pts/12   Sl+  20:51   0:07 python3 examples/python/simple/lidar_sender.py
root     1682773  6.3  0.0 658184 38884 pts/19   Sl+  20:51   0:01 python3 examples/python/simple/CAN_sender.py
root     1682774 16.4  0.0 653908 38800 pts/18   Sl+  20:51   0:04 python3 examples/python/simple/cam_sender.py
root     1683240  0.0  0.0   9132  2428 pts/20   S+   20:52   0:00 grep simple/
ahmed.e+ 1004907  0.0  0.1 1459444 116500 pts/3  Tl   07:02   0:02 python3 examples/python/simple/byte_can_receiver.py
root     1005676  0.0  0.1 1433236 121488 pts/3  Tl   07:03   0:02 python3 examples/python/simple/byte_can_receiver.py
root     1007358  0.0  0.1 1434328 122684 pts/3  Tl   07:05   0:15 python3 examples/python/simple/byte_can_receiver.py
root     1682772 25.3  0.0 653812 38844 pts/12   Sl+  20:51   0:07 python3 examples/python/simple/lidar_sender.py
root     1682773  6.3  0.0 658184 38884 pts/19   Sl+  20:51   0:01 python3 examples/python/simple/CAN_sender.py
root     1682774 16.6  0.0 653908 38800 pts/18   Sl+  20:51   0:05 python3 examples/python/simple/cam_sender.py
root     1683246  0.0  0.0   9132  2484 pts/20   S+   20:52   0:00 grep simple/
ahmed.e+ 1004907  0.0  0.1 1459444 116500 pts/3  Tl   07:02   0:02 python3 examples/python/simple/byte_can_receiver.py
root     1005676  0.0  0.1 1433236 121488 pts/3  Tl   07:03   0:02 python3 examples/python/simple/byte_can_receiver.py
root     1007358  0.0  0.1 1434328 122684 pts/3  Tl   07:05   0:15 python3 examples/python/simple/byte_can_receiver.py
root     1682772 25.6  0.0 653812 38844 pts/12   Rl+  20:51   0:08 python3 examples/python/simple/lidar_sender.py
root     1682773  6.3  0.0 658184 38884 pts/19   Sl+  20:51   0:02 python3 examples/python/simple/CAN_sender.py
root     1682774 16.7  0.0 653908 38800 pts/18   Sl+  20:51   0:05 python3 examples/python/simple/cam_sender.py
root     1683252  0.0  0.0   9132  2592 pts/20   S+   20:52   0:00 grep simple/
ahmed.e+ 1004907  0.0  0.1 1459444 116500 pts/3  Tl   07:02   0:02 python3 examples/python/simple/byte_can_receiver.py
root     1005676  0.0  0.1 1433236 121488 pts/3  Tl   07:03   0:02 python3 examples/python/simple/byte_can_receiver.py
root     1007358  0.0  0.1 1434328 122684 pts/3  Tl   07:05   0:15 python3 examples/python/simple/byte_can_receiver.py
root     1682772 25.0  0.0 653812 38844 pts/12   Sl+  20:51   0:08 python3 examples/python/simple/lidar_sender.py
root     1682773  6.1  0.0 658184 38884 pts/19   Sl+  20:51   0:02 python3 examples/python/simple/CAN_sender.py
root     1682774 16.3  0.0 653908 38800 pts/18   Sl+  20:51   0:05 python3 examples/python/simple/cam_sender.py
root     1683258  0.0  0.0   9132  2644 pts/20   S+   20:52   0:00 grep simple/
ahmed.e+ 1004907  0.0  0.1 1459444 116500 pts/3  Tl   07:02   0:02 python3 examples/python/simple/byte_can_receiver.py
root     1005676  0.0  0.1 1433236 121488 pts/3  Tl   07:03   0:02 python3 examples/python/simple/byte_can_receiver.py
root     1007358  0.0  0.1 1434328 122684 pts/3  Tl   07:05   0:15 python3 examples/python/simple/byte_can_receiver.py
root     1682772 25.2  0.0 653812 38844 pts/12   Sl+  20:51   0:08 python3 examples/python/simple/lidar_sender.py
root     1682773  6.2  0.0 658184 38884 pts/19   Sl+  20:51   0:02 python3 examples/python/simple/CAN_sender.py
root     1682774 16.4  0.0 653908 38800 pts/18   Sl+  20:51   0:05 python3 examples/python/simple/cam_sender.py
root     1683264  0.0  0.0   9132  2536 pts/20   S+   20:52   0:00 grep simple/
ahmed.e+ 1004907  0.0  0.1 1459444 116500 pts/3  Tl   07:02   0:02 python3 examples/python/simple/byte_can_receiver.py
root     1005676  0.0  0.1 1433236 121488 pts/3  Tl   07:03   0:02 python3 examples/python/simple/byte_can_receiver.py
root     1007358  0.0  0.1 1434328 122684 pts/3  Tl   07:05   0:15 python3 examples/python/simple/byte_can_receiver.py
root     1682772 25.4  0.0 653812 38844 pts/12   Rl+  20:51   0:09 python3 examples/python/simple/lidar_sender.py
root     1682773  6.2  0.0 658184 38884 pts/19   Sl+  20:51   0:02 python3 examples/python/simple/CAN_sender.py
root     1682774 16.5  0.0 653908 38800 pts/18   Sl+  20:51   0:05 python3 examples/python/simple/cam_sender.py
root     1683270  0.0  0.0   9132  2512 pts/20   S+   20:52   0:00 grep simple/
ahmed.e+ 1004907  0.0  0.1 1459444 116500 pts/3  Tl   07:02   0:02 python3 examples/python/simple/byte_can_receiver.py
root     1005676  0.0  0.1 1433236 121488 pts/3  Tl   07:03   0:02 python3 examples/python/simple/byte_can_receiver.py
root     1007358  0.0  0.1 1434328 122684 pts/3  Tl   07:05   0:15 python3 examples/python/simple/byte_can_receiver.py
root     1682772 25.6  0.0 653812 38844 pts/12   Sl+  20:51   0:09 python3 examples/python/simple/lidar_sender.py
root     1682773  6.2  0.0 658184 38884 pts/19   Sl+  20:51   0:02 python3 examples/python/simple/CAN_sender.py
root     1682774 16.6  0.0 653908 38800 pts/18   Sl+  20:51   0:06 python3 examples/python/simple/cam_sender.py
root     1683276  0.0  0.0   9132  2584 pts/20   S+   20:52   0:00 grep simple/
ahmed.e+ 1004907  0.0  0.1 1459444 116500 pts/3  Tl   07:02   0:02 python3 examples/python/simple/byte_can_receiver.py
root     1005676  0.0  0.1 1433236 121488 pts/3  Tl   07:03   0:02 python3 examples/python/simple/byte_can_receiver.py
root     1007358  0.0  0.1 1434328 122684 pts/3  Tl   07:05   0:15 python3 examples/python/simple/byte_can_receiver.py
root     1682772 25.8  0.0 653812 38844 pts/12   Sl+  20:51   0:09 python3 examples/python/simple/lidar_sender.py
root     1682773  6.3  0.0 658184 38884 pts/19   Sl+  20:51   0:02 python3 examples/python/simple/CAN_sender.py
root     1682774 16.7  0.0 653908 38800 pts/18   Sl+  20:51   0:06 python3 examples/python/simple/cam_sender.py
root     1683282  0.0  0.0   9132  2424 pts/20   S+   20:52   0:00 grep simple/
ahmed.e+ 1004907  0.0  0.1 1459444 116500 pts/3  Tl   07:02   0:02 python3 examples/python/simple/byte_can_receiver.py
root     1005676  0.0  0.1 1433236 121488 pts/3  Tl   07:03   0:02 python3 examples/python/simple/byte_can_receiver.py
root     1007358  0.0  0.1 1434328 122684 pts/3  Tl   07:05   0:15 python3 examples/python/simple/byte_can_receiver.py
root     1682772 26.0  0.0 653812 38844 pts/12   Sl+  20:51   0:10 python3 examples/python/simple/lidar_sender.py
root     1682773  6.3  0.0 658184 38884 pts/19   Sl+  20:51   0:02 python3 examples/python/simple/CAN_sender.py
root     1682774 16.8  0.0 653908 38800 pts/18   Sl+  20:51   0:06 python3 examples/python/simple/cam_sender.py
root     1683288  0.0  0.0   9132  2596 pts/20   S+   20:52   0:00 grep simple/
ahmed.e+ 1004907  0.0  0.1 1459444 116500 pts/3  Tl   07:02   0:02 python3 examples/python/simple/byte_can_receiver.py
root     1005676  0.0  0.1 1433236 121488 pts/3  Tl   07:03   0:02 python3 examples/python/simple/byte_can_receiver.py
root     1007358  0.0  0.1 1434328 122684 pts/3  Tl   07:05   0:15 python3 examples/python/simple/byte_can_receiver.py
root     1682772 26.1  0.0 653812 38844 pts/12   Sl+  20:51   0:10 python3 examples/python/simple/lidar_sender.py
root     1682773  6.3  0.0 658184 38884 pts/19   Sl+  20:51   0:02 python3 examples/python/simple/CAN_sender.py
root     1682774 16.9  0.0 653908 38800 pts/18   Sl+  20:51   0:06 python3 examples/python/simple/cam_sender.py
root     1683294  0.0  0.0   9132  2596 pts/20   S+   20:52   0:00 grep simple/
ahmed.e+ 1004907  0.0  0.1 1459444 116500 pts/3  Tl   07:02   0:02 python3 examples/python/simple/byte_can_receiver.py
root     1005676  0.0  0.1 1433236 121488 pts/3  Tl   07:03   0:02 python3 examples/python/simple/byte_can_receiver.py
root     1007358  0.0  0.1 1434328 122684 pts/3  Tl   07:05   0:15 python3 examples/python/simple/byte_can_receiver.py
root     1682772 26.2  0.0 653812 38844 pts/12   Sl+  20:51   0:10 python3 examples/python/simple/lidar_sender.py
root     1682773  6.4  0.0 658184 38884 pts/19   Sl+  20:51   0:02 python3 examples/python/simple/CAN_sender.py
root     1682774 17.0  0.0 653908 38800 pts/18   Rl+  20:51   0:06 python3 examples/python/simple/cam_sender.py
root     1683300  0.0  0.0   9132  2580 pts/20   S+   20:52   0:00 grep simple/
ahmed.e+ 1004907  0.0  0.1 1459444 116500 pts/3  Tl   07:02   0:02 python3 examples/python/simple/byte_can_receiver.py
root     1005676  0.0  0.1 1433236 121488 pts/3  Tl   07:03   0:02 python3 examples/python/simple/byte_can_receiver.py
root     1007358  0.0  0.1 1434328 122684 pts/3  Tl   07:05   0:15 python3 examples/python/simple/byte_can_receiver.py
root     1682772 26.4  0.0 653812 38844 pts/12   Sl+  20:51   0:11 python3 examples/python/simple/lidar_sender.py
root     1682773  6.4  0.0 658184 38884 pts/19   Sl+  20:51   0:02 python3 examples/python/simple/CAN_sender.py
root     1682774 17.0  0.0 653908 38800 pts/18   Sl+  20:51   0:07 python3 examples/python/simple/cam_sender.py
root     1683306  0.0  0.0   9132  2516 pts/20   S+   20:52   0:00 grep simple/
ahmed.e+ 1004907  0.0  0.1 1459444 116500 pts/3  Tl   07:02   0:02 python3 examples/python/simple/byte_can_receiver.py
root     1005676  0.0  0.1 1433236 121488 pts/3  Tl   07:03   0:02 python3 examples/python/simple/byte_can_receiver.py
root     1007358  0.0  0.1 1434328 122684 pts/3  Tl   07:05   0:15 python3 examples/python/simple/byte_can_receiver.py
root     1682772 26.5  0.0 653812 38844 pts/12   Sl+  20:51   0:11 python3 examples/python/simple/lidar_sender.py
root     1682773  6.4  0.0 658184 38884 pts/19   Sl+  20:51   0:02 python3 examples/python/simple/CAN_sender.py
root     1682774 17.1  0.0 653908 38800 pts/18   Sl+  20:51   0:07 python3 examples/python/simple/cam_sender.py
root     1683312  0.0  0.0   9132  2484 pts/20   S+   20:52   0:00 grep simple/
ahmed.e+ 1004907  0.0  0.1 1459444 116500 pts/3  Tl   07:02   0:02 python3 examples/python/simple/byte_can_receiver.py
root     1005676  0.0  0.1 1433236 121488 pts/3  Tl   07:03   0:02 python3 examples/python/simple/byte_can_receiver.py
root     1007358  0.0  0.1 1434328 122684 pts/3  Tl   07:05   0:15 python3 examples/python/simple/byte_can_receiver.py
root     1682772 26.6  0.0 653812 38844 pts/12   Sl+  20:51   0:11 python3 examples/python/simple/lidar_sender.py
root     1682773  6.4  0.0 658184 38884 pts/19   Sl+  20:51   0:02 python3 examples/python/simple/CAN_sender.py
root     1682774 17.2  0.0 653908 38800 pts/18   Rl+  20:51   0:07 python3 examples/python/simple/cam_sender.py
root     1683318  0.0  0.0   9132  2456 pts/20   S+   20:52   0:00 grep simple/
ahmed.e+ 1004907  0.0  0.1 1459444 116500 pts/3  Tl   07:02   0:02 python3 examples/python/simple/byte_can_receiver.py
root     1005676  0.0  0.1 1433236 121488 pts/3  Tl   07:03   0:02 python3 examples/python/simple/byte_can_receiver.py
root     1007358  0.0  0.1 1434328 122684 pts/3  Tl   07:05   0:15 python3 examples/python/simple/byte_can_receiver.py
root     1682772 26.8  0.0 653812 38844 pts/12   Sl+  20:51   0:12 python3 examples/python/simple/lidar_sender.py
root     1682773  6.4  0.0 658184 38884 pts/19   Sl+  20:51   0:02 python3 examples/python/simple/CAN_sender.py
root     1682774 17.3  0.0 653908 38800 pts/18   Sl+  20:51   0:07 python3 examples/python/simple/cam_sender.py
root     1683324  0.0  0.0   9132  2520 pts/20   S+   20:52   0:00 grep simple/
ahmed.e+ 1004907  0.0  0.1 1459444 116500 pts/3  Tl   07:02   0:02 python3 examples/python/simple/byte_can_receiver.py
root     1005676  0.0  0.1 1433236 121488 pts/3  Tl   07:03   0:02 python3 examples/python/simple/byte_can_receiver.py
root     1007358  0.0  0.1 1434328 122684 pts/3  Tl   07:05   0:15 python3 examples/python/simple/byte_can_receiver.py
root     1682772 26.9  0.0 653812 38844 pts/12   Rl+  20:51   0:12 python3 examples/python/simple/lidar_sender.py
root     1682773  6.4  0.0 658184 38884 pts/19   Rl+  20:51   0:02 python3 examples/python/simple/CAN_sender.py
root     1682774 17.4  0.0 653908 38800 pts/18   Sl+  20:51   0:08 python3 examples/python/simple/cam_sender.py
root     1683330  0.0  0.0   9132  2640 pts/20   S+   20:52   0:00 grep simple/
ahmed.e+ 1004907  0.0  0.1 1459444 116500 pts/3  Tl   07:02   0:02 python3 examples/python/simple/byte_can_receiver.py
root     1005676  0.0  0.1 1433236 121488 pts/3  Tl   07:03   0:02 python3 examples/python/simple/byte_can_receiver.py
root     1007358  0.0  0.1 1434328 122684 pts/3  Tl   07:05   0:15 python3 examples/python/simple/byte_can_receiver.py
root     1682772 27.0  0.0 653812 38844 pts/12   Sl+  20:51   0:12 python3 examples/python/simple/lidar_sender.py
root     1682773  6.5  0.0 658184 38884 pts/19   Sl+  20:51   0:03 python3 examples/python/simple/CAN_sender.py
root     1682774 17.4  0.0 653908 38800 pts/18   Sl+  20:51   0:08 python3 examples/python/simple/cam_sender.py
root     1683336  0.0  0.0   9132  2636 pts/20   S+   20:52   0:00 grep simple/
ahmed.e+ 1004907  0.0  0.1 1459444 116500 pts/3  Tl   07:02   0:02 python3 examples/python/simple/byte_can_receiver.py
root     1005676  0.0  0.1 1433236 121488 pts/3  Tl   07:03   0:02 python3 examples/python/simple/byte_can_receiver.py
root     1007358  0.0  0.1 1434328 122684 pts/3  Tl   07:05   0:15 python3 examples/python/simple/byte_can_receiver.py
root     1682772 27.1  0.0 653812 38844 pts/12   Sl+  20:51   0:13 python3 examples/python/simple/lidar_sender.py
root     1682773  6.5  0.0 658184 38884 pts/19   Sl+  20:51   0:03 python3 examples/python/simple/CAN_sender.py
root     1682774 17.5  0.0 653908 38800 pts/18   Sl+  20:51   0:08 python3 examples/python/simple/cam_sender.py
root     1683342  0.0  0.0   9132  2420 pts/20   S+   20:52   0:00 grep simple/
ahmed.e+ 1004907  0.0  0.1 1459444 116500 pts/3  Tl   07:02   0:02 python3 examples/python/simple/byte_can_receiver.py
root     1005676  0.0  0.1 1433236 121488 pts/3  Tl   07:03   0:02 python3 examples/python/simple/byte_can_receiver.py
root     1007358  0.0  0.1 1434328 122684 pts/3  Tl   07:05   0:15 python3 examples/python/simple/byte_can_receiver.py
root     1682772 27.2  0.0 653812 38844 pts/12   Sl+  20:51   0:13 python3 examples/python/simple/lidar_sender.py
root     1682773  6.5  0.0 658184 38884 pts/19   Sl+  20:51   0:03 python3 examples/python/simple/CAN_sender.py
root     1682774 17.5  0.0 653908 38800 pts/18   Sl+  20:51   0:08 python3 examples/python/simple/cam_sender.py
root     1683348  0.0  0.0   9132  2420 pts/20   S+   20:52   0:00 grep simple/
ahmed.e+ 1004907  0.0  0.1 1459444 116500 pts/3  Tl   07:02   0:02 python3 examples/python/simple/byte_can_receiver.py
root     1005676  0.0  0.1 1433236 121488 pts/3  Tl   07:03   0:02 python3 examples/python/simple/byte_can_receiver.py
root     1007358  0.0  0.1 1434328 122684 pts/3  Tl   07:05   0:15 python3 examples/python/simple/byte_can_receiver.py
root     1682772 27.3  0.0 653812 38844 pts/12   Sl+  20:51   0:13 python3 examples/python/simple/lidar_sender.py
root     1682773  6.5  0.0 658184 38884 pts/19   Sl+  20:51   0:03 python3 examples/python/simple/CAN_sender.py
root     1682774 17.6  0.0 653908 38800 pts/18   Sl+  20:51   0:08 python3 examples/python/simple/cam_sender.py
root     1683354  0.0  0.0   9132  2436 pts/20   S+   20:52   0:00 grep simple/
ahmed.e+ 1004907  0.0  0.1 1459444 116500 pts/3  Tl   07:02   0:02 python3 examples/python/simple/byte_can_receiver.py
root     1005676  0.0  0.1 1433236 121488 pts/3  Tl   07:03   0:02 python3 examples/python/simple/byte_can_receiver.py
root     1007358  0.0  0.1 1434328 122684 pts/3  Tl   07:05   0:15 python3 examples/python/simple/byte_can_receiver.py
root     1682772 27.4  0.0 653812 38844 pts/12   Sl+  20:51   0:13 python3 examples/python/simple/lidar_sender.py
root     1682773  6.5  0.0 658184 38884 pts/19   Sl+  20:51   0:03 python3 examples/python/simple/CAN_sender.py
root     1682774 17.6  0.0 653908 38800 pts/18   Sl+  20:51   0:09 python3 examples/python/simple/cam_sender.py
root     1683360  0.0  0.0   9132  2460 pts/20   S+   20:52   0:00 grep simple/
ahmed.e+ 1004907  0.0  0.1 1459444 116500 pts/3  Tl   07:02   0:02 python3 examples/python/simple/byte_can_receiver.py
root     1005676  0.0  0.1 1433236 121488 pts/3  Tl   07:03   0:02 python3 examples/python/simple/byte_can_receiver.py
root     1007358  0.0  0.1 1434328 122684 pts/3  Tl   07:05   0:15 python3 examples/python/simple/byte_can_receiver.py
root     1682772 27.5  0.0 653812 38844 pts/12   Rl+  20:51   0:14 python3 examples/python/simple/lidar_sender.py
root     1682773  6.5  0.0 658184 38884 pts/19   Sl+  20:51   0:03 python3 examples/python/simple/CAN_sender.py
root     1682774 17.7  0.0 653908 38800 pts/18   Sl+  20:51   0:09 python3 examples/python/simple/cam_sender.py
root     1683367  0.0  0.0   9132  2640 pts/20   S+   20:52   0:00 grep simple/
ahmed.e+ 1004907  0.0  0.1 1459444 116500 pts/3  Tl   07:02   0:02 python3 examples/python/simple/byte_can_receiver.py
root     1005676  0.0  0.1 1433236 121488 pts/3  Tl   07:03   0:02 python3 examples/python/simple/byte_can_receiver.py
root     1007358  0.0  0.1 1434328 122684 pts/3  Tl   07:05   0:15 python3 examples/python/simple/byte_can_receiver.py
root     1682772 27.5  0.0 653812 38844 pts/12   Sl+  20:51   0:14 python3 examples/python/simple/lidar_sender.py
root     1682773  6.5  0.0 658184 38884 pts/19   Sl+  20:51   0:03 python3 examples/python/simple/CAN_sender.py
root     1682774 17.7  0.0 653908 38800 pts/18   Sl+  20:51   0:09 python3 examples/python/simple/cam_sender.py
root     1683373  0.0  0.0   9132  2596 pts/20   S+   20:52   0:00 grep simple/
ahmed.e+ 1004907  0.0  0.1 1459444 116500 pts/3  Tl   07:02   0:02 python3 examples/python/simple/byte_can_receiver.py
root     1005676  0.0  0.1 1433236 121488 pts/3  Tl   07:03   0:02 python3 examples/python/simple/byte_can_receiver.py
root     1007358  0.0  0.1 1434328 122684 pts/3  Tl   07:05   0:15 python3 examples/python/simple/byte_can_receiver.py
root     1682772 27.6  0.0 653812 38844 pts/12   Sl+  20:51   0:14 python3 examples/python/simple/lidar_sender.py
root     1682773  6.5  0.0 658184 38884 pts/19   Sl+  20:51   0:03 python3 examples/python/simple/CAN_sender.py
root     1682774 17.7  0.0 653908 38800 pts/18   Sl+  20:51   0:09 python3 examples/python/simple/cam_sender.py
root     1683379  0.0  0.0   9132  2484 pts/20   S+   20:52   0:00 grep simple/
ahmed.e+ 1004907  0.0  0.1 1459444 116500 pts/3  Tl   07:02   0:02 python3 examples/python/simple/byte_can_receiver.py
root     1005676  0.0  0.1 1433236 121488 pts/3  Tl   07:03   0:02 python3 examples/python/simple/byte_can_receiver.py
root     1007358  0.0  0.1 1434328 122684 pts/3  Tl   07:05   0:15 python3 examples/python/simple/byte_can_receiver.py
root     1682772 27.6  0.0 653812 38844 pts/12   Sl+  20:51   0:15 python3 examples/python/simple/lidar_sender.py
root     1682773  6.6  0.0 658184 38884 pts/19   Sl+  20:51   0:03 python3 examples/python/simple/CAN_sender.py
root     1682774 17.8  0.0 653908 38800 pts/18   Sl+  20:51   0:09 python3 examples/python/simple/cam_sender.py
root     1683385  0.0  0.0   9132  2440 pts/20   S+   20:52   0:00 grep simple/
ahmed.e+ 1004907  0.0  0.1 1459444 116500 pts/3  Tl   07:02   0:02 python3 examples/python/simple/byte_can_receiver.py
root     1005676  0.0  0.1 1433236 121488 pts/3  Tl   07:03   0:02 python3 examples/python/simple/byte_can_receiver.py
root     1007358  0.0  0.1 1434328 122684 pts/3  Tl   07:05   0:15 python3 examples/python/simple/byte_can_receiver.py
root     1682772 27.7  0.0 653812 38844 pts/12   Sl+  20:51   0:15 python3 examples/python/simple/lidar_sender.py
root     1682773  6.6  0.0 658184 38884 pts/19   Sl+  20:51   0:03 python3 examples/python/simple/CAN_sender.py
root     1682774 17.8  0.0 653908 38800 pts/18   Sl+  20:51   0:09 python3 examples/python/simple/cam_sender.py
root     1683391  0.0  0.0   9132  2520 pts/20   S+   20:52   0:00 grep simple/
ahmed.e+ 1004907  0.0  0.1 1459444 116500 pts/3  Tl   07:02   0:02 python3 examples/python/simple/byte_can_receiver.py
root     1005676  0.0  0.1 1433236 121488 pts/3  Tl   07:03   0:02 python3 examples/python/simple/byte_can_receiver.py
root     1007358  0.0  0.1 1434328 122684 pts/3  Tl   07:05   0:15 python3 examples/python/simple/byte_can_receiver.py
root     1682772 27.8  0.0 653812 38844 pts/12   Rl+  20:51   0:15 python3 examples/python/simple/lidar_sender.py
root     1682773  6.6  0.0 658184 38884 pts/19   Sl+  20:51   0:03 python3 examples/python/simple/CAN_sender.py
root     1682774 17.8  0.0 653908 38800 pts/18   Sl+  20:51   0:10 python3 examples/python/simple/cam_sender.py
root     1683397  0.0  0.0   9132  2476 pts/20   S+   20:52   0:00 grep simple/
ahmed.e+ 1004907  0.0  0.1 1459444 116500 pts/3  Tl   07:02   0:02 python3 examples/python/simple/byte_can_receiver.py
root     1005676  0.0  0.1 1433236 121488 pts/3  Tl   07:03   0:02 python3 examples/python/simple/byte_can_receiver.py
root     1007358  0.0  0.1 1434328 122684 pts/3  Tl   07:05   0:15 python3 examples/python/simple/byte_can_receiver.py
root     1682772 27.8  0.0 653812 38844 pts/12   Rl+  20:51   0:16 python3 examples/python/simple/lidar_sender.py
root     1682773  6.6  0.0 658184 38884 pts/19   Sl+  20:51   0:03 python3 examples/python/simple/CAN_sender.py
root     1682774 17.9  0.0 653908 38800 pts/18   Sl+  20:51   0:10 python3 examples/python/simple/cam_sender.py
root     1683403  0.0  0.0   9132  2644 pts/20   S+   20:52   0:00 grep simple/
ahmed.e+ 1004907  0.0  0.1 1459444 116500 pts/3  Tl   07:02   0:02 python3 examples/python/simple/byte_can_receiver.py
root     1005676  0.0  0.1 1433236 121488 pts/3  Tl   07:03   0:02 python3 examples/python/simple/byte_can_receiver.py
root     1007358  0.0  0.1 1434328 122684 pts/3  Tl   07:05   0:15 python3 examples/python/simple/byte_can_receiver.py
root     1682772 27.9  0.0 653812 38844 pts/12   Sl+  20:51   0:16 python3 examples/python/simple/lidar_sender.py
root     1682773  6.6  0.0 658184 38884 pts/19   Sl+  20:51   0:03 python3 examples/python/simple/CAN_sender.py
root     1682774 17.9  0.0 653908 38800 pts/18   Rl+  20:51   0:10 python3 examples/python/simple/cam_sender.py
root     1683409  0.0  0.0   9132  2572 pts/20   S+   20:52   0:00 grep simple/
ahmed.e+ 1004907  0.0  0.1 1459444 116500 pts/3  Tl   07:02   0:02 python3 examples/python/simple/byte_can_receiver.py
root     1005676  0.0  0.1 1433236 121488 pts/3  Tl   07:03   0:02 python3 examples/python/simple/byte_can_receiver.py
root     1007358  0.0  0.1 1434328 122684 pts/3  Tl   07:05   0:15 python3 examples/python/simple/byte_can_receiver.py
root     1682772 28.0  0.0 653812 38844 pts/12   Sl+  20:51   0:16 python3 examples/python/simple/lidar_sender.py
root     1682773  6.6  0.0 658184 38884 pts/19   Sl+  20:51   0:04 python3 examples/python/simple/CAN_sender.py
root     1682774 17.9  0.0 653908 38800 pts/18   Sl+  20:51   0:10 python3 examples/python/simple/cam_sender.py
root     1683415  0.0  0.0   9132  2456 pts/20   S+   20:52   0:00 grep simple/
ahmed.e+ 1004907  0.0  0.1 1459444 116500 pts/3  Tl   07:02   0:02 python3 examples/python/simple/byte_can_receiver.py
root     1005676  0.0  0.1 1433236 121488 pts/3  Tl   07:03   0:02 python3 examples/python/simple/byte_can_receiver.py
root     1007358  0.0  0.1 1434328 122684 pts/3  Tl   07:05   0:15 python3 examples/python/simple/byte_can_receiver.py
root     1682772 28.0  0.0 653812 38844 pts/12   Rl+  20:51   0:17 python3 examples/python/simple/lidar_sender.py
root     1682773  6.6  0.0 658184 38884 pts/19   Sl+  20:51   0:04 python3 examples/python/simple/CAN_sender.py
root     1682774 18.0  0.0 653908 38800 pts/18   Sl+  20:51   0:11 python3 examples/python/simple/cam_sender.py
root     1683421  0.0  0.0   9132  2432 pts/20   S+   20:52   0:00 grep simple/
ahmed.e+ 1004907  0.0  0.1 1459444 116500 pts/3  Tl   07:02   0:02 python3 examples/python/simple/byte_can_receiver.py
root     1005676  0.0  0.1 1433236 121488 pts/3  Tl   07:03   0:02 python3 examples/python/simple/byte_can_receiver.py
root     1007358  0.0  0.1 1434328 122684 pts/3  Tl   07:05   0:15 python3 examples/python/simple/byte_can_receiver.py
root     1682772 28.1  0.0 653812 38844 pts/12   Rl+  20:51   0:17 python3 examples/python/simple/lidar_sender.py
root     1682773  6.6  0.0 658184 38884 pts/19   Sl+  20:51   0:04 python3 examples/python/simple/CAN_sender.py
root     1682774 18.0  0.0 653908 38800 pts/18   Sl+  20:51   0:11 python3 examples/python/simple/cam_sender.py
root     1683427  0.0  0.0   9132  2648 pts/20   S+   20:52   0:00 grep simple/
ahmed.e+ 1004907  0.0  0.1 1459444 116500 pts/3  Tl   07:02   0:02 python3 examples/python/simple/byte_can_receiver.py
root     1005676  0.0  0.1 1433236 121488 pts/3  Tl   07:03   0:02 python3 examples/python/simple/byte_can_receiver.py
root     1007358  0.0  0.1 1434328 122684 pts/3  Tl   07:05   0:15 python3 examples/python/simple/byte_can_receiver.py
root     1682772 28.1  0.0 653812 38844 pts/12   Sl+  20:51   0:17 python3 examples/python/simple/lidar_sender.py
root     1682773  6.6  0.0 658184 38884 pts/19   Sl+  20:51   0:04 python3 examples/python/simple/CAN_sender.py
root     1682774 18.0  0.0 653908 38800 pts/18   Rl+  20:51   0:11 python3 examples/python/simple/cam_sender.py
root     1683434  0.0  0.0   9132  2508 pts/20   S+   20:52   0:00 grep simple/
ahmed.e+ 1004907  0.0  0.1 1459444 116500 pts/3  Tl   07:02   0:02 python3 examples/python/simple/byte_can_receiver.py
root     1005676  0.0  0.1 1433236 121488 pts/3  Tl   07:03   0:02 python3 examples/python/simple/byte_can_receiver.py
root     1007358  0.0  0.1 1434328 122684 pts/3  Tl   07:05   0:15 python3 examples/python/simple/byte_can_receiver.py
root     1682772 28.2  0.0 653812 38844 pts/12   Sl+  20:51   0:18 python3 examples/python/simple/lidar_sender.py
root     1682773  6.6  0.0 658184 38884 pts/19   Sl+  20:51   0:04 python3 examples/python/simple/CAN_sender.py
root     1682774 18.1  0.0 653908 38800 pts/18   Sl+  20:51   0:11 python3 examples/python/simple/cam_sender.py
root     1683440  0.0  0.0   9132  2572 pts/20   S+   20:52   0:00 grep simple/
ahmed.e+ 1004907  0.0  0.1 1459444 116500 pts/3  Tl   07:02   0:02 python3 examples/python/simple/byte_can_receiver.py
root     1005676  0.0  0.1 1433236 121488 pts/3  Tl   07:03   0:02 python3 examples/python/simple/byte_can_receiver.py
root     1007358  0.0  0.1 1434328 122684 pts/3  Tl   07:05   0:15 python3 examples/python/simple/byte_can_receiver.py
root     1682772 28.2  0.0 654376 39144 pts/12   Sl+  20:51   0:18 python3 examples/python/simple/lidar_sender.py
root     1682773  6.6  0.0 658184 38884 pts/19   Sl+  20:51   0:04 python3 examples/python/simple/CAN_sender.py
root     1682774 18.1  0.0 653908 38800 pts/18   Sl+  20:51   0:11 python3 examples/python/simple/cam_sender.py
root     1683446  0.0  0.0   9132  2592 pts/20   S+   20:53   0:00 grep simple/
ahmed.e+ 1004907  0.0  0.1 1459444 116500 pts/3  Tl   07:02   0:02 python3 examples/python/simple/byte_can_receiver.py
root     1005676  0.0  0.1 1433236 121488 pts/3  Tl   07:03   0:02 python3 examples/python/simple/byte_can_receiver.py
root     1007358  0.0  0.1 1434328 122684 pts/3  Tl   07:05   0:15 python3 examples/python/simple/byte_can_receiver.py
root     1682772 27.8  0.0 654376 39144 pts/12   Sl+  20:51   0:18 python3 examples/python/simple/lidar_sender.py
root     1682773  6.6  0.0 658748 39240 pts/19   Sl+  20:51   0:04 python3 examples/python/simple/CAN_sender.py
root     1682774 18.1  0.0 653908 38800 pts/18   Sl+  20:51   0:12 python3 examples/python/simple/cam_sender.py
root     1683452  0.0  0.0   9132  2484 pts/20   S+   20:53   0:00 grep simple/
ahmed.e+ 1004907  0.0  0.1 1459444 116500 pts/3  Tl   07:02   0:02 python3 examples/python/simple/byte_can_receiver.py
root     1005676  0.0  0.1 1433236 121488 pts/3  Tl   07:03   0:02 python3 examples/python/simple/byte_can_receiver.py
root     1007358  0.0  0.1 1434328 122684 pts/3  Tl   07:05   0:15 python3 examples/python/simple/byte_can_receiver.py
root     1682772 27.4  0.0 654376 39144 pts/12   Sl+  20:51   0:18 python3 examples/python/simple/lidar_sender.py
root     1682773  6.5  0.0 658748 39240 pts/19   Sl+  20:51   0:04 python3 examples/python/simple/CAN_sender.py
root     1682774 18.2  0.0 653908 38800 pts/18   Sl+  20:51   0:12 python3 examples/python/simple/cam_sender.py
root     1683458  0.0  0.0   9132  2560 pts/20   S+   20:53   0:00 grep simple/
ahmed.e+ 1004907  0.0  0.1 1459444 116500 pts/3  Tl   07:02   0:02 python3 examples/python/simple/byte_can_receiver.py
root     1005676  0.0  0.1 1433236 121488 pts/3  Tl   07:03   0:02 python3 examples/python/simple/byte_can_receiver.py
root     1007358  0.0  0.1 1434328 122684 pts/3  Tl   07:05   0:15 python3 examples/python/simple/byte_can_receiver.py
root     1682772 27.0  0.0 654376 39144 pts/12   Sl+  20:51   0:18 python3 examples/python/simple/lidar_sender.py
root     1682773  6.4  0.0 658748 39240 pts/19   Sl+  20:51   0:04 python3 examples/python/simple/CAN_sender.py
root     1682774 18.2  0.0 653908 38800 pts/18   Sl+  20:51   0:12 python3 examples/python/simple/cam_sender.py
root     1683464  0.0  0.0   9132  2472 pts/20   S+   20:53   0:00 grep simple/
ahmed.e+ 1004907  0.0  0.1 1459444 116500 pts/3  Tl   07:02   0:02 python3 examples/python/simple/byte_can_receiver.py
root     1005676  0.0  0.1 1433236 121488 pts/3  Tl   07:03   0:02 python3 examples/python/simple/byte_can_receiver.py
root     1007358  0.0  0.1 1434328 122684 pts/3  Tl   07:05   0:15 python3 examples/python/simple/byte_can_receiver.py
root     1682772 26.6  0.0 654376 39144 pts/12   Sl+  20:51   0:18 python3 examples/python/simple/lidar_sender.py
root     1682773  6.4  0.0 658748 39240 pts/19   Sl+  20:51   0:04 python3 examples/python/simple/CAN_sender.py
root     1682774 18.2  0.0 653908 38800 pts/18   Sl+  20:51   0:12 python3 examples/python/simple/cam_sender.py
root     1683470  0.0  0.0   9132  2484 pts/20   S+   20:53   0:00 grep simple/
