ndn        20331  0.2  1.5 183148 29668 ?        Ssl  03:29   0:01 /usr/bin/nfd --config /etc/ndn/nfd.conf
root       20453  0.0  0.1   7864  2088 pts/1    S+   03:36   0:00 grep -e examples/ -e nfd
ndn        20331  0.2  1.5 183148 29668 ?        Ssl  03:29   0:01 /usr/bin/nfd --config /etc/ndn/nfd.conf
root       20456  0.0  0.1   7864  2020 pts/1    S+   03:36   0:00 grep -e examples/ -e nfd
ndn        20331  0.2  1.5 183148 29668 ?        Ssl  03:29   0:01 /usr/bin/nfd --config /etc/ndn/nfd.conf
root       20459  0.0  0.1   7864  2028 pts/1    S+   03:36   0:00 grep -e examples/ -e nfd
ndn        20331  0.2  1.5 183148 29668 ?        Ssl  03:29   0:01 /usr/bin/nfd --config /etc/ndn/nfd.conf
root       20462  0.0  0.1   7864  2088 pts/1    S+   03:36   0:00 grep -e examples/ -e nfd
ndn        20331  0.2  1.5 183148 29668 ?        Ssl  03:29   0:01 /usr/bin/nfd --config /etc/ndn/nfd.conf
root       20465  0.0  0.1   7864  2024 pts/1    S+   03:36   0:00 grep -e examples/ -e nfd
ndn        20331  0.2  1.5 183148 29668 ?        Ssl  03:29   0:01 /usr/bin/nfd --config /etc/ndn/nfd.conf
root       20468  0.0  0.1   7864  2028 pts/1    S+   03:36   0:00 grep -e examples/ -e nfd
ndn        20331  0.2  1.5 183148 29668 ?        Ssl  03:29   0:01 /usr/bin/nfd --config /etc/ndn/nfd.conf
root       20471  102  2.4 212780 47164 pts/0    Rl+  03:36   0:01 python3 examples/can_receiver.py
root       20478  0.0  0.1   7864  2024 pts/1    S+   03:36   0:00 grep -e examples/ -e nfd
ndn        20331  0.2  1.5 183148 29668 ?        Ssl  03:29   0:01 /usr/bin/nfd --config /etc/ndn/nfd.conf
root       20471  103  3.9 251028 75104 pts/0    Rl+  03:36   0:02 python3 examples/can_receiver.py
root       20481  0.0  0.1   7864  1896 pts/1    S+   03:36   0:00 grep -e examples/ -e nfd
ndn        20331  0.2  1.5 183148 29668 ?        Ssl  03:29   0:01 /usr/bin/nfd --config /etc/ndn/nfd.conf
root       20471  104  4.3 258140 82228 pts/0    Rl+  03:36   0:03 python3 examples/can_receiver.py
root       20484  0.0  0.1   7864  2024 pts/1    S+   03:36   0:00 grep -e examples/ -e nfd
ndn        20331  0.2  1.5 183276 29816 ?        Ssl  03:29   0:01 /usr/bin/nfd --config /etc/ndn/nfd.conf
root       20471 94.5  4.5 260756 85272 pts/0    Sl+  03:36   0:03 python3 examples/can_receiver.py
root       20487  0.0  0.1   7864  2016 pts/1    S+   03:36   0:00 grep -e examples/ -e nfd
ndn        20331  0.2  1.5 183276 29816 ?        Ssl  03:29   0:01 /usr/bin/nfd --config /etc/ndn/nfd.conf
root       20471 79.0  4.5 260756 85272 pts/0    Sl+  03:36   0:03 python3 examples/can_receiver.py
root       20490  0.0  0.1   7864  2020 pts/1    S+   03:36   0:00 grep -e examples/ -e nfd
ndn        20331  0.2  1.5 183276 29816 ?        Ssl  03:29   0:01 /usr/bin/nfd --config /etc/ndn/nfd.conf
root       20471 68.6  4.5 260756 85272 pts/0    Sl+  03:36   0:04 python3 examples/can_receiver.py
root       20493  0.0  0.1   7864  2012 pts/1    S+   03:36   0:00 grep -e examples/ -e nfd
ndn        20331  0.2  1.5 183276 29816 ?        Ssl  03:29   0:01 /usr/bin/nfd --config /etc/ndn/nfd.conf
root       20471 61.1  4.5 260756 85272 pts/0    Sl+  03:36   0:04 python3 examples/can_receiver.py
root       20496  0.0  0.1   7864  2020 pts/1    S+   03:36   0:00 grep -e examples/ -e nfd
ndn        20331  0.2  1.5 183276 29816 ?        Ssl  03:29   0:01 /usr/bin/nfd --config /etc/ndn/nfd.conf
root       20471 55.5  4.5 260756 85272 pts/0    Rl+  03:36   0:04 python3 examples/can_receiver.py
root       20499  0.0  0.1   7864  2028 pts/1    S+   03:36   0:00 grep -e examples/ -e nfd
ndn        20331  0.2  1.5 183276 29816 ?        Ssl  03:29   0:01 /usr/bin/nfd --config /etc/ndn/nfd.conf
root       20471 51.3  4.5 260756 85272 pts/0    Sl+  03:36   0:04 python3 examples/can_receiver.py
root       20502  0.0  0.1   7864  2092 pts/1    S+   03:36   0:00 grep -e examples/ -e nfd
ndn        20331  0.3  1.5 183276 29816 ?        Ssl  03:29   0:01 /usr/bin/nfd --config /etc/ndn/nfd.conf
root       20471 48.4  4.5 260756 85272 pts/0    Sl+  03:36   0:04 python3 examples/can_receiver.py
root       20505  0.0  0.1   7864  2028 pts/1    S+   03:36   0:00 grep -e examples/ -e nfd
ndn        20331  0.3  1.5 183276 29816 ?        Ssl  03:29   0:01 /usr/bin/nfd --config /etc/ndn/nfd.conf
root       20471 45.5  4.5 260756 85464 pts/0    Sl+  03:36   0:05 python3 examples/can_receiver.py
root       20508  0.0  0.1   7864  2020 pts/1    S+   03:36   0:00 grep -e examples/ -e nfd
ndn        20331  0.3  1.5 183276 29816 ?        Ssl  03:29   0:01 /usr/bin/nfd --config /etc/ndn/nfd.conf
root       20471 43.1  4.5 261012 85464 pts/0    Sl+  03:36   0:05 python3 examples/can_receiver.py
root       20511  0.0  0.1   7864  2056 pts/1    S+   03:36   0:00 grep -e examples/ -e nfd
ndn        20331  0.3  1.5 183276 29816 ?        Ssl  03:29   0:01 /usr/bin/nfd --config /etc/ndn/nfd.conf
root       20471 41.1  4.5 261012 85464 pts/0    Sl+  03:36   0:05 python3 examples/can_receiver.py
root       20514  0.0  0.1   7864  1960 pts/1    S+   03:36   0:00 grep -e examples/ -e nfd
ndn        20331  0.3  1.5 183276 29816 ?        Ssl  03:29   0:01 /usr/bin/nfd --config /etc/ndn/nfd.conf
root       20471 39.3  4.5 261012 85464 pts/0    Sl+  03:36   0:05 python3 examples/can_receiver.py
root       20517  0.0  0.1   7864  1892 pts/1    S+   03:36   0:00 grep -e examples/ -e nfd
ndn        20331  0.3  1.5 183276 29816 ?        Ssl  03:29   0:01 /usr/bin/nfd --config /etc/ndn/nfd.conf
root       20471 38.0  4.5 261012 85464 pts/0    Sl+  03:36   0:05 python3 examples/can_receiver.py
root       20520  0.0  0.1   7864  2020 pts/1    S+   03:36   0:00 grep -e examples/ -e nfd
ndn        20331  0.3  1.5 183276 29816 ?        Ssl  03:29   0:01 /usr/bin/nfd --config /etc/ndn/nfd.conf
root       20471 36.6  4.5 261012 85464 pts/0    Sl+  03:36   0:05 python3 examples/can_receiver.py
root       20523  0.0  0.1   7864  2020 pts/1    S+   03:36   0:00 grep -e examples/ -e nfd
ndn        20331  0.3  1.5 183276 29816 ?        Ssl  03:29   0:01 /usr/bin/nfd --config /etc/ndn/nfd.conf
root       20471 35.4  4.5 261012 85464 pts/0    Sl+  03:36   0:06 python3 examples/can_receiver.py
root       20526  0.0  0.1   7864  2088 pts/1    S+   03:36   0:00 grep -e examples/ -e nfd
ndn        20331  0.3  1.5 183276 29816 ?        Rsl  03:29   0:01 /usr/bin/nfd --config /etc/ndn/nfd.conf
root       20471 32.5  4.5 261012 85464 pts/0    Rl+  03:36   0:06 python3 examples/can_receiver.py
root       20529  0.0  0.1   7864  2028 pts/1    S+   03:36   0:00 grep -e examples/ -e nfd
ndn        20331  0.3  1.5 183276 29816 ?        Rsl  03:29   0:01 /usr/bin/nfd --config /etc/ndn/nfd.conf
root       20471 31.8  4.5 261012 85464 pts/0    Rl+  03:36   0:06 python3 examples/can_receiver.py
root       20532  0.0  0.1   7864  2024 pts/1    S+   03:36   0:00 grep -e examples/ -e nfd
ndn        20331  0.4  1.5 183276 29816 ?        Ssl  03:29   0:01 /usr/bin/nfd --config /etc/ndn/nfd.conf
root       20471 31.1  4.5 261012 85464 pts/0    Rl+  03:36   0:06 python3 examples/can_receiver.py
root       20535  0.0  0.1   7864  1972 pts/1    S+   03:36   0:00 grep -e examples/ -e nfd
ndn        20331  0.4  1.5 183276 29816 ?        Ssl  03:29   0:01 /usr/bin/nfd --config /etc/ndn/nfd.conf
root       20471 31.0  4.5 261012 85464 pts/0    Sl+  03:36   0:06 python3 examples/can_receiver.py
root       20538  0.0  0.1   7864  2020 pts/1    S+   03:36   0:00 grep -e examples/ -e nfd
ndn        20331  0.4  1.5 183276 29816 ?        Ssl  03:29   0:02 /usr/bin/nfd --config /etc/ndn/nfd.conf
root       20471 30.3  4.5 261012 85464 pts/0    Sl+  03:36   0:06 python3 examples/can_receiver.py
root       20542  0.0  0.1   7864  1892 pts/1    S+   03:36   0:00 grep -e examples/ -e nfd
ndn        20331  0.4  1.5 183276 29816 ?        Rsl  03:29   0:02 /usr/bin/nfd --config /etc/ndn/nfd.conf
root       20471 29.7  4.5 261012 85464 pts/0    Sl+  03:36   0:07 python3 examples/can_receiver.py
root       20545  0.0  0.1   7864  1896 pts/1    S+   03:36   0:00 grep -e examples/ -e nfd
ndn        20331  0.4  1.5 183276 29816 ?        Rsl  03:29   0:02 /usr/bin/nfd --config /etc/ndn/nfd.conf
root       20471 29.2  4.5 261012 85464 pts/0    Rl+  03:36   0:07 python3 examples/can_receiver.py
root       20548  0.0  0.1   7864  2028 pts/1    S+   03:36   0:00 grep -e examples/ -e nfd
ndn        20331  0.4  1.5 183276 29816 ?        Ssl  03:29   0:02 /usr/bin/nfd --config /etc/ndn/nfd.conf
root       20471 28.8  4.5 261012 85464 pts/0    Sl+  03:36   0:07 python3 examples/can_receiver.py
root       20551  0.0  0.1   7864  1896 pts/1    S+   03:36   0:00 grep -e examples/ -e nfd
ndn        20331  0.4  1.5 183276 29816 ?        Ssl  03:29   0:02 /usr/bin/nfd --config /etc/ndn/nfd.conf
root       20471 28.4  4.5 261012 85464 pts/0    Sl+  03:36   0:07 python3 examples/can_receiver.py
root       20554  0.0  0.1   7864  2024 pts/1    S+   03:36   0:00 grep -e examples/ -e nfd
ndn        20331  0.4  1.5 183276 29816 ?        Ssl  03:29   0:02 /usr/bin/nfd --config /etc/ndn/nfd.conf
root       20471 28.3  4.5 261012 85464 pts/0    Rl+  03:36   0:07 python3 examples/can_receiver.py
root       20557  0.0  0.1   7864  2028 pts/1    S+   03:36   0:00 grep -e examples/ -e nfd
ndn        20331  0.4  1.5 183276 29816 ?        Ssl  03:29   0:02 /usr/bin/nfd --config /etc/ndn/nfd.conf
root       20471 28.0  4.5 261012 85464 pts/0    Sl+  03:36   0:08 python3 examples/can_receiver.py
root       20560  0.0  0.1   7864  2088 pts/1    S+   03:36   0:00 grep -e examples/ -e nfd
ndn        20331  0.5  1.5 183276 29816 ?        Ssl  03:29   0:02 /usr/bin/nfd --config /etc/ndn/nfd.conf
root       20471 27.6  4.5 261012 85464 pts/0    Sl+  03:36   0:08 python3 examples/can_receiver.py
root       20563  0.0  0.1   7864  2088 pts/1    S+   03:36   0:00 grep -e examples/ -e nfd
ndn        20331  0.5  1.5 183276 29816 ?        Ssl  03:29   0:02 /usr/bin/nfd --config /etc/ndn/nfd.conf
root       20471 27.2  4.5 261012 85464 pts/0    Sl+  03:36   0:08 python3 examples/can_receiver.py
root       20566  0.0  0.1   7864  2020 pts/1    S+   03:36   0:00 grep -e examples/ -e nfd
ndn        20331  0.5  1.5 183276 29816 ?        Ssl  03:29   0:02 /usr/bin/nfd --config /etc/ndn/nfd.conf
root       20471 26.9  4.5 261012 85464 pts/0    Sl+  03:36   0:08 python3 examples/can_receiver.py
root       20569  0.0  0.1   7864  2024 pts/1    S+   03:36   0:00 grep -e examples/ -e nfd
ndn        20331  0.5  1.5 183276 29816 ?        Ssl  03:29   0:02 /usr/bin/nfd --config /etc/ndn/nfd.conf
root       20471 26.6  4.5 261012 85464 pts/0    Rl+  03:36   0:08 python3 examples/can_receiver.py
root       20572  0.0  0.1   7864  1896 pts/1    S+   03:36   0:00 grep -e examples/ -e nfd
ndn        20331  0.5  1.5 183276 29816 ?        Ssl  03:29   0:02 /usr/bin/nfd --config /etc/ndn/nfd.conf
root       20471 26.6  4.5 261012 85728 pts/0    Rl+  03:36   0:09 python3 examples/can_receiver.py
root       20575  0.0  0.1   7864  2020 pts/1    S+   03:36   0:00 grep -e examples/ -e nfd
ndn        20331  0.5  1.5 183276 29816 ?        Ssl  03:29   0:02 /usr/bin/nfd --config /etc/ndn/nfd.conf
root       20471 26.3  4.5 261012 85728 pts/0    Sl+  03:36   0:09 python3 examples/can_receiver.py
root       20578  0.0  0.1   7864  2072 pts/1    S+   03:36   0:00 grep -e examples/ -e nfd
ndn        20331  0.5  1.5 183276 29816 ?        Ssl  03:29   0:02 /usr/bin/nfd --config /etc/ndn/nfd.conf
root       20471 26.1  4.5 261012 85728 pts/0    Sl+  03:36   0:09 python3 examples/can_receiver.py
root       20582  0.0  0.1   7864  2000 pts/1    S+   03:37   0:00 grep -e examples/ -e nfd
ndn        20331  0.5  1.5 183276 29816 ?        Ssl  03:29   0:02 /usr/bin/nfd --config /etc/ndn/nfd.conf
root       20471 25.8  4.5 261012 85728 pts/0    Sl+  03:36   0:09 python3 examples/can_receiver.py
root       20585  0.0  0.1   7864  2024 pts/1    S+   03:37   0:00 grep -e examples/ -e nfd
ndn        20331  0.5  1.5 183276 29816 ?        Ssl  03:29   0:02 /usr/bin/nfd --config /etc/ndn/nfd.conf
root       20471 24.9  4.5 261012 85728 pts/0    Sl+  03:36   0:09 python3 examples/can_receiver.py
root       20588  0.0  0.1   7864  2020 pts/1    S+   03:37   0:00 grep -e examples/ -e nfd
ndn        20331  0.5  1.5 183276 29816 ?        Ssl  03:29   0:02 /usr/bin/nfd --config /etc/ndn/nfd.conf
root       20471 24.8  4.5 261012 85728 pts/0    Rl+  03:36   0:09 python3 examples/can_receiver.py
root       20591  0.0  0.1   7864  2024 pts/1    S+   03:37   0:00 grep -e examples/ -e nfd
ndn        20331  0.5  1.5 183276 29816 ?        Ssl  03:29   0:02 /usr/bin/nfd --config /etc/ndn/nfd.conf
root       20471 24.6  4.5 261012 85728 pts/0    Sl+  03:36   0:10 python3 examples/can_receiver.py
root       20594  0.0  0.1   7864  2024 pts/1    S+   03:37   0:00 grep -e examples/ -e nfd
ndn        20331  0.6  1.5 183276 29816 ?        Ssl  03:29   0:02 /usr/bin/nfd --config /etc/ndn/nfd.conf
root       20471 24.4  4.5 261012 85728 pts/0    Sl+  03:36   0:10 python3 examples/can_receiver.py
root       20597  0.0  0.1   7864  2088 pts/1    S+   03:37   0:00 grep -e examples/ -e nfd
ndn        20331  0.6  1.5 183276 29816 ?        Ssl  03:29   0:02 /usr/bin/nfd --config /etc/ndn/nfd.conf
root       20471 24.2  4.5 261012 85728 pts/0    Sl+  03:36   0:10 python3 examples/can_receiver.py
root       20600  0.0  0.1   7864  1896 pts/1    S+   03:37   0:00 grep -e examples/ -e nfd
ndn        20331  0.6  1.5 183276 29816 ?        Ssl  03:29   0:03 /usr/bin/nfd --config /etc/ndn/nfd.conf
root       20471 24.0  4.5 261012 85728 pts/0    Sl+  03:36   0:10 python3 examples/can_receiver.py
root       20603  0.0  0.1   7864  2028 pts/1    S+   03:37   0:00 grep -e examples/ -e nfd
ndn        20331  0.6  1.5 183276 29816 ?        Ssl  03:29   0:03 /usr/bin/nfd --config /etc/ndn/nfd.conf
root       20471 23.9  4.5 261012 85728 pts/0    Sl+  03:36   0:10 python3 examples/can_receiver.py
root       20606  0.0  0.1   7864  2028 pts/1    S+   03:37   0:00 grep -e examples/ -e nfd
ndn        20331  0.6  1.5 183276 29816 ?        Ssl  03:29   0:03 /usr/bin/nfd --config /etc/ndn/nfd.conf
root       20471 24.0  4.5 261012 85728 pts/0    Rl+  03:36   0:11 python3 examples/can_receiver.py
root       20609  0.0  0.1   7864  2088 pts/1    S+   03:37   0:00 grep -e examples/ -e nfd
ndn        20331  0.6  1.5 183276 29816 ?        Ssl  03:29   0:03 /usr/bin/nfd --config /etc/ndn/nfd.conf
root       20471 23.8  4.5 261012 85728 pts/0    Rl+  03:36   0:11 python3 examples/can_receiver.py
root       20612  0.0  0.1   7864  2088 pts/1    S+   03:37   0:00 grep -e examples/ -e nfd
ndn        20331  0.6  1.5 183276 29816 ?        Ssl  03:29   0:03 /usr/bin/nfd --config /etc/ndn/nfd.conf
root       20471 23.6  4.5 261012 85728 pts/0    Sl+  03:36   0:11 python3 examples/can_receiver.py
root       20615  0.0  0.1   7864  2016 pts/1    S+   03:37   0:00 grep -e examples/ -e nfd
ndn        20331  0.6  1.5 183276 29816 ?        Ssl  03:29   0:03 /usr/bin/nfd --config /etc/ndn/nfd.conf
root       20471 23.5  4.5 261012 85728 pts/0    Sl+  03:36   0:11 python3 examples/can_receiver.py
root       20618  0.0  0.1   7864  2060 pts/1    S+   03:37   0:00 grep -e examples/ -e nfd
ndn        20331  0.6  1.5 183276 29816 ?        Ssl  03:29   0:03 /usr/bin/nfd --config /etc/ndn/nfd.conf
root       20471 23.3  4.5 261012 85728 pts/0    Sl+  03:36   0:11 python3 examples/can_receiver.py
root       20621  0.0  0.1   7864  2088 pts/1    S+   03:37   0:00 grep -e examples/ -e nfd
ndn        20331  0.6  1.5 183276 29816 ?        Ssl  03:29   0:03 /usr/bin/nfd --config /etc/ndn/nfd.conf
root       20471 23.3  4.5 261012 85728 pts/0    Sl+  03:36   0:11 python3 examples/can_receiver.py
root       20624  0.0  0.1   7864  2012 pts/1    S+   03:37   0:00 grep -e examples/ -e nfd
ndn        20331  0.6  1.5 183276 29816 ?        Ssl  03:29   0:03 /usr/bin/nfd --config /etc/ndn/nfd.conf
root       20471 23.1  4.5 261012 85728 pts/0    Rl+  03:36   0:12 python3 examples/can_receiver.py
root       20627  0.0  0.1   7864  2024 pts/1    S+   03:37   0:00 grep -e examples/ -e nfd
ndn        20331  0.6  1.5 183276 29816 ?        Ssl  03:29   0:03 /usr/bin/nfd --config /etc/ndn/nfd.conf
root       20471 23.0  4.5 261268 85728 pts/0    Sl+  03:36   0:12 python3 examples/can_receiver.py
root       20630  0.0  0.1   7864  2028 pts/1    S+   03:37   0:00 grep -e examples/ -e nfd
ndn        20331  0.7  1.5 183276 29816 ?        Ssl  03:29   0:03 /usr/bin/nfd --config /etc/ndn/nfd.conf
root       20471 22.9  4.5 261268 85728 pts/0    Rl+  03:36   0:12 python3 examples/can_receiver.py
root       20633  0.0  0.1   7864  1960 pts/1    S+   03:37   0:00 grep -e examples/ -e nfd
ndn        20331  0.7  1.5 183276 29816 ?        Ssl  03:29   0:03 /usr/bin/nfd --config /etc/ndn/nfd.conf
root       20471 22.8  4.5 261268 85728 pts/0    Sl+  03:36   0:12 python3 examples/can_receiver.py
root       20636  0.0  0.1   7864  2024 pts/1    S+   03:37   0:00 grep -e examples/ -e nfd
ndn        20331  0.7  1.5 183276 29816 ?        Ssl  03:29   0:03 /usr/bin/nfd --config /etc/ndn/nfd.conf
root       20471 22.7  4.5 261268 85728 pts/0    Sl+  03:36   0:12 python3 examples/can_receiver.py
root       20639  0.0  0.1   7864  2020 pts/1    S+   03:37   0:00 grep -e examples/ -e nfd
ndn        20331  0.7  1.5 183276 29816 ?        Ssl  03:29   0:03 /usr/bin/nfd --config /etc/ndn/nfd.conf
root       20471 22.6  4.5 261268 85728 pts/0    Sl+  03:36   0:12 python3 examples/can_receiver.py
root       20642  0.0  0.1   7864  2024 pts/1    S+   03:37   0:00 grep -e examples/ -e nfd
ndn        20331  0.7  1.5 183276 29816 ?        Ssl  03:29   0:03 /usr/bin/nfd --config /etc/ndn/nfd.conf
root       20471 22.1  4.5 261268 85728 pts/0    Sl+  03:36   0:13 python3 examples/can_receiver.py
root       20645  0.0  0.1   7864  2084 pts/1    S+   03:37   0:00 grep -e examples/ -e nfd
ndn        20331  0.7  1.5 183276 29816 ?        Ssl  03:29   0:03 /usr/bin/nfd --config /etc/ndn/nfd.conf
root       20471 22.0  4.5 261268 85728 pts/0    Rl+  03:36   0:13 python3 examples/can_receiver.py
root       20648  0.0  0.1   7864  1960 pts/1    S+   03:37   0:00 grep -e examples/ -e nfd
ndn        20331  0.7  1.5 183276 29816 ?        Ssl  03:29   0:03 /usr/bin/nfd --config /etc/ndn/nfd.conf
root       20471 21.9  4.5 261268 85728 pts/0    Sl+  03:36   0:13 python3 examples/can_receiver.py
root       20651  0.0  0.1   7864  1960 pts/1    S+   03:37   0:00 grep -e examples/ -e nfd
ndn        20331  0.7  1.5 183276 29816 ?        Ssl  03:29   0:03 /usr/bin/nfd --config /etc/ndn/nfd.conf
root       20471 21.9  4.5 261268 85728 pts/0    Rl+  03:36   0:13 python3 examples/can_receiver.py
root       20654  0.0  0.1   7864  2024 pts/1    S+   03:37   0:00 grep -e examples/ -e nfd
ndn        20331  0.7  1.5 183276 29816 ?        Ssl  03:29   0:03 /usr/bin/nfd --config /etc/ndn/nfd.conf
root       20471 22.0  4.5 261268 85728 pts/0    Sl+  03:36   0:13 python3 examples/can_receiver.py
root       20657  0.0  0.1   7864  2032 pts/1    S+   03:37   0:00 grep -e examples/ -e nfd
ndn        20331  0.7  1.5 183276 29816 ?        Ssl  03:29   0:03 /usr/bin/nfd --config /etc/ndn/nfd.conf
root       20471 22.5  4.7 298808 89036 pts/0    Rl+  03:36   0:14 python3 examples/can_receiver.py
root       20660  0.0  0.1   7864  2020 pts/1    S+   03:37   0:00 grep -e examples/ -e nfd
ndn        20331  0.7  1.5 183276 29816 ?        Ssl  03:29   0:03 /usr/bin/nfd --config /etc/ndn/nfd.conf
root       20471 23.1  5.0 300760 94736 pts/0    Sl+  03:36   0:15 python3 examples/can_receiver.py
root       20663  0.0  0.1   7864  2088 pts/1    S+   03:37   0:00 grep -e examples/ -e nfd
ndn        20331  0.7  1.5 183276 29816 ?        Ssl  03:29   0:03 /usr/bin/nfd --config /etc/ndn/nfd.conf
root       20471 22.8  5.0 300760 94736 pts/0    Sl+  03:36   0:15 python3 examples/can_receiver.py
root       20666  0.0  0.1   7864  2024 pts/1    S+   03:37   0:00 grep -e examples/ -e nfd
ndn        20331  0.7  1.5 183276 29816 ?        Ssl  03:29   0:03 /usr/bin/nfd --config /etc/ndn/nfd.conf
root       20471 22.4  5.0 300760 94736 pts/0    Sl+  03:36   0:15 python3 examples/can_receiver.py
root       20669  0.0  0.1   7864  2024 pts/1    S+   03:37   0:00 grep -e examples/ -e nfd
ndn        20331  0.7  1.5 183276 29816 ?        Ssl  03:29   0:03 /usr/bin/nfd --config /etc/ndn/nfd.conf
root       20471 22.1  5.0 300760 94736 pts/0    Sl+  03:36   0:15 python3 examples/can_receiver.py
root       20673  0.0  0.1   7864  2020 pts/1    S+   03:37   0:00 grep -e examples/ -e nfd
ndn        20331  0.7  1.5 183276 29816 ?        Ssl  03:29   0:03 /usr/bin/nfd --config /etc/ndn/nfd.conf
root       20471 21.8  5.0 300760 94736 pts/0    Sl+  03:36   0:15 python3 examples/can_receiver.py
root       20676  0.0  0.1   7864  2024 pts/1    S+   03:37   0:00 grep -e examples/ -e nfd
ndn        20331  0.7  1.5 183276 29816 ?        Ssl  03:29   0:03 /usr/bin/nfd --config /etc/ndn/nfd.conf
root       20471 21.5  5.0 300760 94736 pts/0    Sl+  03:36   0:15 python3 examples/can_receiver.py
root       20679  0.0  0.1   7864  1896 pts/1    S+   03:37   0:00 grep -e examples/ -e nfd
