root       18074  0.0  0.1   8012  2056 pts/3    S+   18:55   0:00 grep simple/cam_receiver.py
root       18078  0.0  0.1   8012  2132 pts/3    S+   18:55   0:00 grep simple/cam_receiver.py
root       18082  0.0  0.1   8012  2000 pts/3    S+   18:55   0:00 grep simple/cam_receiver.py
root       18086  0.0  0.0   8012  1864 pts/3    S+   18:55   0:00 grep simple/cam_receiver.py
root       18090  0.0  0.1   8012  2012 pts/3    S+   18:55   0:00 grep simple/cam_receiver.py
root       18094  0.0  0.1   8012  1896 pts/3    S+   18:55   0:00 grep simple/cam_receiver.py
root       18098  0.0  0.9  24336 17532 pts/2    R+   18:55   0:00 python3 examples/python/simple/cam_receiver.py
root       18098  174  3.4 249060 64824 pts/2    Rl+  18:55   0:01 python3 examples/python/simple/cam_receiver.py
root       18098  140  4.0 261520 77452 pts/2    Rl+  18:55   0:02 python3 examples/python/simple/cam_receiver.py
root       18098  128  4.3 266348 82028 pts/2    Rl+  18:55   0:03 python3 examples/python/simple/cam_receiver.py
root       18098  106  5.2 873512 98660 pts/2    Sl+  18:55   0:04 python3 examples/python/simple/cam_receiver.py
root       18098 87.2  5.2 873512 98660 pts/2    Sl+  18:55   0:04 python3 examples/python/simple/cam_receiver.py
root       18098 63.8  5.2 873512 99388 pts/2    Sl+  18:55   0:04 python3 examples/python/simple/cam_receiver.py
root       18098 57.3  5.2 873512 99388 pts/2    Sl+  18:55   0:04 python3 examples/python/simple/cam_receiver.py
root       18098 52.1  5.2 873512 99388 pts/2    Sl+  18:55   0:04 python3 examples/python/simple/cam_receiver.py
root       18098 48.6  5.2 873512 99388 pts/2    Sl+  18:55   0:04 python3 examples/python/simple/cam_receiver.py
root       18098 45.1  5.2 873512 99388 pts/2    Sl+  18:55   0:04 python3 examples/python/simple/cam_receiver.py
root       18098 42.3  5.2 873512 99388 pts/2    Sl+  18:55   0:05 python3 examples/python/simple/cam_receiver.py
root       18098 39.8  5.2 873512 99388 pts/2    Sl+  18:55   0:05 python3 examples/python/simple/cam_receiver.py
root       18098 37.7  5.2 873512 99388 pts/2    Rl+  18:55   0:05 python3 examples/python/simple/cam_receiver.py
root       18098 36.1  5.2 873512 99388 pts/2    Sl+  18:55   0:05 python3 examples/python/simple/cam_receiver.py
root       18098 34.6  5.2 873512 99388 pts/2    Sl+  18:55   0:05 python3 examples/python/simple/cam_receiver.py
root       18098 33.1  5.2 873512 99388 pts/2    Sl+  18:55   0:05 python3 examples/python/simple/cam_receiver.py
root       18098 32.0  5.2 873512 99388 pts/2    Rl+  18:55   0:05 python3 examples/python/simple/cam_receiver.py
root       18098 30.8  5.2 873512 99388 pts/2    Sl+  18:55   0:05 python3 examples/python/simple/cam_receiver.py
root       18098 30.0  5.2 873512 99388 pts/2    Rl+  18:55   0:06 python3 examples/python/simple/cam_receiver.py
root       18098 29.5  5.2 873512 99388 pts/2    Sl+  18:55   0:06 python3 examples/python/simple/cam_receiver.py
root       18098 28.6  5.2 873512 99388 pts/2    Sl+  18:55   0:06 python3 examples/python/simple/cam_receiver.py
root       18098 27.9  5.2 873512 99388 pts/2    Sl+  18:55   0:06 python3 examples/python/simple/cam_receiver.py
root       18098 26.0  5.2 873512 99388 pts/2    Sl+  18:55   0:06 python3 examples/python/simple/cam_receiver.py
root       18098 25.4  5.2 873512 99388 pts/2    Sl+  18:55   0:06 python3 examples/python/simple/cam_receiver.py
root       18098 25.0  5.2 873512 99388 pts/2    Sl+  18:55   0:06 python3 examples/python/simple/cam_receiver.py
root       18098 24.5  5.2 873512 99388 pts/2    Sl+  18:55   0:06 python3 examples/python/simple/cam_receiver.py
root       18098 24.0  5.2 873512 99388 pts/2    Sl+  18:55   0:06 python3 examples/python/simple/cam_receiver.py
root       18098 23.6  5.2 873512 99388 pts/2    Sl+  18:55   0:07 python3 examples/python/simple/cam_receiver.py
root       18098 23.2  5.2 873512 99388 pts/2    Sl+  18:55   0:07 python3 examples/python/simple/cam_receiver.py
root       18098 22.9  5.2 873512 99388 pts/2    Sl+  18:55   0:07 python3 examples/python/simple/cam_receiver.py
root       18098 22.8  5.2 873512 99388 pts/2    Sl+  18:55   0:07 python3 examples/python/simple/cam_receiver.py
root       18098 22.5  5.2 873512 99388 pts/2    Sl+  18:55   0:07 python3 examples/python/simple/cam_receiver.py
root       18098 22.1  5.2 873512 99388 pts/2    Sl+  18:55   0:07 python3 examples/python/simple/cam_receiver.py
root       18098 21.8  5.2 873512 99388 pts/2    Sl+  18:55   0:07 python3 examples/python/simple/cam_receiver.py
root       18098 21.5  5.2 873512 99388 pts/2    Sl+  18:55   0:07 python3 examples/python/simple/cam_receiver.py
root       18098 21.3  5.2 873512 99388 pts/2    Sl+  18:55   0:08 python3 examples/python/simple/cam_receiver.py
root       18098 21.0  5.2 873512 99388 pts/2    Sl+  18:55   0:08 python3 examples/python/simple/cam_receiver.py
root       18098 20.8  5.2 873512 99388 pts/2    Sl+  18:55   0:08 python3 examples/python/simple/cam_receiver.py
root       18098 20.5  5.2 873512 99388 pts/2    Sl+  18:55   0:08 python3 examples/python/simple/cam_receiver.py
root       18098 20.3  5.2 873512 99388 pts/2    Sl+  18:55   0:08 python3 examples/python/simple/cam_receiver.py
root       18098 19.7  5.2 873512 99388 pts/2    Sl+  18:55   0:08 python3 examples/python/simple/cam_receiver.py
root       18098 19.4  5.2 873512 99388 pts/2    Sl+  18:55   0:08 python3 examples/python/simple/cam_receiver.py
root       18098 19.3  5.2 873512 99388 pts/2    Sl+  18:55   0:08 python3 examples/python/simple/cam_receiver.py
root       18098 19.1  5.2 873512 99388 pts/2    Sl+  18:55   0:08 python3 examples/python/simple/cam_receiver.py
root       18098 18.9  5.2 873512 99388 pts/2    Sl+  18:55   0:09 python3 examples/python/simple/cam_receiver.py
root       18098 18.8  5.2 873512 99388 pts/2    Sl+  18:55   0:09 python3 examples/python/simple/cam_receiver.py
root       18098 18.7  5.2 873512 99388 pts/2    Sl+  18:55   0:09 python3 examples/python/simple/cam_receiver.py
root       18098 18.5  5.2 873512 99388 pts/2    Rl+  18:55   0:09 python3 examples/python/simple/cam_receiver.py
root       18098 18.4  5.2 873512 99388 pts/2    Sl+  18:55   0:09 python3 examples/python/simple/cam_receiver.py
root       18098 18.2  5.2 873512 99388 pts/2    Sl+  18:55   0:09 python3 examples/python/simple/cam_receiver.py
root       18098 18.1  5.2 873512 99388 pts/2    Rl+  18:55   0:09 python3 examples/python/simple/cam_receiver.py
root       18098 18.2  5.2 873512 99388 pts/2    Sl+  18:55   0:10 python3 examples/python/simple/cam_receiver.py
root       18098 18.0  5.2 873512 99388 pts/2    Sl+  18:55   0:10 python3 examples/python/simple/cam_receiver.py
root       18098 17.9  5.2 873512 99388 pts/2    Sl+  18:55   0:10 python3 examples/python/simple/cam_receiver.py
root       18098 17.8  5.2 873512 99388 pts/2    Sl+  18:55   0:10 python3 examples/python/simple/cam_receiver.py
root       18098 17.6  5.2 873512 99388 pts/2    Sl+  18:55   0:10 python3 examples/python/simple/cam_receiver.py
root       18098 17.6  5.2 873512 99388 pts/2    Rl+  18:55   0:10 python3 examples/python/simple/cam_receiver.py
root       18098 18.8  5.7 913248 108404 pts/2   Sl+  18:55   0:11 python3 examples/python/simple/cam_receiver.py
root       18098 18.2  5.7 913248 108668 pts/2   Sl+  18:55   0:11 python3 examples/python/simple/cam_receiver.py
root       18098 18.0  5.7 913248 108932 pts/2   Sl+  18:55   0:11 python3 examples/python/simple/cam_receiver.py
root       18098 17.7  5.7 913248 109196 pts/2   Sl+  18:55   0:11 python3 examples/python/simple/cam_receiver.py
root       18098 17.5  5.7 913248 109196 pts/2   Sl+  18:55   0:11 python3 examples/python/simple/cam_receiver.py
root       18098 17.2  5.8 913248 109720 pts/2   Sl+  18:55   0:11 python3 examples/python/simple/cam_receiver.py
