ndn        20331  0.4  1.5 183276 29816 ?        Ssl  03:29   0:04 /usr/bin/nfd --config /etc/ndn/nfd.conf
root       20693  0.0  0.1   7864  2020 pts/1    S+   03:42   0:00 grep -e examples/ -e nfd
ndn        20331  0.4  1.5 183276 29816 ?        Ssl  03:29   0:04 /usr/bin/nfd --config /etc/ndn/nfd.conf
root       20696  0.0  0.1   7864  2088 pts/1    S+   03:42   0:00 grep -e examples/ -e nfd
ndn        20331  0.4  1.5 183276 29816 ?        Ssl  03:29   0:04 /usr/bin/nfd --config /etc/ndn/nfd.conf
root       20699  0.0  0.1   7864  1896 pts/1    S+   03:42   0:00 grep -e examples/ -e nfd
ndn        20331  0.4  1.5 183276 29816 ?        Ssl  03:29   0:04 /usr/bin/nfd --config /etc/ndn/nfd.conf
root       20702  0.0  0.1   7864  2024 pts/1    S+   03:42   0:00 grep -e examples/ -e nfd
ndn        20331  0.4  1.5 183276 29816 ?        Ssl  03:29   0:04 /usr/bin/nfd --config /etc/ndn/nfd.conf
root       20705  0.0  0.1   7864  2084 pts/1    S+   03:42   0:00 grep -e examples/ -e nfd
ndn        20331  0.4  1.5 183276 29816 ?        Ssl  03:29   0:04 /usr/bin/nfd --config /etc/ndn/nfd.conf
root       20708  0.0  0.1   7864  1896 pts/1    S+   03:42   0:00 grep -e examples/ -e nfd
ndn        20331  0.4  1.5 183276 29816 ?        Ssl  03:29   0:04 /usr/bin/nfd --config /etc/ndn/nfd.conf
root       20711  0.0  0.1   7864  2088 pts/1    S+   03:42   0:00 grep -e examples/ -e nfd
ndn        20331  0.4  1.5 183276 29816 ?        Ssl  03:29   0:04 /usr/bin/nfd --config /etc/ndn/nfd.conf
root       20714  0.0  0.1   7864  2024 pts/1    S+   03:42   0:00 grep -e examples/ -e nfd
ndn        20331  0.4  1.5 183276 29816 ?        Ssl  03:29   0:04 /usr/bin/nfd --config /etc/ndn/nfd.conf
root       20717  0.0  0.1   7864  1960 pts/1    S+   03:42   0:00 grep -e examples/ -e nfd
ndn        20331  0.4  1.5 183276 29816 ?        Ssl  03:29   0:04 /usr/bin/nfd --config /etc/ndn/nfd.conf
root       20720  0.0  1.7 191956 32968 pts/0    Rl+  03:42   0:00 python3 examples/can_receiver.py
root       20727  0.0  0.1   7864  2092 pts/1    S+   03:42   0:00 grep -e examples/ -e nfd
ndn        20331  0.4  1.5 183276 29816 ?        Ssl  03:29   0:04 /usr/bin/nfd --config /etc/ndn/nfd.conf
root       20720  185  3.8 248584 71876 pts/0    Rl+  03:42   0:01 python3 examples/can_receiver.py
root       20730  0.0  0.1   7864  2016 pts/1    S+   03:42   0:00 grep -e examples/ -e nfd
ndn        20331  0.4  1.5 183276 29816 ?        Ssl  03:29   0:04 /usr/bin/nfd --config /etc/ndn/nfd.conf
root       20720  145  4.2 256876 80776 pts/0    Rl+  03:42   0:02 python3 examples/can_receiver.py
root       20733  0.0  0.1   7864  2088 pts/1    S+   03:42   0:00 grep -e examples/ -e nfd
ndn        20331  0.4  1.5 183276 29816 ?        Ssl  03:29   0:04 /usr/bin/nfd --config /etc/ndn/nfd.conf
root       20720  125  4.5 260756 85148 pts/0    Sl+  03:42   0:03 python3 examples/can_receiver.py
root       20736  0.0  0.1   7864  2028 pts/1    S+   03:42   0:00 grep -e examples/ -e nfd
ndn        20331  0.4  1.5 183276 29816 ?        Ssl  03:29   0:04 /usr/bin/nfd --config /etc/ndn/nfd.conf
root       20720 78.4  4.5 260756 85148 pts/0    Rl+  03:42   0:03 python3 examples/can_receiver.py
root       20739  0.0  0.1   7864  2016 pts/1    S+   03:42   0:00 grep -e examples/ -e nfd
ndn        20331  0.4  1.5 183276 29816 ?        Ssl  03:29   0:04 /usr/bin/nfd --config /etc/ndn/nfd.conf
root       20720 68.1  4.5 260756 85148 pts/0    Sl+  03:42   0:04 python3 examples/can_receiver.py
root       20742  0.0  0.1   7864  2020 pts/1    S+   03:42   0:00 grep -e examples/ -e nfd
ndn        20331  0.5  1.5 183276 29816 ?        Ssl  03:29   0:04 /usr/bin/nfd --config /etc/ndn/nfd.conf
root       20720 61.2  4.5 260756 85148 pts/0    Rl+  03:42   0:04 python3 examples/can_receiver.py
root       20746  0.0  0.1   7864  2088 pts/1    S+   03:42   0:00 grep -e examples/ -e nfd
ndn        20331  0.5  1.5 183276 29816 ?        Ssl  03:29   0:04 /usr/bin/nfd --config /etc/ndn/nfd.conf
root       20720 55.8  4.5 260756 85148 pts/0    Sl+  03:42   0:04 python3 examples/can_receiver.py
root       20749  0.0  0.1   7864  1896 pts/1    S+   03:42   0:00 grep -e examples/ -e nfd
ndn        20331  0.5  1.5 183276 29816 ?        Ssl  03:29   0:04 /usr/bin/nfd --config /etc/ndn/nfd.conf
root       20720 51.5  4.5 260756 85148 pts/0    Sl+  03:42   0:04 python3 examples/can_receiver.py
root       20752  0.0  0.1   7864  2028 pts/1    S+   03:42   0:00 grep -e examples/ -e nfd
ndn        20331  0.5  1.5 183276 29816 ?        Ssl  03:29   0:04 /usr/bin/nfd --config /etc/ndn/nfd.conf
root       20720 47.9  4.5 260756 85336 pts/0    Sl+  03:42   0:04 python3 examples/can_receiver.py
root       20755  0.0  0.1   7864  2028 pts/1    S+   03:42   0:00 grep -e examples/ -e nfd
ndn        20331  0.5  1.5 183276 29816 ?        Ssl  03:29   0:04 /usr/bin/nfd --config /etc/ndn/nfd.conf
root       20720 45.0  4.5 260756 85336 pts/0    Rl+  03:42   0:04 python3 examples/can_receiver.py
root       20758  0.0  0.1   7864  2024 pts/1    S+   03:42   0:00 grep -e examples/ -e nfd
ndn        20331  0.5  1.5 183276 29816 ?        Rsl  03:29   0:04 /usr/bin/nfd --config /etc/ndn/nfd.conf
root       20720 43.0  4.5 261012 85336 pts/0    Sl+  03:42   0:05 python3 examples/can_receiver.py
root       20761  0.0  0.1   7864  1896 pts/1    S+   03:42   0:00 grep -e examples/ -e nfd
ndn        20331  0.5  1.5 183276 29816 ?        Ssl  03:29   0:04 /usr/bin/nfd --config /etc/ndn/nfd.conf
root       20720 40.9  4.5 261012 85336 pts/0    Sl+  03:42   0:05 python3 examples/can_receiver.py
root       20764  0.0  0.1   7864  2028 pts/1    S+   03:42   0:00 grep -e examples/ -e nfd
ndn        20331  0.5  1.5 183276 29816 ?        Ssl  03:29   0:04 /usr/bin/nfd --config /etc/ndn/nfd.conf
root       20720 39.0  4.5 261012 85336 pts/0    Sl+  03:42   0:05 python3 examples/can_receiver.py
root       20767  0.0  0.1   7864  2084 pts/1    S+   03:42   0:00 grep -e examples/ -e nfd
ndn        20331  0.5  1.5 183276 29816 ?        Ssl  03:29   0:04 /usr/bin/nfd --config /etc/ndn/nfd.conf
root       20720 37.6  4.5 261012 85336 pts/0    Sl+  03:42   0:05 python3 examples/can_receiver.py
root       20770  0.0  0.1   7864  1936 pts/1    S+   03:42   0:00 grep -e examples/ -e nfd
ndn        20331  0.5  1.5 183276 29816 ?        Ssl  03:29   0:04 /usr/bin/nfd --config /etc/ndn/nfd.conf
root       20720 36.3  4.5 261012 85336 pts/0    Sl+  03:42   0:05 python3 examples/can_receiver.py
root       20773  0.0  0.1   7864  2092 pts/1    S+   03:42   0:00 grep -e examples/ -e nfd
ndn        20331  0.5  1.5 183276 29816 ?        Ssl  03:29   0:04 /usr/bin/nfd --config /etc/ndn/nfd.conf
root       20720 35.2  4.5 261012 85336 pts/0    Sl+  03:42   0:05 python3 examples/can_receiver.py
root       20776  0.0  0.1   7864  1896 pts/1    S+   03:42   0:00 grep -e examples/ -e nfd
ndn        20331  0.5  1.5 183276 29816 ?        Ssl  03:29   0:04 /usr/bin/nfd --config /etc/ndn/nfd.conf
root       20720 34.7  4.5 261012 85336 pts/0    Sl+  03:42   0:06 python3 examples/can_receiver.py
root       20779  0.0  0.1   7864  1960 pts/1    S+   03:42   0:00 grep -e examples/ -e nfd
ndn        20331  0.5  1.5 183276 29816 ?        Ssl  03:29   0:04 /usr/bin/nfd --config /etc/ndn/nfd.conf
root       20720 33.7  4.5 261012 85336 pts/0    Sl+  03:42   0:06 python3 examples/can_receiver.py
root       20782  0.0  0.1   7864  1996 pts/1    S+   03:42   0:00 grep -e examples/ -e nfd
ndn        20331  0.5  1.5 183276 29816 ?        Ssl  03:29   0:04 /usr/bin/nfd --config /etc/ndn/nfd.conf
root       20720 32.8  4.5 261012 85336 pts/0    Rl+  03:42   0:06 python3 examples/can_receiver.py
root       20785  0.0  0.1   7864  1896 pts/1    S+   03:42   0:00 grep -e examples/ -e nfd
ndn        20331  0.5  1.5 183276 29816 ?        Ssl  03:29   0:04 /usr/bin/nfd --config /etc/ndn/nfd.conf
root       20720 32.0  4.5 261012 85336 pts/0    Sl+  03:42   0:06 python3 examples/can_receiver.py
root       20788  0.0  0.1   7864  1896 pts/1    S+   03:42   0:00 grep -e examples/ -e nfd
ndn        20331  0.5  1.5 183276 29816 ?        Ssl  03:29   0:04 /usr/bin/nfd --config /etc/ndn/nfd.conf
root       20720 31.3  4.5 261012 85336 pts/0    Sl+  03:42   0:06 python3 examples/can_receiver.py
root       20791  0.0  0.1   7864  1960 pts/1    S+   03:43   0:00 grep -e examples/ -e nfd
ndn        20331  0.5  1.5 183276 29816 ?        Ssl  03:29   0:04 /usr/bin/nfd --config /etc/ndn/nfd.conf
root       20720 30.8  4.5 261012 85336 pts/0    Rl+  03:42   0:07 python3 examples/can_receiver.py
root       20794  0.0  0.1   7864  2020 pts/1    S+   03:43   0:00 grep -e examples/ -e nfd
ndn        20331  0.5  1.5 183276 29816 ?        Ssl  03:29   0:05 /usr/bin/nfd --config /etc/ndn/nfd.conf
root       20720 29.4  4.5 261012 85336 pts/0    Rl+  03:42   0:07 python3 examples/can_receiver.py
root       20797  0.0  0.1   7864  2088 pts/1    S+   03:43   0:00 grep -e examples/ -e nfd
ndn        20331  0.6  1.5 183276 29816 ?        Ssl  03:29   0:05 /usr/bin/nfd --config /etc/ndn/nfd.conf
root       20720 28.9  4.5 261012 85336 pts/0    Sl+  03:42   0:07 python3 examples/can_receiver.py
root       20800  0.0  0.1   7864  2024 pts/1    S+   03:43   0:00 grep -e examples/ -e nfd
ndn        20331  0.6  1.5 183276 29816 ?        Ssl  03:29   0:05 /usr/bin/nfd --config /etc/ndn/nfd.conf
root       20720 28.4  4.5 261012 85336 pts/0    Sl+  03:42   0:07 python3 examples/can_receiver.py
root       20803  0.0  0.1   7864  1892 pts/1    S+   03:43   0:00 grep -e examples/ -e nfd
ndn        20331  0.6  1.5 183276 29816 ?        Ssl  03:29   0:05 /usr/bin/nfd --config /etc/ndn/nfd.conf
root       20720 28.0  4.5 261012 85336 pts/0    Sl+  03:42   0:07 python3 examples/can_receiver.py
root       20806  0.0  0.1   7864  1896 pts/1    S+   03:43   0:00 grep -e examples/ -e nfd
ndn        20331  0.6  1.5 183276 29816 ?        Ssl  03:29   0:05 /usr/bin/nfd --config /etc/ndn/nfd.conf
root       20720 27.6  4.5 261012 85336 pts/0    Sl+  03:42   0:08 python3 examples/can_receiver.py
root       20809  0.0  0.1   7864  2020 pts/1    S+   03:43   0:00 grep -e examples/ -e nfd
ndn        20331  0.6  1.5 183276 29816 ?        Ssl  03:29   0:05 /usr/bin/nfd --config /etc/ndn/nfd.conf
root       20720 27.3  4.5 261012 85336 pts/0    Rl+  03:42   0:08 python3 examples/can_receiver.py
root       20812  0.0  0.1   7864  2028 pts/1    S+   03:43   0:00 grep -e examples/ -e nfd
ndn        20331  0.6  1.5 183276 29816 ?        Ssl  03:29   0:05 /usr/bin/nfd --config /etc/ndn/nfd.conf
root       20720 27.2  4.5 261012 85336 pts/0    Rl+  03:42   0:08 python3 examples/can_receiver.py
root       20815  0.0  0.1   7864  2084 pts/1    S+   03:43   0:00 grep -e examples/ -e nfd
ndn        20331  0.6  1.5 183276 29816 ?        Ssl  03:29   0:05 /usr/bin/nfd --config /etc/ndn/nfd.conf
root       20720 26.9  4.5 261012 85336 pts/0    Sl+  03:42   0:08 python3 examples/can_receiver.py
root       20818  0.0  0.1   7864  2024 pts/1    S+   03:43   0:00 grep -e examples/ -e nfd
ndn        20331  0.6  1.5 183276 29816 ?        Ssl  03:29   0:05 /usr/bin/nfd --config /etc/ndn/nfd.conf
root       20720 26.6  4.5 261012 85600 pts/0    Sl+  03:42   0:08 python3 examples/can_receiver.py
root       20821  0.0  0.1   7864  2024 pts/1    S+   03:43   0:00 grep -e examples/ -e nfd
ndn        20331  0.6  1.5 183276 29816 ?        Ssl  03:29   0:05 /usr/bin/nfd --config /etc/ndn/nfd.conf
root       20720 26.3  4.5 261012 85600 pts/0    Rl+  03:42   0:08 python3 examples/can_receiver.py
root       20824  0.0  0.1   7864  2020 pts/1    S+   03:43   0:00 grep -e examples/ -e nfd
ndn        20331  0.6  1.5 183276 29816 ?        Rsl  03:29   0:05 /usr/bin/nfd --config /etc/ndn/nfd.conf
root       20720 26.0  4.5 261012 85600 pts/0    Sl+  03:42   0:09 python3 examples/can_receiver.py
root       20827  0.0  0.1   7864  2084 pts/1    S+   03:43   0:00 grep -e examples/ -e nfd
ndn        20331  0.6  1.5 183276 29816 ?        Ssl  03:29   0:05 /usr/bin/nfd --config /etc/ndn/nfd.conf
root       20720 25.8  4.5 261012 85600 pts/0    Sl+  03:42   0:09 python3 examples/can_receiver.py
root       20830  0.0  0.1   7864  2028 pts/1    S+   03:43   0:00 grep -e examples/ -e nfd
ndn        20331  0.6  1.5 183276 29816 ?        Ssl  03:29   0:05 /usr/bin/nfd --config /etc/ndn/nfd.conf
root       20720 25.5  4.5 261012 85600 pts/0    Sl+  03:42   0:09 python3 examples/can_receiver.py
root       20833  0.0  0.1   7864  2028 pts/1    S+   03:43   0:00 grep -e examples/ -e nfd
ndn        20331  0.6  1.5 183276 29816 ?        Ssl  03:29   0:05 /usr/bin/nfd --config /etc/ndn/nfd.conf
root       20720 25.3  4.5 261012 85600 pts/0    Sl+  03:42   0:09 python3 examples/can_receiver.py
root       20836  0.0  0.1   7864  2012 pts/1    S+   03:43   0:00 grep -e examples/ -e nfd
ndn        20331  0.6  1.5 183276 29816 ?        Ssl  03:29   0:05 /usr/bin/nfd --config /etc/ndn/nfd.conf
root       20720 25.1  4.5 261012 85600 pts/0    Rl+  03:42   0:09 python3 examples/can_receiver.py
root       20839  0.0  0.1   7864  1896 pts/1    S+   03:43   0:00 grep -e examples/ -e nfd
ndn        20331  0.6  1.5 183276 29816 ?        Ssl  03:29   0:05 /usr/bin/nfd --config /etc/ndn/nfd.conf
root       20720 24.9  4.5 261012 85600 pts/0    Sl+  03:42   0:09 python3 examples/can_receiver.py
root       20842  0.0  0.1   7864  2088 pts/1    S+   03:43   0:00 grep -e examples/ -e nfd
ndn        20331  0.6  1.5 183276 29816 ?        Ssl  03:29   0:05 /usr/bin/nfd --config /etc/ndn/nfd.conf
root       20720 24.7  4.5 261012 85600 pts/0    Sl+  03:42   0:10 python3 examples/can_receiver.py
root       20845  0.0  0.1   7864  2088 pts/1    S+   03:43   0:00 grep -e examples/ -e nfd
ndn        20331  0.6  1.5 183276 29816 ?        Ssl  03:29   0:05 /usr/bin/nfd --config /etc/ndn/nfd.conf
root       20720 24.5  4.5 261012 85600 pts/0    Rl+  03:42   0:10 python3 examples/can_receiver.py
root       20848  0.0  0.1   7864  2016 pts/1    S+   03:43   0:00 grep -e examples/ -e nfd
ndn        20331  0.6  1.5 183276 29816 ?        Ssl  03:29   0:05 /usr/bin/nfd --config /etc/ndn/nfd.conf
root       20720 24.3  4.5 261012 85600 pts/0    Sl+  03:42   0:10 python3 examples/can_receiver.py
root       20851  0.0  0.1   7864  1896 pts/1    S+   03:43   0:00 grep -e examples/ -e nfd
ndn        20331  0.6  1.5 183276 29816 ?        Ssl  03:29   0:05 /usr/bin/nfd --config /etc/ndn/nfd.conf
root       20720 23.6  4.5 261012 85600 pts/0    Sl+  03:42   0:10 python3 examples/can_receiver.py
root       20854  0.0  0.1   7864  1984 pts/1    S+   03:43   0:00 grep -e examples/ -e nfd
ndn        20331  0.6  1.5 183276 29816 ?        Ssl  03:29   0:05 /usr/bin/nfd --config /etc/ndn/nfd.conf
root       20720 23.4  4.5 261012 85600 pts/0    Rl+  03:42   0:10 python3 examples/can_receiver.py
root       20857  0.0  0.1   7864  2024 pts/1    S+   03:43   0:00 grep -e examples/ -e nfd
ndn        20331  0.6  1.5 183276 29816 ?        Ssl  03:29   0:06 /usr/bin/nfd --config /etc/ndn/nfd.conf
root       20720 23.3  4.5 261012 85600 pts/0    Sl+  03:42   0:10 python3 examples/can_receiver.py
root       20860  0.0  0.1   7864  2028 pts/1    S+   03:43   0:00 grep -e examples/ -e nfd
ndn        20331  0.7  1.5 183276 29816 ?        Ssl  03:29   0:06 /usr/bin/nfd --config /etc/ndn/nfd.conf
root       20720 23.2  4.5 261012 85600 pts/0    Sl+  03:42   0:11 python3 examples/can_receiver.py
root       20863  0.0  0.1   7864  2024 pts/1    S+   03:43   0:00 grep -e examples/ -e nfd
ndn        20331  0.7  1.5 183276 29816 ?        Ssl  03:29   0:06 /usr/bin/nfd --config /etc/ndn/nfd.conf
root       20720 23.0  4.5 261012 85600 pts/0    Sl+  03:42   0:11 python3 examples/can_receiver.py
root       20866  0.0  0.1   7864  1896 pts/1    S+   03:43   0:00 grep -e examples/ -e nfd
ndn        20331  0.7  1.5 183276 29816 ?        Ssl  03:29   0:06 /usr/bin/nfd --config /etc/ndn/nfd.conf
root       20720 22.9  4.5 261012 85600 pts/0    Sl+  03:42   0:11 python3 examples/can_receiver.py
root       20869  0.0  0.1   7864  2088 pts/1    S+   03:43   0:00 grep -e examples/ -e nfd
ndn        20331  0.7  1.5 183276 29816 ?        Ssl  03:29   0:06 /usr/bin/nfd --config /etc/ndn/nfd.conf
root       20720 22.8  4.5 261268 85600 pts/0    Sl+  03:42   0:11 python3 examples/can_receiver.py
root       20872  0.0  0.1   7864  2024 pts/1    S+   03:43   0:00 grep -e examples/ -e nfd
ndn        20331  0.7  1.5 183276 29816 ?        Ssl  03:29   0:06 /usr/bin/nfd --config /etc/ndn/nfd.conf
root       20720 22.7  4.5 261268 85600 pts/0    Sl+  03:42   0:11 python3 examples/can_receiver.py
root       20875  0.0  0.1   7864  2088 pts/1    S+   03:43   0:00 grep -e examples/ -e nfd
ndn        20331  0.7  1.5 183276 29816 ?        Ssl  03:29   0:06 /usr/bin/nfd --config /etc/ndn/nfd.conf
root       20720 22.8  4.5 261268 85600 pts/0    Rl+  03:42   0:12 python3 examples/can_receiver.py
root       20879  0.0  0.1   7864  2088 pts/1    S+   03:43   0:00 grep -e examples/ -e nfd
ndn        20331  0.7  1.5 183276 29816 ?        Ssl  03:29   0:06 /usr/bin/nfd --config /etc/ndn/nfd.conf
root       20720 22.6  4.5 261268 85600 pts/0    Sl+  03:42   0:12 python3 examples/can_receiver.py
root       20882  0.0  0.1   7864  2112 pts/1    S+   03:43   0:00 grep -e examples/ -e nfd
ndn        20331  0.7  1.5 183276 29816 ?        Ssl  03:29   0:06 /usr/bin/nfd --config /etc/ndn/nfd.conf
root       20720 22.5  4.5 261268 85600 pts/0    Sl+  03:42   0:12 python3 examples/can_receiver.py
root       20885  0.0  0.1   7864  1896 pts/1    S+   03:43   0:00 grep -e examples/ -e nfd
ndn        20331  0.7  1.5 183276 29816 ?        Ssl  03:29   0:06 /usr/bin/nfd --config /etc/ndn/nfd.conf
root       20720 22.4  4.5 261268 85600 pts/0    Sl+  03:42   0:12 python3 examples/can_receiver.py
root       20888  0.0  0.1   7864  2020 pts/1    S+   03:43   0:00 grep -e examples/ -e nfd
ndn        20331  0.7  1.5 183276 29816 ?        Ssl  03:29   0:06 /usr/bin/nfd --config /etc/ndn/nfd.conf
root       20720 22.3  4.5 261268 85600 pts/0    Sl+  03:42   0:12 python3 examples/can_receiver.py
root       20891  0.0  0.1   7864  2092 pts/1    S+   03:43   0:00 grep -e examples/ -e nfd
ndn        20331  0.7  1.5 183276 29816 ?        Ssl  03:29   0:06 /usr/bin/nfd --config /etc/ndn/nfd.conf
root       20720 22.2  4.5 261268 85600 pts/0    Sl+  03:42   0:12 python3 examples/can_receiver.py
root       20894  0.0  0.1   7864  2092 pts/1    S+   03:43   0:00 grep -e examples/ -e nfd
ndn        20331  0.7  1.5 183276 29816 ?        Ssl  03:29   0:06 /usr/bin/nfd --config /etc/ndn/nfd.conf
root       20720 22.3  4.5 261268 85600 pts/0    Rl+  03:42   0:13 python3 examples/can_receiver.py
root       20898  0.0  0.1   7864  1896 pts/1    S+   03:43   0:00 grep -e examples/ -e nfd
ndn        20331  0.7  1.5 183276 29816 ?        Ssl  03:29   0:06 /usr/bin/nfd --config /etc/ndn/nfd.conf
root       20720 22.2  4.5 261268 85600 pts/0    Sl+  03:42   0:13 python3 examples/can_receiver.py
root       20901  0.0  0.1   7864  1896 pts/1    S+   03:43   0:00 grep -e examples/ -e nfd
ndn        20331  0.7  1.5 183276 29816 ?        Ssl  03:29   0:06 /usr/bin/nfd --config /etc/ndn/nfd.conf
root       20720 22.1  4.5 261268 85600 pts/0    Sl+  03:42   0:13 python3 examples/can_receiver.py
root       20904  0.0  0.1   7864  2028 pts/1    S+   03:43   0:00 grep -e examples/ -e nfd
ndn        20331  0.7  1.5 183276 29816 ?        Ssl  03:29   0:06 /usr/bin/nfd --config /etc/ndn/nfd.conf
root       20720 22.0  4.5 261268 85600 pts/0    Sl+  03:42   0:13 python3 examples/can_receiver.py
root       20907  0.0  0.1   7864  1960 pts/1    S+   03:43   0:00 grep -e examples/ -e nfd
ndn        20331  0.7  1.5 183276 29816 ?        Ssl  03:29   0:06 /usr/bin/nfd --config /etc/ndn/nfd.conf
root       20720 22.2  4.6 295232 87580 pts/0    Rl+  03:42   0:14 python3 examples/can_receiver.py
root       20910  0.0  0.1   7864  2028 pts/1    S+   03:43   0:00 grep -e examples/ -e nfd
ndn        20331  0.7  1.5 183276 29816 ?        Ssl  03:29   0:06 /usr/bin/nfd --config /etc/ndn/nfd.conf
root       20720 22.9  5.0 300780 94752 pts/0    Sl+  03:42   0:14 python3 examples/can_receiver.py
root       20913  0.0  0.1   7864  2020 pts/1    S+   03:43   0:00 grep -e examples/ -e nfd
ndn        20331  0.7  1.5 183276 29816 ?        Ssl  03:29   0:06 /usr/bin/nfd --config /etc/ndn/nfd.conf
root       20720 22.6  5.0 300780 94752 pts/0    Sl+  03:42   0:14 python3 examples/can_receiver.py
root       20916  0.0  0.1   7864  2028 pts/1    S+   03:43   0:00 grep -e examples/ -e nfd
ndn        20331  0.7  1.5 183276 29816 ?        Ssl  03:29   0:06 /usr/bin/nfd --config /etc/ndn/nfd.conf
root       20720 22.2  5.0 300780 94752 pts/0    Sl+  03:42   0:14 python3 examples/can_receiver.py
root       20919  0.0  0.1   7864  2024 pts/1    S+   03:43   0:00 grep -e examples/ -e nfd
ndn        20331  0.7  1.5 183276 29816 ?        Ssl  03:29   0:06 /usr/bin/nfd --config /etc/ndn/nfd.conf
root       20720 21.9  5.0 300780 94752 pts/0    Sl+  03:42   0:14 python3 examples/can_receiver.py
root       20922  0.0  0.1   7864  2084 pts/1    S+   03:43   0:00 grep -e examples/ -e nfd
