cam_ndn_tcp_b
21.558761596679688
21.340131759643555
21.298646926879883
21.826505661010742
20.60675621032715
20.862340927124023
21.999597549438477
21.023035049438477
21.749496459960938
21.59905433654785
21.521806716918945
21.85201644897461
20.330190658569336
26.500225067138672
15.119552612304688
22.09329605102539
23.66042137145996
18.25118064880371
21.628379821777344
21.686553955078125
19.994020462036133
21.50130271911621
20.511150360107422
20.734310150146484
21.565914154052734
21.080970764160156
21.65365219116211
21.172285079956055
21.233081817626953
22.417068481445312
20.845890045166016
20.68328857421875
21.62456512451172
20.71857452392578
21.861791610717773
21.143198013305664
20.36905288696289
21.24309539794922
21.113872528076172
21.399974822998047
22.430419921875
19.824504852294922
21.31938934326172
21.027326583862305
21.63529396057129
21.3625431060791
20.679712295532227
21.275043487548828
20.52760124206543
20.447731018066406
21.61097526550293
21.285533905029297
20.790815353393555
20.720958709716797
20.852088928222656
21.154403686523438
21.575450897216797
21.4846134185791
21.291732788085938
21.541833877563477
22.06110954284668
22.19247817993164
21.054744720458984
21.45981788635254
21.84271812438965
21.62647247314453
21.00539207458496
21.718502044677734
20.507335662841797
21.242380142211914
21.42333984375
21.62909507751465
21.520376205444336
21.547317504882812
21.364450454711914
21.34847640991211
21.67510986328125
21.33464813232422
21.398067474365234
21.80171012878418
21.439552307128906
21.594762802124023
21.671295166015625
21.764755249023438
20.2791690826416
22.80282974243164
18.288850784301758
24.80173110961914
18.29695701599121
23.602008819580078
18.74399185180664
21.643877029418945
24.352312088012695
18.380403518676758
21.735668182373047
21.61240577697754
21.296024322509766
20.30158042907715
20.432710647583008
20.55954933166504
21.23260498046875
21.44598960876465
21.405458450317383
21.338224411010742
21.573543548583984
21.237611770629883
21.574735641479492
21.35443687438965
21.0726261138916
21.406173706054688
21.585464477539062
21.57735824584961
22.116899490356445
20.76554298400879
21.33774757385254
21.29364013671875
20.5690860748291
20.325899124145508
21.29054069519043
21.29507064819336
21.313190460205078
21.286725997924805
21.605968475341797
21.696805953979492
21.40045166015625
21.45242691040039
21.051406860351562
21.149396896362305
21.433353424072266
58.907270431518555
5.473852157592773
21.073341369628906
21.242380142211914
20.74122428894043
20.049095153808594
20.69711685180664
20.579814910888672
20.71666717529297
21.637916564941406
21.34871482849121
21.659374237060547
21.718740463256836
21.277427673339844
21.643877029418945
21.282672882080078
21.44789695739746
21.528005599975586
21.463871002197266
21.609783172607422
21.663188934326172
21.744489669799805
21.40069007873535
21.338224411010742
21.50750160217285
21.593093872070312
21.63219451904297
21.440505981445312
21.44455909729004
21.463871002197266
21.57735824584961
21.605491638183594
21.288633346557617
21.595001220703125
20.814895629882812
20.28656005859375
20.893573760986328
21.03877067565918
21.65985107421875
21.593093872070312
22.01700210571289
21.083354949951172
21.667957305908203
21.236658096313477
20.957231521606445
21.572113037109375
21.469831466674805
21.460533142089844
21.641254425048828
21.669864654541016
21.525144577026367
21.605253219604492
20.171403884887695
20.441532135009766
20.114898681640625
20.52164077758789
20.493268966674805
21.84295654296875
20.85733413696289
20.485401153564453
21.388530731201172
21.47674560546875
21.29817008972168
21.31795883178711
21.240949630737305
21.178483963012695
21.39759063720703
21.637678146362305
21.181821823120117
21.202802658081055
21.50130271911621
21.090984344482422
21.567106246948242
21.301746368408203
21.288633346557617
21.64769172668457
21.601438522338867
21.22640609741211
21.219491958618164
21.33631706237793
21.592140197753906
21.453857421875
21.406888961791992
20.598411560058594
20.462751388549805
20.406484603881836
20.63894271850586
20.4770565032959
20.956039428710938
21.442651748657227
21.575212478637695
21.47984504699707
21.577835083007812
21.537065505981445
21.514415740966797
21.43239974975586
21.53182029724121
21.62766456604004
21.49176597595215
20.368099212646484
20.862579345703125
20.757198333740234
20.804643630981445
21.369457244873047
21.645545959472656
22.308349609375
20.684480667114258
20.406484603881836
20.468950271606445
20.786523818969727
21.833419799804688
21.324634552001953
22.27950096130371
20.715951919555664
21.373510360717773
21.550893783569336
21.54827117919922
21.458148956298828
21.69489860534668
21.6982364654541
21.361112594604492
21.67797088623047
21.45242691040039
21.56352996826172
21.3165283203125
21.562814712524414
21.42047882080078
21.969318389892578
21.17753028869629
22.564411163330078
20.489215850830078
21.41737937927246
20.40266990661621
20.53976058959961
20.6148624420166
20.346879959106445
22.113800048828125
19.04153823852539
23.051977157592773
18.91946792602539
21.322011947631836
21.249771118164062
21.37613296508789
21.002769470214844
21.066665649414062
21.663904190063477
21.145105361938477
21.84271812438965
20.234107971191406
21.261215209960938
20.151376724243164
21.592378616333008
21.395444869995117
21.17776870727539
21.12436294555664
21.69203758239746
21.193981170654297
22.23992347717285
21.207809448242188
21.041154861450195
21.155118942260742
21.12412452697754
21.05879783630371
21.790027618408203
22.017717361450195
21.361112594604492
20.85709571838379
20.6758975982666
20.331621170043945
20.65563201904297
20.919084548950195
21.41118049621582
21.361827850341797
21.57425880432129
21.57115936279297
21.21257781982422
21.50440216064453
21.658897399902344
21.326303482055664
21.519184112548828
21.40974998474121
20.691633224487305
20.659923553466797
21.370887756347656
21.412134170532227
21.41880989074707
20.79176902770996
19.986391067504883
20.715713500976562
21.254301071166992
21.187543869018555
21.19755744934082
22.762298583984375
20.549535751342773
21.414756774902344
21.344661712646484
21.282434463500977
20.313262939453125
20.88165283203125
21.256446838378906
22.549867630004883
20.533084869384766
21.45981788635254
21.183490753173828
20.23792266845703
22.047996520996094
21.158933639526367
21.591901779174805
21.561861038208008
21.526098251342773
21.44002914428711
22.068023681640625
21.405696868896484
21.47650718688965
21.84462547302246
20.133495330810547
21.337032318115234
19.80280876159668
21.283388137817383
21.550416946411133
21.260738372802734
21.413564682006836
21.320343017578125
21.038293838500977
21.29530906677246
21.06928825378418
21.3015079498291
21.40498161315918
20.2789306640625
20.898103713989258
20.534515380859375
21.480560302734375
21.613597869873047
20.973682403564453
21.38233184814453
21.33345603942871
21.594524383544922
21.084070205688477
21.315336227416992
21.361827850341797
21.12722396850586
21.42810821533203
20.269155502319336
21.575212478637695
21.043062210083008
20.425081253051758
21.412134170532227
21.268367767333984
21.21448516845703
21.223783493041992
20.986557006835938
20.368337631225586
20.426511764526367
20.367145538330078
20.679712295532227
22.285938262939453
20.781993865966797
22.89295196533203
20.22576332092285
21.075963973999023
21.836519241333008
21.346330642700195
21.70848846435547
21.56376838684082
21.331787109375
21.794557571411133
21.54994010925293
21.402597427368164
21.645069122314453
21.663904190063477
21.086454391479492
21.785497665405273
21.665573120117188
21.023988723754883
21.709203720092773
21.40665054321289
21.275758743286133
20.268678665161133
20.598888397216797
20.906448364257812
21.755218505859375
21.407604217529297
21.732330322265625
21.130800247192383
21.452903747558594
21.810531616210938
21.25716209411621
21.53325080871582
21.49796485900879
21.52419090270996
21.54707908630371
21.306753158569336
21.605968475341797
20.39194107055664
20.641565322875977
21.016597747802734
21.762371063232422
20.595073699951172
20.183086395263672
20.75052261352539
20.46823501586914
20.460844039916992
21.015405654907227
21.292448043823242
21.550655364990234
21.857500076293945
19.902944564819336
21.651506423950195
20.668506622314453
21.20375633239746
22.154569625854492
20.77484130859375
20.61152458190918
21.245718002319336
21.4691162109375
21.694183349609375
21.405458450317383
21.141529083251953
21.851778030395508
21.505355834960938
20.950794219970703
21.541357040405273
21.702051162719727
20.87712287902832
21.58045768737793
20.36142349243164
21.31509780883789
21.502256393432617
21.370887756347656
21.414995193481445
21.255970001220703
21.118879318237305
21.641254425048828
21.280527114868164
22.336959838867188
18.784523010253906
21.683454513549805
21.447420120239258
21.508455276489258
21.65675163269043
21.409034729003906
20.618438720703125
20.86949348449707
20.620107650756836
20.87879180908203
22.51267433166504
20.97034454345703
21.412134170532227
22.1707820892334
21.69179916381836
21.1336612701416
21.56209945678711
21.580219268798828
21.467208862304688
22.903919219970703
20.400285720825195
21.747589111328125
21.392822265625
21.63100242614746
21.238088607788086
21.486997604370117
21.35753631591797
21.627187728881836
21.414995193481445
21.425485610961914
21.5456485748291
21.437644958496094
21.379709243774414
21.625757217407227
21.406173706054688
21.738052368164062
21.52538299560547
21.245241165161133
20.45893669128418
20.719528198242188
20.98822593688965
21.266937255859375
22.090911865234375
21.655797958374023
21.129131317138672
21.47054672241211
21.538972854614258
20.32923698425293
20.411252975463867
20.414113998413086
20.920276641845703
20.92599868774414
21.442651748657227
21.39759063720703
20.442962646484375
20.703792572021484
21.524667739868164
21.134614944458008
21.367311477661133
21.243810653686523
21.655559539794922
21.062374114990234
21.792888641357422
21.56996726989746
20.993471145629883
20.82228660583496
21.254539489746094
21.224021911621094
21.29507064819336
21.42167091369629
21.361112594604492
22.12047576904297
20.45893669128418
21.34561538696289
21.38519287109375
20.273923873901367
22.59039878845215
19.579410552978516
21.283626556396484
21.064281463623047
21.53301239013672
21.053791046142578
20.633459091186523
20.33543586730957
21.483659744262695
21.590471267700195
21.262407302856445
21.178483963012695
20.612716674804688
20.346879959106445
20.705461502075195
21.459102630615234
21.338224411010742
22.39513397216797
20.442724227905273
21.605730056762695
21.43073081970215
21.818161010742188
21.521329879760742
20.888805389404297
22.719860076904297
20.589828491210938
21.265506744384766
20.287513732910156
20.85566520690918
21.56352996826172
21.42643928527832
21.640539169311523
21.26479148864746
21.433591842651367
21.58832550048828
22.471189498901367
21.147727966308594
21.305561065673828
20.587921142578125
21.338701248168945
21.43096923828125
21.17443084716797
21.533966064453125
21.424531936645508
21.49176597595215
21.56829833984375
21.33798599243164
21.588802337646484
21.706819534301758
21.001815795898438
21.608829498291016
21.329402923583984
21.340131759643555
21.61717414855957
21.806955337524414
20.33543586730957
20.355701446533203
20.432710647583008
20.591020584106445
20.981788635253906
20.966768264770508
20.514488220214844
21.258831024169922
21.448612213134766
23.192405700683594
19.58441734313965
21.244525909423828
21.257638931274414
21.459102630615234
21.2249755859375
21.663427352905273
20.836830139160156
21.424531936645508
21.203279495239258
21.49367332458496
20.44677734375
20.33376693725586
20.880699157714844
21.06761932373047
21.556854248046875
21.246671676635742
21.341323852539062
22.78590202331543
20.01166343688965
20.401716232299805
21.09813690185547
21.805286407470703
21.41404151916504
21.2705135345459
20.982742309570312
20.493507385253906
20.474910736083984
20.481348037719727
21.49224281311035
21.68130874633789
21.34418487548828
21.77882194519043
21.082162857055664
21.572113037109375
21.225452423095703
21.432876586914062
21.43716812133789
21.4383602142334
21.46315574645996
21.61121368408203
21.356821060180664
21.510839462280273
21.704673767089844
21.2252140045166
21.425962448120117
20.721912384033203
20.3855037689209
20.638465881347656
20.925521850585938
21.427154541015625
20.62368392944336
21.62456512451172
21.317005157470703
21.706104278564453
21.243810653686523
21.372079849243164
21.484851837158203
21.349430084228516
20.407915115356445
20.648717880249023
21.04973793029785
21.360158920288086
21.385908126831055
21.640777587890625
20.749330520629883
21.40641212463379
22.063255310058594
22.194623947143555
20.746231079101562
21.507740020751953
23.70429039001465
20.134925842285156
21.486520767211914
21.157503128051758
22.663116455078125
19.360780715942383
20.709991455078125
20.33257484436035
21.73471450805664
21.294832229614258
21.56805992126465
21.437644958496094
21.40331268310547
21.22974395751953
21.612167358398438
22.002220153808594
21.19612693786621
22.757291793823242
21.467924118041992
20.321130752563477
21.195173263549805
21.887779235839844
21.21591567993164
21.59595489501953
21.791934967041016
19.951820373535156
21.210432052612305
21.259546279907227
21.611928939819336
22.001266479492188
20.565271377563477
21.304607391357422
20.35355567932129
21.296024322509766
21.618127822875977
21.23713493347168
21.32582664489746
20.689725875854492
20.409822463989258
20.456314086914062
20.619630813598633
20.5996036529541
20.885705947875977
21.137237548828125
21.582365036010742
21.160125732421875
21.518707275390625
21.579265594482422
21.360158920288086
21.76690101623535
21.623611450195312
21.75283432006836
21.13628387451172
22.11475372314453
20.85399627685547
21.576881408691406
20.941734313964844
21.337270736694336
21.67677879333496
21.437406539916992
21.389245986938477
21.539926528930664
21.495819091796875
21.564245223999023
21.206378936767578
21.589279174804688
21.44765853881836
21.336793899536133
21.5914249420166
21.573781967163086
21.34847640991211
21.55590057373047
21.998167037963867
20.485639572143555
20.61009407043457
21.11053466796875
20.216703414916992
21.953582763671875
21.002769470214844
21.352529525756836
21.73614501953125
21.821022033691406
19.345760345458984
21.694183349609375
21.518707275390625
21.43692970275879
21.282672882080078
20.49851417541504
20.48039436340332
20.531177520751953
20.256519317626953
20.449161529541016
20.59650421142578
20.345211029052734
20.524978637695312
21.465778350830078
21.31056785583496
21.176576614379883
22.26400375366211
20.7211971282959
21.49367332458496
20.831823348999023
21.40974998474121
21.73781394958496
20.84970474243164
21.143198013305664
22.047996520996094
20.501136779785156
21.514177322387695
21.196603775024414
21.333932876586914
21.795988082885742
21.298885345458984
21.1334228515625
21.210670471191406
21.082162857055664
21.698713302612305
20.94125747680664
22.16053009033203
19.330263137817383
20.564794540405273
20.610809326171875
21.135807037353516
19.976139068603516
21.53468132019043
21.338701248168945
21.37589454650879
21.7587947845459
21.719932556152344
21.18968963623047
20.34449577331543
20.77484130859375
21.658658981323242
21.539688110351562
21.037817001342773
23.338794708251953
19.268035888671875
20.40243148803711
20.52593231201172
20.670175552368164
22.419452667236328
22.00174331665039
21.15178108215332
21.34871482849121
21.546363830566406
21.864652633666992
20.914316177368164
21.703720092773438
21.72565460205078
20.879745483398438
21.691322326660156
21.184444427490234
21.204471588134766
21.33965492248535
21.549701690673828
21.484375
21.92378044128418
21.573781967163086
20.871639251708984
22.92180061340332
20.791292190551758
21.64483070373535
20.86019515991211
21.40331268310547
21.691083908081055
21.025896072387695
21.445035934448242
21.661043167114258
21.387100219726562
21.372318267822266
20.324230194091797
20.496129989624023
20.473241806030273
20.5078125
20.784616470336914
20.974159240722656
21.345853805541992
21.280527114868164
21.566152572631836
21.3620662689209
21.470308303833008
21.058320999145508
21.946430206298828
20.1265811920166
21.433591842651367
20.7061767578125
20.18117904663086
20.78866958618164
21.512746810913086
22.3844051361084
20.100116729736328
21.4536190032959
21.431446075439453
20.97630500793457
21.84009552001953
21.216869354248047
21.241426467895508
23.036956787109375
20.00904083251953
19.994020462036133
21.140575408935547
21.531105041503906
22.856712341308594
18.770694732666016
20.132064819335938
20.465612411499023
20.303726196289062
20.6301212310791
20.703792572021484
21.126985549926758
21.615266799926758
21.459341049194336
21.60334587097168
21.483659744262695
21.290302276611328
21.32582664489746
21.70109748840332
21.392107009887695
21.295785903930664
20.303964614868164
20.6451416015625
21.009206771850586
21.725177764892578
21.21424674987793
21.55900001525879
21.433353424072266
21.77596092224121
21.222352981567383
21.301746368408203
21.836280822753906
20.998239517211914
21.474599838256836
21.43120765686035
20.368576049804688
20.687103271484375
20.61295509338379
20.965099334716797
21.56662940979004
23.374557495117188
19.713163375854492
21.355867385864258
21.496057510375977
23.033857345581055
19.951820373535156
21.521329879760742
21.671295166015625
21.368741989135742
21.356821060180664
21.608591079711914
21.550893783569336
21.517276763916016
21.4841365814209
21.27861976623535
21.29364013671875
20.288944244384766
20.42078971862793
22.705078125
18.905162811279297
21.677017211914062
21.100759506225586
21.471023559570312
21.128416061401367
21.23713493347168
21.187305450439453
21.538257598876953
21.2554931640625
21.27552032470703
20.571470260620117
20.38860321044922
20.692825317382812
21.65961265563965
23.088693618774414
19.31023597717285
21.454334259033203
21.498918533325195
21.485090255737305
21.116971969604492
21.428585052490234
21.26908302307129
21.230459213256836
21.286964416503906
21.446704864501953
20.33519744873047
20.57814598083496
20.28822898864746
20.418167114257812
21.179676055908203
20.290613174438477
20.711898803710938
21.094560623168945
20.668983459472656
20.418643951416016
20.5996036529541
20.6301212310791
20.940780639648438
21.455049514770508
21.630287170410156
21.51775360107422
21.500349044799805
21.65961265563965
21.578311920166016
20.991802215576172
21.764278411865234
21.326780319213867
21.651506423950195
21.210670471191406
21.71921730041504
21.52228355407715
21.332740783691406
21.56376838684082
21.854877471923828
21.52276039123535
21.42190933227539
21.394968032836914
21.4688777923584
21.42024040222168
21.1029052734375
20.653247833251953
20.592689514160156
20.596742630004883
20.704030990600586
20.89667320251465
21.52252197265625
21.72112464904785
21.358489990234375
21.38829231262207
21.712541580200195
21.10123634338379
21.600008010864258
21.48604393005371
21.323442459106445
20.957469940185547
20.512104034423828
20.421504974365234
23.401498794555664
19.267559051513672
21.96979522705078
20.949363708496094
21.476030349731445
20.575761795043945
20.113706588745117
20.45297622680664
20.389080047607422
21.27695083618164
22.255420684814453
20.4315185546875
21.201133728027344
21.169185638427734
22.27330207824707
20.86186408996582
21.038532257080078
20.96700668334961
21.50583267211914
21.894454956054688
20.612478256225586
21.431922912597656
21.1637020111084
21.352767944335938
21.167516708374023
21.270751953125
21.32129669189453
21.581411361694336
22.5830078125
20.264387130737305
20.899534225463867
20.264863967895508
20.55501937866211
20.800352096557617
21.358489990234375
21.535634994506836
21.43716812133789
21.249055862426758
20.74432373046875
20.772933959960938
20.476102828979492
20.50638198852539
20.627260208129883
20.526647567749023
21.374940872192383
21.19135856628418
20.405292510986328
20.957469940185547
20.40863037109375
21.503210067749023
21.60334587097168
21.437644958496094
21.483421325683594
21.480083465576172
21.231412887573242
21.429061889648438
21.54707908630371
21.418333053588867
21.693706512451172
21.267414093017578
21.391868591308594
22.174835205078125
20.85709571838379
21.626710891723633
20.438194274902344
21.528244018554688
20.82514762878418
21.459579467773438
21.48127555847168
21.51346206665039
21.50559425354004
21.41094207763672
21.55327796936035
21.5604305267334
21.121501922607422
21.78049087524414
21.228313446044922
21.4996337890625
21.335363388061523
20.59650421142578
20.80225944519043
20.841360092163086
20.60413360595703
21.170854568481445
21.9881534576416
21.082162857055664
22.146224975585938
20.697593688964844
21.344900131225586
20.41316032409668
20.28179168701172
20.356178283691406
20.674467086791992
20.442724227905273
20.491838455200195
20.609140396118164
21.346569061279297
21.6829776763916
21.254301071166992
21.054506301879883
21.34251594543457
21.371126174926758
21.282434463500977
21.7740535736084
21.351337432861328
21.338224411010742
21.878480911254883
23.997068405151367
18.889904022216797
21.509885787963867
21.286725997924805
21.371126174926758
22.371530532836914
22.026777267456055
22.40300178527832
19.137859344482422
20.407438278198242
21.4841365814209
21.47221565246582
20.707130432128906
20.91193199157715
21.207332611083984
20.14470100402832
20.372390747070312
21.52228355407715
21.32868766784668
21.409988403320312
21.151065826416016
21.38495445251465
21.04330062866211
20.41912078857422
21.00992202758789
20.327329635620117
21.3165283203125
21.268844604492188
21.521329879760742
21.413087844848633
21.394729614257812
21.428823471069336
21.445512771606445
22.08685874938965
21.04043960571289
21.381378173828125
19.87910270690918
20.7216739654541
20.787477493286133
21.609067916870117
21.358728408813477
21.331310272216797
21.561384201049805
21.4083194732666
21.478891372680664
21.910667419433594
20.795345306396484
21.472454071044922
21.426677703857422
21.544456481933594
21.442174911499023
21.4083194732666
21.323680877685547
22.77994155883789
20.073652267456055
21.463632583618164
22.101163864135742
21.65985107421875
23.06342124938965
20.46489715576172
20.5843448638916
21.163463592529297
21.413087844848633
20.427703857421875
20.352602005004883
20.48039436340332
20.356416702270508
20.766258239746094
21.003246307373047
21.205663681030273
20.586252212524414
20.45154571533203
21.94976806640625
20.504236221313477
21.474838256835938
21.48127555847168
21.2099552154541
21.377086639404297
21.28291130065918
21.236181259155273
21.03734016418457
21.321773529052734
21.071195602416992
21.06022834777832
20.163297653198242
20.724773406982422
21.00348472595215
21.04973793029785
21.226167678833008
21.32415771484375
21.606922149658203
21.464824676513672
21.33011817932129
21.13199234008789
22.711515426635742
19.832611083984375
21.665334701538086
20.93958854675293
21.30722999572754
21.03900909423828
20.507097244262695
20.599842071533203
20.42222023010254
20.572900772094727
20.751237869262695
21.085262298583984
22.355079650878906
20.89834213256836
21.460294723510742
21.266937255859375
21.54541015625
21.653175354003906
21.24333381652832
21.119356155395508
21.205425262451172
21.571636199951172
21.355152130126953
21.592140197753906
21.542787551879883
20.367860794067383
20.542383193969727
21.508455276489258
21.601438522338867
21.305084228515625
21.502256393432617
21.425724029541016
21.786212921142578
21.17753028869629
21.6062068939209
22.317886352539062
20.71547508239746
21.28148078918457
21.68416976928711
21.119356155395508
20.136117935180664
20.573854446411133
20.812034606933594
21.35300636291504
21.404743194580078
21.443843841552734
21.391630172729492
21.548748016357422
22.106409072875977
21.404743194580078
21.231412887573242
21.42047882080078
21.274089813232422
20.832300186157227
21.7742919921875
21.356582641601562
20.385026931762695
20.37525177001953
20.25747299194336
20.72906494140625
20.307064056396484
22.452592849731445
20.59793472290039
21.181106567382812
20.972251892089844
21.824121475219727
20.534276962280273
21.286487579345703
21.482229232788086
21.121740341186523
22.436857223510742
20.230770111083984
21.39759063720703
21.328449249267578
20.273923873901367
21.548748016357422
21.0723876953125
21.46625518798828
21.317481994628906
21.32892608642578
21.192312240600586
21.4846134185791
21.05998992919922
22.507429122924805
19.909381866455078
21.392345428466797
21.244525909423828
21.62337303161621
19.904136657714844
20.609617233276367
20.224809646606445
20.381689071655273
21.799325942993164
21.487712860107422
21.43120765686035
21.23427391052246
21.68583869934082
22.68242835998535
20.35045623779297
21.474599838256836
21.69489860534668
21.404504776000977
21.388530731201172
21.349668502807617
21.58212661743164
21.731138229370117
21.205425262451172
21.467208862304688
20.692825317382812
21.308422088623047
23.207426071166992
20.108938217163086
21.704673767089844
20.815610885620117
21.23713493347168
21.473407745361328
21.328449249267578
22.410154342651367
20.749807357788086
21.234750747680664
21.69346809387207
21.42190933227539
20.960330963134766
20.631074905395508
20.586729049682617
20.775794982910156
20.904064178466797
21.453142166137695
21.639585494995117
21.26932144165039
21.6219425201416
21.67367935180664
21.25072479248047
21.380186080932617
21.669387817382812
21.5301513671875
21.096467971801758
20.906925201416016
20.073413848876953
20.742416381835938
20.30324935913086
21.018266677856445
21.11673355102539
21.61574363708496
21.26002311706543
21.242380142211914
21.258115768432617
21.857500076293945
20.850181579589844
21.086931228637695
21.213531494140625
21.204471588134766
23.206710815429688
20.89071273803711
21.56543731689453
21.040916442871094
21.5604305267334
21.248340606689453
21.613359451293945
22.37391471862793
21.010875701904297
20.692110061645508
21.1637020111084
21.934032440185547
20.35379409790039
20.20096778869629
20.566701889038086
20.90167999267578
21.623611450195312
21.366596221923828
20.228862762451172
20.795583724975586
20.692110061645508
20.175933837890625
20.634174346923828
21.146297454833984
21.737098693847656
21.30126953125
21.1331844329834
21.735191345214844
21.368026733398438
21.193742752075195
21.500110626220703
21.949052810668945
21.42643928527832
21.434307098388672
21.286725997924805
20.470619201660156
20.571470260620117
20.75648307800293
20.781517028808594
21.884918212890625
21.923542022705078
21.4385986328125
20.989656448364258
21.551847457885742
21.385669708251953
21.74544334411621
21.259546279907227
21.547317504882812
21.439790725708008
21.638154983520508
21.327733993530273
21.26908302307129
21.373748779296875
21.778345108032227
21.47960662841797
20.627975463867188
20.722389221191406
21.509885787963867
22.03369140625
20.987272262573242
21.398305892944336
21.55447006225586
21.16107940673828
21.232128143310547
21.603822708129883
21.088600158691406
21.32558822631836
21.361827850341797
22.00627326965332
19.907236099243164
20.684003829956055
20.39813995361328
21.366119384765625
21.42620086669922
21.276473999023438
21.291732788085938
21.942853927612305
20.14899253845215
20.361900329589844
21.36373519897461
21.119356155395508
21.230697631835938
21.244525909423828
21.332502365112305
21.037578582763672
20.61772346496582
21.344661712646484
21.19755744934082
21.210908889770508
21.14129066467285
20.564556121826172
20.81608772277832
21.27385139465332
21.64435386657715
21.39568328857422
21.22330665588379
21.52252197265625
20.210981369018555
21.87967300415039
21.01898193359375
21.066904067993164
20.339488983154297
20.4622745513916
21.004915237426758
20.053386688232422
20.6754207611084
20.8890438079834
21.680593490600586
21.33798599243164
21.762609481811523
21.208524703979492
21.947383880615234
20.766258239746094
21.63863182067871
20.249605178833008
21.362781524658203
21.400928497314453
20.805835723876953
20.221233367919922
20.821809768676758
21.370649337768555
22.248029708862305
20.585060119628906
21.607160568237305
21.49510383605957
21.38495445251465
21.405458450317383
21.347999572753906
21.630525588989258
21.184444427490234
21.60191535949707
21.62456512451172
21.39115333557129
20.27726173400879
20.748138427734375
20.54619789123535
21.6062068939209
21.4231014251709
21.62790298461914
21.247148513793945
21.78788185119629
21.35920524597168
21.091699600219727
21.714210510253906
21.240949630737305
22.092103958129883
20.8895206451416
21.307706832885742
21.589279174804688
21.04640007019043
20.77507972717285
20.08223533630371
20.511388778686523
20.317792892456055
21.21734619140625
21.337509155273438
21.43716812133789
21.255970001220703
20.986080169677734
21.302461624145508
21.465539932250977
21.323680877685547
21.279573440551758
21.50869369506836
21.56996726989746
19.550561904907227
20.34163475036621
20.745515823364258
22.22442626953125
21.12126350402832
21.008014678955078
20.70903778076172
21.35467529296875
21.459102630615234
21.470308303833008
20.9963321685791
21.621227264404297
21.004199981689453
20.171403884887695
21.819114685058594
20.886898040771484
21.27361297607422
21.1334228515625
20.351409912109375
20.48468589782715
20.47109603881836
20.63584327697754
20.609617233276367
21.32439613342285
21.11053466796875
21.389245986938477
21.54088020324707
21.43692970275879
21.36993408203125
22.439956665039062
20.436525344848633
21.69203758239746
21.451711654663086
20.858049392700195
20.070552825927734
21.23880386352539
21.5914249420166
20.893573760986328
21.610498428344727
20.984649658203125
20.7977294921875
20.55501937866211
21.452665328979492
21.39115333557129
21.379709243774414
21.62456512451172
21.43120765686035
21.333932876586914
21.411657333374023
21.24762535095215
20.18880844116211
20.648717880249023
21.510839462280273
21.41547203063965
21.314382553100586
21.34537696838379
21.4083194732666
21.44312858581543
21.523237228393555
21.39902114868164
21.657705307006836
22.504568099975586
20.10822296142578
21.33798599243164
22.278785705566406
21.207809448242188
20.28059959411621
20.12944221496582
20.4620361328125
20.34759521484375
20.413637161254883
20.454883575439453
21.38042449951172
21.452903747558594
21.28911018371582
21.307706832885742
21.169662475585938
21.472692489624023
21.294832229614258
21.57735824584961
20.858049392700195
21.230220794677734
21.30889892578125
21.26765251159668
21.186113357543945
22.064685821533203
20.75362205505371
21.480321884155273
21.21567726135254
21.322250366210938
21.353721618652344
21.38209342956543
21.347761154174805
21.759986877441406
21.51942253112793
22.656679153442383
19.677400588989258
20.768404006958008
20.487308502197266
20.375490188598633
20.49398422241211
20.5843448638916
20.470142364501953
20.779848098754883
20.303010940551758
20.999908447265625
21.652936935424805
21.28744125366211
21.30913734436035
21.399259567260742
21.68416976928711
21.123886108398438
21.59905433654785
21.025896072387695
22.12977409362793
19.704103469848633
20.60079574584961
20.955801010131836
21.4846134185791
21.45528793334961
21.419763565063477
21.4078426361084
21.37613296508789
21.569490432739258
22.022485733032227
20.9500789642334
20.891666412353516
21.451473236083984
21.557331085205078
21.316051483154297
21.413326263427734
21.537303924560547
21.923542022705078
20.944595336914062
21.706342697143555
21.214723587036133
21.331787109375
21.40665054321289
21.426677703857422
21.507978439331055
21.331310272216797
21.486520767211914
20.559310913085938
23.135662078857422
19.985437393188477
21.248817443847656
21.225929260253906
21.56972885131836
20.644426345825195
19.931793212890625
20.373821258544922
20.42245864868164
20.33090591430664
21.29054069519043
21.12865447998047
21.173954010009766
21.274089813232422
21.184921264648438
21.546363830566406
21.067142486572266
21.12865447998047
21.190881729125977
21.22187614440918
21.198511123657227
21.145105361938477
20.998716354370117
20.125865936279297
21.24476432800293
21.28767967224121
21.42643928527832
21.40665054321289
21.319866180419922
21.500349044799805
21.018505096435547
21.14248275756836
21.18229866027832
21.672725677490234
21.158456802368164
20.568370819091797
21.196603775024414
21.552562713623047
21.53944969177246
21.03447914123535
21.45838737487793
20.203351974487305
20.69878578186035
21.682024002075195
19.98114585876465
21.71635627746582
21.368980407714844
22.248268127441406
21.01445198059082
21.394014358520508
22.04728126525879
21.27861976623535
20.5533504486084
20.231962203979492
20.107030868530273
20.703554153442383
21.564722061157227
20.748138427734375
21.54827117919922
21.448135375976562
21.620988845825195
21.086454391479492
21.723508834838867
22.031545639038086
21.093130111694336
21.367788314819336
21.654844284057617
21.21138572692871
22.060394287109375
20.990610122680664
21.36540412902832
20.385265350341797
20.890235900878906
20.333051681518555
20.870685577392578
21.711349487304688
21.24643325805664
21.341562271118164
21.197795867919922
21.612882614135742
21.36707305908203
21.80027961730957
21.208524703979492
21.611690521240234
21.51942253112793
21.506309509277344
21.397113800048828
21.254301071166992
20.397663116455078
20.77507972717285
21.5451717376709
21.277666091918945
20.304203033447266
20.479917526245117
20.63894271850586
20.852088928222656
20.63775062561035
21.895170211791992
20.476102828979492
21.12865447998047
22.02582359313965
20.830869674682617
20.340681076049805
21.44002914428711
21.030902862548828
21.465063095092773
25.3908634185791
24.882078170776367
14.068126678466797
21.3620662689209
21.344423294067383
21.325111389160156
21.005868911743164
21.49796485900879
21.088123321533203
21.411657333374023
21.126508712768555
21.494626998901367
21.332263946533203
21.094560623168945
20.096778869628906
21.559476852416992
21.203994750976562
21.43549919128418
21.202564239501953
21.267414093017578
20.618677139282227
20.60222625732422
20.44987678527832
20.328521728515625
21.699190139770508
21.21114730834961
21.475791931152344
21.652936935424805
21.412134170532227
21.335363388061523
21.53301239013672
21.844863891601562
21.27814292907715
21.274328231811523
21.305084228515625
21.614789962768555
21.281957626342773
22.094011306762695
21.323442459106445
20.956754684448242
21.793127059936523
20.98679542541504
21.52395248413086
22.075653076171875
20.067930221557617
20.61605453491211
20.624160766601562
21.389484405517578
21.389007568359375
21.877288818359375
21.178007125854492
21.53635025024414
21.678924560546875
21.45695686340332
21.74854278564453
20.13564109802246
21.457672119140625
21.373748779296875
21.454572677612305
21.754026412963867
21.326541900634766
22.2933292388916
19.495487213134766
20.648717880249023
20.812273025512695
21.604537963867188
20.91813087463379
21.652936935424805
21.50559425354004
21.07858657836914
21.419525146484375
20.262718200683594
20.596742630004883
20.091772079467773
20.43318748474121
21.280765533447266
21.62790298461914
20.7669734954834
21.388530731201172
21.576404571533203
20.97296714782715
21.648406982421875
21.413564682006836
21.720409393310547
21.0111141204834
21.24333381652832
21.239280700683594
21.093368530273438
21.42620086669922
21.152019500732422
21.265029907226562
21.389484405517578
20.402908325195312
21.277666091918945
21.30126953125
21.082639694213867
20.984649658203125
20.93958854675293
20.259380340576172
21.647930145263672
21.08478546142578
20.983219146728516
20.68471908569336
21.052122116088867
20.222902297973633
20.581483840942383
20.455598831176758
20.63894271850586
21.154403686523438
21.434783935546875
20.48635482788086
20.386457443237305
21.172046661376953
20.61915397644043
21.50893211364746
21.522045135498047
22.337913513183594
20.40410041809082
21.461009979248047
21.613121032714844
21.29673957824707
21.53182029724121
21.453142166137695
21.223783493041992
21.48151397705078
21.428823471069336
21.509408950805664
21.416902542114258
21.282196044921875
21.588563919067383
21.680116653442383
21.319866180419922
21.23236656188965
21.454334259033203
21.159648895263672
22.09162712097168
21.240234375
21.483659744262695
21.45695686340332
21.28911018371582
21.425485610961914
20.337820053100586
21.361112594604492
20.369529724121094
21.414518356323242
21.355628967285156
21.70538902282715
21.899700164794922
20.772457122802734
21.418333053588867
21.611928939819336
21.363258361816406
21.191835403442383
20.345449447631836
20.546674728393555
20.476579666137695
20.94125747680664
21.773099899291992
21.076679229736328
21.02351188659668
20.453929901123047
20.547866821289062
21.422863006591797
22.290468215942383
21.831512451171875
21.073341369628906
21.49343490600586
22.209882736206055
20.50185203552246
21.483421325683594
39.30044174194336
4.913091659545898
20.37644386291504
20.594120025634766
20.709514617919922
21.524906158447266
21.046876907348633
21.358251571655273
21.450519561767578
21.80767059326172
20.948410034179688
21.271467208862305
21.676301956176758
22.431612014770508
20.55501937866211
21.105289459228516
21.42643928527832
21.104812622070312
20.23768424987793
21.429061889648438
19.82569694519043
20.70307731628418
20.897865295410156
21.283864974975586
21.591901779174805
21.461963653564453
21.224021911621094
20.83611488342285
20.85590362548828
22.298336029052734
20.695924758911133
21.399497985839844
21.41737937927246
21.435260772705078
21.437883377075195
21.372318267822266
21.41547203063965
21.283626556396484
20.4770565032959
21.420717239379883
21.440744400024414
21.564006805419922
21.32868766784668
21.366357803344727
21.540403366088867
21.471500396728516
21.324872970581055
21.4846134185791
21.4388370513916
21.24762535095215
21.363496780395508
21.392345428466797
22.357940673828125
20.642995834350586
21.715641021728516
21.145105361938477
21.314382553100586
21.829843521118164
21.324872970581055
21.694183349609375
21.373748779296875
21.369218826293945
22.45044708251953
20.38717269897461
21.269559860229492
22.944211959838867
20.173311233520508
21.0726261138916
19.520282745361328
20.45416831970215
20.44844627380371
20.917415618896484
21.67201042175293
21.074295043945312
21.2099552154541
20.458459854125977
20.657062530517578
21.166324615478516
21.664857864379883
21.452665328979492
21.131515502929688
21.298646926879883
21.3320255279541
21.198034286499023
21.325349807739258
21.26455307006836
20.81608772277832
20.133495330810547
24.144649505615234
19.507169723510742
20.735502243041992
21.217823028564453
21.18515968322754
21.985530853271484
23.001909255981445
19.335269927978516
21.09980583190918
20.392417907714844
21.575450897216797
21.116971969604492
21.47817611694336
21.0115909576416
20.875215530395508
21.05569839477539
21.06165885925293
20.53236961364746
20.59197425842285
21.294593811035156
21.306514739990234
21.786212921142578
21.30866050720215
21.39115333557129
21.445035934448242
21.41857147216797
21.382570266723633
21.41547203063965
20.44534683227539
20.433664321899414
21.021604537963867
21.376609802246094
21.55780792236328
22.034645080566406
20.98989486694336
21.462678909301758
21.221637725830078
21.474599838256836
21.185874938964844
21.561622619628906
21.342992782592773
21.587133407592773
21.37303352355957
23.660659790039062
18.71323585510254
21.51799201965332
20.725488662719727
21.22640609741211
20.215749740600586
20.686864852905273
20.617246627807617
21.25835418701172
21.18825912475586
21.709918975830078
21.23737335205078
21.393775939941406
21.384239196777344
21.569252014160156
21.21591567993164
21.854877471923828
21.146297454833984
22.67003059387207
20.10345458984375
21.450519561767578
21.563053131103516
21.296977996826172
21.274566650390625
19.544124603271484
20.41769027709961
21.24619483947754
21.47388458251953
21.132230758666992
20.83110809326172
21.157503128051758
21.10433578491211
21.581649780273438
20.12038230895996
21.076679229736328
20.0653076171875
21.709918975830078
21.013975143432617
21.320104598999023
21.759986877441406
21.31962776184082
21.53158187866211
20.597457885742188
21.167755126953125
21.83365821838379
20.660877227783203
21.61550521850586
21.402835845947266
21.412372589111328
21.326065063476562
20.154237747192383
21.495580673217773
21.36516571044922
20.355939865112305
21.210670471191406
20.1418399810791
21.415233612060547
22.159099578857422
20.045757293701172
20.50161361694336
20.38407325744629
20.459651947021484
21.559953689575195
21.22020721435547
21.690845489501953
23.92578125
19.23370361328125
21.126985549926758
21.595478057861328
21.411657333374023
21.262168884277344
21.47674560546875
23.441553115844727
19.33455467224121
24.083614349365234
18.7838077545166
21.56209945678711
21.378040313720703
21.448850631713867
21.471261978149414
21.49176597595215
21.295785903930664
21.307706832885742
20.159244537353516
20.746469497680664
20.798444747924805
21.359682083129883
21.75593376159668
21.188020706176758
21.958589553833008
21.36397361755371
21.367549896240234
21.135330200195312
21.405935287475586
21.396398544311523
21.158695220947266
21.430492401123047
21.41880989074707
21.39735221862793
21.831750869750977
21.441221237182617
21.27861976623535
21.441936492919922
20.18904685974121
21.57878875732422
21.714210510253906
19.433259963989258
20.825624465942383
20.0345516204834
20.423412322998047
21.221399307250977
20.69377899169922
20.310163497924805
21.214008331298828
20.484447479248047
20.89214324951172
21.105527877807617
21.44932746887207
21.353960037231445
21.205663681030273
21.18229866027832
21.366596221923828
21.081209182739258
21.162986755371094
21.39592170715332
21.588563919067383
21.234512329101562
21.434783935546875
21.188974380493164
21.622657775878906
20.981788635253906
20.279407501220703
21.730899810791016
20.788908004760742
20.35665512084961
21.026134490966797
21.46315574645996
21.233320236206055
20.968914031982422
20.241498947143555
20.53666114807129
20.450115203857422
19.840478897094727
20.28179168701172
21.0263729095459
21.675586700439453
21.354198455810547
21.351337432861328
21.585702896118164
21.506786346435547
21.863698959350586
20.87998390197754
20.310401916503906
21.563053131103516
21.33035659790039
21.523237228393555
21.51322364807129
21.49367332458496
21.61717414855957
21.56996726989746
21.259069442749023
20.170211791992188
20.249605178833008
20.397663116455078
20.282983779907227
20.304441452026367
20.969390869140625
19.942760467529297
20.55215835571289
20.629405975341797
20.978450775146484
20.827054977416992
21.485090255737305
21.803617477416992
21.48747444152832
21.148681640625
22.579431533813477
20.174026489257812
21.76833152770996
21.421432495117188
20.44677734375
21.534442901611328
21.310091018676758
21.549224853515625
21.767139434814453
21.060705184936523
21.434307098388672
21.265745162963867
21.500825881958008
21.708250045776367
20.077943801879883
20.323991775512695
20.0350284576416
20.749330520629883
21.495819091796875
21.001815795898438
21.241188049316406
21.18968963623047
21.469831466674805
20.45154571533203
21.440744400024414
21.036863327026367
20.336389541625977
20.462751388549805
22.032499313354492
20.781993865966797
21.598339080810547
21.161556243896484
21.234750747680664
21.151304244995117
21.674633026123047
21.094322204589844
21.92521095275879
20.52021026611328
21.41594886779785
21.276473999023438
21.220922470092773
21.465063095092773
21.54994010925293
21.003007888793945
21.23284339904785
21.486282348632812
21.19588851928711
21.35753631591797
20.42222023010254
21.445274353027344
20.39790153503418
20.37835121154785
20.52021026611328
20.898818969726562
20.433664321899414
21.02184295654297
20.7977294921875
20.97630500793457
21.37303352355957
21.546602249145508
21.62790298461914
21.28887176513672
21.593093872070312
22.126197814941406
21.393537521362305
22.449016571044922
20.06053924560547
21.700620651245117
21.180391311645508
21.396398544311523
21.501541137695312
21.427154541015625
21.344661712646484
21.355628967285156
21.392822265625
20.238399505615234
20.973682403564453
20.292282104492188
21.04663848876953
21.441221237182617
21.51203155517578
21.317720413208008
21.46434783935547
21.718740463256836
21.134614944458008
21.439075469970703
21.286964416503906
22.595882415771484
20.36905288696289
21.351337432861328
22.58443832397461
20.444393157958984
22.269248962402344
20.35355567932129
23.69856834411621
19.38176155090332
21.381378173828125
21.446943283081055
21.6064453125
20.237445831298828
20.641088485717773
20.75505256652832
21.29530906677246
21.03114128112793
21.12555503845215
21.67487144470215
21.153688430786133
21.258831024169922
21.282434463500977
21.303892135620117
21.16537094116211
21.15011215209961
21.55756950378418
21.099328994750977
21.327733993530273
21.134138107299805
21.269559860229492
21.5756893157959
21.286487579345703
20.677804946899414
21.510839462280273
21.162033081054688
21.60501480102539
20.871400833129883
20.351171493530273
19.917011260986328
21.365642547607422
19.817829132080078
20.87998390197754
21.19135856628418
21.15035057067871
21.038532257080078
21.024227142333984
19.846200942993164
22.6895809173584
19.292831420898438
21.235942840576172
21.306753158569336
21.46172523498535
21.393537521362305
21.397113800048828
23.302555084228516
19.798755645751953
21.784543991088867
20.75481414794922
22.55105972290039
20.123958587646484
21.385908126831055
21.868228912353516
20.957231521606445
20.177841186523438
20.63131332397461
20.659923553466797
21.120786666870117
21.50750160217285
20.446300506591797
20.79606056213379
20.612478256225586
21.634578704833984
21.399974822998047
21.610498428344727
21.7893123626709
21.215438842773438
20.78533172607422
19.977092742919922
21.46315574645996
21.203994750976562
21.466970443725586
21.352529525756836
21.2857723236084
21.658658981323242
21.276473999023438
21.373987197875977
20.313739776611328
21.73471450805664
19.617795944213867
21.06332778930664
21.872758865356445
20.88475227355957
23.47278594970703
19.486427307128906
20.63894271850586
20.468711853027344
20.45297622680664
20.41172981262207
20.676612854003906
20.799636840820312
21.54231071472168
21.290302276611328
21.264076232910156
21.617889404296875
20.18451690673828
21.09384536743164
21.46458625793457
21.550655364990234
21.004438400268555
21.381378173828125
21.279096603393555
20.312070846557617
20.538330078125
21.32105827331543
21.999120712280273
20.982980728149414
22.502422332763672
20.95818519592285
21.21281623840332
21.557331085205078
21.652698516845703
25.012731552124023
16.767263412475586
22.162437438964844
20.818710327148438
21.098613739013672
21.181583404541016
21.620750427246094
19.664525985717773
20.88141441345215
20.448923110961914
20.221710205078125
20.686626434326172
22.310256958007812
20.377397537231445
21.514415740966797
20.7674503326416
20.40266990661621
20.76101303100586
21.600961685180664
21.680593490600586
20.959138870239258
21.44598960876465
21.481037139892578
21.30436897277832
21.8048095703125
21.158456802368164
21.45838737487793
21.54684066772461
21.30293846130371
21.307706832885742
21.630048751831055
21.370649337768555
21.394729614257812
21.49224281311035
21.573781967163086
21.478891372680664
21.096467971801758
21.268129348754883
20.822525024414062
21.120548248291016
20.383119583129883
20.703554153442383
20.52021026611328
21.76833152770996
21.274328231811523
21.458148956298828
21.713972091674805
21.306753158569336
21.265029907226562
21.656036376953125
21.26002311706543
21.406173706054688
22.04132080078125
21.103382110595703
21.79098129272461
21.36993408203125
21.40974998474121
21.625280380249023
19.905567169189453
19.55866813659668
20.369291305541992
21.02971076965332
21.715402603149414
20.80678939819336
20.200252532958984
21.46148681640625
21.337032318115234
21.4385986328125
20.792484283447266
20.908832550048828
21.523237228393555
22.821426391601562
19.61541175842285
21.544456481933594
21.203279495239258
21.21138572692871
21.478652954101562
21.10743522644043
21.497249603271484
21.306991577148438
21.31485939025879
21.178245544433594
21.4841365814209
21.229982376098633
21.186113357543945
21.291255950927734
20.34282684326172
21.626949310302734
20.390748977661133
21.46768569946289
21.13795280456543
21.11530303955078
20.26677131652832
20.728588104248047
20.98250389099121
20.462989807128906
21.36516571044922
21.360158920288086
21.62909507751465
21.33965492248535
21.547794342041016
21.857261657714844
21.340608596801758
21.586894989013672
21.17443084716797
21.87657356262207
21.329641342163086
21.395206451416016
21.521806716918945
21.302461624145508
21.490812301635742
21.092653274536133
20.899057388305664
20.653486251831055
22.19843864440918
19.042015075683594
21.72541618347168
21.570205688476562
21.06022834777832
21.607637405395508
21.305084228515625
21.694660186767578
21.227359771728516
21.326541900634766
21.636009216308594
21.759510040283203
21.30579948425293
21.43239974975586
21.829843521118164
20.853519439697266
22.0184326171875
20.966768264770508
21.436691284179688
21.304607391357422
21.457910537719727
21.58832550048828
20.730257034301758
20.479440689086914
20.686864852905273
21.098852157592773
21.37303352355957
21.728515625
21.077871322631836
20.33066749572754
20.448923110961914
20.462989807128906
21.456480026245117
20.966768264770508
21.7897891998291
21.108388900756836
21.421432495117188
20.366430282592773
21.544218063354492
21.14725112915039
22.013425827026367
20.70331573486328
21.38805389404297
21.284818649291992
21.015167236328125
21.405696868896484
21.1179256439209
20.276546478271484
21.358966827392578
21.453380584716797
21.325349807739258
21.245479583740234
21.018028259277344
21.447181701660156
20.34592628479004
21.35634422302246
21.304845809936523
21.169424057006836
21.387100219726562
20.91217041015625
20.951271057128906
21.039485931396484
20.4317569732666
20.44820785522461
21.18396759033203
20.750761032104492
20.388126373291016
21.747350692749023
21.245241165161133
21.876096725463867
20.592689514160156
20.37358283996582
20.72000503540039
20.613431930541992
21.38805389404297
21.529436111450195
21.387338638305664
21.630287170410156
21.5151309967041
21.7282772064209
21.01731300354004
21.68416976928711
21.551132202148438
21.72064781188965
21.291017532348633
21.425724029541016
21.487951278686523
21.270751953125
21.36993408203125
23.292064666748047
20.552635192871094
21.164894104003906
21.121740341186523
21.366357803344727
21.497011184692383
21.42620086669922
20.757198333740234
20.83110809326172
20.235061645507812
20.752668380737305
21.567583084106445
22.03845977783203
20.89548110961914
23.531198501586914
19.80280876159668
21.36516571044922
23.21457862854004
19.893646240234375
21.665096282958984
21.558284759521484
21.184206008911133
20.41149139404297
20.40410041809082
20.382404327392578
21.549224853515625
21.022796630859375
21.625757217407227
20.10369300842285
21.769285202026367
21.191835403442383
20.608186721801758
20.853281021118164
20.96104621887207
21.47817611694336
21.221399307250977
21.897554397583008
20.950794219970703
21.556377410888672
21.20041847229004
21.059274673461914
21.849393844604492
20.913362503051758
21.391630172729492
21.612882614135742
21.82745933532715
20.23792266845703
21.487712860107422
21.436214447021484
21.569490432739258
21.364688873291016
20.930051803588867
21.24500274658203
21.26169204711914
20.685434341430664
21.117210388183594
20.377159118652344
20.25914192199707
20.712852478027344
20.813465118408203
21.45695686340332
21.207809448242188
21.399259567260742
21.39425277709961
21.48604393005371
21.471261978149414
21.852731704711914
21.301984786987305
21.504640579223633
21.308183670043945
21.301746368408203
21.680355072021484
21.624326705932617
21.30579948425293
21.4846134185791
21.340131759643555
20.633459091186523
21.220684051513672
21.627426147460938
21.00539207458496
24.420738220214844
17.232894897460938
20.671367645263672
20.645856857299805
21.249771118164062
22.464513778686523
20.54119110107422
23.01478385925293
19.825220108032227
21.38686180114746
21.4536190032959
21.317481994628906
24.218320846557617
19.723176956176758
21.3320255279541
21.90542221069336
21.834850311279297
20.741701126098633
22.077083587646484
21.220684051513672
21.635055541992188
21.16560935974121
20.509004592895508
20.865678787231445
21.19731903076172
20.279884338378906
20.409345626831055
21.46625518798828
20.414113998413086
21.413087844848633
21.237850189208984
21.381616592407227
21.246910095214844
22.332429885864258
20.62702178955078
21.279573440551758
21.507740020751953
21.48127555847168
20.909786224365234
21.87514305114746
20.582914352416992
21.236419677734375
21.57115936279297
21.36993408203125
21.291732788085938
21.123170852661133
21.391630172729492
21.35920524597168
21.31509780883789
20.367145538330078
20.42675018310547
20.51830291748047
21.47817611694336
21.501779556274414
21.3778018951416
21.51632308959961
21.019935607910156
20.32756805419922
20.464420318603516
21.51942253112793
20.838499069213867
19.671201705932617
21.479368209838867
21.303653717041016
21.352767944335938
21.632671356201172
21.40069007873535
21.42190933227539
21.787166595458984
21.34227752685547
21.806955337524414
21.322965621948242
21.305561065673828
20.238399505615234
20.482301712036133
20.75338363647461
21.387815475463867
21.6372013092041
21.2862491607666
21.523714065551758
21.556615829467773
21.43263816833496
21.436214447021484
21.493196487426758
20.940780639648438
