cam_dds
20.824670791625977
21.477937698364258
22.500038146972656
22.580623626708984
24.69778060913086
23.96249771118164
24.613142013549805
58.35723876953125
2.0804405212402344
12.72130012512207
25.62856674194336
26.16095542907715
24.51944351196289
21.20208740234375
21.919727325439453
20.778179168701172
21.534204483032227
22.49932289123535
20.59197425842285
21.427631378173828
21.175861358642578
20.709514617919922
21.540164947509766
21.172285079956055
21.326065063476562
21.18706703186035
21.436691284179688
21.27218246459961
21.297454833984375
21.25859260559082
22.00150489807129
21.06022834777832
21.318912506103516
21.251916885375977
21.480798721313477
21.068096160888672
21.23546600341797
21.474599838256836
21.492719650268555
21.195411682128906
21.246671676635742
21.431922912597656
21.659374237060547
22.16029167175293
21.220922470092773
21.20828628540039
21.610021591186523
22.426366806030273
22.138357162475586
22.853374481201172
21.526813507080078
21.510839462280273
23.15235137939453
25.01678466796875
25.30193328857422
24.971723556518555
25.22873878479004
21.979093551635742
22.637128829956055
24.953842163085938
25.080204010009766
25.274991989135742
25.499820709228516
25.043249130249023
21.684885025024414
21.611928939819336
22.395610809326172
24.58477020263672
25.26545524597168
25.159835815429688
25.571823120117188
24.861574172973633
25.163888931274414
26.595354080200195
24.008512496948242
24.960994720458984
30.74169158935547
22.782087326049805
21.622180938720703
22.966623306274414
24.523496627807617
25.12335777282715
25.663375854492188
23.122310638427734
26.071548461914062
25.56920051574707
25.46858787536621
25.50673484802246
26.610612869262695
21.469831466674805
21.91615104675293
22.234439849853516
25.238752365112305
25.079965591430664
25.591611862182617
27.202129364013672
23.52452278137207
25.654315948486328
25.194644927978516
25.15101432800293
25.019407272338867
25.516271591186523
25.394916534423828
25.043487548828125
25.82263946533203
25.159835815429688
21.62790298461914
21.734952926635742
23.09274673461914
25.206565856933594
25.452852249145508
25.172710418701172
26.056766510009766
24.82914924621582
25.296688079833984
24.95598793029785
24.982452392578125
25.613784790039062
25.974273681640625
25.014162063598633
24.796009063720703
25.083541870117188
25.66218376159668
25.128841400146484
25.107860565185547
25.888442993164062
26.120662689208984
24.850130081176758
25.957107543945312
25.71392059326172
21.67963981628418
21.61431312561035
22.427797317504883
25.32958984375
25.68507194519043
25.395870208740234
21.996498107910156
24.926185607910156
25.80094337463379
25.3753662109375
25.469303131103516
27.96483039855957
23.5595703125
25.917768478393555
25.314807891845703
25.68531036376953
26.068687438964844
24.309873580932617
22.09615707397461
24.987220764160156
24.52373504638672
25.543689727783203
25.536537170410156
26.395320892333984
25.294780731201172
25.670289993286133
24.86586570739746
25.443315505981445
25.110960006713867
24.979591369628906
25.556087493896484
25.117874145507812
25.473594665527344
24.779081344604492
25.86841583251953
25.174856185913086
25.096654891967773
25.458335876464844
25.634288787841797
25.772809982299805
25.71702003479004
21.426677703857422
21.519184112548828
22.504568099975586
25.49457550048828
25.52175521850586
25.84362030029297
25.820255279541016
26.262998580932617
25.41184425354004
26.57318115234375
25.10833740234375
26.000261306762695
25.85744857788086
25.630950927734375
25.881052017211914
25.52509307861328
24.709224700927734
24.45387840270996
19.23346519470215
28.321266174316406
17.928361892700195
25.77686309814453
25.688886642456055
25.98118782043457
25.788545608520508
25.519847869873047
25.7723331451416
26.508808135986328
25.194644927978516
25.613069534301758
25.766372680664062
26.242494583129883
25.784969329833984
25.670528411865234
25.284290313720703
25.92778205871582
25.89273452758789
25.790929794311523
25.284290313720703
25.58159828186035
25.49886703491211
22.58753776550293
20.922422409057617
23.054838180541992
25.16794204711914
25.64835548400879
26.032447814941406
25.715351104736328
25.357484817504883
28.063535690307617
23.714303970336914
25.881528854370117
25.147676467895508
27.149438858032227
28.17559242248535
25.182008743286133
25.1309871673584
26.203393936157227
27.968168258666992
22.919178009033203
20.23172378540039
21.637678146362305
21.778106689453125
25.413036346435547
25.480985641479492
26.091575622558594
25.22563934326172
22.448301315307617
21.433115005493164
22.043704986572266
23.98991584777832
25.982141494750977
24.864673614501953
27.057886123657227
25.272130966186523
25.27928352355957
23.531675338745117
26.616811752319336
24.57141876220703
25.9397029876709
21.10743522644043
21.388530731201172
22.676706314086914
21.861791610717773
21.53301239013672
24.237871170043945
25.748729705810547
26.363134384155273
25.432109832763672
25.778532028198242
25.76303482055664
25.9549617767334
25.665283203125
25.737762451171875
26.168107986450195
26.041269302368164
25.603771209716797
26.31235122680664
24.500131607055664
25.925874710083008
25.635719299316406
21.81863784790039
21.727323532104492
22.513151168823242
25.41518211364746
25.743484497070312
24.576902389526367
25.532007217407227
26.303529739379883
23.7581729888916
25.18939971923828
25.525331497192383
24.835586547851562
25.16341209411621
25.09450912475586
25.376558303833008
26.41010284423828
25.34961700439453
26.068925857543945
25.458812713623047
25.57969093322754
26.51667594909668
25.367021560668945
26.581525802612305
24.103641510009766
19.93536949157715
21.722078323364258
22.786617279052734
25.68507194519043
25.910139083862305
25.54178237915039
25.94757080078125
25.608062744140625
25.70343017578125
25.755882263183594
26.246070861816406
25.48360824584961
25.61473846435547
26.09539031982422
26.074886322021484
25.590896606445312
25.855064392089844
22.690534591674805
20.714998245239258
22.73106575012207
24.324417114257812
25.78139305114746
25.347471237182617
25.574922561645508
25.625944137573242
25.390625
26.227951049804688
25.229930877685547
25.89869499206543
26.25250816345215
25.446653366088867
25.635957717895508
25.996685028076172
26.025772094726562
26.885509490966797
25.050878524780273
25.125503540039062
25.682687759399414
26.47709846496582
24.967432022094727
21.642208099365234
21.59714698791504
22.65024185180664
24.79386329650879
25.71582794189453
25.597572326660156
26.199817657470703
25.57682991027832
26.433229446411133
24.93882179260254
25.986433029174805
25.619029998779297
25.836467742919922
21.909236907958984
23.2846736907959
25.32362937927246
25.644779205322266
26.094675064086914
22.80735969543457
20.172595977783203
22.28379249572754
25.29001235961914
25.686979293823242
25.55990219116211
25.774240493774414
24.938106536865234
25.56324005126953
25.445222854614258
25.970935821533203
25.705575942993164
25.817155838012695
25.47144889831543
25.789976119995117
26.235342025756836
25.787353515625
25.827884674072266
25.86674690246582
25.739669799804688
25.873422622680664
24.911165237426758
25.123119354248047
21.999597549438477
21.70538902282715
21.717548370361328
24.567365646362305
25.868892669677734
25.934696197509766
25.706768035888672
26.13091468811035
25.24280548095703
25.89702606201172
25.71582794189453
25.801658630371094
25.981426239013672
25.627851486206055
25.549888610839844
25.8028507232666
26.877641677856445
24.905681610107422
21.296024322509766
25.128602981567383
25.761842727661133
26.010990142822266
25.643348693847656
21.439075469970703
21.603107452392578
22.80282974243164
25.620460510253906
26.924610137939453
24.611473083496094
26.227474212646484
25.21038055419922
25.916576385498047
25.72345733642578
25.870323181152344
25.82263946533203
26.34119987487793
25.736093521118164
26.178359985351562
25.991201400756836
25.052785873413086
25.562524795532227
22.069454193115234
21.27218246459961
22.315263748168945
24.926185607910156
25.70652961730957
25.606393814086914
25.797605514526367
25.9091854095459
25.800704956054688
25.41041374206543
25.784015655517578
25.638103485107422
25.909900665283203
24.41716194152832
25.18939971923828
25.378704071044922
25.404691696166992
25.081396102905273
21.160125732421875
21.614789962768555
23.03147315979004
25.363683700561523
25.58755874633789
25.676250457763672
25.878429412841797
25.753021240234375
25.697708129882812
25.614023208618164
26.209592819213867
27.485370635986328
25.16937255859375
25.2835750579834
26.15809440612793
20.532846450805664
21.709918975830078
24.02806282043457
26.047229766845703
26.54743194580078
25.23040771484375
21.43263816833496
23.938894271850586
24.256229400634766
19.951581954956055
21.82793617248535
22.99976348876953
25.458335876464844
25.66242218017578
25.845766067504883
26.093006134033203
26.359081268310547
25.287628173828125
25.77686309814453
25.814294815063477
25.77066421508789
25.73227882385254
26.264190673828125
25.415658950805664
25.696992874145508
25.523662567138672
22.242307662963867
21.837234497070312
21.913766860961914
24.56068992614746
25.986671447753906
25.539636611938477
25.795936584472656
25.696516036987305
25.665283203125
25.931358337402344
25.753498077392578
25.59185028076172
25.777816772460938
25.888442993164062
25.623321533203125
25.71558952331543
25.53701400756836
25.943517684936523
25.489091873168945
26.015758514404297
26.574134826660156
25.772571563720703
25.486469268798828
25.10237693786621
20.73192596435547
22.121667861938477
24.19877052307129
25.448322296142578
25.569915771484375
25.899410247802734
25.77805519104004
27.45652198791504
24.142980575561523
26.13544464111328
25.92778205871582
26.296615600585938
25.858163833618164
25.594234466552734
25.648117065429688
25.90489387512207
25.765180587768555
21.82292938232422
21.50559425354004
22.66716957092285
24.976015090942383
26.149272918701172
25.612831115722656
25.81048011779785
25.757312774658203
26.06821060180664
25.676488876342773
26.410818099975586
25.640249252319336
25.522232055664062
25.843381881713867
26.03769302368164
25.692224502563477
26.073932647705078
25.667428970336914
25.862932205200195
25.81787109375
23.386478424072266
21.49033546447754
24.3074893951416
23.19645881652832
21.826982498168945
21.525859832763672
24.065494537353516
26.055097579956055
25.869131088256836
25.39825439453125
25.718212127685547
25.923728942871094
25.96569061279297
25.6345272064209
25.754213333129883
26.417255401611328
25.6197452545166
25.4361629486084
25.07472038269043
25.462627410888672
25.724411010742188
23.214101791381836
19.767284393310547
25.345325469970703
23.7276554107666
21.94380760192871
23.851394653320312
24.482011795043945
22.075176239013672
22.30358123779297
25.50339698791504
25.13885498046875
27.014732360839844
29.21748161315918
20.980119705200195
26.099443435668945
25.948286056518555
25.2988338470459
25.476455688476562
25.369882583618164
22.630929946899414
26.031494140625
25.940418243408203
25.929689407348633
25.53081512451172
21.843910217285156
21.74973487854004
22.244930267333984
25.610685348510742
25.414466857910156
25.389671325683594
25.572538375854492
25.806903839111328
25.24733543395996
25.075435638427734
25.188446044921875
26.669025421142578
24.927377700805664
25.560379028320312
25.58135986328125
25.333642959594727
25.36320686340332
25.832414627075195
21.84581756591797
21.718263626098633
23.09727668762207
26.149272918701172
21.913766860961914
26.134490966796875
25.626420974731445
25.771141052246094
25.91991424560547
26.221752166748047
22.39680290222168
21.78192138671875
25.945663452148438
21.829605102539062
21.919727325439453
25.809049606323242
25.830745697021484
25.984764099121094
25.054931640625
28.280019760131836
22.972822189331055
25.52199363708496
25.918960571289062
23.36740493774414
22.258520126342773
21.96812629699707
23.6208438873291
25.178909301757812
25.986671447753906
25.34961700439453
25.732755661010742
24.630069732666016
25.620698928833008
25.128602981567383
21.991968154907227
21.99530601501465
21.322250366210938
23.547887802124023
25.110244750976562
27.034997940063477
24.71446990966797
26.329517364501953
21.395206451416016
22.040843963623047
23.198604583740234
25.959491729736328
25.64072608947754
25.44116973876953
25.092124938964844
25.501251220703125
25.054931640625
25.91419219970703
24.746417999267578
25.41041374206543
25.326967239379883
25.707244873046875
25.71272850036621
26.04508399963379
25.79975128173828
25.977134704589844
28.371334075927734
26.329517364501953
25.411367416381836
25.94304084777832
25.577068328857422
21.906375885009766
21.677255630493164
22.940635681152344
24.925708770751953
25.629281997680664
25.667428970336914
26.541471481323242
24.774551391601562
26.0164737701416
25.21681785583496
25.66075325012207
26.96824073791504
25.068044662475586
24.884700775146484
25.724411010742188
22.76158332824707
25.08234977722168
26.015281677246094
21.544933319091797
22.0489501953125
23.627519607543945
25.714635848999023
25.72464942932129
26.330232620239258
26.31092071533203
25.452613830566406
26.781082153320312
24.518966674804688
26.069164276123047
25.547266006469727
26.196956634521484
26.33833885192871
26.07274055480957
25.882244110107422
26.59296989440918
27.530908584594727
27.93574333190918
25.385379791259766
27.709007263183594
26.05748176574707
23.116350173950195
21.405935287475586
23.055315017700195
23.295879364013672
28.260469436645508
25.633573532104492
27.451038360595703
25.37059783935547
26.015520095825195
26.71051025390625
25.62999725341797
28.04732322692871
25.97522735595703
27.228116989135742
27.31180191040039
25.99358558654785
28.50794792175293
21.03137969970703
26.73506736755371
22.39227294921875
25.411605834960938
27.508258819580078
25.783538818359375
27.27985382080078
27.862548828125
25.871992111206055
27.506351470947266
25.734901428222656
28.71084213256836
28.3048152923584
26.33213996887207
28.920888900756836
27.795076370239258
27.554988861083984
27.9843807220459
27.120113372802734
28.039932250976562
28.11121940612793
26.486635208129883
21.618127822875977
21.782875061035156
28.17845344543457
24.91307258605957
27.941226959228516
27.212142944335938
26.736736297607422
26.778459548950195
25.868892669677734
27.12106704711914
27.347564697265625
26.10611915588379
28.32341194152832
26.125192642211914
26.48138999938965
27.443647384643555
25.816679000854492
22.071123123168945
21.58522605895996
23.07438850402832
26.09086036682129
27.779579162597656
27.340173721313477
25.720596313476562
29.311418533325195
23.52142333984375
25.799274444580078
25.635957717895508
25.730371475219727
26.106834411621094
25.574922561645508
25.970458984375
25.475025177001953
26.055335998535156
25.58612823486328
26.050806045532227
25.664567947387695
25.748491287231445
26.016950607299805
25.636672973632812
21.414995193481445
21.97265625
22.3388671875
26.311397552490234
25.434017181396484
25.98714828491211
25.81000328063965
26.598453521728516
25.748729705810547
26.132583618164062
25.492191314697266
25.887250900268555
25.80714225769043
26.28612518310547
25.534391403198242
25.265216827392578
25.164365768432617
21.994590759277344
21.806001663208008
21.77143096923828
25.485754013061523
26.35049819946289
25.27332305908203
25.713682174682617
25.832653045654297
26.297569274902344
25.679826736450195
26.500225067138672
25.13742446899414
26.212453842163086
26.13377571105957
25.24089813232422
25.971651077270508
26.493072509765625
24.924278259277344
25.628328323364258
25.907278060913086
26.12590789794922
25.90322494506836
25.632858276367188
25.23183822631836
25.609493255615234
21.361827850341797
21.84581756591797
22.432565689086914
26.021718978881836
26.645421981811523
24.742841720581055
26.128292083740234
26.29399299621582
25.769710540771484
25.618553161621094
25.928497314453125
25.867223739624023
25.56753158569336
25.623559951782227
25.6650447845459
26.239871978759766
21.847248077392578
21.409273147583008
22.927284240722656
25.55561065673828
25.927066802978516
25.688886642456055
27.95124053955078
24.425983428955078
27.54688262939453
24.052143096923828
25.354385375976562
25.56467056274414
24.670839309692383
29.48927879333496
21.623611450195312
24.901866912841797
25.50816535949707
24.63555335998535
25.740861892700195
24.895668029785156
25.10690689086914
25.43354034423828
25.27761459350586
25.497913360595703
23.37646484375
21.75617218017578
21.718502044677734
23.898839950561523
25.74443817138672
25.445938110351562
25.295495986938477
25.251388549804688
22.211551666259766
22.835969924926758
25.41518211364746
25.96569061279297
26.31235122680664
24.00684356689453
25.131940841674805
22.96137809753418
22.037744522094727
22.22752571105957
21.67797088623047
22.151947021484375
24.794816970825195
25.81167221069336
25.941848754882812
26.05724334716797
25.805950164794922
25.630950927734375
26.47113800048828
26.483535766601562
25.61020851135254
26.462316513061523
26.54552459716797
26.22389793395996
26.25131607055664
26.190996170043945
26.209115982055664
26.751995086669922
25.82097053527832
26.021242141723633
25.82836151123047
26.07107162475586
26.238441467285156
26.502132415771484
21.280765533447266
24.789094924926758
23.309946060180664
26.477336883544922
26.3521671295166
25.97951889038086
25.875329971313477
25.547027587890625
26.346683502197266
25.575637817382812
24.72543716430664
25.358915328979492
25.13718605041504
23.217201232910156
25.09140968322754
25.254011154174805
23.958206176757812
23.161649703979492
25.527000427246094
25.469541549682617
25.769710540771484
26.191234588623047
25.53415298461914
26.03006362915039
25.84052085876465
26.500701904296875
24.988174438476562
25.701284408569336
25.832653045654297
26.050567626953125
25.63762664794922
25.684118270874023
26.00407600402832
26.061296463012695
25.433778762817383
25.95806121826172
25.6345272064209
26.023149490356445
25.557518005371094
25.71582794189453
21.65079116821289
21.732807159423828
22.608041763305664
25.47764778137207
25.828123092651367
26.146650314331055
25.506258010864258
25.782108306884766
25.09331703186035
25.378704071044922
25.319337844848633
26.566028594970703
24.043798446655273
25.25186538696289
24.8868465423584
25.3753662109375
24.860382080078125
24.13320541381836
21.315574645996094
21.630048751831055
22.34196662902832
25.171756744384766
25.418519973754883
25.830745697021484
25.841236114501953
25.972366333007812
25.856733322143555
25.537729263305664
25.717496871948242
26.912689208984375
26.0465145111084
28.702735900878906
21.509647369384766
26.378393173217773
25.29454231262207
25.772809982299805
25.707721710205078
26.120901107788086
25.653839111328125
25.191068649291992
25.002717971801758
21.643400192260742
23.38099479675293
20.388364791870117
24.870634078979492
25.95043182373047
25.68221092224121
25.62570571899414
25.745868682861328
26.20720863342285
25.650978088378906
25.189876556396484
25.243759155273438
25.84528923034668
25.28548240661621
25.73227882385254
25.629520416259766
28.56278419494629
19.1805362701416
21.312236785888672
21.752595901489258
21.495580673217773
25.07638931274414
25.21538734436035
25.646448135375977
25.32815933227539
24.48749542236328
25.30670166015625
25.73418617248535
25.944948196411133
25.62689781188965
25.6345272064209
25.814533233642578
25.84671974182129
25.794506072998047
27.281761169433594
24.1851806640625
25.68221092224121
25.691986083984375
25.804519653320312
25.278568267822266
25.960206985473633
22.268056869506836
20.95794677734375
21.900653839111328
24.71137046813965
25.72345733642578
25.91252326965332
25.649309158325195
26.20100975036621
25.763750076293945
25.569677352905273
25.857925415039062
21.708011627197266
21.70848846435547
21.971702575683594
26.079177856445312
26.073217391967773
25.44856071472168
25.833606719970703
24.96170997619629
22.420167922973633
23.09131622314453
25.331497192382812
24.8870849609375
26.04389190673828
25.780439376831055
25.554418563842773
25.285720825195312
25.757551193237305
25.795698165893555
25.73227882385254
25.78425407409668
26.1993408203125
25.450944900512695
25.742769241333008
25.843143463134766
25.91705322265625
25.575637817382812
25.721311569213867
25.83932876586914
26.333093643188477
25.337696075439453
22.655010223388672
20.617008209228516
22.235393524169922
23.299694061279297
25.883197784423828
25.718212127685547
26.28922462463379
25.54941177368164
25.999784469604492
25.053977966308594
25.42591094970703
25.840282440185547
25.565385818481445
26.079177856445312
25.98261833190918
25.632143020629883
25.6960391998291
25.765657424926758
24.606704711914062
21.486520767211914
21.81696891784668
23.15044403076172
25.884389877319336
25.638818740844727
21.78192138671875
25.033950805664062
25.664329528808594
25.755882263183594
25.855541229248047
25.943756103515625
26.055097579956055
25.536775588989258
26.038408279418945
25.41804313659668
25.948762893676758
25.48813819885254
25.782108306884766
25.96139907836914
26.05462074279785
25.527000427246094
26.344776153564453
21.12865447998047
21.892309188842773
21.825075149536133
25.693893432617188
24.019956588745117
26.219606399536133
25.760650634765625
25.55537223815918
26.744842529296875
27.64153480529785
25.493621826171875
25.276899337768555
25.412321090698242
25.758981704711914
25.784969329833984
26.337146759033203
25.051593780517578
26.074886322021484
23.247241973876953
21.36969566345215
21.75736427307129
24.179458618164062
25.754928588867188
25.788068771362305
25.93708038330078
27.564048767089844
25.339126586914062
25.656461715698242
25.87890625
25.978565216064453
25.797128677368164
25.7265567779541
25.223255157470703
25.700092315673828
25.562763214111328
25.9706974029541
21.889686584472656
25.07615089416504
25.59804916381836
25.797367095947266
25.737524032592773
22.579669952392578
21.677017211914062
21.631479263305664
23.230791091918945
26.73816680908203
24.05548095703125
25.840282440185547
26.0465145111084
26.088237762451172
25.394916534423828
25.934696197509766
25.374174118041992
26.392221450805664
26.74245834350586
24.90544319152832
26.61871910095215
24.37591552734375
25.609493255615234
23.48947525024414
21.661996841430664
22.46832847595215
20.99919319152832
25.39849281311035
25.841236114501953
25.949954986572266
25.806665420532227
25.66075325012207
25.817394256591797
25.899887084960938
25.962352752685547
25.859355926513672
25.64239501953125
26.049137115478516
26.906728744506836
27.086973190307617
23.359298706054688
25.7413387298584
25.60138702392578
26.97610855102539
24.76334571838379
26.285886764526367
21.696090698242188
21.204233169555664
21.950244903564453
24.86562728881836
25.65169334411621
26.005268096923828
25.650739669799805
26.062726974487305
23.045778274536133
20.369529724121094
22.214412689208984
25.911569595336914
25.47621726989746
25.823354721069336
26.308298110961914
25.584936141967773
25.87747573852539
26.114940643310547
25.418996810913086
24.030208587646484
19.898414611816406
23.219823837280273
25.847911834716797
25.67744255065918
27.622461318969727
23.624897003173828
26.126861572265625
25.571823120117188
25.768756866455078
26.27420425415039
25.25472640991211
25.953054428100586
25.891542434692383
26.1843204498291
25.516271591186523
25.90346336364746
25.81191062927246
26.386260986328125
25.11882781982422
25.958776473999023
25.754690170288086
21.482467651367188
21.932125091552734
21.74091339111328
22.966861724853516
26.857376098632812
24.972200393676758
26.48186683654785
25.052309036254883
25.905847549438477
25.58422088623047
26.041746139526367
25.639772415161133
25.858640670776367
25.727272033691406
26.02410316467285
25.29621124267578
25.70629119873047
25.737762451171875
22.044658660888672
21.73137664794922
21.82936668395996
24.337291717529297
26.439189910888672
24.977445602416992
25.52962303161621
25.58445930480957
25.968551635742188
25.53558349609375
25.21657943725586
25.96879005432129
25.91228485107422
25.525808334350586
25.846481323242188
25.96735954284668
26.119470596313477
25.469541549682617
25.6960391998291
25.64835548400879
25.254249572753906
25.188922882080078
25.213241577148438
21.84772491455078
21.825313568115234
21.718263626098633
25.8636474609375
25.74014663696289
25.925636291503906
25.71392059326172
26.253700256347656
25.34961700439453
26.313304901123047
25.621891021728516
25.643110275268555
25.795936584472656
26.192426681518555
25.551557540893555
26.02076530456543
25.446176528930664
25.186777114868164
21.94952964782715
21.180391311645508
22.040367126464844
25.026559829711914
26.048898696899414
25.710344314575195
25.394439697265625
26.451587677001953
25.084257125854492
25.745153427124023
25.823354721069336
25.750160217285156
25.537490844726562
26.787757873535156
21.816730499267578
23.407697677612305
25.562763214111328
25.816679000854492
25.708913803100586
26.18122100830078
25.5584716796875
25.738954544067383
26.35669708251953
21.478652954101562
22.8269100189209
21.507740020751953
24.755239486694336
25.67434310913086
25.374174118041992
25.839805603027344
25.65765380859375
26.111602783203125
25.86078643798828
25.713443756103516
25.439023971557617
26.54123306274414
25.01368522644043
25.632381439208984
25.140762329101562
25.9702205657959
25.97951889038086
22.030353546142578
21.12436294555664
22.20463752746582
23.846864700317383
25.74896812438965
25.962352752685547
26.04961395263672
25.518417358398438
25.66075325012207
26.592731475830078
24.877309799194336
25.757789611816406
25.763988494873047
26.80349349975586
24.752140045166016
26.276826858520508
25.243520736694336
25.383472442626953
26.267051696777344
24.997472763061523
25.734663009643555
25.972604751586914
26.902198791503906
20.69091796875
21.84319496154785
22.26090431213379
23.809432983398438
25.43926239013672
21.892547607421875
21.44646644592285
22.277355194091797
24.572372436523438
25.82406997680664
25.83599090576172
25.19059181213379
24.93119239807129
25.300025939941406
26.317358016967773
25.5124568939209
28.540849685668945
25.632381439208984
25.66051483154297
25.753259658813477
20.603179931640625
22.621870040893555
21.230459213256836
25.490760803222656
25.715351104736328
26.180267333984375
25.03347396850586
26.2601375579834
23.353099822998047
25.67744255065918
26.661157608032227
24.898767471313477
25.81048011779785
25.801897048950195
26.61585807800293
25.02918243408203
25.89702606201172
25.404930114746094
26.42655372619629
25.514841079711914
25.55251121520996
25.922298431396484
21.314620971679688
21.932363510131836
23.16117286682129
25.6805419921875
25.737285614013672
25.853872299194336
25.76613426208496
25.69580078125
22.363901138305664
21.457195281982422
24.052143096923828
24.319887161254883
25.699377059936523
26.01480484008789
26.592731475830078
24.71756935119629
25.10213851928711
25.417804718017578
25.517702102661133
21.570205688476562
21.719694137573242
23.14925193786621
25.138378143310547
25.67887306213379
26.26657485961914
26.318073272705078
25.654315948486328
25.510311126708984
25.574684143066406
25.788307189941406
25.50363540649414
25.725364685058594
26.24797821044922
25.762557983398438
25.439023971557617
25.629520416259766
26.00574493408203
28.828144073486328
22.64881134033203
25.754928588867188
25.59185028076172
21.93474769592285
21.61431312561035
23.024797439575195
25.48384666442871
26.15976333618164
25.998353958129883
25.291919708251953
25.780439376831055
26.19624137878418
25.487899780273438
25.49433708190918
25.936126708984375
25.935649871826172
25.84385871887207
25.715351104736328
25.728225708007812
26.083946228027344
25.935888290405273
24.370193481445312
21.726369857788086
23.14138412475586
22.327423095703125
25.82097053527832
25.478601455688477
26.004314422607422
25.87747573852539
26.746749877929688
25.389432907104492
25.496244430541992
25.770902633666992
25.084257125854492
24.51634407043457
25.67887306213379
24.979352951049805
25.814056396484375
25.631427764892578
25.91991424560547
25.83456039428711
26.523828506469727
24.90544319152832
25.583505630493164
21.233558654785156
21.934032440185547
23.328304290771484
26.581525802612305
25.03061294555664
26.07583999633789
25.5739688873291
26.04055404663086
25.649547576904297
26.17645263671875
25.547266006469727
25.164127349853516
21.523237228393555
21.483659744262695
23.361921310424805
25.812149047851562
25.641441345214844
25.869369506835938
26.126861572265625
22.52507209777832
20.999908447265625
23.375511169433594
25.502681732177734
26.046037673950195
25.62713623046875
26.374340057373047
25.5734920501709
26.218175888061523
25.6502628326416
25.59518814086914
25.574922561645508
25.876760482788086
25.440216064453125
25.722265243530273
25.85744857788086
25.80857276916504
25.781869888305664
25.58588981628418
26.285409927368164
25.57969093322754
25.62999725341797
21.622180938720703
21.47650718688965
21.872997283935547
21.942853927612305
25.080442428588867
25.754213333129883
26.006460189819336
25.809288024902344
25.963306427001953
25.487184524536133
25.990962982177734
25.892257690429688
25.605440139770508
25.59638023376465
25.954246520996094
25.996685028076172
25.30980110168457
25.742053985595703
24.8105525970459
22.30978012084961
21.754980087280273
22.220611572265625
26.144027709960938
25.61163902282715
25.910139083862305
26.050090789794922
25.825023651123047
26.877164840698242
25.278091430664062
25.470972061157227
25.634288787841797
26.57794952392578
24.729013442993164
25.634050369262695
25.131940841674805
26.099681854248047
24.45220947265625
25.552034378051758
25.844097137451172
26.6571044921875
24.693012237548828
21.648645401000977
22.098064422607422
23.705482482910156
25.714874267578125
25.75826644897461
25.234699249267578
25.170087814331055
25.567293167114258
26.302099227905273
25.373458862304688
25.85315704345703
25.231599807739258
25.707483291625977
26.02863311767578
25.589704513549805
26.078224182128906
25.28071403503418
25.90036392211914
21.72064781188965
21.779775619506836
21.806001663208008
23.836612701416016
26.613473892211914
27.60004997253418
25.63309669494629
25.87723731994629
25.328397750854492
25.65288543701172
26.528596878051758
25.69103240966797
23.3614444732666
25.753498077392578
25.686979293823242
25.829553604125977
25.417327880859375
26.467084884643555
25.351524353027344
25.969982147216797
25.64835548400879
25.853633880615234
21.689414978027344
21.950244903564453
21.657466888427734
24.42026138305664
26.26657485961914
25.745630264282227
25.44236183166504
25.704622268676758
25.87723731994629
25.958776473999023
26.835918426513672
24.438142776489258
25.650501251220703
25.963306427001953
26.133060455322266
25.18630027770996
25.678157806396484
26.023149490356445
25.73370933532715
21.41880989074707
21.662235260009766
22.433996200561523
24.76668357849121
27.401208877563477
24.38831329345703
24.325132369995117
22.553205490112305
25.693655014038086
25.637388229370117
26.064634323120117
25.455951690673828
26.239395141601562
26.404619216918945
25.128602981567383
25.43163299560547
25.625228881835938
25.63786506652832
26.040077209472656
25.8944034576416
25.37083625793457
25.676965713500977
22.12810516357422
21.503448486328125
21.782875061035156
23.738384246826172
25.933504104614258
25.817155838012695
26.501893997192383
24.89328384399414
26.06678009033203
25.23946762084961
24.623394012451172
25.139331817626953
25.39801597595215
24.880647659301758
25.077104568481445
25.141000747680664
25.99334716796875
25.490999221801758
26.257038116455078
21.318674087524414
21.735668182373047
21.810054779052734
23.86307716369629
25.77066421508789
25.78449249267578
25.57992935180664
25.787353515625
25.79784393310547
25.87413787841797
25.01082420349121
25.202512741088867
25.134801864624023
25.74610710144043
24.886369705200195
25.197744369506836
24.84750747680664
25.351285934448242
25.025606155395508
25.165081024169922
25.19679069519043
21.68750762939453
21.538257598876953
21.661996841430664
21.90232276916504
23.229122161865234
25.54917335510254
26.014089584350586
25.44689178466797
25.40278434753418
24.920225143432617
25.038719177246094
25.304079055786133
25.21514892578125
25.24399757385254
24.863481521606445
25.243282318115234
25.319814682006836
25.919198989868164
26.7333984375
22.41206169128418
25.350093841552734
22.177696228027344
20.91693878173828
22.51291275024414
25.770187377929688
25.689125061035156
25.993824005126953
25.649309158325195
25.13718605041504
24.911165237426758
25.16937255859375
25.730371475219727
25.879621505737305
25.979280471801758
25.32482147216797
26.279687881469727
25.954484939575195
26.19481086730957
25.026559829711914
25.47740936279297
21.646976470947266
21.58522605895996
22.090435028076172
21.724939346313477
21.728992462158203
22.403478622436523
23.118257522583008
25.763273239135742
25.780439376831055
25.469303131103516
26.042461395263672
27.93097496032715
26.220321655273438
27.333974838256836
26.261091232299805
26.63397789001465
27.462244033813477
25.599241256713867
27.298688888549805
25.104522705078125
26.10039710998535
25.519132614135742
21.514415740966797
21.740436553955078
22.33123779296875
25.564193725585938
25.981664657592773
25.864362716674805
25.830984115600586
25.41661262512207
25.031089782714844
26.693105697631836
25.83765983581543
25.62403678894043
25.76160430908203
25.913715362548828
26.53813362121582
26.08799934387207
24.06024932861328
25.104522705078125
25.522708892822266
25.531291961669922
25.724411010742188
25.898456573486328
21.998882293701172
21.12579345703125
22.32646942138672
26.077985763549805
24.866342544555664
25.498151779174805
25.973081588745117
25.607585906982422
26.044368743896484
25.50053596496582
25.708675384521484
25.845766067504883
26.189088821411133
25.385379791259766
25.630712509155273
24.936914443969727
25.4056453704834
24.973392486572266
25.783300399780273
21.664857864379883
21.820783615112305
22.166728973388672
25.481462478637695
25.644540786743164
25.96735954284668
25.483131408691406
26.93939208984375
27.315139770507812
26.48019790649414
25.061607360839844
25.313377380371094
26.54123306274414
25.248050689697266
25.809288024902344
26.261329650878906
25.39825439453125
25.931358337402344
25.560617446899414
23.71525764465332
21.853923797607422
22.51720428466797
20.83420753479004
21.39902114868164
22.874832153320312
25.683164596557617
25.577306747436523
26.032447814941406
25.614261627197266
24.457931518554688
21.772146224975586
24.844646453857422
25.371789932250977
25.90656280517578
25.414705276489258
25.809049606323242
25.096654891967773
25.31123161315918
25.304794311523438
25.0244140625
25.57373046875
21.550416946411133
21.482229232788086
22.005796432495117
25.023937225341797
25.478363037109375
25.232791900634766
25.934934616088867
20.81155776977539
22.187471389770508
24.966001510620117
25.51555633544922
25.777578353881836
26.222944259643555
25.39348602294922
26.01027488708496
25.670289993286133
26.087522506713867
24.853944778442383
22.14813232421875
20.981788635253906
21.65532112121582
20.829439163208008
21.428823471069336
21.97861671447754
20.615339279174805
21.89469337463379
24.482011795043945
25.963306427001953
25.63619613647461
26.33357048034668
25.05350112915039
25.60591697692871
26.285886764526367
25.575876235961914
26.936054229736328
24.613380432128906
26.056528091430664
25.339365005493164
26.308059692382812
25.29740333557129
25.95233917236328
25.12335777282715
21.56686782836914
21.464824676513672
23.212194442749023
23.941755294799805
25.527000427246094
25.594711303710938
28.466224670410156
22.549152374267578
25.548458099365234
25.64072608947754
27.324438095092773
24.23882484436035
25.849580764770508
25.73418617248535
26.56412124633789
24.94215965270996
25.838136672973633
25.76303482055664
26.027679443359375
25.96426010131836
24.75142478942871
25.972366333007812
21.822214126586914
20.969867706298828
22.480010986328125
25.822877883911133
25.26259422302246
25.441646575927734
25.003910064697266
25.120019912719727
25.89702606201172
24.591445922851562
25.186777114868164
25.003433227539062
25.400638580322266
24.934768676757812
25.187015533447266
25.162220001220703
25.30193328857422
25.14791488647461
25.0699520111084
23.30780029296875
21.972179412841797
23.489713668823242
22.397279739379883
25.91705322265625
25.89583396911621
24.968385696411133
24.910688400268555
25.296688079833984
25.393962860107422
24.976015090942383
25.185346603393555
25.18939971923828
25.166988372802734
25.81787109375
24.516820907592773
25.115251541137695
25.555133819580078
24.99246597290039
25.13718605041504
25.98404884338379
24.93429183959961
21.904706954956055
21.358966827392578
21.96192741394043
24.35135841369629
25.33698081970215
25.1920223236084
25.056123733520508
25.265216827392578
24.97124671936035
25.4213809967041
24.8563289642334
25.26235580444336
25.18606185913086
25.492429733276367
24.80149269104004
25.279760360717773
25.045156478881836
25.087594985961914
28.496265411376953
25.34937858581543
21.484851837158203
21.822690963745117
22.490262985229492
25.45452117919922
25.05016326904297
25.142192840576172
25.09760856628418
25.35223960876465
25.200843811035156
24.996519088745117
25.160789489746094
25.252819061279297
26.65114402770996
24.492263793945312
26.096343994140625
23.47540855407715
24.9330997467041
25.05779266357422
25.68340301513672
24.806499481201172
25.176525115966797
22.28999137878418
21.819114685058594
21.5451717376709
22.83930778503418
25.223255157470703
25.23064613342285
25.3293514251709
25.060176849365234
25.182247161865234
25.096893310546875
25.637388229370117
24.97720718383789
24.962663650512695
25.429964065551758
25.069713592529297
25.187969207763672
25.229692459106445
24.840354919433594
26.49855613708496
23.995637893676758
22.168636322021484
21.445512771606445
21.9879150390625
23.6208438873291
25.163888931274414
25.030851364135742
25.238990783691406
25.031328201293945
23.10013771057129
22.725582122802734
25.923967361450195
25.608539581298828
25.966644287109375
25.760173797607422
25.739431381225586
26.909351348876953
23.244619369506836
21.857738494873047
23.341894149780273
25.366544723510742
25.220394134521484
25.606632232666016
26.631593704223633
21.1489200592041
21.232128143310547
23.317337036132812
26.134490966796875
25.58302879333496
24.96027946472168
25.757312774658203
25.88796615600586
25.578975677490234
27.174949645996094
25.76470375061035
26.195526123046875
25.269746780395508
25.432348251342773
25.673866271972656
25.95353126525879
26.164770126342773
25.476932525634766
25.867938995361328
21.371126174926758
23.762941360473633
20.85113525390625
25.978803634643555
26.11994743347168
24.823904037475586
25.806903839111328
24.900436401367188
25.66242218017578
24.938344955444336
25.008201599121094
26.210546493530273
25.930166244506836
24.611473083496094
24.87039566040039
25.973796844482422
25.074243545532227
26.054859161376953
23.009061813354492
25.282859802246094
25.53844451904297
25.296449661254883
20.870447158813477
21.86751365661621
24.387836456298828
24.964332580566406
24.19567108154297
25.359630584716797
25.684595108032227
25.455713272094727
26.041507720947266
25.565624237060547
25.879859924316406
25.48527717590332
26.08966827392578
25.61497688293457
25.476932525634766
25.30956268310547
24.860143661499023
25.286197662353516
25.12955665588379
22.62592315673828
20.5838680267334
22.598981857299805
25.983333587646484
26.006460189819336
25.608301162719727
25.789976119995117
25.7413387298584
25.653600692749023
25.86674690246582
25.661230087280273
25.842666625976562
25.101900100708008
25.043487548828125
25.045394897460938
25.512218475341797
25.386571884155273
24.84726905822754
25.702953338623047
26.38554573059082
25.376558303833008
25.623559951782227
21.62337303161621
21.95000648498535
23.020267486572266
25.471210479736328
26.23295783996582
26.021718978881836
25.131702423095703
25.82859992980957
25.663137435913086
25.699138641357422
25.728940963745117
25.59518814086914
25.826454162597656
26.474952697753906
25.452375411987305
25.60567855834961
25.86054801940918
26.090621948242188
25.419235229492188
21.477222442626953
21.93927764892578
23.061752319335938
25.582075119018555
26.04985237121582
25.934457778930664
25.75826644897461
25.287628173828125
25.75087547302246
27.225732803344727
24.550914764404297
25.667190551757812
25.734901428222656
26.466846466064453
25.86078643798828
25.2072811126709
25.841474533081055
26.705503463745117
24.99675750732422
25.75230598449707
25.452613830566406
21.754741668701172
21.845340728759766
21.677017211914062
24.038076400756836
25.827407836914062
26.61895751953125
25.225162506103516
25.72798728942871
25.4666805267334
25.85887908935547
25.497913360595703
25.943994522094727
25.75540542602539
26.024341583251953
25.519609451293945
26.074886322021484
25.702476501464844
25.904417037963867
25.604963302612305
23.166656494140625
22.40300178527832
21.493911743164062
23.624897003173828
25.178909301757812
25.696516036987305
24.898290634155273
25.485754013061523
25.64859390258789
25.82240104675293
25.794029235839844
25.72035789489746
25.64835548400879
22.919654846191406
21.875858306884766
21.69036865234375
23.23603630065918
25.247812271118164
25.96426010131836
25.899887084960938
25.568485260009766
25.750160217285156
26.28612518310547
21.04330062866211
21.707534790039062
23.023128509521484
25.82073211669922
25.582551956176758
26.76224708557129
25.402307510375977
25.763273239135742
25.870561599731445
25.503158569335938
25.64382553100586
26.099205017089844
25.38752555847168
25.758981704711914
25.758981704711914
25.901317596435547
25.686979293823242
25.64215660095215
27.34827995300293
20.500898361206055
21.541833877563477
23.154735565185547
25.432109832763672
26.098966598510742
25.62570571899414
25.345802307128906
25.27308464050293
25.255441665649414
26.502132415771484
29.48474884033203
21.56996726989746
22.25661277770996
23.54717254638672
24.697065353393555
25.547504425048828
26.152849197387695
25.966882705688477
25.503158569335938
21.776199340820312
23.22983741760254
25.530099868774414
21.750450134277344
21.456003189086914
22.332191467285156
25.178194046020508
26.792049407958984
24.88541603088379
25.16937255859375
25.407075881958008
26.07417106628418
24.98173713684082
25.86054801940918
25.499343872070312
25.821924209594727
26.602983474731445
25.193214416503906
25.55251121520996
25.825023651123047
25.79355239868164
26.13663673400879
21.546125411987305
22.227764129638672
21.729469299316406
25.649547576904297
25.430917739868164
25.7718563079834
25.640249252319336
26.128292083740234
25.603771209716797
25.958776473999023
25.639057159423828
26.69382095336914
25.0704288482666
25.76899528503418
25.86221694946289
26.152372360229492
26.216983795166016
25.20442008972168
31.601667404174805
21.251201629638672
24.784326553344727
28.076171875
21.397113800048828
21.993398666381836
24.897098541259766
25.178194046020508
28.193235397338867
23.267269134521484
25.299072265625
26.53193473815918
26.262760162353516
21.839618682861328
