ndn        20948  0.6  1.5 183148 29400 ?        Ssl  03:46   0:01 /usr/bin/nfd --config /etc/ndn/nfd.conf
root       21076  0.0  0.1   7864  1896 pts/1    S+   03:49   0:00 grep -e examples/ -e nfd
ndn        20948  0.6  1.5 183148 29400 ?        Ssl  03:46   0:01 /usr/bin/nfd --config /etc/ndn/nfd.conf
root       21079  0.0  0.1   7864  2020 pts/1    S+   03:49   0:00 grep -e examples/ -e nfd
ndn        20948  0.5  1.5 183148 29400 ?        Ssl  03:46   0:01 /usr/bin/nfd --config /etc/ndn/nfd.conf
root       21082  0.0  0.1   7864  2024 pts/1    S+   03:49   0:00 grep -e examples/ -e nfd
ndn        20948  0.5  1.5 183148 29400 ?        Ssl  03:46   0:01 /usr/bin/nfd --config /etc/ndn/nfd.conf
root       21085  0.0  0.1   7864  2088 pts/1    S+   03:49   0:00 grep -e examples/ -e nfd
ndn        20948  0.5  1.5 183148 29400 ?        Ssl  03:46   0:01 /usr/bin/nfd --config /etc/ndn/nfd.conf
root       21088  0.0  0.1   7864  2016 pts/1    S+   03:49   0:00 grep -e examples/ -e nfd
ndn        20948  0.5  1.5 183148 29400 ?        Ssl  03:46   0:01 /usr/bin/nfd --config /etc/ndn/nfd.conf
root       21091  0.0  0.1   7864  2020 pts/1    S+   03:49   0:00 grep -e examples/ -e nfd
ndn        20948  0.5  1.5 183148 29400 ?        Ssl  03:46   0:01 /usr/bin/nfd --config /etc/ndn/nfd.conf
root       21094  0.0  0.1   7864  2076 pts/1    S+   03:49   0:00 grep -e examples/ -e nfd
ndn        20948  0.5  1.5 183148 29400 ?        Ssl  03:46   0:01 /usr/bin/nfd --config /etc/ndn/nfd.conf
root       21097  0.0  0.1   7864  2028 pts/1    S+   03:49   0:00 grep -e examples/ -e nfd
ndn        20948  0.5  1.5 183148 29400 ?        Ssl  03:46   0:01 /usr/bin/nfd --config /etc/ndn/nfd.conf
root       21100  0.0  0.1   7864  1892 pts/1    S+   03:49   0:00 grep -e examples/ -e nfd
ndn        20948  0.5  1.5 183148 29400 ?        Ssl  03:46   0:01 /usr/bin/nfd --config /etc/ndn/nfd.conf
root       21103  0.0  0.1   7864  2024 pts/1    S+   03:49   0:00 grep -e examples/ -e nfd
ndn        20948  0.5  1.5 183148 29400 ?        Ssl  03:46   0:01 /usr/bin/nfd --config /etc/ndn/nfd.conf
root       21106  0.0  0.1   7864  2088 pts/1    S+   03:49   0:00 grep -e examples/ -e nfd
ndn        20948  0.5  1.5 183148 29400 ?        Ssl  03:46   0:01 /usr/bin/nfd --config /etc/ndn/nfd.conf
root       21109  0.0  0.1   7864  2084 pts/1    S+   03:49   0:00 grep -e examples/ -e nfd
ndn        20948  0.5  1.5 183148 29400 ?        Ssl  03:46   0:01 /usr/bin/nfd --config /etc/ndn/nfd.conf
root       21112  0.0  0.0   7864  1860 pts/1    S+   03:49   0:00 grep -e examples/ -e nfd
ndn        20948  0.5  1.5 183148 29400 ?        Ssl  03:46   0:01 /usr/bin/nfd --config /etc/ndn/nfd.conf
root       21115  0.0  0.1   7864  1896 pts/1    S+   03:49   0:00 grep -e examples/ -e nfd
ndn        20948  0.5  1.5 183148 29400 ?        Ssl  03:46   0:01 /usr/bin/nfd --config /etc/ndn/nfd.conf
root       21118  0.0  0.1   7864  2088 pts/1    S+   03:49   0:00 grep -e examples/ -e nfd
ndn        20948  0.5  1.5 183148 29400 ?        Ssl  03:46   0:01 /usr/bin/nfd --config /etc/ndn/nfd.conf
root       21121  0.0  1.1  32724 21156 pts/0    R+   03:49   0:00 python3 examples/can_receiver.py
root       21125  0.0  0.1   7864  1896 pts/1    S+   03:49   0:00 grep -e examples/ -e nfd
ndn        20948  0.5  1.5 183148 29400 ?        Ssl  03:46   0:01 /usr/bin/nfd --config /etc/ndn/nfd.conf
root       21121  165  3.7 247304 70916 pts/0    Rl+  03:49   0:01 python3 examples/can_receiver.py
root       21131  0.0  0.1   7864  2024 pts/1    S+   03:49   0:00 grep -e examples/ -e nfd
ndn        20948  0.5  1.5 183148 29400 ?        Ssl  03:46   0:01 /usr/bin/nfd --config /etc/ndn/nfd.conf
root       21121  134  4.2 255968 79820 pts/0    Rl+  03:49   0:02 python3 examples/can_receiver.py
root       21134  0.0  0.1   7864  1896 pts/1    S+   03:49   0:00 grep -e examples/ -e nfd
ndn        20948  0.5  1.5 183148 29400 ?        Ssl  03:46   0:01 /usr/bin/nfd --config /etc/ndn/nfd.conf
root       21121  124  4.4 260756 84984 pts/0    Sl+  03:49   0:03 python3 examples/can_receiver.py
root       21137  0.0  0.1   7864  2020 pts/1    S+   03:49   0:00 grep -e examples/ -e nfd
ndn        20948  0.5  1.5 183148 29400 ?        Ssl  03:46   0:01 /usr/bin/nfd --config /etc/ndn/nfd.conf
root       21121 97.0  4.4 260756 84984 pts/0    Rl+  03:49   0:03 python3 examples/can_receiver.py
root       21140  0.0  0.1   7864  2024 pts/1    S+   03:49   0:00 grep -e examples/ -e nfd
ndn        20948  0.5  1.5 183148 29400 ?        Ssl  03:46   0:01 /usr/bin/nfd --config /etc/ndn/nfd.conf
root       21121 81.0  4.4 260756 84984 pts/0    Sl+  03:49   0:04 python3 examples/can_receiver.py
root       21143  0.0  0.1   7864  2020 pts/1    S+   03:49   0:00 grep -e examples/ -e nfd
ndn        20948  0.6  1.5 183148 29400 ?        Ssl  03:46   0:01 /usr/bin/nfd --config /etc/ndn/nfd.conf
root       21121 70.1  4.4 260756 84984 pts/0    Sl+  03:49   0:04 python3 examples/can_receiver.py
root       21146  0.0  0.1   7864  1896 pts/1    S+   03:49   0:00 grep -e examples/ -e nfd
ndn        20948  0.6  1.5 183148 29400 ?        Ssl  03:46   0:01 /usr/bin/nfd --config /etc/ndn/nfd.conf
root       21121 54.6  4.4 260756 84984 pts/0    Sl+  03:49   0:04 python3 examples/can_receiver.py
root       21149  0.0  0.1   7864  2024 pts/1    S+   03:49   0:00 grep -e examples/ -e nfd
ndn        20948  0.6  1.5 183148 29400 ?        Ssl  03:46   0:01 /usr/bin/nfd --config /etc/ndn/nfd.conf
root       21121 50.3  4.4 260756 84984 pts/0    Sl+  03:49   0:04 python3 examples/can_receiver.py
root       21152  0.0  0.1   7864  2052 pts/1    S+   03:49   0:00 grep -e examples/ -e nfd
ndn        20948  0.6  1.5 183148 29400 ?        Ssl  03:46   0:01 /usr/bin/nfd --config /etc/ndn/nfd.conf
root       21121 47.5  4.4 260756 84984 pts/0    Rl+  03:49   0:04 python3 examples/can_receiver.py
root       21155  0.0  0.1   7864  2020 pts/1    S+   03:49   0:00 grep -e examples/ -e nfd
ndn        20948  0.6  1.5 183148 29400 ?        Ssl  03:46   0:01 /usr/bin/nfd --config /etc/ndn/nfd.conf
root       21121 44.7  4.5 260756 85184 pts/0    Sl+  03:49   0:04 python3 examples/can_receiver.py
root       21158  0.0  0.1   7864  2088 pts/1    S+   03:49   0:00 grep -e examples/ -e nfd
ndn        20948  0.7  1.5 183148 29400 ?        Ssl  03:46   0:01 /usr/bin/nfd --config /etc/ndn/nfd.conf
root       21121 42.3  4.5 261012 85184 pts/0    Sl+  03:49   0:05 python3 examples/can_receiver.py
root       21161  0.0  0.1   7864  2088 pts/1    S+   03:49   0:00 grep -e examples/ -e nfd
ndn        20948  0.7  1.5 183148 29400 ?        Ssl  03:46   0:01 /usr/bin/nfd --config /etc/ndn/nfd.conf
root       21121 40.3  4.5 261012 85184 pts/0    Rl+  03:49   0:05 python3 examples/can_receiver.py
root       21164  0.0  0.1   7864  2028 pts/1    S+   03:49   0:00 grep -e examples/ -e nfd
ndn        20948  0.7  1.5 183148 29400 ?        Ssl  03:46   0:01 /usr/bin/nfd --config /etc/ndn/nfd.conf
root       21121 38.6  4.5 261012 85184 pts/0    Sl+  03:49   0:05 python3 examples/can_receiver.py
root       21167  0.0  0.1   7864  2088 pts/1    S+   03:49   0:00 grep -e examples/ -e nfd
ndn        20948  0.7  1.5 183148 29400 ?        Ssl  03:46   0:01 /usr/bin/nfd --config /etc/ndn/nfd.conf
root       21121 37.3  4.5 261012 85184 pts/0    Sl+  03:49   0:05 python3 examples/can_receiver.py
root       21170  0.0  0.1   7864  1896 pts/1    S+   03:49   0:00 grep -e examples/ -e nfd
ndn        20948  0.7  1.5 183148 29400 ?        Ssl  03:46   0:01 /usr/bin/nfd --config /etc/ndn/nfd.conf
root       21121 35.9  4.5 261012 85184 pts/0    Sl+  03:49   0:05 python3 examples/can_receiver.py
root       21173  0.0  0.1   7864  2092 pts/1    S+   03:50   0:00 grep -e examples/ -e nfd
ndn        20948  0.7  1.5 183148 29400 ?        Ssl  03:46   0:01 /usr/bin/nfd --config /etc/ndn/nfd.conf
root       21121 34.7  4.5 261012 85184 pts/0    Rl+  03:49   0:05 python3 examples/can_receiver.py
root       21176  0.0  0.1   7864  1984 pts/1    S+   03:50   0:00 grep -e examples/ -e nfd
ndn        20948  0.8  1.5 183148 29400 ?        Ssl  03:46   0:01 /usr/bin/nfd --config /etc/ndn/nfd.conf
root       21121 33.7  4.5 261012 85184 pts/0    Sl+  03:49   0:06 python3 examples/can_receiver.py
root       21179  0.0  0.1   7864  1984 pts/1    S+   03:50   0:00 grep -e examples/ -e nfd
ndn        20948  0.8  1.5 183148 29400 ?        Ssl  03:46   0:01 /usr/bin/nfd --config /etc/ndn/nfd.conf
root       21121 32.7  4.5 261012 85184 pts/0    Sl+  03:49   0:06 python3 examples/can_receiver.py
root       21182  0.0  0.1   7864  2024 pts/1    S+   03:50   0:00 grep -e examples/ -e nfd
ndn        20948  0.8  1.5 183148 29400 ?        Ssl  03:46   0:01 /usr/bin/nfd --config /etc/ndn/nfd.conf
root       21121 32.1  4.5 261012 85184 pts/0    Sl+  03:49   0:06 python3 examples/can_receiver.py
root       21185  0.0  0.1   7864  2020 pts/1    S+   03:50   0:00 grep -e examples/ -e nfd
ndn        20948  0.8  1.5 183148 29400 ?        Ssl  03:46   0:01 /usr/bin/nfd --config /etc/ndn/nfd.conf
root       21121 31.8  4.5 261012 85184 pts/0    Sl+  03:49   0:06 python3 examples/can_receiver.py
root       21189  0.0  0.1   7864  2008 pts/1    S+   03:50   0:00 grep -e examples/ -e nfd
ndn        20948  0.8  1.5 183148 29400 ?        Ssl  03:46   0:01 /usr/bin/nfd --config /etc/ndn/nfd.conf
root       21121 31.1  4.5 261012 85184 pts/0    Sl+  03:49   0:06 python3 examples/can_receiver.py
root       21192  0.0  0.1   7864  1936 pts/1    S+   03:50   0:00 grep -e examples/ -e nfd
ndn        20948  0.9  1.5 183148 29400 ?        Ssl  03:46   0:02 /usr/bin/nfd --config /etc/ndn/nfd.conf
root       21121 30.4  4.5 261012 85184 pts/0    Sl+  03:49   0:07 python3 examples/can_receiver.py
root       21195  0.0  0.1   7864  2024 pts/1    S+   03:50   0:00 grep -e examples/ -e nfd
ndn        20948  0.9  1.5 183148 29400 ?        Ssl  03:46   0:02 /usr/bin/nfd --config /etc/ndn/nfd.conf
root       21121 29.8  4.5 261012 85184 pts/0    Sl+  03:49   0:07 python3 examples/can_receiver.py
root       21198  0.0  0.1   7864  1980 pts/1    S+   03:50   0:00 grep -e examples/ -e nfd
ndn        20948  0.9  1.5 183148 29400 ?        Ssl  03:46   0:02 /usr/bin/nfd --config /etc/ndn/nfd.conf
root       21121 29.3  4.5 261012 85184 pts/0    Sl+  03:49   0:07 python3 examples/can_receiver.py
root       21201  0.0  0.0   7864  1888 pts/1    S+   03:50   0:00 grep -e examples/ -e nfd
ndn        20948  0.9  1.5 183148 29400 ?        Ssl  03:46   0:02 /usr/bin/nfd --config /etc/ndn/nfd.conf
root       21121 28.9  4.5 261012 85184 pts/0    Sl+  03:49   0:07 python3 examples/can_receiver.py
root       21204  0.0  0.1   7864  2020 pts/1    S+   03:50   0:00 grep -e examples/ -e nfd
ndn        20948  0.9  1.5 183148 29400 ?        Ssl  03:46   0:02 /usr/bin/nfd --config /etc/ndn/nfd.conf
root       21121 27.7  4.5 261012 85184 pts/0    Sl+  03:49   0:07 python3 examples/can_receiver.py
root       21207  0.0  0.1   7864  2092 pts/1    S+   03:50   0:00 grep -e examples/ -e nfd
ndn        20948  0.9  1.5 183148 29400 ?        Ssl  03:46   0:02 /usr/bin/nfd --config /etc/ndn/nfd.conf
root       21121 27.3  4.5 261012 85184 pts/0    Rl+  03:49   0:07 python3 examples/can_receiver.py
root       21210  0.0  0.1   7864  2040 pts/1    S+   03:50   0:00 grep -e examples/ -e nfd
ndn        20948  1.0  1.5 183148 29400 ?        Ssl  03:46   0:02 /usr/bin/nfd --config /etc/ndn/nfd.conf
root       21121 27.0  4.5 261012 85184 pts/0    Sl+  03:49   0:08 python3 examples/can_receiver.py
root       21213  0.0  0.1   7864  2088 pts/1    S+   03:50   0:00 grep -e examples/ -e nfd
ndn        20948  1.0  1.5 183148 29400 ?        Ssl  03:46   0:02 /usr/bin/nfd --config /etc/ndn/nfd.conf
root       21121 26.6  4.5 261012 85184 pts/0    Sl+  03:49   0:08 python3 examples/can_receiver.py
root       21216  0.0  0.1   7864  2020 pts/1    S+   03:50   0:00 grep -e examples/ -e nfd
ndn        20948  1.0  1.5 183148 29400 ?        Ssl  03:46   0:02 /usr/bin/nfd --config /etc/ndn/nfd.conf
root       21121 26.3  4.5 261012 85184 pts/0    Sl+  03:49   0:08 python3 examples/can_receiver.py
root       21219  0.0  0.1   7864  2088 pts/1    S+   03:50   0:00 grep -e examples/ -e nfd
ndn        20948  1.0  1.5 183148 29400 ?        Ssl  03:46   0:02 /usr/bin/nfd --config /etc/ndn/nfd.conf
root       21121 26.1  4.5 261012 85184 pts/0    Sl+  03:49   0:08 python3 examples/can_receiver.py
root       21222  0.0  0.1   7864  2088 pts/1    S+   03:50   0:00 grep -e examples/ -e nfd
ndn        20948  1.0  1.5 183148 29400 ?        Ssl  03:46   0:02 /usr/bin/nfd --config /etc/ndn/nfd.conf
root       21121 26.1  4.5 261012 85184 pts/0    Rl+  03:49   0:08 python3 examples/can_receiver.py
root       21225  0.0  0.1   7864  2088 pts/1    S+   03:50   0:00 grep -e examples/ -e nfd
ndn        20948  1.1  1.5 183148 29400 ?        Ssl  03:46   0:02 /usr/bin/nfd --config /etc/ndn/nfd.conf
root       21121 25.8  4.5 261012 85448 pts/0    Sl+  03:49   0:09 python3 examples/can_receiver.py
root       21228  0.0  0.1   7864  2024 pts/1    S+   03:50   0:00 grep -e examples/ -e nfd
ndn        20948  1.1  1.5 183148 29400 ?        Ssl  03:46   0:02 /usr/bin/nfd --config /etc/ndn/nfd.conf
root       21121 25.5  4.5 261012 85448 pts/0    Sl+  03:49   0:09 python3 examples/can_receiver.py
root       21231  0.0  0.1   7864  1964 pts/1    S+   03:50   0:00 grep -e examples/ -e nfd
ndn        20948  1.1  1.5 183148 29400 ?        Ssl  03:46   0:02 /usr/bin/nfd --config /etc/ndn/nfd.conf
root       21121 25.2  4.5 261012 85448 pts/0    Sl+  03:49   0:09 python3 examples/can_receiver.py
root       21234  0.0  0.1   7864  1896 pts/1    S+   03:50   0:00 grep -e examples/ -e nfd
ndn        20948  1.1  1.5 183148 29400 ?        Ssl  03:46   0:02 /usr/bin/nfd --config /etc/ndn/nfd.conf
root       21121 25.0  4.5 261012 85448 pts/0    Sl+  03:49   0:09 python3 examples/can_receiver.py
root       21237  0.0  0.1   7864  1896 pts/1    S+   03:50   0:00 grep -e examples/ -e nfd
ndn        20948  1.1  1.5 183148 29400 ?        Rsl  03:46   0:02 /usr/bin/nfd --config /etc/ndn/nfd.conf
root       21121 24.8  4.5 261012 85448 pts/0    Sl+  03:49   0:09 python3 examples/can_receiver.py
root       21240  0.0  0.1   7864  1960 pts/1    S+   03:50   0:00 grep -e examples/ -e nfd
ndn        20948  1.1  1.5 183148 29400 ?        Ssl  03:46   0:02 /usr/bin/nfd --config /etc/ndn/nfd.conf
root       21121 24.9  4.5 261012 85448 pts/0    Sl+  03:49   0:09 python3 examples/can_receiver.py
root       21243  0.0  0.1   7864  2024 pts/1    S+   03:50   0:00 grep -e examples/ -e nfd
ndn        20948  1.1  1.5 183148 29400 ?        Ssl  03:46   0:02 /usr/bin/nfd --config /etc/ndn/nfd.conf
root       21121 24.7  4.5 261012 85448 pts/0    Sl+  03:49   0:10 python3 examples/can_receiver.py
root       21246  0.0  0.1   7864  2092 pts/1    S+   03:50   0:00 grep -e examples/ -e nfd
ndn        20948  1.2  1.5 183148 29400 ?        Ssl  03:46   0:02 /usr/bin/nfd --config /etc/ndn/nfd.conf
root       21121 24.5  4.5 261012 85448 pts/0    Rl+  03:49   0:10 python3 examples/can_receiver.py
root       21249  0.0  0.1   7864  2088 pts/1    S+   03:50   0:00 grep -e examples/ -e nfd
ndn        20948  1.2  1.5 183148 29400 ?        Ssl  03:46   0:02 /usr/bin/nfd --config /etc/ndn/nfd.conf
root       21121 24.3  4.5 261012 85448 pts/0    Sl+  03:49   0:10 python3 examples/can_receiver.py
root       21252  0.0  0.1   7864  2020 pts/1    S+   03:50   0:00 grep -e examples/ -e nfd
ndn        20948  1.2  1.5 183148 29400 ?        Ssl  03:46   0:03 /usr/bin/nfd --config /etc/ndn/nfd.conf
root       21121 24.1  4.5 261012 85448 pts/0    Sl+  03:49   0:10 python3 examples/can_receiver.py
root       21255  0.0  0.1   7864  1896 pts/1    S+   03:50   0:00 grep -e examples/ -e nfd
ndn        20948  1.2  1.5 183148 29400 ?        Ssl  03:46   0:03 /usr/bin/nfd --config /etc/ndn/nfd.conf
root       21121 24.0  4.5 261012 85448 pts/0    Sl+  03:49   0:10 python3 examples/can_receiver.py
root       21258  0.0  0.1   7864  2028 pts/1    S+   03:50   0:00 grep -e examples/ -e nfd
ndn        20948  1.2  1.5 183148 29400 ?        Ssl  03:46   0:03 /usr/bin/nfd --config /etc/ndn/nfd.conf
root       21121 23.5  4.5 261012 85448 pts/0    Sl+  03:49   0:11 python3 examples/can_receiver.py
root       21261  0.0  0.1   7864  2020 pts/1    S+   03:50   0:00 grep -e examples/ -e nfd
ndn        20948  1.2  1.5 183148 29400 ?        Ssl  03:46   0:03 /usr/bin/nfd --config /etc/ndn/nfd.conf
root       21121 23.3  4.5 261012 85448 pts/0    Sl+  03:49   0:11 python3 examples/can_receiver.py
root       21264  0.0  0.1   7864  2028 pts/1    S+   03:50   0:00 grep -e examples/ -e nfd
ndn        20948  1.2  1.5 183148 29400 ?        Ssl  03:46   0:03 /usr/bin/nfd --config /etc/ndn/nfd.conf
root       21121 23.2  4.5 261012 85448 pts/0    Sl+  03:49   0:11 python3 examples/can_receiver.py
root       21267  0.0  0.1   7864  1956 pts/1    S+   03:50   0:00 grep -e examples/ -e nfd
ndn        20948  1.3  1.5 183148 29400 ?        Ssl  03:46   0:03 /usr/bin/nfd --config /etc/ndn/nfd.conf
root       21121 23.1  4.5 261012 85448 pts/0    Sl+  03:49   0:11 python3 examples/can_receiver.py
root       21270  0.0  0.1   7864  2016 pts/1    S+   03:50   0:00 grep -e examples/ -e nfd
ndn        20948  1.3  1.5 183148 29400 ?        Ssl  03:46   0:03 /usr/bin/nfd --config /etc/ndn/nfd.conf
root       21121 22.9  4.5 261012 85448 pts/0    Sl+  03:49   0:11 python3 examples/can_receiver.py
root       21273  0.0  0.1   7864  2020 pts/1    S+   03:50   0:00 grep -e examples/ -e nfd
ndn        20948  1.3  1.5 183148 29400 ?        Rsl  03:46   0:03 /usr/bin/nfd --config /etc/ndn/nfd.conf
root       21121 22.8  4.5 261012 85448 pts/0    Sl+  03:49   0:11 python3 examples/can_receiver.py
root       21276  0.0  0.1   7864  2088 pts/1    S+   03:50   0:00 grep -e examples/ -e nfd
ndn        20948  1.3  1.5 183148 29400 ?        Ssl  03:46   0:03 /usr/bin/nfd --config /etc/ndn/nfd.conf
root       21121 22.9  4.5 261012 85448 pts/0    Sl+  03:49   0:12 python3 examples/can_receiver.py
root       21279  0.0  0.1   7864  1960 pts/1    S+   03:50   0:00 grep -e examples/ -e nfd
ndn        20948  1.3  1.5 183148 29400 ?        Ssl  03:46   0:03 /usr/bin/nfd --config /etc/ndn/nfd.conf
root       21121 22.8  4.5 261268 85448 pts/0    Sl+  03:49   0:12 python3 examples/can_receiver.py
root       21282  0.0  0.1   7864  2028 pts/1    S+   03:50   0:00 grep -e examples/ -e nfd
ndn        20948  1.3  1.5 183148 29400 ?        Ssl  03:46   0:03 /usr/bin/nfd --config /etc/ndn/nfd.conf
root       21121 22.6  4.5 261268 85448 pts/0    Sl+  03:49   0:12 python3 examples/can_receiver.py
root       21285  0.0  0.1   7864  1960 pts/1    S+   03:50   0:00 grep -e examples/ -e nfd
ndn        20948  1.3  1.5 183148 29400 ?        Ssl  03:46   0:03 /usr/bin/nfd --config /etc/ndn/nfd.conf
root       21121 22.5  4.5 261268 85448 pts/0    Sl+  03:49   0:12 python3 examples/can_receiver.py
root       21288  0.0  0.1   7864  2016 pts/1    S+   03:50   0:00 grep -e examples/ -e nfd
ndn        20948  1.4  1.5 183148 29400 ?        Ssl  03:46   0:03 /usr/bin/nfd --config /etc/ndn/nfd.conf
root       21121 22.4  4.5 261268 85448 pts/0    Sl+  03:49   0:12 python3 examples/can_receiver.py
root       21291  0.0  0.1   7864  1964 pts/1    S+   03:50   0:00 grep -e examples/ -e nfd
ndn        20948  1.4  1.5 183148 29400 ?        Ssl  03:46   0:03 /usr/bin/nfd --config /etc/ndn/nfd.conf
root       21121 22.3  4.5 261268 85448 pts/0    Sl+  03:49   0:12 python3 examples/can_receiver.py
root       21294  0.0  0.1   7864  1896 pts/1    S+   03:50   0:00 grep -e examples/ -e nfd
ndn        20948  1.4  1.5 183148 29400 ?        Ssl  03:46   0:03 /usr/bin/nfd --config /etc/ndn/nfd.conf
root       21121 22.4  4.5 261268 85448 pts/0    Sl+  03:49   0:13 python3 examples/can_receiver.py
root       21297  0.0  0.1   7864  2028 pts/1    S+   03:50   0:00 grep -e examples/ -e nfd
ndn        20948  1.4  1.5 183148 29400 ?        Ssl  03:46   0:03 /usr/bin/nfd --config /etc/ndn/nfd.conf
root       21121 22.3  4.5 261268 85448 pts/0    Sl+  03:49   0:13 python3 examples/can_receiver.py
root       21300  0.0  0.1   7864  2088 pts/1    S+   03:50   0:00 grep -e examples/ -e nfd
ndn        20948  1.4  1.5 183148 29400 ?        Ssl  03:46   0:03 /usr/bin/nfd --config /etc/ndn/nfd.conf
root       21121 22.2  4.5 261268 85448 pts/0    Sl+  03:49   0:13 python3 examples/can_receiver.py
root       21303  0.0  0.1   7864  2088 pts/1    S+   03:50   0:00 grep -e examples/ -e nfd
ndn        20948  1.4  1.5 183148 29400 ?        Ssl  03:46   0:03 /usr/bin/nfd --config /etc/ndn/nfd.conf
root       21121 22.1  4.5 261268 85448 pts/0    Sl+  03:49   0:13 python3 examples/can_receiver.py
root       21306  0.0  0.1   7864  1896 pts/1    S+   03:50   0:00 grep -e examples/ -e nfd
ndn        20948  1.4  1.5 183148 29400 ?        Ssl  03:46   0:03 /usr/bin/nfd --config /etc/ndn/nfd.conf
root       21121 22.2  4.6 294804 87040 pts/0    Rl+  03:49   0:13 python3 examples/can_receiver.py
root       21309  0.0  0.1   7864  1896 pts/1    S+   03:50   0:00 grep -e examples/ -e nfd
ndn        20948  1.4  1.5 183148 29400 ?        Ssl  03:46   0:03 /usr/bin/nfd --config /etc/ndn/nfd.conf
root       21121 23.4  4.9 300780 93972 pts/0    Sl+  03:49   0:14 python3 examples/can_receiver.py
root       21312  0.0  0.1   7864  2092 pts/1    S+   03:50   0:00 grep -e examples/ -e nfd
ndn        20948  1.4  1.5 183148 29400 ?        Ssl  03:46   0:03 /usr/bin/nfd --config /etc/ndn/nfd.conf
root       21121 22.7  4.9 300780 93972 pts/0    Sl+  03:49   0:14 python3 examples/can_receiver.py
root       21315  0.0  0.1   7864  2024 pts/1    S+   03:50   0:00 grep -e examples/ -e nfd
ndn        20948  1.4  1.5 183148 29400 ?        Ssl  03:46   0:03 /usr/bin/nfd --config /etc/ndn/nfd.conf
root       21121 22.3  4.9 300780 93972 pts/0    Sl+  03:49   0:14 python3 examples/can_receiver.py
root       21318  0.0  0.1   7864  2088 pts/1    S+   03:50   0:00 grep -e examples/ -e nfd
ndn        20948  1.4  1.5 183148 29400 ?        Ssl  03:46   0:03 /usr/bin/nfd --config /etc/ndn/nfd.conf
root       21121 22.0  4.9 300780 93972 pts/0    Sl+  03:49   0:14 python3 examples/can_receiver.py
root       21321  0.0  0.1   7864  2088 pts/1    S+   03:50   0:00 grep -e examples/ -e nfd
ndn        20948  1.4  1.5 183148 29400 ?        Ssl  03:46   0:03 /usr/bin/nfd --config /etc/ndn/nfd.conf
root       21121 21.7  4.9 300780 93972 pts/0    Sl+  03:49   0:14 python3 examples/can_receiver.py
root       21324  0.0  0.1   7864  2024 pts/1    S+   03:50   0:00 grep -e examples/ -e nfd
ndn        20948  1.4  1.5 183148 29400 ?        Ssl  03:46   0:03 /usr/bin/nfd --config /etc/ndn/nfd.conf
root       21121 21.4  4.9 300780 93972 pts/0    Sl+  03:49   0:14 python3 examples/can_receiver.py
root       21327  0.0  0.1   7864  2028 pts/1    S+   03:50   0:00 grep -e examples/ -e nfd
